<?xml version="1.0" encoding="UTF-8"?>
<!-- Generated by org.testng.reporters.JUnitXMLReporter -->
<testsuite hostname="linux-ThinkPad-E460" ignored="8" name="dynamic test 2" tests="10" failures="0" timestamp="10 Jul 2018 21:19:12 GMT" time="19.639" errors="0">
  <testcase name="radioChoiceA" time="0.454" classname="cases.RadioButtonCase"/>
  <testcase name="radioChoiceB" time="0.31" classname="cases.RadioButtonCase"/>
  <testcase name="radioChoiceC" time="0.387" classname="cases.RadioButtonCase"/>
  <testcase name="radioDefault" time="0.057" classname="cases.RadioButtonCase"/>
  <testcase name="dropDownDefault" time="0.168" classname="cases.DropDownCase"/>
  <testcase name="dropDownMustard" time="0.211" classname="cases.DropDownCase"/>
  <testcase name="dropDownOnion" time="0.432" classname="cases.DropDownCase"/>
  <testcase name="dropDownTomato" time="0.441" classname="cases.DropDownCase"/>
  <testcase name="textAreaLongString" time="0.412" classname="cases.TextAreaCase"/>
  <testcase name="textAreaWithEnter" time="0.545" classname="cases.TextAreaCase"/>
  <testcase name="@BeforeSuite beforeSuite" time="0.0" classname="cases.PapaBless">
    <ignored/>
  </testcase> <!-- @BeforeSuite beforeSuite -->
  <testcase name="@BeforeSuite beforeSuite" time="0.0" classname="cases.PapaBless">
    <ignored/>
  </testcase> <!-- @BeforeSuite beforeSuite -->
  <testcase name="@BeforeTest beforeTest" time="0.0" classname="cases.PapaBless">
    <ignored/>
  </testcase> <!-- @BeforeTest beforeTest -->
  <testcase name="@BeforeTest beforeTest" time="0.0" classname="cases.PapaBless">
    <ignored/>
  </testcase> <!-- @BeforeTest beforeTest -->
  <testcase name="@AfterSuite afterSuite" time="0.0" classname="cases.PapaBless">
    <ignored/>
  </testcase> <!-- @AfterSuite afterSuite -->
  <testcase name="@AfterSuite afterSuite" time="0.0" classname="cases.PapaBless">
    <ignored/>
  </testcase> <!-- @AfterSuite afterSuite -->
  <testcase name="@AfterTest afterTest" time="0.0" classname="cases.PapaBless">
    <ignored/>
  </testcase> <!-- @AfterTest afterTest -->
  <testcase name="@AfterTest afterTest" time="0.0" classname="cases.PapaBless">
    <ignored/>
  </testcase> <!-- @AfterTest afterTest -->
</testsuite> <!-- dynamic test 2 -->
