<?xml version="1.0" encoding="UTF-8"?>
<!-- Generated by org.testng.reporters.JUnitXMLReporter -->
<testsuite hostname="linux-ThinkPad-E460" ignored="8" name="dynamic test 2" tests="10" failures="0" timestamp="28 Jul 2018 23:46:39 GMT" time="19.684" errors="0">
  <testcase name="radioChoiceA" time="0.604" classname="cases.RadioButtonCase"/>
  <testcase name="radioChoiceB" time="0.379" classname="cases.RadioButtonCase"/>
  <testcase name="radioChoiceC" time="0.397" classname="cases.RadioButtonCase"/>
  <testcase name="radioDefault" time="0.093" classname="cases.RadioButtonCase"/>
  <testcase name="dropDownDefault" time="0.225" classname="cases.DropDownCase"/>
  <testcase name="dropDownMustard" time="0.229" classname="cases.DropDownCase"/>
  <testcase name="dropDownOnion" time="0.47" classname="cases.DropDownCase"/>
  <testcase name="dropDownTomato" time="0.428" classname="cases.DropDownCase"/>
  <testcase name="textAreaLongString" time="0.46" classname="cases.TextAreaCase"/>
  <testcase name="textAreaWithEnter" time="0.595" classname="cases.TextAreaCase"/>
  <testcase name="@BeforeSuite beforeSuite" time="0.0" classname="cases.PapaBless">
    <ignored/>
  </testcase> <!-- @BeforeSuite beforeSuite -->
  <testcase name="@BeforeSuite beforeSuite" time="0.0" classname="cases.PapaBless">
    <ignored/>
  </testcase> <!-- @BeforeSuite beforeSuite -->
  <testcase name="@BeforeTest beforeTest" time="0.0" classname="cases.PapaBless">
    <ignored/>
  </testcase> <!-- @BeforeTest beforeTest -->
  <testcase name="@BeforeTest beforeTest" time="0.0" classname="cases.PapaBless">
    <ignored/>
  </testcase> <!-- @BeforeTest beforeTest -->
  <testcase name="@AfterSuite afterSuite" time="0.0" classname="cases.PapaBless">
    <ignored/>
  </testcase> <!-- @AfterSuite afterSuite -->
  <testcase name="@AfterSuite afterSuite" time="0.0" classname="cases.PapaBless">
    <ignored/>
  </testcase> <!-- @AfterSuite afterSuite -->
  <testcase name="@AfterTest afterTest" time="0.0" classname="cases.PapaBless">
    <ignored/>
  </testcase> <!-- @AfterTest afterTest -->
  <testcase name="@AfterTest afterTest" time="0.0" classname="cases.PapaBless">
    <ignored/>
  </testcase> <!-- @AfterTest afterTest -->
</testsuite> <!-- dynamic test 2 -->
