<?xml version="1.0" encoding="UTF-8"?>
<!-- Generated by org.testng.reporters.JUnitXMLReporter -->
<testsuite hostname="ThinkPadE460" ignored="0" name="order" tests="16" failures="0" timestamp="04 Oct 2017 13:34:42 GMT" time="21.436" errors="0">
  <testcase name="testTextField" time="1.031" classname="cases.textFieldCase"/>
  <testcase name="checkBoxAll" time="0.89" classname="cases.checkBoxCase"/>
  <testcase name="checkBoxNone" time="0.109" classname="cases.checkBoxCase"/>
  <testcase name="checkBoxOneThree" time="0.609" classname="cases.checkBoxCase"/>
  <testcase name="checkBoxOneTwo" time="0.624" classname="cases.checkBoxCase"/>
  <testcase name="checkBoxTwoThree" time="0.656" classname="cases.checkBoxCase"/>
  <testcase name="radioChoiceA" time="0.656" classname="cases.radioButtonCase"/>
  <testcase name="radioChoiceB" time="0.374" classname="cases.radioButtonCase"/>
  <testcase name="radioChoiceC" time="0.376" classname="cases.radioButtonCase"/>
  <testcase name="radioDefault" time="0.11" classname="cases.radioButtonCase"/>
  <testcase name="dropDownDefault" time="0.156" classname="cases.dropDownCase"/>
  <testcase name="dropDownMustard" time="0.203" classname="cases.dropDownCase"/>
  <testcase name="dropDownOnion" time="0.422" classname="cases.dropDownCase"/>
  <testcase name="dropDownTomato" time="0.39" classname="cases.dropDownCase"/>
  <testcase name="textAreaLongString" time="0.624" classname="cases.textAreaCase"/>
  <testcase name="textAreaWithEnter" time="0.422" classname="cases.textAreaCase"/>
</testsuite> <!-- order -->
