<?xml version="1.0" encoding="UTF-8"?>
<!-- Generated by org.testng.reporters.JUnitXMLReporter -->
<testsuite hostname="linux-ThinkPad-E460" ignored="4" name="dynamic test 1" tests="8" failures="0" timestamp="29 Jul 2018 18:55:44 GMT" time="0.022" errors="0">
  <testcase name="@BeforeClass beforeClass" time="0.018" classname="bricks.PapaBless">
    <failure type="java.lang.NullPointerException">
      <![CDATA[java.lang.NullPointerException
at bricks.PapaBless.beforeClass(PapaBless.java:329)
at GrandpaBless.main(GrandpaBless.java:81)
... Removed 22 stack frames]]>
    </failure>
  </testcase> <!-- @BeforeClass beforeClass -->
  <testcase name="@BeforeMethod beforeMethod" time="0.0" classname="bricks.PapaBless">
    <skipped/>
  </testcase> <!-- @BeforeMethod beforeMethod -->
  <testcase name="@AfterMethod afterMethod" time="0.0" classname="bricks.PapaBless">
    <skipped/>
  </testcase> <!-- @AfterMethod afterMethod -->
  <testcase name="@BeforeMethod beforeMethod" time="0.0" classname="bricks.PapaBless">
    <skipped/>
  </testcase> <!-- @BeforeMethod beforeMethod -->
  <testcase name="@AfterMethod afterMethod" time="0.0" classname="bricks.PapaBless">
    <skipped/>
  </testcase> <!-- @AfterMethod afterMethod -->
  <testcase name="@BeforeMethod beforeMethod" time="0.0" classname="bricks.PapaBless">
    <skipped/>
  </testcase> <!-- @BeforeMethod beforeMethod -->
  <testcase name="@AfterMethod afterMethod" time="0.0" classname="bricks.PapaBless">
    <skipped/>
  </testcase> <!-- @AfterMethod afterMethod -->
  <testcase name="@BeforeMethod beforeMethod" time="0.0" classname="bricks.PapaBless">
    <skipped/>
  </testcase> <!-- @BeforeMethod beforeMethod -->
  <testcase name="@AfterMethod afterMethod" time="0.0" classname="bricks.PapaBless">
    <skipped/>
  </testcase> <!-- @AfterMethod afterMethod -->
  <testcase name="@BeforeMethod beforeMethod" time="0.0" classname="bricks.PapaBless">
    <skipped/>
  </testcase> <!-- @BeforeMethod beforeMethod -->
  <testcase name="@AfterMethod afterMethod" time="0.0" classname="bricks.PapaBless">
    <skipped/>
  </testcase> <!-- @AfterMethod afterMethod -->
  <testcase name="@BeforeMethod beforeMethod" time="0.0" classname="bricks.PapaBless">
    <skipped/>
  </testcase> <!-- @BeforeMethod beforeMethod -->
  <testcase name="@AfterMethod afterMethod" time="0.0" classname="bricks.PapaBless">
    <skipped/>
  </testcase> <!-- @AfterMethod afterMethod -->
  <testcase name="@AfterClass afterClass" time="0.0" classname="bricks.PapaBless">
    <skipped/>
  </testcase> <!-- @AfterClass afterClass -->
  <testcase name="@BeforeClass beforeClass" time="0.0" classname="bricks.PapaBless">
    <skipped/>
  </testcase> <!-- @BeforeClass beforeClass -->
  <testcase name="@BeforeMethod beforeMethod" time="0.0" classname="bricks.PapaBless">
    <skipped/>
  </testcase> <!-- @BeforeMethod beforeMethod -->
  <testcase name="@AfterMethod afterMethod" time="0.0" classname="bricks.PapaBless">
    <skipped/>
  </testcase> <!-- @AfterMethod afterMethod -->
  <testcase name="@BeforeMethod beforeMethod" time="0.0" classname="bricks.PapaBless">
    <skipped/>
  </testcase> <!-- @BeforeMethod beforeMethod -->
  <testcase name="@AfterMethod afterMethod" time="0.0" classname="bricks.PapaBless">
    <skipped/>
  </testcase> <!-- @AfterMethod afterMethod -->
  <testcase name="@AfterClass afterClass" time="0.0" classname="bricks.PapaBless">
    <skipped/>
  </testcase> <!-- @AfterClass afterClass -->
  <testcase name="@AfterTest afterTest" time="0.0" classname="bricks.PapaBless">
    <skipped/>
  </testcase> <!-- @AfterTest afterTest -->
  <testcase name="checkBoxAll" time="0.0" classname="cases.CheckBoxCase">
    <skipped/>
  </testcase> <!-- checkBoxAll -->
  <testcase name="checkBoxNone" time="0.0" classname="cases.CheckBoxCase">
    <skipped/>
  </testcase> <!-- checkBoxNone -->
  <testcase name="checkBoxOneThree" time="0.0" classname="cases.CheckBoxCase">
    <skipped/>
  </testcase> <!-- checkBoxOneThree -->
  <testcase name="checkBoxOneTwo" time="0.0" classname="cases.CheckBoxCase">
    <skipped/>
  </testcase> <!-- checkBoxOneTwo -->
  <testcase name="checkBoxTwoThree" time="0.0" classname="cases.CheckBoxCase">
    <skipped/>
  </testcase> <!-- checkBoxTwoThree -->
  <testcase name="intentionalFailcheckBox" time="0.0" classname="cases.CheckBoxCase">
    <skipped/>
  </testcase> <!-- intentionalFailcheckBox -->
  <testcase name="intentionalFailTextField" time="0.0" classname="cases.TextFieldCase">
    <skipped/>
  </testcase> <!-- intentionalFailTextField -->
  <testcase name="testTextField" time="0.0" classname="cases.TextFieldCase">
    <skipped/>
  </testcase> <!-- testTextField -->
  <testcase name="@BeforeTest beforeTest" time="0.0" classname="bricks.PapaBless">
    <ignored/>
  </testcase> <!-- @BeforeTest beforeTest -->
  <testcase name="@AfterTest afterTest" time="0.0" classname="bricks.PapaBless">
    <ignored/>
  </testcase> <!-- @AfterTest afterTest -->
  <testcase name="@AfterSuite afterSuite" time="0.0" classname="bricks.PapaBless">
    <ignored/>
  </testcase> <!-- @AfterSuite afterSuite -->
  <testcase name="@BeforeSuite beforeSuite" time="0.0" classname="bricks.PapaBless">
    <ignored/>
  </testcase> <!-- @BeforeSuite beforeSuite -->
</testsuite> <!-- dynamic test 1 -->
