<?xml version="1.0" encoding="UTF-8"?>
<!-- Generated by org.testng.reporters.JUnitXMLReporter -->
<testsuite hostname="ThinkPadE460" ignored="0" name="only textField" tests="3" failures="1" timestamp="17 Oct 2017 14:07:53 GMT" time="2.454" errors="0">
  <testcase name="estaMuyEstupido" time="0.048" classname="gridcases.TextFieldCase"/>
  <testcase name="testTextField" time="1.186" classname="gridcases.TextFieldCase"/>
  <testcase name="intentionalFailTextField" time="0.219" classname="gridcases.TextFieldCase">
    <failure type="java.lang.AssertionError" message="expected [This should fail] but found [Please fail]">
      <![CDATA[java.lang.AssertionError: expected [This should fail] but found [Please fail]
	at gridcases.TextFieldCase.intentionalFailTextField(TextFieldCase.java:46)
... Removed 31 stack frames]]>
    </failure>
  </testcase> <!-- intentionalFailTextField -->
</testsuite> <!-- only textField -->
