<?xml version="1.0" encoding="UTF-8"?>
<!-- Generated by org.testng.reporters.JUnitXMLReporter -->
<testsuite hostname="linux-ThinkPad-E460" ignored="8" name="dynamic test 2" tests="10" failures="0" timestamp="28 Jul 2018 23:47:29 GMT" time="0.01" errors="0">
  <testcase name="@BeforeClass beforeClass" time="0.005" classname="cases.PapaBless">
    <failure type="java.lang.NullPointerException">
      <![CDATA[java.lang.NullPointerException
at cases.PapaBless.beforeClass(PapaBless.java:333)
at GrandpaBless.main(GrandpaBless.java:82)
... Removed 22 stack frames]]>
    </failure>
  </testcase> <!-- @BeforeClass beforeClass -->
  <testcase name="@BeforeMethod beforeMethod" time="0.0" classname="cases.PapaBless">
    <skipped/>
  </testcase> <!-- @BeforeMethod beforeMethod -->
  <testcase name="@AfterMethod afterMethod" time="0.0" classname="cases.PapaBless">
    <skipped/>
  </testcase> <!-- @AfterMethod afterMethod -->
  <testcase name="@BeforeMethod beforeMethod" time="0.0" classname="cases.PapaBless">
    <skipped/>
  </testcase> <!-- @BeforeMethod beforeMethod -->
  <testcase name="@AfterMethod afterMethod" time="0.0" classname="cases.PapaBless">
    <skipped/>
  </testcase> <!-- @AfterMethod afterMethod -->
  <testcase name="@BeforeMethod beforeMethod" time="0.0" classname="cases.PapaBless">
    <skipped/>
  </testcase> <!-- @BeforeMethod beforeMethod -->
  <testcase name="@AfterMethod afterMethod" time="0.0" classname="cases.PapaBless">
    <skipped/>
  </testcase> <!-- @AfterMethod afterMethod -->
  <testcase name="@BeforeMethod beforeMethod" time="0.0" classname="cases.PapaBless">
    <skipped/>
  </testcase> <!-- @BeforeMethod beforeMethod -->
  <testcase name="@AfterMethod afterMethod" time="0.0" classname="cases.PapaBless">
    <skipped/>
  </testcase> <!-- @AfterMethod afterMethod -->
  <testcase name="@AfterClass afterClass" time="0.0" classname="cases.PapaBless">
    <skipped/>
  </testcase> <!-- @AfterClass afterClass -->
  <testcase name="@BeforeClass beforeClass" time="0.0" classname="cases.PapaBless">
    <skipped/>
  </testcase> <!-- @BeforeClass beforeClass -->
  <testcase name="@BeforeMethod beforeMethod" time="0.0" classname="cases.PapaBless">
    <skipped/>
  </testcase> <!-- @BeforeMethod beforeMethod -->
  <testcase name="@AfterMethod afterMethod" time="0.0" classname="cases.PapaBless">
    <skipped/>
  </testcase> <!-- @AfterMethod afterMethod -->
  <testcase name="@BeforeMethod beforeMethod" time="0.0" classname="cases.PapaBless">
    <skipped/>
  </testcase> <!-- @BeforeMethod beforeMethod -->
  <testcase name="@AfterMethod afterMethod" time="0.0" classname="cases.PapaBless">
    <skipped/>
  </testcase> <!-- @AfterMethod afterMethod -->
  <testcase name="@BeforeMethod beforeMethod" time="0.0" classname="cases.PapaBless">
    <skipped/>
  </testcase> <!-- @BeforeMethod beforeMethod -->
  <testcase name="@AfterMethod afterMethod" time="0.0" classname="cases.PapaBless">
    <skipped/>
  </testcase> <!-- @AfterMethod afterMethod -->
  <testcase name="@BeforeMethod beforeMethod" time="0.0" classname="cases.PapaBless">
    <skipped/>
  </testcase> <!-- @BeforeMethod beforeMethod -->
  <testcase name="@AfterMethod afterMethod" time="0.0" classname="cases.PapaBless">
    <skipped/>
  </testcase> <!-- @AfterMethod afterMethod -->
  <testcase name="@AfterClass afterClass" time="0.0" classname="cases.PapaBless">
    <skipped/>
  </testcase> <!-- @AfterClass afterClass -->
  <testcase name="@BeforeClass beforeClass" time="0.0" classname="cases.PapaBless">
    <skipped/>
  </testcase> <!-- @BeforeClass beforeClass -->
  <testcase name="@BeforeMethod beforeMethod" time="0.0" classname="cases.PapaBless">
    <skipped/>
  </testcase> <!-- @BeforeMethod beforeMethod -->
  <testcase name="@AfterMethod afterMethod" time="0.0" classname="cases.PapaBless">
    <skipped/>
  </testcase> <!-- @AfterMethod afterMethod -->
  <testcase name="@BeforeMethod beforeMethod" time="0.0" classname="cases.PapaBless">
    <skipped/>
  </testcase> <!-- @BeforeMethod beforeMethod -->
  <testcase name="@AfterMethod afterMethod" time="0.0" classname="cases.PapaBless">
    <skipped/>
  </testcase> <!-- @AfterMethod afterMethod -->
  <testcase name="@AfterClass afterClass" time="0.0" classname="cases.PapaBless">
    <skipped/>
  </testcase> <!-- @AfterClass afterClass -->
  <testcase name="@AfterTest afterTest" time="0.0" classname="cases.PapaBless">
    <skipped/>
  </testcase> <!-- @AfterTest afterTest -->
  <testcase name="radioChoiceA" time="0.0" classname="cases.RadioButtonCase">
    <skipped/>
  </testcase> <!-- radioChoiceA -->
  <testcase name="radioChoiceB" time="0.0" classname="cases.RadioButtonCase">
    <skipped/>
  </testcase> <!-- radioChoiceB -->
  <testcase name="radioChoiceC" time="0.0" classname="cases.RadioButtonCase">
    <skipped/>
  </testcase> <!-- radioChoiceC -->
  <testcase name="radioDefault" time="0.0" classname="cases.RadioButtonCase">
    <skipped/>
  </testcase> <!-- radioDefault -->
  <testcase name="dropDownDefault" time="0.0" classname="cases.DropDownCase">
    <skipped/>
  </testcase> <!-- dropDownDefault -->
  <testcase name="dropDownMustard" time="0.0" classname="cases.DropDownCase">
    <skipped/>
  </testcase> <!-- dropDownMustard -->
  <testcase name="dropDownOnion" time="0.0" classname="cases.DropDownCase">
    <skipped/>
  </testcase> <!-- dropDownOnion -->
  <testcase name="dropDownTomato" time="0.0" classname="cases.DropDownCase">
    <skipped/>
  </testcase> <!-- dropDownTomato -->
  <testcase name="textAreaLongString" time="0.0" classname="cases.TextAreaCase">
    <skipped/>
  </testcase> <!-- textAreaLongString -->
  <testcase name="textAreaWithEnter" time="0.0" classname="cases.TextAreaCase">
    <skipped/>
  </testcase> <!-- textAreaWithEnter -->
  <testcase name="@BeforeSuite beforeSuite" time="0.0" classname="cases.PapaBless">
    <ignored/>
  </testcase> <!-- @BeforeSuite beforeSuite -->
  <testcase name="@BeforeSuite beforeSuite" time="0.0" classname="cases.PapaBless">
    <ignored/>
  </testcase> <!-- @BeforeSuite beforeSuite -->
  <testcase name="@BeforeTest beforeTest" time="0.0" classname="cases.PapaBless">
    <ignored/>
  </testcase> <!-- @BeforeTest beforeTest -->
  <testcase name="@BeforeTest beforeTest" time="0.0" classname="cases.PapaBless">
    <ignored/>
  </testcase> <!-- @BeforeTest beforeTest -->
  <testcase name="@AfterSuite afterSuite" time="0.0" classname="cases.PapaBless">
    <ignored/>
  </testcase> <!-- @AfterSuite afterSuite -->
  <testcase name="@AfterSuite afterSuite" time="0.0" classname="cases.PapaBless">
    <ignored/>
  </testcase> <!-- @AfterSuite afterSuite -->
  <testcase name="@AfterTest afterTest" time="0.0" classname="cases.PapaBless">
    <ignored/>
  </testcase> <!-- @AfterTest afterTest -->
  <testcase name="@AfterTest afterTest" time="0.0" classname="cases.PapaBless">
    <ignored/>
  </testcase> <!-- @AfterTest afterTest -->
</testsuite> <!-- dynamic test 2 -->
