<?xml version="1.0" encoding="UTF-8"?>
<!-- Generated by org.testng.reporters.JUnitXMLReporter -->
<testsuite hostname="ThinkPadE460" ignored="0" name="cases" tests="16" failures="0" timestamp="04 Oct 2017 20:27:36 GMT" time="24.171" errors="0">
  <testcase name="testTextField" time="1.202" classname="cases.textFieldCase"/>
  <testcase name="checkBoxAll" time="0.984" classname="cases.checkBoxCase"/>
  <testcase name="checkBoxNone" time="0.234" classname="cases.checkBoxCase"/>
  <testcase name="checkBoxOneThree" time="0.78" classname="cases.checkBoxCase"/>
  <testcase name="checkBoxOneTwo" time="0.811" classname="cases.checkBoxCase"/>
  <testcase name="checkBoxTwoThree" time="0.717" classname="cases.checkBoxCase"/>
  <testcase name="radioChoiceA" time="0.468" classname="cases.radioButtonCase"/>
  <testcase name="radioChoiceB" time="0.422" classname="cases.radioButtonCase"/>
  <testcase name="radioChoiceC" time="0.468" classname="cases.radioButtonCase"/>
  <testcase name="radioDefault" time="0.266" classname="cases.radioButtonCase"/>
  <testcase name="dropDownDefault" time="0.234" classname="cases.dropDownCase"/>
  <testcase name="dropDownMustard" time="0.327" classname="cases.dropDownCase"/>
  <testcase name="dropDownOnion" time="0.563" classname="cases.dropDownCase"/>
  <testcase name="dropDownTomato" time="0.593" classname="cases.dropDownCase"/>
  <testcase name="textAreaLongString" time="0.468" classname="cases.textAreaCase"/>
  <testcase name="textAreaWithEnter" time="0.469" classname="cases.textAreaCase"/>
</testsuite> <!-- cases -->
