<?xml version="1.0" encoding="UTF-8"?>
<!-- Generated by org.testng.reporters.JUnitXMLReporter -->
<testsuite hostname="ThinkPadE460" ignored="6" name="everything else" tests="16" failures="1" timestamp="12 Oct 2017 13:06:55 GMT" time="17.358" errors="0">
  <testcase name="checkBoxAll" time="0.954" classname="cases.CheckBoxCase"/>
  <testcase name="checkBoxNone" time="0.141" classname="cases.CheckBoxCase"/>
  <testcase name="checkBoxOneThree" time="0.641" classname="cases.CheckBoxCase"/>
  <testcase name="checkBoxOneTwo" time="0.703" classname="cases.CheckBoxCase"/>
  <testcase name="checkBoxTwoThree" time="0.67" classname="cases.CheckBoxCase"/>
  <testcase name="intentionalFailcheckBox" time="0.641" classname="cases.CheckBoxCase">
    <failure type="java.lang.AssertionError">
      <![CDATA[java.lang.AssertionError
	at org.junit.Assert.fail(Assert.java:86)
	at org.junit.Assert.assertTrue(Assert.java:41)
	at org.junit.Assert.assertTrue(Assert.java:52)
	at cases.CheckBoxCase.intentionalFailcheckBox(CheckBoxCase.java:63)
... Removed 25 stack frames]]>
    </failure>
  </testcase> <!-- intentionalFailcheckBox -->
  <testcase name="radioChoiceA" time="0.579" classname="cases.RadioButtonCase"/>
  <testcase name="radioChoiceB" time="0.39" classname="cases.RadioButtonCase"/>
  <testcase name="radioChoiceC" time="0.407" classname="cases.RadioButtonCase"/>
  <testcase name="radioDefault" time="0.14" classname="cases.RadioButtonCase"/>
  <testcase name="dropDownDefault" time="0.188" classname="cases.DropDownCase"/>
  <testcase name="dropDownMustard" time="0.258" classname="cases.DropDownCase"/>
  <testcase name="dropDownOnion" time="0.453" classname="cases.DropDownCase"/>
  <testcase name="dropDownTomato" time="0.454" classname="cases.DropDownCase"/>
  <testcase name="textAreaLongString" time="0.374" classname="cases.TextAreaCase"/>
  <testcase name="textAreaWithEnter" time="0.484" classname="cases.TextAreaCase"/>
  <testcase name="@AfterTest afterTest" time="0.0" classname="cases.BaseCase">
    <ignored/>
  </testcase> <!-- @AfterTest afterTest -->
  <testcase name="@AfterTest afterTest" time="0.0" classname="cases.BaseCase">
    <ignored/>
  </testcase> <!-- @AfterTest afterTest -->
  <testcase name="@AfterTest afterTest" time="0.0" classname="cases.BaseCase">
    <ignored/>
  </testcase> <!-- @AfterTest afterTest -->
  <testcase name="@BeforeTest beforeTest" time="0.0" classname="cases.BaseCase">
    <ignored/>
  </testcase> <!-- @BeforeTest beforeTest -->
  <testcase name="@BeforeTest beforeTest" time="0.0" classname="cases.BaseCase">
    <ignored/>
  </testcase> <!-- @BeforeTest beforeTest -->
  <testcase name="@BeforeTest beforeTest" time="0.0" classname="cases.BaseCase">
    <ignored/>
  </testcase> <!-- @BeforeTest beforeTest -->
</testsuite> <!-- everything else -->
