<?xml version="1.0" encoding="UTF-8"?>
<!-- Generated by org.testng.reporters.JUnitXMLReporter -->
<testsuite hostname="ThinkPadE460" ignored="6" name="everything else" tests="16" failures="1" timestamp="17 Oct 2017 13:02:53 GMT" time="18.299" errors="0">
  <testcase name="checkBoxAll" time="1.014" classname="localcases.CheckBoxCase"/>
  <testcase name="checkBoxNone" time="0.14" classname="localcases.CheckBoxCase"/>
  <testcase name="checkBoxOneThree" time="0.687" classname="localcases.CheckBoxCase"/>
  <testcase name="checkBoxOneTwo" time="0.874" classname="localcases.CheckBoxCase"/>
  <testcase name="checkBoxTwoThree" time="0.796" classname="localcases.CheckBoxCase"/>
  <testcase name="intentionalFailcheckBox" time="0.749" classname="localcases.CheckBoxCase">
    <failure type="java.lang.AssertionError">
      <![CDATA[java.lang.AssertionError
	at org.junit.Assert.fail(Assert.java:86)
	at org.junit.Assert.assertTrue(Assert.java:41)
	at org.junit.Assert.assertTrue(Assert.java:52)
	at localcases.CheckBoxCase.intentionalFailcheckBox(CheckBoxCase.java:63)
... Removed 25 stack frames]]>
    </failure>
  </testcase> <!-- intentionalFailcheckBox -->
  <testcase name="radioChoiceA" time="0.498" classname="localcases.RadioButtonCase"/>
  <testcase name="radioChoiceB" time="0.36" classname="localcases.RadioButtonCase"/>
  <testcase name="radioChoiceC" time="0.39" classname="localcases.RadioButtonCase"/>
  <testcase name="radioDefault" time="0.109" classname="localcases.RadioButtonCase"/>
  <testcase name="dropDownDefault" time="0.343" classname="localcases.DropDownCase"/>
  <testcase name="dropDownMustard" time="0.203" classname="localcases.DropDownCase"/>
  <testcase name="dropDownOnion" time="0.437" classname="localcases.DropDownCase"/>
  <testcase name="dropDownTomato" time="0.406" classname="localcases.DropDownCase"/>
  <testcase name="textAreaLongString" time="0.735" classname="localcases.TextAreaCase"/>
  <testcase name="textAreaWithEnter" time="0.499" classname="localcases.TextAreaCase"/>
  <testcase name="@AfterTest afterTest" time="0.0" classname="localcases.BaseCase">
    <ignored/>
  </testcase> <!-- @AfterTest afterTest -->
  <testcase name="@AfterTest afterTest" time="0.0" classname="localcases.BaseCase">
    <ignored/>
  </testcase> <!-- @AfterTest afterTest -->
  <testcase name="@AfterTest afterTest" time="0.0" classname="localcases.BaseCase">
    <ignored/>
  </testcase> <!-- @AfterTest afterTest -->
  <testcase name="@BeforeTest beforeTest" time="0.0" classname="localcases.BaseCase">
    <ignored/>
  </testcase> <!-- @BeforeTest beforeTest -->
  <testcase name="@BeforeTest beforeTest" time="0.0" classname="localcases.BaseCase">
    <ignored/>
  </testcase> <!-- @BeforeTest beforeTest -->
  <testcase name="@BeforeTest beforeTest" time="0.0" classname="localcases.BaseCase">
    <ignored/>
  </testcase> <!-- @BeforeTest beforeTest -->
</testsuite> <!-- everything else -->
