<?xml version="1.0" encoding="UTF-8"?>
<!-- Generated by org.testng.reporters.JUnitXMLReporter -->
<testsuite hostname="ThinkPadE460" ignored="0" name="only textField" tests="2" failures="1" timestamp="12 Oct 2017 13:06:37 GMT" time="5.403" errors="0">
  <testcase name="intentionalFailTextField" time="1.328" classname="cases.TextFieldCase">
    <failure type="java.lang.AssertionError" message="expected [This should fail] but found [Please fail]">
      <![CDATA[java.lang.AssertionError: expected [This should fail] but found [Please fail]
	at cases.TextFieldCase.intentionalFailTextField(TextFieldCase.java:32)
... Removed 31 stack frames]]>
    </failure>
  </testcase> <!-- intentionalFailTextField -->
  <testcase name="testTextField" time="0.421" classname="cases.TextFieldCase"/>
</testsuite> <!-- only textField -->
