<?xml version="1.0" encoding="UTF-8"?>
<!-- Generated by org.testng.reporters.JUnitXMLReporter -->
<testsuite hostname="ThinkPadE460" ignored="8" name="everything else" tests="10" failures="0" timestamp="23 Oct 2017 05:52:03 GMT" time="20.157" errors="0">
  <testcase name="radioChoiceA" time="0.488" classname="gridcases.RadioButtonCase"/>
  <testcase name="radioChoiceB" time="0.405" classname="gridcases.RadioButtonCase"/>
  <testcase name="radioChoiceC" time="0.481" classname="gridcases.RadioButtonCase"/>
  <testcase name="radioDefault" time="0.226" classname="gridcases.RadioButtonCase"/>
  <testcase name="dropDownDefault" time="0.19" classname="gridcases.DropDownCase"/>
  <testcase name="dropDownMustard" time="0.305" classname="gridcases.DropDownCase"/>
  <testcase name="dropDownOnion" time="0.542" classname="gridcases.DropDownCase"/>
  <testcase name="dropDownTomato" time="0.485" classname="gridcases.DropDownCase"/>
  <testcase name="textAreaLongString" time="0.389" classname="gridcases.TextAreaCase"/>
  <testcase name="textAreaWithEnter" time="0.491" classname="gridcases.TextAreaCase"/>
  <testcase name="@BeforeTest beforeTest" time="0.0" classname="gridcases.PapaBless">
    <ignored/>
  </testcase> <!-- @BeforeTest beforeTest -->
  <testcase name="@BeforeTest beforeTest" time="0.0" classname="gridcases.PapaBless">
    <ignored/>
  </testcase> <!-- @BeforeTest beforeTest -->
  <testcase name="@AfterSuite afterSuite" time="0.0" classname="gridcases.PapaBless">
    <ignored/>
  </testcase> <!-- @AfterSuite afterSuite -->
  <testcase name="@AfterSuite afterSuite" time="0.0" classname="gridcases.PapaBless">
    <ignored/>
  </testcase> <!-- @AfterSuite afterSuite -->
  <testcase name="@BeforeSuite beforeSuite" time="0.0" classname="gridcases.PapaBless">
    <ignored/>
  </testcase> <!-- @BeforeSuite beforeSuite -->
  <testcase name="@BeforeSuite beforeSuite" time="0.0" classname="gridcases.PapaBless">
    <ignored/>
  </testcase> <!-- @BeforeSuite beforeSuite -->
  <testcase name="@AfterTest afterTest" time="0.0" classname="gridcases.PapaBless">
    <ignored/>
  </testcase> <!-- @AfterTest afterTest -->
  <testcase name="@AfterTest afterTest" time="0.0" classname="gridcases.PapaBless">
    <ignored/>
  </testcase> <!-- @AfterTest afterTest -->
</testsuite> <!-- everything else -->
