<?xml version="1.0" encoding="UTF-8"?>
<!-- Generated by org.testng.reporters.JUnitXMLReporter -->
<testsuite hostname="ThinkPadE460" ignored="8" name="everything else" tests="10" failures="0" timestamp="23 Oct 2017 12:42:39 GMT" time="26.99" errors="0">
  <testcase name="radioChoiceA" time="0.39" classname="gridcases.RadioButtonCase"/>
  <testcase name="radioChoiceB" time="0.36" classname="gridcases.RadioButtonCase"/>
  <testcase name="radioChoiceC" time="0.359" classname="gridcases.RadioButtonCase"/>
  <testcase name="radioDefault" time="0.11" classname="gridcases.RadioButtonCase"/>
  <testcase name="dropDownDefault" time="0.158" classname="gridcases.DropDownCase"/>
  <testcase name="dropDownMustard" time="0.187" classname="gridcases.DropDownCase"/>
  <testcase name="dropDownOnion" time="0.436" classname="gridcases.DropDownCase"/>
  <testcase name="dropDownTomato" time="0.39" classname="gridcases.DropDownCase"/>
  <testcase name="textAreaLongString" time="0.499" classname="gridcases.TextAreaCase"/>
  <testcase name="textAreaWithEnter" time="0.407" classname="gridcases.TextAreaCase"/>
  <testcase name="@BeforeTest beforeTest" time="0.0" classname="gridcases.PapaBless">
    <ignored/>
  </testcase> <!-- @BeforeTest beforeTest -->
  <testcase name="@BeforeTest beforeTest" time="0.0" classname="gridcases.PapaBless">
    <ignored/>
  </testcase> <!-- @BeforeTest beforeTest -->
  <testcase name="@AfterSuite afterSuite" time="0.0" classname="gridcases.PapaBless">
    <ignored/>
  </testcase> <!-- @AfterSuite afterSuite -->
  <testcase name="@AfterSuite afterSuite" time="0.0" classname="gridcases.PapaBless">
    <ignored/>
  </testcase> <!-- @AfterSuite afterSuite -->
  <testcase name="@BeforeSuite beforeSuite" time="0.0" classname="gridcases.PapaBless">
    <ignored/>
  </testcase> <!-- @BeforeSuite beforeSuite -->
  <testcase name="@BeforeSuite beforeSuite" time="0.0" classname="gridcases.PapaBless">
    <ignored/>
  </testcase> <!-- @BeforeSuite beforeSuite -->
  <testcase name="@AfterTest afterTest" time="0.0" classname="gridcases.PapaBless">
    <ignored/>
  </testcase> <!-- @AfterTest afterTest -->
  <testcase name="@AfterTest afterTest" time="0.0" classname="gridcases.PapaBless">
    <ignored/>
  </testcase> <!-- @AfterTest afterTest -->
</testsuite> <!-- everything else -->
