<?xml version="1.0" encoding="UTF-8"?>
<!-- Generated by org.testng.reporters.JUnitXMLReporter -->
<testsuite hostname="ThinkPadE460" ignored="3" name="only textField" tests="10" failures="2" timestamp="17 Oct 2017 19:50:14 GMT" time="36.874" errors="0">
  <testcase name="estaMuyEstupido" time="0.157" classname="gridcases.TextFieldCase"/>
  <testcase name="estaMuyEstupido" time="0.079" classname="gridcases.CheckBoxCase"/>
  <testcase name="testTextField" time="1.359" classname="gridcases.TextFieldCase"/>
  <testcase name="checkBoxAll" time="1.42" classname="gridcases.CheckBoxCase"/>
  <testcase name="checkBoxNone" time="0.203" classname="gridcases.CheckBoxCase"/>
  <testcase name="checkBoxOneThree" time="0.702" classname="gridcases.CheckBoxCase"/>
  <testcase name="checkBoxOneTwo" time="0.688" classname="gridcases.CheckBoxCase"/>
  <testcase name="checkBoxTwoThree" time="0.72" classname="gridcases.CheckBoxCase"/>
  <testcase name="intentionalFailcheckBox" time="0.655" classname="gridcases.CheckBoxCase">
    <failure type="java.lang.AssertionError">
      <![CDATA[java.lang.AssertionError
	at org.junit.Assert.fail(Assert.java:86)
	at org.junit.Assert.assertTrue(Assert.java:41)
	at org.junit.Assert.assertTrue(Assert.java:52)
	at gridcases.CheckBoxCase.intentionalFailcheckBox(CheckBoxCase.java:77)
... Removed 25 stack frames]]>
    </failure>
  </testcase> <!-- intentionalFailcheckBox -->
  <testcase name="intentionalFailTextField" time="0.328" classname="gridcases.TextFieldCase">
    <failure type="java.lang.AssertionError" message="expected [This should fail] but found [Please fail]">
      <![CDATA[java.lang.AssertionError: expected [This should fail] but found [Please fail]
	at gridcases.TextFieldCase.intentionalFailTextField(TextFieldCase.java:46)
... Removed 31 stack frames]]>
    </failure>
  </testcase> <!-- intentionalFailTextField -->
  <testcase name="@BeforeSuite beforeSuite" time="0.0" classname="gridcases.BaseCase">
    <ignored/>
  </testcase> <!-- @BeforeSuite beforeSuite -->
  <testcase name="@AfterSuite afterSuite" time="0.0" classname="gridcases.BaseCase">
    <ignored/>
  </testcase> <!-- @AfterSuite afterSuite -->
  <testcase name="@AfterTest afterTest" time="0.0" classname="gridcases.BaseCase">
    <ignored/>
  </testcase> <!-- @AfterTest afterTest -->
</testsuite> <!-- only textField -->
