<?xml version="1.0" encoding="UTF-8"?>
<!-- Generated by org.testng.reporters.JUnitXMLReporter -->
<testsuite hostname="ThinkPadE460" ignored="4" name="text field and check box" tests="8" failures="2" timestamp="23 Oct 2017 05:51:43 GMT" time="22.082" errors="0">
  <testcase name="intentionalFailTextField" time="0.749" classname="gridcases.TextFieldCase">
    <failure type="java.lang.AssertionError" message="expected [This should fail] but found [Please fail]">
      <![CDATA[java.lang.AssertionError: expected [This should fail] but found [Please fail]
	at gridcases.TextFieldCase.intentionalFailTextField(TextFieldCase.java:31)
... Removed 31 stack frames]]>
    </failure>
  </testcase> <!-- intentionalFailTextField -->
  <testcase name="testTextField" time="0.329" classname="gridcases.TextFieldCase"/>
  <testcase name="checkBoxAll" time="0.975" classname="gridcases.CheckBoxCase"/>
  <testcase name="checkBoxNone" time="0.163" classname="gridcases.CheckBoxCase"/>
  <testcase name="checkBoxOneThree" time="0.778" classname="gridcases.CheckBoxCase"/>
  <testcase name="checkBoxOneTwo" time="0.705" classname="gridcases.CheckBoxCase"/>
  <testcase name="checkBoxTwoThree" time="0.727" classname="gridcases.CheckBoxCase"/>
  <testcase name="intentionalFailcheckBox" time="0.745" classname="gridcases.CheckBoxCase">
    <failure type="java.lang.AssertionError">
      <![CDATA[java.lang.AssertionError
	at org.junit.Assert.fail(Assert.java:86)
	at org.junit.Assert.assertTrue(Assert.java:41)
	at org.junit.Assert.assertTrue(Assert.java:52)
	at gridcases.CheckBoxCase.intentionalFailcheckBox(CheckBoxCase.java:58)
... Removed 25 stack frames]]>
    </failure>
  </testcase> <!-- intentionalFailcheckBox -->
  <testcase name="@BeforeTest beforeTest" time="0.0" classname="gridcases.PapaBless">
    <ignored/>
  </testcase> <!-- @BeforeTest beforeTest -->
  <testcase name="@AfterSuite afterSuite" time="0.0" classname="gridcases.PapaBless">
    <ignored/>
  </testcase> <!-- @AfterSuite afterSuite -->
  <testcase name="@BeforeSuite beforeSuite" time="0.0" classname="gridcases.PapaBless">
    <ignored/>
  </testcase> <!-- @BeforeSuite beforeSuite -->
  <testcase name="@AfterTest afterTest" time="0.0" classname="gridcases.PapaBless">
    <ignored/>
  </testcase> <!-- @AfterTest afterTest -->
</testsuite> <!-- text field and check box -->
