<?xml version="1.0" encoding="UTF-8"?>
<!-- Generated by org.testng.reporters.JUnitXMLReporter -->
<testsuite hostname="linux-ThinkPad-E460" ignored="8" name="dynamic test 2" tests="10" failures="0" timestamp="30 Jul 2018 00:24:26 GMT" time="8.46" errors="0">
  <testcase name="radioChoiceA" time="0.197" classname="cases.RadioButtonCase"/>
  <testcase name="radioChoiceB" time="0.17" classname="cases.RadioButtonCase"/>
  <testcase name="radioChoiceC" time="0.177" classname="cases.RadioButtonCase"/>
  <testcase name="radioDefault" time="0.108" classname="cases.RadioButtonCase"/>
  <testcase name="dropDownDefault" time="0.156" classname="cases.DropDownCase"/>
  <testcase name="dropDownMustard" time="0.168" classname="cases.DropDownCase"/>
  <testcase name="dropDownOnion" time="0.191" classname="cases.DropDownCase"/>
  <testcase name="dropDownTomato" time="0.192" classname="cases.DropDownCase"/>
  <testcase name="textAreaLongString" time="0.565" classname="cases.TextAreaCase"/>
  <testcase name="textAreaWithEnter" time="0.632" classname="cases.TextAreaCase"/>
  <testcase name="@BeforeTest beforeTest" time="0.0" classname="bricks.PapaBless">
    <ignored/>
  </testcase> <!-- @BeforeTest beforeTest -->
  <testcase name="@BeforeTest beforeTest" time="0.0" classname="bricks.PapaBless">
    <ignored/>
  </testcase> <!-- @BeforeTest beforeTest -->
  <testcase name="@AfterTest afterTest" time="0.0" classname="bricks.PapaBless">
    <ignored/>
  </testcase> <!-- @AfterTest afterTest -->
  <testcase name="@AfterTest afterTest" time="0.0" classname="bricks.PapaBless">
    <ignored/>
  </testcase> <!-- @AfterTest afterTest -->
  <testcase name="@AfterSuite afterSuite" time="0.0" classname="bricks.PapaBless">
    <ignored/>
  </testcase> <!-- @AfterSuite afterSuite -->
  <testcase name="@AfterSuite afterSuite" time="0.0" classname="bricks.PapaBless">
    <ignored/>
  </testcase> <!-- @AfterSuite afterSuite -->
  <testcase name="@BeforeSuite beforeSuite" time="0.0" classname="bricks.PapaBless">
    <ignored/>
  </testcase> <!-- @BeforeSuite beforeSuite -->
  <testcase name="@BeforeSuite beforeSuite" time="0.0" classname="bricks.PapaBless">
    <ignored/>
  </testcase> <!-- @BeforeSuite beforeSuite -->
</testsuite> <!-- dynamic test 2 -->
