<?xml version="1.0" encoding="UTF-8"?>
<!-- Generated by org.testng.reporters.JUnitXMLReporter -->
<testsuite hostname="linux-ThinkPad-E460" ignored="8" name="everything else" tests="10" failures="0" timestamp="17 May 2018 22:25:17 GMT" time="26.039" errors="0">
  <testcase name="radioChoiceA" time="0.472" classname="cases.RadioButtonCase"/>
  <testcase name="radioChoiceB" time="0.469" classname="cases.RadioButtonCase"/>
  <testcase name="radioChoiceC" time="1.378" classname="cases.RadioButtonCase"/>
  <testcase name="radioDefault" time="0.058" classname="cases.RadioButtonCase"/>
  <testcase name="dropDownDefault" time="0.099" classname="cases.DropDownCase"/>
  <testcase name="dropDownMustard" time="0.105" classname="cases.DropDownCase"/>
  <testcase name="dropDownOnion" time="0.397" classname="cases.DropDownCase"/>
  <testcase name="dropDownTomato" time="0.346" classname="cases.DropDownCase"/>
  <testcase name="textAreaLongString" time="0.578" classname="cases.TextAreaCase"/>
  <testcase name="textAreaWithEnter" time="0.633" classname="cases.TextAreaCase"/>
  <testcase name="@BeforeSuite beforeSuite" time="0.0" classname="cases.PapaBless">
    <ignored/>
  </testcase> <!-- @BeforeSuite beforeSuite -->
  <testcase name="@BeforeSuite beforeSuite" time="0.0" classname="cases.PapaBless">
    <ignored/>
  </testcase> <!-- @BeforeSuite beforeSuite -->
  <testcase name="@BeforeTest beforeTest" time="0.0" classname="cases.PapaBless">
    <ignored/>
  </testcase> <!-- @BeforeTest beforeTest -->
  <testcase name="@BeforeTest beforeTest" time="0.0" classname="cases.PapaBless">
    <ignored/>
  </testcase> <!-- @BeforeTest beforeTest -->
  <testcase name="@AfterSuite afterSuite" time="0.0" classname="cases.PapaBless">
    <ignored/>
  </testcase> <!-- @AfterSuite afterSuite -->
  <testcase name="@AfterSuite afterSuite" time="0.0" classname="cases.PapaBless">
    <ignored/>
  </testcase> <!-- @AfterSuite afterSuite -->
  <testcase name="@AfterTest afterTest" time="0.0" classname="cases.PapaBless">
    <ignored/>
  </testcase> <!-- @AfterTest afterTest -->
  <testcase name="@AfterTest afterTest" time="0.0" classname="cases.PapaBless">
    <ignored/>
  </testcase> <!-- @AfterTest afterTest -->
</testsuite> <!-- everything else -->
