<?xml version="1.0" encoding="UTF-8"?>
<!-- Generated by org.testng.reporters.JUnitXMLReporter -->
<testsuite hostname="ThinkPadE460" ignored="8" name="everything else" tests="10" failures="0" timestamp="30 Oct 2017 03:56:33 GMT" time="81.439" errors="0">
  <testcase name="radioChoiceA" time="3.308" classname="cases.RadioButtonCase"/>
  <testcase name="radioChoiceB" time="3.027" classname="cases.RadioButtonCase"/>
  <testcase name="radioChoiceC" time="3.152" classname="cases.RadioButtonCase"/>
  <testcase name="radioDefault" time="1.982" classname="cases.RadioButtonCase"/>
  <testcase name="dropDownDefault" time="2.076" classname="cases.DropDownCase"/>
  <testcase name="dropDownMustard" time="2.653" classname="cases.DropDownCase"/>
  <testcase name="dropDownOnion" time="3.167" classname="cases.DropDownCase"/>
  <testcase name="dropDownTomato" time="2.778" classname="cases.DropDownCase"/>
  <testcase name="textAreaLongString" time="5.961" classname="cases.TextAreaCase"/>
  <testcase name="textAreaWithEnter" time="7.408" classname="cases.TextAreaCase"/>
  <testcase name="@BeforeSuite beforeSuite" time="0.0" classname="cases.PapaBless">
    <ignored/>
  </testcase> <!-- @BeforeSuite beforeSuite -->
  <testcase name="@BeforeSuite beforeSuite" time="0.0" classname="cases.PapaBless">
    <ignored/>
  </testcase> <!-- @BeforeSuite beforeSuite -->
  <testcase name="@BeforeTest beforeTest" time="0.0" classname="cases.PapaBless">
    <ignored/>
  </testcase> <!-- @BeforeTest beforeTest -->
  <testcase name="@BeforeTest beforeTest" time="0.0" classname="cases.PapaBless">
    <ignored/>
  </testcase> <!-- @BeforeTest beforeTest -->
  <testcase name="@AfterSuite afterSuite" time="0.0" classname="cases.PapaBless">
    <ignored/>
  </testcase> <!-- @AfterSuite afterSuite -->
  <testcase name="@AfterSuite afterSuite" time="0.0" classname="cases.PapaBless">
    <ignored/>
  </testcase> <!-- @AfterSuite afterSuite -->
  <testcase name="@AfterTest afterTest" time="0.0" classname="cases.PapaBless">
    <ignored/>
  </testcase> <!-- @AfterTest afterTest -->
  <testcase name="@AfterTest afterTest" time="0.0" classname="cases.PapaBless">
    <ignored/>
  </testcase> <!-- @AfterTest afterTest -->
</testsuite> <!-- everything else -->
