<?xml version="1.0" encoding="UTF-8"?>
<!-- Generated by org.testng.reporters.JUnitXMLReporter -->
<testsuite hostname="linux-ThinkPad-E460" ignored="4" name="text field and check box" tests="2" failures="1" timestamp="03 Jul 2018 02:59:32 GMT" time="0.089" errors="0">
  <testcase name="@BeforeClass beforeClass" time="0.04" classname="cases.PapaBless">
    <failure type="java.lang.IllegalStateException" message="The driver executable does not exist: /home/richard/git/SeleniumJava/C:\webdrivers\chromedriver.exe">
      <![CDATA[java.lang.IllegalStateException: The driver executable does not exist: /home/richard/git/SeleniumJava/C:\webdrivers\chromedriver.exe
at com.google.common.base.Preconditions.checkState(Preconditions.java:585)
at org.openqa.selenium.remote.service.DriverService.checkExecutable(DriverService.java:136)
at org.openqa.selenium.remote.service.DriverService.findExecutable(DriverService.java:131)
at org.openqa.selenium.chrome.ChromeDriverService.access$000(ChromeDriverService.java:32)
at org.openqa.selenium.chrome.ChromeDriverService$Builder.findDefaultExecutable(ChromeDriverService.java:137)
at org.openqa.selenium.remote.service.DriverService$Builder.build(DriverService.java:339)
at org.openqa.selenium.chrome.ChromeDriverService.createDefaultService(ChromeDriverService.java:88)
at org.openqa.selenium.chrome.ChromeDriver.<init>(ChromeDriver.java:157)
at cases.PapaBless.beforeClass(PapaBless.java:261)
... Removed 26 stack frames]]>
    </failure>
  </testcase> <!-- @BeforeClass beforeClass -->
  <testcase name="@BeforeMethod beforeMethod" time="0.0" classname="cases.PapaBless">
    <skipped/>
  </testcase> <!-- @BeforeMethod beforeMethod -->
  <testcase name="@AfterTest afterTest" time="0.0" classname="cases.PapaBless">
    <skipped/>
  </testcase> <!-- @AfterTest afterTest -->
  <testcase name="intentionalFailTextField" time="0.0" classname="cases.TextFieldCase">
    <skipped/>
  </testcase> <!-- intentionalFailTextField -->
  <testcase name="intentionalFailTextField" time="0.014" classname="cases.TextFieldCase">
    <failure type="java.lang.ClassCastException" message="cases.TextFieldCase cannot be cast to cases.CheckBoxCase">
      <![CDATA[java.lang.ClassCastException: cases.TextFieldCase cannot be cast to cases.CheckBoxCase
at cases.TestListener.onTestSkipped(TestListener.java:48)
... Removed 23 stack frames]]>
    </failure>
  </testcase> <!-- intentionalFailTextField -->
  <testcase name="@BeforeSuite beforeSuite" time="0.0" classname="cases.PapaBless">
    <ignored/>
  </testcase> <!-- @BeforeSuite beforeSuite -->
  <testcase name="@BeforeTest beforeTest" time="0.0" classname="cases.PapaBless">
    <ignored/>
  </testcase> <!-- @BeforeTest beforeTest -->
  <testcase name="@AfterSuite afterSuite" time="0.0" classname="cases.PapaBless">
    <ignored/>
  </testcase> <!-- @AfterSuite afterSuite -->
  <testcase name="@AfterTest afterTest" time="0.0" classname="cases.PapaBless">
    <ignored/>
  </testcase> <!-- @AfterTest afterTest -->
</testsuite> <!-- text field and check box -->
