<?xml version="1.0" encoding="UTF-8"?>
<!-- Generated by org.testng.reporters.JUnitXMLReporter -->
<testsuite hostname="linux-ThinkPad-E460" ignored="4" name="text field and check box" tests="8" failures="2" timestamp="17 May 2018 22:24:51 GMT" time="26.996" errors="0">
  <testcase name="intentionalFailTextField" time="0.732" classname="cases.TextFieldCase">
    <failure type="java.lang.AssertionError" message="expected [This should fail] but found [Please fail]">
      <![CDATA[java.lang.AssertionError: expected [This should fail] but found [Please fail]
at cases.TextFieldCase.intentionalFailTextField(TextFieldCase.java:31)
... Removed 31 stack frames]]>
    </failure>
  </testcase> <!-- intentionalFailTextField -->
  <testcase name="testTextField" time="0.133" classname="cases.TextFieldCase"/>
  <testcase name="checkBoxAll" time="0.877" classname="cases.CheckBoxCase"/>
  <testcase name="checkBoxNone" time="0.074" classname="cases.CheckBoxCase"/>
  <testcase name="checkBoxOneThree" time="0.624" classname="cases.CheckBoxCase"/>
  <testcase name="checkBoxOneTwo" time="0.61" classname="cases.CheckBoxCase"/>
  <testcase name="checkBoxTwoThree" time="0.603" classname="cases.CheckBoxCase"/>
  <testcase name="intentionalFailcheckBox" time="0.596" classname="cases.CheckBoxCase">
    <failure type="java.lang.AssertionError">
      <![CDATA[java.lang.AssertionError
at org.junit.Assert.fail(Assert.java:86)
at org.junit.Assert.assertTrue(Assert.java:41)
at org.junit.Assert.assertTrue(Assert.java:52)
at cases.CheckBoxCase.intentionalFailcheckBox(CheckBoxCase.java:58)
... Removed 25 stack frames]]>
    </failure>
  </testcase> <!-- intentionalFailcheckBox -->
  <testcase name="@BeforeSuite beforeSuite" time="0.0" classname="cases.PapaBless">
    <ignored/>
  </testcase> <!-- @BeforeSuite beforeSuite -->
  <testcase name="@BeforeTest beforeTest" time="0.0" classname="cases.PapaBless">
    <ignored/>
  </testcase> <!-- @BeforeTest beforeTest -->
  <testcase name="@AfterSuite afterSuite" time="0.0" classname="cases.PapaBless">
    <ignored/>
  </testcase> <!-- @AfterSuite afterSuite -->
  <testcase name="@AfterTest afterTest" time="0.0" classname="cases.PapaBless">
    <ignored/>
  </testcase> <!-- @AfterTest afterTest -->
</testsuite> <!-- text field and check box -->
