<?xml version="1.0" encoding="UTF-8"?>
<!-- Generated by org.testng.reporters.JUnitXMLReporter -->
<testsuite hostname="linux-ThinkPad-E460" ignored="8" name="dynamic test 2" tests="10" failures="0" timestamp="29 Jul 2018 18:54:54 GMT" time="19.725" errors="0">
  <testcase name="radioChoiceA" time="0.461" classname="cases.RadioButtonCase"/>
  <testcase name="radioChoiceB" time="0.298" classname="cases.RadioButtonCase"/>
  <testcase name="radioChoiceC" time="0.431" classname="cases.RadioButtonCase"/>
  <testcase name="radioDefault" time="0.062" classname="cases.RadioButtonCase"/>
  <testcase name="dropDownDefault" time="0.158" classname="cases.DropDownCase"/>
  <testcase name="dropDownMustard" time="0.22" classname="cases.DropDownCase"/>
  <testcase name="dropDownOnion" time="0.41" classname="cases.DropDownCase"/>
  <testcase name="dropDownTomato" time="0.391" classname="cases.DropDownCase"/>
  <testcase name="textAreaLongString" time="0.679" classname="cases.TextAreaCase"/>
  <testcase name="textAreaWithEnter" time="0.607" classname="cases.TextAreaCase"/>
  <testcase name="@BeforeTest beforeTest" time="0.0" classname="bricks.PapaBless">
    <ignored/>
  </testcase> <!-- @BeforeTest beforeTest -->
  <testcase name="@BeforeTest beforeTest" time="0.0" classname="bricks.PapaBless">
    <ignored/>
  </testcase> <!-- @BeforeTest beforeTest -->
  <testcase name="@AfterTest afterTest" time="0.0" classname="bricks.PapaBless">
    <ignored/>
  </testcase> <!-- @AfterTest afterTest -->
  <testcase name="@AfterTest afterTest" time="0.0" classname="bricks.PapaBless">
    <ignored/>
  </testcase> <!-- @AfterTest afterTest -->
  <testcase name="@AfterSuite afterSuite" time="0.0" classname="bricks.PapaBless">
    <ignored/>
  </testcase> <!-- @AfterSuite afterSuite -->
  <testcase name="@AfterSuite afterSuite" time="0.0" classname="bricks.PapaBless">
    <ignored/>
  </testcase> <!-- @AfterSuite afterSuite -->
  <testcase name="@BeforeSuite beforeSuite" time="0.0" classname="bricks.PapaBless">
    <ignored/>
  </testcase> <!-- @BeforeSuite beforeSuite -->
  <testcase name="@BeforeSuite beforeSuite" time="0.0" classname="bricks.PapaBless">
    <ignored/>
  </testcase> <!-- @BeforeSuite beforeSuite -->
</testsuite> <!-- dynamic test 2 -->
