<?xml version="1.0" encoding="UTF-8"?>
<!-- Generated by org.testng.reporters.JUnitXMLReporter -->
<testsuite hostname="linux-ThinkPad-E460" ignored="8" name="dynamic test 2" tests="10" failures="0" timestamp="04 Aug 2018 17:41:21 GMT" time="18.239" errors="0">
  <testcase name="radioChoiceA" time="0.366" classname="cases.RadioButtonCase"/>
  <testcase name="radioChoiceB" time="0.295" classname="cases.RadioButtonCase"/>
  <testcase name="radioChoiceC" time="0.338" classname="cases.RadioButtonCase"/>
  <testcase name="radioDefault" time="0.076" classname="cases.RadioButtonCase"/>
  <testcase name="dropDownDefault" time="0.198" classname="cases.DropDownCase"/>
  <testcase name="dropDownMustard" time="0.162" classname="cases.DropDownCase"/>
  <testcase name="dropDownOnion" time="0.465" classname="cases.DropDownCase"/>
  <testcase name="dropDownTomato" time="0.354" classname="cases.DropDownCase"/>
  <testcase name="textAreaLongString" time="0.685" classname="cases.TextAreaCase"/>
  <testcase name="textAreaWithEnter" time="0.383" classname="cases.TextAreaCase"/>
  <testcase name="@BeforeTest beforeTest" time="0.0" classname="bricks.PapaBless">
    <ignored/>
  </testcase> <!-- @BeforeTest beforeTest -->
  <testcase name="@BeforeTest beforeTest" time="0.0" classname="bricks.PapaBless">
    <ignored/>
  </testcase> <!-- @BeforeTest beforeTest -->
  <testcase name="@AfterTest afterTest" time="0.0" classname="bricks.PapaBless">
    <ignored/>
  </testcase> <!-- @AfterTest afterTest -->
  <testcase name="@AfterTest afterTest" time="0.0" classname="bricks.PapaBless">
    <ignored/>
  </testcase> <!-- @AfterTest afterTest -->
  <testcase name="@AfterSuite afterSuite" time="0.0" classname="bricks.PapaBless">
    <ignored/>
  </testcase> <!-- @AfterSuite afterSuite -->
  <testcase name="@AfterSuite afterSuite" time="0.0" classname="bricks.PapaBless">
    <ignored/>
  </testcase> <!-- @AfterSuite afterSuite -->
  <testcase name="@BeforeSuite beforeSuite" time="0.0" classname="bricks.PapaBless">
    <ignored/>
  </testcase> <!-- @BeforeSuite beforeSuite -->
  <testcase name="@BeforeSuite beforeSuite" time="0.0" classname="bricks.PapaBless">
    <ignored/>
  </testcase> <!-- @BeforeSuite beforeSuite -->
</testsuite> <!-- dynamic test 2 -->
