<?xml version="1.0" encoding="UTF-8"?>
<!-- Generated by org.testng.reporters.JUnitXMLReporter -->
<testsuite hostname="linux-ThinkPad-E460" ignored="8" name="dynamic test 2" tests="10" failures="0" timestamp="25 Jul 2018 03:55:24 GMT" time="29.377" errors="0">
  <testcase name="radioChoiceA" time="1.342" classname="cases.RadioButtonCase"/>
  <testcase name="radioChoiceB" time="0.746" classname="cases.RadioButtonCase"/>
  <testcase name="radioChoiceC" time="0.948" classname="cases.RadioButtonCase"/>
  <testcase name="radioDefault" time="0.461" classname="cases.RadioButtonCase"/>
  <testcase name="dropDownDefault" time="0.567" classname="cases.DropDownCase"/>
  <testcase name="dropDownMustard" time="0.791" classname="cases.DropDownCase"/>
  <testcase name="dropDownOnion" time="0.865" classname="cases.DropDownCase"/>
  <testcase name="dropDownTomato" time="0.797" classname="cases.DropDownCase"/>
  <testcase name="textAreaLongString" time="2.733" classname="cases.TextAreaCase"/>
  <testcase name="textAreaWithEnter" time="2.566" classname="cases.TextAreaCase"/>
  <testcase name="@BeforeSuite beforeSuite" time="0.0" classname="cases.PapaBless">
    <ignored/>
  </testcase> <!-- @BeforeSuite beforeSuite -->
  <testcase name="@BeforeSuite beforeSuite" time="0.0" classname="cases.PapaBless">
    <ignored/>
  </testcase> <!-- @BeforeSuite beforeSuite -->
  <testcase name="@BeforeTest beforeTest" time="0.0" classname="cases.PapaBless">
    <ignored/>
  </testcase> <!-- @BeforeTest beforeTest -->
  <testcase name="@BeforeTest beforeTest" time="0.0" classname="cases.PapaBless">
    <ignored/>
  </testcase> <!-- @BeforeTest beforeTest -->
  <testcase name="@AfterSuite afterSuite" time="0.0" classname="cases.PapaBless">
    <ignored/>
  </testcase> <!-- @AfterSuite afterSuite -->
  <testcase name="@AfterSuite afterSuite" time="0.0" classname="cases.PapaBless">
    <ignored/>
  </testcase> <!-- @AfterSuite afterSuite -->
  <testcase name="@AfterTest afterTest" time="0.0" classname="cases.PapaBless">
    <ignored/>
  </testcase> <!-- @AfterTest afterTest -->
  <testcase name="@AfterTest afterTest" time="0.0" classname="cases.PapaBless">
    <ignored/>
  </testcase> <!-- @AfterTest afterTest -->
</testsuite> <!-- dynamic test 2 -->
