<?xml version="1.0" encoding="UTF-8"?>
<!-- Generated by org.testng.reporters.JUnitXMLReporter -->
<testsuite hostname="ThinkPadE460" ignored="0" name="env" tests="5" failures="4" timestamp="04 Oct 2017 20:18:09 GMT" time="89.817" errors="0">
  <testcase name="isChromeDriverGood" time="23.416" classname="env.checkSelenium">
    <failure type="java.lang.AssertionError" message="expected [Welcome: Mercury Tours] but found [demo.guru99.com]">
      <![CDATA[java.lang.AssertionError: expected [Welcome: Mercury Tours] but found [demo.guru99.com]
	at env.checkSelenium.isChromeDriverGood(checkSelenium.java:33)
... Removed 31 stack frames]]>
    </failure>
  </testcase> <!-- isChromeDriverGood -->
  <testcase name="isFFDriverGood" time="15.357" classname="env.checkSelenium">
    <failure type="org.openqa.selenium.WebDriverException" message="Reached error page: about:neterror?e=dnsNotFound&amp;amp;u=http%3A//demo.guru99.com/selenium/newtours/&amp;amp;c=UTF-8&amp;amp;f=regular&amp;amp;d=Firefox%20can%E2%80%99t%20find%20the%20server%20at%20demo.guru99.com.
Build info: version: &amp;apos;unknown&amp;apos;, revision: &amp;apos;unknown&amp;apos;, time: &amp;apos;unknown&amp;apos;
System info: host: &amp;apos;THINKPADE460&amp;apos;, ip: &amp;apos;127.0.0.1&amp;apos;, os.name: &amp;apos;Windows 7&amp;apos;, os.arch: &amp;apos;amd64&amp;apos;, os.version: &amp;apos;6.1&amp;apos;, java.version: &amp;apos;1.8.0_144&amp;apos;
Driver info: org.openqa.selenium.firefox.FirefoxDriver
Capabilities [{moz:profile=C:\Users\Richard\AppData\Local\Temp\rust_mozprofile.6l7lAWfFwQ6j, rotatable=false, timeouts={implicit=0, pageLoad=300000, script=30000}, pageLoadStrategy=normal, moz:headless=false, platform=XP, specificationLevel=0, moz:accessibilityChecks=false, acceptInsecureCerts=false, browserVersion=56.0, platformVersion=6.1, moz:processID=9228, browserName=firefox, javascriptEnabled=true, platformName=XP}]
Session ID: e6c4cf5e-3d21-4dfc-a7d7-7dc232177b31">
      <![CDATA[org.openqa.selenium.WebDriverException: Reached error page: about:neterror?e=dnsNotFound&u=http%3A//demo.guru99.com/selenium/newtours/&c=UTF-8&f=regular&d=Firefox%20can%E2%80%99t%20find%20the%20server%20at%20demo.guru99.com.
Build info: version: 'unknown', revision: 'unknown', time: 'unknown'
System info: host: 'THINKPADE460', ip: '127.0.0.1', os.name: 'Windows 7', os.arch: 'amd64', os.version: '6.1', java.version: '1.8.0_144'
Driver info: org.openqa.selenium.firefox.FirefoxDriver
Capabilities [{moz:profile=C:\Users\Richard\AppData\Local\Temp\rust_mozprofile.6l7lAWfFwQ6j, rotatable=false, timeouts={implicit=0, pageLoad=300000, script=30000}, pageLoadStrategy=normal, moz:headless=false, platform=XP, specificationLevel=0, moz:accessibilityChecks=false, acceptInsecureCerts=false, browserVersion=56.0, platformVersion=6.1, moz:processID=9228, browserName=firefox, javascriptEnabled=true, platformName=XP}]
Session ID: e6c4cf5e-3d21-4dfc-a7d7-7dc232177b31
	at org.openqa.selenium.remote.http.W3CHttpResponseCodec.createException(W3CHttpResponseCodec.java:185)
	at org.openqa.selenium.remote.http.W3CHttpResponseCodec.decode(W3CHttpResponseCodec.java:120)
	at org.openqa.selenium.remote.http.W3CHttpResponseCodec.decode(W3CHttpResponseCodec.java:49)
	at org.openqa.selenium.remote.HttpCommandExecutor.execute(HttpCommandExecutor.java:164)
	at org.openqa.selenium.remote.service.DriverCommandExecutor.execute(DriverCommandExecutor.java:82)
	at org.openqa.selenium.remote.RemoteWebDriver.execute(RemoteWebDriver.java:646)
	at org.openqa.selenium.remote.RemoteWebDriver.get(RemoteWebDriver.java:370)
	at env.checkSelenium.isFFDriverGood(checkSelenium.java:23)
... Removed 29 stack frames]]>
    </failure>
  </testcase> <!-- isFFDriverGood -->
  <testcase name="isIEDriverGood" time="20.24" classname="env.checkSelenium">
    <failure type="java.lang.AssertionError" message="expected [Welcome: Mercury Tours] but found [You’re not connected to a network]">
      <![CDATA[java.lang.AssertionError: expected [Welcome: Mercury Tours] but found [You’re not connected to a network]
	at env.checkSelenium.isIEDriverGood(checkSelenium.java:42)
... Removed 31 stack frames]]>
    </failure>
  </testcase> <!-- isIEDriverGood -->
  <testcase name="isAppUp" time="19.556" classname="env.checkIfAppIsUp"/>
  <testcase name="isAppUp" time="11.212" classname="env.intentionalFail">
    <failure type="java.lang.AssertionError" message="expected [ಠ_ಠ] but found [This is my title]">
      <![CDATA[java.lang.AssertionError: expected [ಠ_ಠ] but found [This is my title]
	at env.intentionalFail.isAppUp(intentionalFail.java:19)
... Removed 31 stack frames]]>
    </failure>
  </testcase> <!-- isAppUp -->
</testsuite> <!-- env -->
