<?xml version="1.0" encoding="UTF-8"?>
<!-- Generated by org.testng.reporters.JUnitXMLReporter -->
<testsuite hostname="linux-ThinkPad-E460" ignored="8" name="dynamic test 2" tests="10" failures="0" timestamp="30 Jul 2018 00:25:03 GMT" time="20.919" errors="0">
  <testcase name="radioChoiceA" time="0.462" classname="cases.RadioButtonCase"/>
  <testcase name="radioChoiceB" time="0.309" classname="cases.RadioButtonCase"/>
  <testcase name="radioChoiceC" time="0.41" classname="cases.RadioButtonCase"/>
  <testcase name="radioDefault" time="0.068" classname="cases.RadioButtonCase"/>
  <testcase name="dropDownDefault" time="0.167" classname="cases.DropDownCase"/>
  <testcase name="dropDownMustard" time="0.161" classname="cases.DropDownCase"/>
  <testcase name="dropDownOnion" time="0.632" classname="cases.DropDownCase"/>
  <testcase name="dropDownTomato" time="0.432" classname="cases.DropDownCase"/>
  <testcase name="textAreaLongString" time="0.388" classname="cases.TextAreaCase"/>
  <testcase name="textAreaWithEnter" time="1.453" classname="cases.TextAreaCase"/>
  <testcase name="@BeforeTest beforeTest" time="0.0" classname="bricks.PapaBless">
    <ignored/>
  </testcase> <!-- @BeforeTest beforeTest -->
  <testcase name="@BeforeTest beforeTest" time="0.0" classname="bricks.PapaBless">
    <ignored/>
  </testcase> <!-- @BeforeTest beforeTest -->
  <testcase name="@AfterTest afterTest" time="0.0" classname="bricks.PapaBless">
    <ignored/>
  </testcase> <!-- @AfterTest afterTest -->
  <testcase name="@AfterTest afterTest" time="0.0" classname="bricks.PapaBless">
    <ignored/>
  </testcase> <!-- @AfterTest afterTest -->
  <testcase name="@AfterSuite afterSuite" time="0.0" classname="bricks.PapaBless">
    <ignored/>
  </testcase> <!-- @AfterSuite afterSuite -->
  <testcase name="@AfterSuite afterSuite" time="0.0" classname="bricks.PapaBless">
    <ignored/>
  </testcase> <!-- @AfterSuite afterSuite -->
  <testcase name="@BeforeSuite beforeSuite" time="0.0" classname="bricks.PapaBless">
    <ignored/>
  </testcase> <!-- @BeforeSuite beforeSuite -->
  <testcase name="@BeforeSuite beforeSuite" time="0.0" classname="bricks.PapaBless">
    <ignored/>
  </testcase> <!-- @BeforeSuite beforeSuite -->
</testsuite> <!-- dynamic test 2 -->
