<?xml version="1.0" encoding="UTF-8"?>
<!-- Generated by org.testng.reporters.JUnitXMLReporter -->
<testsuite hostname="linux-ThinkPad-E460" ignored="4" name="dynamic test 1" tests="2" failures="1" timestamp="25 Jul 2018 03:55:25 GMT" time="0.324" errors="0">
  <testcase name="@BeforeClass beforeClass" time="0.322" classname="cases.PapaBless">
    <failure type="java.lang.NullPointerException">
      <![CDATA[java.lang.NullPointerException
at cases.PapaBless.beforeClass(PapaBless.java:332)
at GrandpaBless.main(GrandpaBless.java:85)
... Removed 22 stack frames]]>
    </failure>
  </testcase> <!-- @BeforeClass beforeClass -->
  <testcase name="@BeforeMethod beforeMethod" time="0.0" classname="cases.PapaBless">
    <skipped/>
  </testcase> <!-- @BeforeMethod beforeMethod -->
  <testcase name="@AfterTest afterTest" time="0.0" classname="cases.PapaBless">
    <skipped/>
  </testcase> <!-- @AfterTest afterTest -->
  <testcase name="checkBoxAll" time="0.0" classname="cases.CheckBoxCase">
    <skipped/>
  </testcase> <!-- checkBoxAll -->
  <testcase name="checkBoxAll" time="0.001" classname="cases.CheckBoxCase">
    <failure type="java.lang.NullPointerException">
      <![CDATA[java.lang.NullPointerException
at cases.TestListener.onTestSkipped(TestListener.java:50)
at GrandpaBless.main(GrandpaBless.java:85)
... Removed 20 stack frames]]>
    </failure>
  </testcase> <!-- checkBoxAll -->
  <testcase name="@BeforeSuite beforeSuite" time="0.0" classname="cases.PapaBless">
    <ignored/>
  </testcase> <!-- @BeforeSuite beforeSuite -->
  <testcase name="@BeforeTest beforeTest" time="0.0" classname="cases.PapaBless">
    <ignored/>
  </testcase> <!-- @BeforeTest beforeTest -->
  <testcase name="@AfterSuite afterSuite" time="0.0" classname="cases.PapaBless">
    <ignored/>
  </testcase> <!-- @AfterSuite afterSuite -->
  <testcase name="@AfterTest afterTest" time="0.0" classname="cases.PapaBless">
    <ignored/>
  </testcase> <!-- @AfterTest afterTest -->
</testsuite> <!-- dynamic test 1 -->
