<?xml version="1.0" encoding="UTF-8"?>
<testng-results skipped="0" failed="2" ignored="12" total="30" passed="16">
  <reporter-output>
  </reporter-output>
  <suite name="grid suite" duration-ms="49476" started-at="2017-10-23T12:41:49Z" finished-at="2017-10-23T12:42:38Z">
    <groups>
    </groups>
    <test name="text field and check box" duration-ms="22454" started-at="2017-10-23T12:41:49Z" finished-at="2017-10-23T12:42:11Z">
      <class name="gridcases.TextFieldCase">
        <test-method status="PASS" signature="beforeClass()[pri:0, instance:gridcases.TextFieldCase@7cd62f43]" name="beforeClass" is-config="true" duration-ms="8772" started-at="2017-10-23T07:41:49Z" finished-at="2017-10-23T07:41:58Z">
          <reporter-output>
          </reporter-output>
        </test-method> <!-- beforeClass -->
        <test-method status="PASS" signature="beforeTest()[pri:0, instance:gridcases.TextFieldCase@7cd62f43]" name="beforeTest" is-config="true" duration-ms="0" started-at="2017-10-23T07:41:49Z" finished-at="2017-10-23T07:41:49Z">
          <reporter-output>
          </reporter-output>
        </test-method> <!-- beforeTest -->
        <test-method status="PASS" signature="beforeMethod()[pri:0, instance:gridcases.TextFieldCase@7cd62f43]" name="beforeMethod" is-config="true" duration-ms="1250" started-at="2017-10-23T07:41:58Z" finished-at="2017-10-23T07:41:59Z">
          <reporter-output>
          </reporter-output>
        </test-method> <!-- beforeMethod -->
        <test-method status="FAIL" signature="intentionalFailTextField()[pri:2, instance:gridcases.TextFieldCase@7cd62f43]" name="intentionalFailTextField" duration-ms="813" started-at="2017-10-23T07:41:59Z" finished-at="2017-10-23T07:42:00Z">
          <exception class="java.lang.AssertionError">
            <message>
              <![CDATA[expected [This should fail] but found [Please fail]]]>
            </message>
            <full-stacktrace>
              <![CDATA[java.lang.AssertionError: expected [This should fail] but found [Please fail]
	at org.testng.Assert.fail(Assert.java:93)
	at org.testng.Assert.failNotEquals(Assert.java:512)
	at org.testng.Assert.assertEqualsImpl(Assert.java:134)
	at org.testng.Assert.assertEquals(Assert.java:115)
	at org.testng.Assert.assertEquals(Assert.java:189)
	at org.testng.Assert.assertEquals(Assert.java:199)
	at gridcases.TextFieldCase.intentionalFailTextField(TextFieldCase.java:31)
	at sun.reflect.NativeMethodAccessorImpl.invoke0(Native Method)
	at sun.reflect.NativeMethodAccessorImpl.invoke(Unknown Source)
	at sun.reflect.DelegatingMethodAccessorImpl.invoke(Unknown Source)
	at java.lang.reflect.Method.invoke(Unknown Source)
	at org.testng.internal.MethodInvocationHelper.invokeMethod(MethodInvocationHelper.java:108)
	at org.testng.internal.Invoker.invokeMethod(Invoker.java:669)
	at org.testng.internal.Invoker.invokeTestMethod(Invoker.java:877)
	at org.testng.internal.Invoker.invokeTestMethods(Invoker.java:1201)
	at org.testng.internal.TestMethodWorker.invokeTestMethods(TestMethodWorker.java:125)
	at org.testng.internal.TestMethodWorker.run(TestMethodWorker.java:109)
	at org.testng.TestRunner.privateRun(TestRunner.java:776)
	at org.testng.TestRunner.run(TestRunner.java:634)
	at org.testng.SuiteRunner.runTest(SuiteRunner.java:425)
	at org.testng.SuiteRunner.runSequentially(SuiteRunner.java:420)
	at org.testng.SuiteRunner.privateRun(SuiteRunner.java:385)
	at org.testng.SuiteRunner.run(SuiteRunner.java:334)
	at org.testng.SuiteRunnerWorker.runSuite(SuiteRunnerWorker.java:52)
	at org.testng.SuiteRunnerWorker.run(SuiteRunnerWorker.java:86)
	at org.testng.TestNG.runSuitesSequentially(TestNG.java:1318)
	at org.testng.TestNG.runSuitesLocally(TestNG.java:1243)
	at org.testng.TestNG.runSuites(TestNG.java:1161)
	at org.testng.TestNG.run(TestNG.java:1129)
	at org.testng.remote.AbstractRemoteTestNG.run(AbstractRemoteTestNG.java:114)
	at org.testng.remote.RemoteTestNG.initAndRun(RemoteTestNG.java:251)
	at org.testng.remote.RemoteTestNG.main(RemoteTestNG.java:77)
]]>
            </full-stacktrace>
          </exception> <!-- java.lang.AssertionError -->
          <reporter-output>
          </reporter-output>
        </test-method> <!-- intentionalFailTextField -->
        <test-method status="PASS" signature="afterMethod()[pri:0, instance:gridcases.TextFieldCase@7cd62f43]" name="afterMethod" is-config="true" duration-ms="0" started-at="2017-10-23T07:42:00Z" finished-at="2017-10-23T07:42:00Z">
          <reporter-output>
          </reporter-output>
        </test-method> <!-- afterMethod -->
        <test-method status="PASS" signature="beforeMethod()[pri:0, instance:gridcases.TextFieldCase@7cd62f43]" name="beforeMethod" is-config="true" duration-ms="172" started-at="2017-10-23T07:42:00Z" finished-at="2017-10-23T07:42:00Z">
          <reporter-output>
          </reporter-output>
        </test-method> <!-- beforeMethod -->
        <test-method status="PASS" signature="testTextField()[pri:2, instance:gridcases.TextFieldCase@7cd62f43]" name="testTextField" duration-ms="203" started-at="2017-10-23T07:42:00Z" finished-at="2017-10-23T07:42:00Z">
          <reporter-output>
          </reporter-output>
        </test-method> <!-- testTextField -->
        <test-method status="PASS" signature="afterMethod()[pri:0, instance:gridcases.TextFieldCase@7cd62f43]" name="afterMethod" is-config="true" duration-ms="0" started-at="2017-10-23T07:42:00Z" finished-at="2017-10-23T07:42:00Z">
          <reporter-output>
          </reporter-output>
        </test-method> <!-- afterMethod -->
        <test-method status="PASS" signature="afterClass()[pri:0, instance:gridcases.TextFieldCase@7cd62f43]" name="afterClass" is-config="true" duration-ms="266" started-at="2017-10-23T07:42:00Z" finished-at="2017-10-23T07:42:01Z">
          <reporter-output>
          </reporter-output>
        </test-method> <!-- afterClass -->
        <test-method status="PASS" signature="afterTest()[pri:0, instance:gridcases.TextFieldCase@7cd62f43]" name="afterTest" is-config="true" duration-ms="0" started-at="2017-10-23T07:42:11Z" finished-at="2017-10-23T07:42:11Z">
          <reporter-output>
          </reporter-output>
        </test-method> <!-- afterTest -->
      </class> <!-- gridcases.TextFieldCase -->
      <class name="gridcases.CheckBoxCase">
        <test-method status="PASS" signature="beforeClass()[pri:0, instance:gridcases.CheckBoxCase@6d4b1c02]" name="beforeClass" is-config="true" duration-ms="5524" started-at="2017-10-23T07:42:01Z" finished-at="2017-10-23T07:42:06Z">
          <reporter-output>
          </reporter-output>
        </test-method> <!-- beforeClass -->
        <test-method status="PASS" signature="beforeMethod()[pri:0, instance:gridcases.CheckBoxCase@6d4b1c02]" name="beforeMethod" is-config="true" duration-ms="907" started-at="2017-10-23T07:42:06Z" finished-at="2017-10-23T07:42:07Z">
          <reporter-output>
          </reporter-output>
        </test-method> <!-- beforeMethod -->
        <test-method status="PASS" signature="checkBoxAll()[pri:2, instance:gridcases.CheckBoxCase@6d4b1c02]" name="checkBoxAll" duration-ms="889" started-at="2017-10-23T07:42:07Z" finished-at="2017-10-23T07:42:08Z">
          <reporter-output>
          </reporter-output>
        </test-method> <!-- checkBoxAll -->
        <test-method status="PASS" signature="afterMethod()[pri:0, instance:gridcases.CheckBoxCase@6d4b1c02]" name="afterMethod" is-config="true" duration-ms="0" started-at="2017-10-23T07:42:08Z" finished-at="2017-10-23T07:42:08Z">
          <reporter-output>
          </reporter-output>
        </test-method> <!-- afterMethod -->
        <test-method status="PASS" signature="beforeMethod()[pri:0, instance:gridcases.CheckBoxCase@6d4b1c02]" name="beforeMethod" is-config="true" duration-ms="143" started-at="2017-10-23T07:42:08Z" finished-at="2017-10-23T07:42:08Z">
          <reporter-output>
          </reporter-output>
        </test-method> <!-- beforeMethod -->
        <test-method status="PASS" signature="checkBoxNone()[pri:2, instance:gridcases.CheckBoxCase@6d4b1c02]" name="checkBoxNone" duration-ms="109" started-at="2017-10-23T07:42:08Z" finished-at="2017-10-23T07:42:08Z">
          <reporter-output>
          </reporter-output>
        </test-method> <!-- checkBoxNone -->
        <test-method status="PASS" signature="afterMethod()[pri:0, instance:gridcases.CheckBoxCase@6d4b1c02]" name="afterMethod" is-config="true" duration-ms="0" started-at="2017-10-23T07:42:08Z" finished-at="2017-10-23T07:42:08Z">
          <reporter-output>
          </reporter-output>
        </test-method> <!-- afterMethod -->
        <test-method status="PASS" signature="beforeMethod()[pri:0, instance:gridcases.CheckBoxCase@6d4b1c02]" name="beforeMethod" is-config="true" duration-ms="125" started-at="2017-10-23T07:42:08Z" finished-at="2017-10-23T07:42:08Z">
          <reporter-output>
          </reporter-output>
        </test-method> <!-- beforeMethod -->
        <test-method status="PASS" signature="checkBoxOneThree()[pri:2, instance:gridcases.CheckBoxCase@6d4b1c02]" name="checkBoxOneThree" duration-ms="624" started-at="2017-10-23T07:42:08Z" finished-at="2017-10-23T07:42:09Z">
          <reporter-output>
          </reporter-output>
        </test-method> <!-- checkBoxOneThree -->
        <test-method status="PASS" signature="afterMethod()[pri:0, instance:gridcases.CheckBoxCase@6d4b1c02]" name="afterMethod" is-config="true" duration-ms="0" started-at="2017-10-23T07:42:09Z" finished-at="2017-10-23T07:42:09Z">
          <reporter-output>
          </reporter-output>
        </test-method> <!-- afterMethod -->
        <test-method status="PASS" signature="beforeMethod()[pri:0, instance:gridcases.CheckBoxCase@6d4b1c02]" name="beforeMethod" is-config="true" duration-ms="142" started-at="2017-10-23T07:42:09Z" finished-at="2017-10-23T07:42:09Z">
          <reporter-output>
          </reporter-output>
        </test-method> <!-- beforeMethod -->
        <test-method status="PASS" signature="checkBoxOneTwo()[pri:2, instance:gridcases.CheckBoxCase@6d4b1c02]" name="checkBoxOneTwo" duration-ms="593" started-at="2017-10-23T07:42:09Z" finished-at="2017-10-23T07:42:10Z">
          <reporter-output>
          </reporter-output>
        </test-method> <!-- checkBoxOneTwo -->
        <test-method status="PASS" signature="afterMethod()[pri:0, instance:gridcases.CheckBoxCase@6d4b1c02]" name="afterMethod" is-config="true" duration-ms="0" started-at="2017-10-23T07:42:10Z" finished-at="2017-10-23T07:42:10Z">
          <reporter-output>
          </reporter-output>
        </test-method> <!-- afterMethod -->
        <test-method status="PASS" signature="beforeMethod()[pri:0, instance:gridcases.CheckBoxCase@6d4b1c02]" name="beforeMethod" is-config="true" duration-ms="125" started-at="2017-10-23T07:42:10Z" finished-at="2017-10-23T07:42:10Z">
          <reporter-output>
          </reporter-output>
        </test-method> <!-- beforeMethod -->
        <test-method status="PASS" signature="checkBoxTwoThree()[pri:2, instance:gridcases.CheckBoxCase@6d4b1c02]" name="checkBoxTwoThree" duration-ms="625" started-at="2017-10-23T07:42:10Z" finished-at="2017-10-23T07:42:10Z">
          <reporter-output>
          </reporter-output>
        </test-method> <!-- checkBoxTwoThree -->
        <test-method status="PASS" signature="afterMethod()[pri:0, instance:gridcases.CheckBoxCase@6d4b1c02]" name="afterMethod" is-config="true" duration-ms="0" started-at="2017-10-23T07:42:10Z" finished-at="2017-10-23T07:42:10Z">
          <reporter-output>
          </reporter-output>
        </test-method> <!-- afterMethod -->
        <test-method status="PASS" signature="beforeMethod()[pri:0, instance:gridcases.CheckBoxCase@6d4b1c02]" name="beforeMethod" is-config="true" duration-ms="126" started-at="2017-10-23T07:42:10Z" finished-at="2017-10-23T07:42:11Z">
          <reporter-output>
          </reporter-output>
        </test-method> <!-- beforeMethod -->
        <test-method status="FAIL" signature="intentionalFailcheckBox()[pri:2, instance:gridcases.CheckBoxCase@6d4b1c02]" name="intentionalFailcheckBox" duration-ms="609" started-at="2017-10-23T07:42:11Z" finished-at="2017-10-23T07:42:11Z">
          <exception class="java.lang.AssertionError">
            <full-stacktrace>
              <![CDATA[java.lang.AssertionError
	at org.junit.Assert.fail(Assert.java:86)
	at org.junit.Assert.assertTrue(Assert.java:41)
	at org.junit.Assert.assertTrue(Assert.java:52)
	at gridcases.CheckBoxCase.intentionalFailcheckBox(CheckBoxCase.java:58)
	at sun.reflect.NativeMethodAccessorImpl.invoke0(Native Method)
	at sun.reflect.NativeMethodAccessorImpl.invoke(Unknown Source)
	at sun.reflect.DelegatingMethodAccessorImpl.invoke(Unknown Source)
	at java.lang.reflect.Method.invoke(Unknown Source)
	at org.testng.internal.MethodInvocationHelper.invokeMethod(MethodInvocationHelper.java:108)
	at org.testng.internal.Invoker.invokeMethod(Invoker.java:669)
	at org.testng.internal.Invoker.invokeTestMethod(Invoker.java:877)
	at org.testng.internal.Invoker.invokeTestMethods(Invoker.java:1201)
	at org.testng.internal.TestMethodWorker.invokeTestMethods(TestMethodWorker.java:125)
	at org.testng.internal.TestMethodWorker.run(TestMethodWorker.java:109)
	at org.testng.TestRunner.privateRun(TestRunner.java:776)
	at org.testng.TestRunner.run(TestRunner.java:634)
	at org.testng.SuiteRunner.runTest(SuiteRunner.java:425)
	at org.testng.SuiteRunner.runSequentially(SuiteRunner.java:420)
	at org.testng.SuiteRunner.privateRun(SuiteRunner.java:385)
	at org.testng.SuiteRunner.run(SuiteRunner.java:334)
	at org.testng.SuiteRunnerWorker.runSuite(SuiteRunnerWorker.java:52)
	at org.testng.SuiteRunnerWorker.run(SuiteRunnerWorker.java:86)
	at org.testng.TestNG.runSuitesSequentially(TestNG.java:1318)
	at org.testng.TestNG.runSuitesLocally(TestNG.java:1243)
	at org.testng.TestNG.runSuites(TestNG.java:1161)
	at org.testng.TestNG.run(TestNG.java:1129)
	at org.testng.remote.AbstractRemoteTestNG.run(AbstractRemoteTestNG.java:114)
	at org.testng.remote.RemoteTestNG.initAndRun(RemoteTestNG.java:251)
	at org.testng.remote.RemoteTestNG.main(RemoteTestNG.java:77)
]]>
            </full-stacktrace>
          </exception> <!-- java.lang.AssertionError -->
          <reporter-output>
          </reporter-output>
        </test-method> <!-- intentionalFailcheckBox -->
        <test-method status="PASS" signature="afterClass()[pri:0, instance:gridcases.CheckBoxCase@6d4b1c02]" name="afterClass" is-config="true" duration-ms="265" started-at="2017-10-23T07:42:11Z" finished-at="2017-10-23T07:42:11Z">
          <reporter-output>
          </reporter-output>
        </test-method> <!-- afterClass -->
        <test-method status="PASS" signature="afterMethod()[pri:0, instance:gridcases.CheckBoxCase@6d4b1c02]" name="afterMethod" is-config="true" duration-ms="0" started-at="2017-10-23T07:42:11Z" finished-at="2017-10-23T07:42:11Z">
          <reporter-output>
          </reporter-output>
        </test-method> <!-- afterMethod -->
      </class> <!-- gridcases.CheckBoxCase -->
    </test> <!-- text field and check box -->
    <test name="everything else" duration-ms="26990" started-at="2017-10-23T12:42:11Z" finished-at="2017-10-23T12:42:38Z">
      <class name="gridcases.RadioButtonCase">
        <test-method status="PASS" signature="beforeSuite()[pri:0, instance:gridcases.RadioButtonCase@42dafa95]" name="beforeSuite" is-config="true" duration-ms="16" started-at="2017-10-23T07:41:49Z" finished-at="2017-10-23T07:41:49Z">
          <reporter-output>
          </reporter-output>
        </test-method> <!-- beforeSuite -->
        <test-method status="PASS" signature="beforeTest()[pri:0, instance:gridcases.RadioButtonCase@42dafa95]" name="beforeTest" is-config="true" duration-ms="0" started-at="2017-10-23T07:42:11Z" finished-at="2017-10-23T07:42:11Z">
          <reporter-output>
          </reporter-output>
        </test-method> <!-- beforeTest -->
        <test-method status="PASS" signature="beforeClass()[pri:0, instance:gridcases.RadioButtonCase@42dafa95]" name="beforeClass" is-config="true" duration-ms="6545" started-at="2017-10-23T07:42:11Z" finished-at="2017-10-23T07:42:18Z">
          <reporter-output>
          </reporter-output>
        </test-method> <!-- beforeClass -->
        <test-method status="PASS" signature="beforeMethod()[pri:0, instance:gridcases.RadioButtonCase@42dafa95]" name="beforeMethod" is-config="true" duration-ms="1000" started-at="2017-10-23T07:42:18Z" finished-at="2017-10-23T07:42:19Z">
          <reporter-output>
          </reporter-output>
        </test-method> <!-- beforeMethod -->
        <test-method status="PASS" signature="radioChoiceA()[pri:0, instance:gridcases.RadioButtonCase@42dafa95]" name="radioChoiceA" duration-ms="390" started-at="2017-10-23T07:42:19Z" finished-at="2017-10-23T07:42:19Z">
          <reporter-output>
          </reporter-output>
        </test-method> <!-- radioChoiceA -->
        <test-method status="PASS" signature="beforeMethod()[pri:0, instance:gridcases.RadioButtonCase@42dafa95]" name="beforeMethod" is-config="true" duration-ms="126" started-at="2017-10-23T07:42:19Z" finished-at="2017-10-23T07:42:20Z">
          <reporter-output>
          </reporter-output>
        </test-method> <!-- beforeMethod -->
        <test-method status="PASS" signature="afterMethod()[pri:0, instance:gridcases.RadioButtonCase@42dafa95]" name="afterMethod" is-config="true" duration-ms="0" started-at="2017-10-23T07:42:19Z" finished-at="2017-10-23T07:42:19Z">
          <reporter-output>
          </reporter-output>
        </test-method> <!-- afterMethod -->
        <test-method status="PASS" signature="radioChoiceB()[pri:0, instance:gridcases.RadioButtonCase@42dafa95]" name="radioChoiceB" duration-ms="360" started-at="2017-10-23T07:42:20Z" finished-at="2017-10-23T07:42:20Z">
          <reporter-output>
          </reporter-output>
        </test-method> <!-- radioChoiceB -->
        <test-method status="PASS" signature="afterMethod()[pri:0, instance:gridcases.RadioButtonCase@42dafa95]" name="afterMethod" is-config="true" duration-ms="0" started-at="2017-10-23T07:42:20Z" finished-at="2017-10-23T07:42:20Z">
          <reporter-output>
          </reporter-output>
        </test-method> <!-- afterMethod -->
        <test-method status="PASS" signature="beforeMethod()[pri:0, instance:gridcases.RadioButtonCase@42dafa95]" name="beforeMethod" is-config="true" duration-ms="124" started-at="2017-10-23T07:42:20Z" finished-at="2017-10-23T07:42:20Z">
          <reporter-output>
          </reporter-output>
        </test-method> <!-- beforeMethod -->
        <test-method status="PASS" signature="radioChoiceC()[pri:0, instance:gridcases.RadioButtonCase@42dafa95]" name="radioChoiceC" duration-ms="359" started-at="2017-10-23T07:42:20Z" finished-at="2017-10-23T07:42:20Z">
          <reporter-output>
          </reporter-output>
        </test-method> <!-- radioChoiceC -->
        <test-method status="PASS" signature="beforeMethod()[pri:0, instance:gridcases.RadioButtonCase@42dafa95]" name="beforeMethod" is-config="true" duration-ms="125" started-at="2017-10-23T07:42:20Z" finished-at="2017-10-23T07:42:21Z">
          <reporter-output>
          </reporter-output>
        </test-method> <!-- beforeMethod -->
        <test-method status="PASS" signature="afterMethod()[pri:0, instance:gridcases.RadioButtonCase@42dafa95]" name="afterMethod" is-config="true" duration-ms="0" started-at="2017-10-23T07:42:20Z" finished-at="2017-10-23T07:42:20Z">
          <reporter-output>
          </reporter-output>
        </test-method> <!-- afterMethod -->
        <test-method status="PASS" signature="radioDefault()[pri:0, instance:gridcases.RadioButtonCase@42dafa95]" name="radioDefault" duration-ms="110" started-at="2017-10-23T07:42:21Z" finished-at="2017-10-23T07:42:21Z">
          <reporter-output>
          </reporter-output>
        </test-method> <!-- radioDefault -->
        <test-method status="PASS" signature="afterMethod()[pri:0, instance:gridcases.RadioButtonCase@42dafa95]" name="afterMethod" is-config="true" duration-ms="0" started-at="2017-10-23T07:42:21Z" finished-at="2017-10-23T07:42:21Z">
          <reporter-output>
          </reporter-output>
        </test-method> <!-- afterMethod -->
        <test-method status="PASS" signature="afterClass()[pri:0, instance:gridcases.RadioButtonCase@42dafa95]" name="afterClass" is-config="true" duration-ms="281" started-at="2017-10-23T07:42:21Z" finished-at="2017-10-23T07:42:21Z">
          <reporter-output>
          </reporter-output>
        </test-method> <!-- afterClass -->
        <test-method status="PASS" signature="afterTest()[pri:0, instance:gridcases.RadioButtonCase@42dafa95]" name="afterTest" is-config="true" duration-ms="0" started-at="2017-10-23T07:42:38Z" finished-at="2017-10-23T07:42:38Z">
          <reporter-output>
          </reporter-output>
        </test-method> <!-- afterTest -->
        <test-method status="PASS" signature="afterSuite()[pri:0, instance:gridcases.RadioButtonCase@42dafa95]" name="afterSuite" is-config="true" duration-ms="0" started-at="2017-10-23T07:42:39Z" finished-at="2017-10-23T07:42:39Z">
          <reporter-output>
          </reporter-output>
        </test-method> <!-- afterSuite -->
      </class> <!-- gridcases.RadioButtonCase -->
      <class name="gridcases.TextAreaCase">
        <test-method status="PASS" signature="beforeClass()[pri:0, instance:gridcases.TextAreaCase@402a079c]" name="beforeClass" is-config="true" duration-ms="6527" started-at="2017-10-23T07:42:30Z" finished-at="2017-10-23T07:42:36Z">
          <reporter-output>
          </reporter-output>
        </test-method> <!-- beforeClass -->
        <test-method status="PASS" signature="beforeMethod()[pri:0, instance:gridcases.TextAreaCase@402a079c]" name="beforeMethod" is-config="true" duration-ms="891" started-at="2017-10-23T07:42:36Z" finished-at="2017-10-23T07:42:37Z">
          <reporter-output>
          </reporter-output>
        </test-method> <!-- beforeMethod -->
        <test-method status="PASS" signature="textAreaLongString()[pri:0, instance:gridcases.TextAreaCase@402a079c]" name="textAreaLongString" duration-ms="499" started-at="2017-10-23T07:42:37Z" finished-at="2017-10-23T07:42:38Z">
          <reporter-output>
          </reporter-output>
        </test-method> <!-- textAreaLongString -->
        <test-method status="PASS" signature="beforeMethod()[pri:0, instance:gridcases.TextAreaCase@402a079c]" name="beforeMethod" is-config="true" duration-ms="141" started-at="2017-10-23T07:42:38Z" finished-at="2017-10-23T07:42:38Z">
          <reporter-output>
          </reporter-output>
        </test-method> <!-- beforeMethod -->
        <test-method status="PASS" signature="afterMethod()[pri:0, instance:gridcases.TextAreaCase@402a079c]" name="afterMethod" is-config="true" duration-ms="0" started-at="2017-10-23T07:42:38Z" finished-at="2017-10-23T07:42:38Z">
          <reporter-output>
          </reporter-output>
        </test-method> <!-- afterMethod -->
        <test-method status="PASS" signature="textAreaWithEnter()[pri:0, instance:gridcases.TextAreaCase@402a079c]" name="textAreaWithEnter" duration-ms="407" started-at="2017-10-23T07:42:38Z" finished-at="2017-10-23T07:42:38Z">
          <reporter-output>
          </reporter-output>
        </test-method> <!-- textAreaWithEnter -->
        <test-method status="PASS" signature="afterMethod()[pri:0, instance:gridcases.TextAreaCase@402a079c]" name="afterMethod" is-config="true" duration-ms="0" started-at="2017-10-23T07:42:38Z" finished-at="2017-10-23T07:42:38Z">
          <reporter-output>
          </reporter-output>
        </test-method> <!-- afterMethod -->
        <test-method status="PASS" signature="afterClass()[pri:0, instance:gridcases.TextAreaCase@402a079c]" name="afterClass" is-config="true" duration-ms="265" started-at="2017-10-23T07:42:38Z" finished-at="2017-10-23T07:42:38Z">
          <reporter-output>
          </reporter-output>
        </test-method> <!-- afterClass -->
      </class> <!-- gridcases.TextAreaCase -->
      <class name="gridcases.DropDownCase">
        <test-method status="PASS" signature="beforeClass()[pri:0, instance:gridcases.DropDownCase@6500df86]" name="beforeClass" is-config="true" duration-ms="5585" started-at="2017-10-23T07:42:21Z" finished-at="2017-10-23T07:42:26Z">
          <reporter-output>
          </reporter-output>
        </test-method> <!-- beforeClass -->
        <test-method status="PASS" signature="beforeMethod()[pri:0, instance:gridcases.DropDownCase@6500df86]" name="beforeMethod" is-config="true" duration-ms="1442" started-at="2017-10-23T07:42:26Z" finished-at="2017-10-23T07:42:28Z">
          <reporter-output>
          </reporter-output>
        </test-method> <!-- beforeMethod -->
        <test-method status="PASS" signature="dropDownDefault()[pri:0, instance:gridcases.DropDownCase@6500df86]" name="dropDownDefault" duration-ms="158" started-at="2017-10-23T07:42:28Z" finished-at="2017-10-23T07:42:28Z">
          <reporter-output>
          </reporter-output>
        </test-method> <!-- dropDownDefault -->
        <test-method status="PASS" signature="afterMethod()[pri:0, instance:gridcases.DropDownCase@6500df86]" name="afterMethod" is-config="true" duration-ms="0" started-at="2017-10-23T07:42:28Z" finished-at="2017-10-23T07:42:28Z">
          <reporter-output>
          </reporter-output>
        </test-method> <!-- afterMethod -->
        <test-method status="PASS" signature="beforeMethod()[pri:0, instance:gridcases.DropDownCase@6500df86]" name="beforeMethod" is-config="true" duration-ms="110" started-at="2017-10-23T07:42:28Z" finished-at="2017-10-23T07:42:28Z">
          <reporter-output>
          </reporter-output>
        </test-method> <!-- beforeMethod -->
        <test-method status="PASS" signature="dropDownMustard()[pri:0, instance:gridcases.DropDownCase@6500df86]" name="dropDownMustard" duration-ms="187" started-at="2017-10-23T07:42:28Z" finished-at="2017-10-23T07:42:28Z">
          <reporter-output>
          </reporter-output>
        </test-method> <!-- dropDownMustard -->
        <test-method status="PASS" signature="afterMethod()[pri:0, instance:gridcases.DropDownCase@6500df86]" name="afterMethod" is-config="true" duration-ms="0" started-at="2017-10-23T07:42:28Z" finished-at="2017-10-23T07:42:28Z">
          <reporter-output>
          </reporter-output>
        </test-method> <!-- afterMethod -->
        <test-method status="PASS" signature="beforeMethod()[pri:0, instance:gridcases.DropDownCase@6500df86]" name="beforeMethod" is-config="true" duration-ms="125" started-at="2017-10-23T07:42:28Z" finished-at="2017-10-23T07:42:29Z">
          <reporter-output>
          </reporter-output>
        </test-method> <!-- beforeMethod -->
        <test-method status="PASS" signature="dropDownOnion()[pri:0, instance:gridcases.DropDownCase@6500df86]" name="dropDownOnion" duration-ms="436" started-at="2017-10-23T07:42:29Z" finished-at="2017-10-23T07:42:29Z">
          <reporter-output>
          </reporter-output>
        </test-method> <!-- dropDownOnion -->
        <test-method status="PASS" signature="afterMethod()[pri:0, instance:gridcases.DropDownCase@6500df86]" name="afterMethod" is-config="true" duration-ms="0" started-at="2017-10-23T07:42:29Z" finished-at="2017-10-23T07:42:29Z">
          <reporter-output>
          </reporter-output>
        </test-method> <!-- afterMethod -->
        <test-method status="PASS" signature="beforeMethod()[pri:0, instance:gridcases.DropDownCase@6500df86]" name="beforeMethod" is-config="true" duration-ms="127" started-at="2017-10-23T07:42:29Z" finished-at="2017-10-23T07:42:29Z">
          <reporter-output>
          </reporter-output>
        </test-method> <!-- beforeMethod -->
        <test-method status="PASS" signature="dropDownTomato()[pri:0, instance:gridcases.DropDownCase@6500df86]" name="dropDownTomato" duration-ms="390" started-at="2017-10-23T07:42:29Z" finished-at="2017-10-23T07:42:29Z">
          <reporter-output>
          </reporter-output>
        </test-method> <!-- dropDownTomato -->
        <test-method status="PASS" signature="afterMethod()[pri:0, instance:gridcases.DropDownCase@6500df86]" name="afterMethod" is-config="true" duration-ms="0" started-at="2017-10-23T07:42:29Z" finished-at="2017-10-23T07:42:29Z">
          <reporter-output>
          </reporter-output>
        </test-method> <!-- afterMethod -->
        <test-method status="PASS" signature="afterClass()[pri:0, instance:gridcases.DropDownCase@6500df86]" name="afterClass" is-config="true" duration-ms="265" started-at="2017-10-23T07:42:29Z" finished-at="2017-10-23T07:42:30Z">
          <reporter-output>
          </reporter-output>
        </test-method> <!-- afterClass -->
      </class> <!-- gridcases.DropDownCase -->
    </test> <!-- everything else -->
  </suite> <!-- grid suite -->
</testng-results>
