<?xml version="1.0" encoding="UTF-8"?>
<testng-results skipped="0" failed="0" ignored="0" total="2" passed="2">
  <reporter-output>
  </reporter-output>
  <suite name="Default suite" duration-ms="6634" started-at="2017-10-03T22:45:53Z" finished-at="2017-10-03T22:46:00Z">
    <groups>
    </groups>
    <test name="Default test" duration-ms="6634" started-at="2017-10-03T22:45:53Z" finished-at="2017-10-03T22:46:00Z">
      <class name="cases.textAreaCase">
        <test-method status="PASS" signature="startBrowser()[pri:0, instance:cases.textAreaCase@70e9c95d]" name="startBrowser" is-config="true" duration-ms="1187" started-at="2017-10-03T17:45:53Z" finished-at="2017-10-03T17:45:54Z">
          <reporter-output>
          </reporter-output>
        </test-method> <!-- startBrowser -->
        <test-method status="PASS" signature="goToHTML5Page()[pri:0, instance:cases.textAreaCase@70e9c95d]" name="goToHTML5Page" is-config="true" duration-ms="3528" started-at="2017-10-03T17:45:54Z" finished-at="2017-10-03T17:45:58Z">
          <reporter-output>
          </reporter-output>
        </test-method> <!-- goToHTML5Page -->
        <test-method status="PASS" signature="textAreaLongString()[pri:0, instance:cases.textAreaCase@70e9c95d]" name="textAreaLongString" duration-ms="764" started-at="2017-10-03T17:45:58Z" finished-at="2017-10-03T17:45:58Z">
          <reporter-output>
          </reporter-output>
        </test-method> <!-- textAreaLongString -->
        <test-method status="PASS" signature="goToHTML5Page()[pri:0, instance:cases.textAreaCase@70e9c95d]" name="goToHTML5Page" is-config="true" duration-ms="267" started-at="2017-10-03T17:45:58Z" finished-at="2017-10-03T17:45:59Z">
          <reporter-output>
          </reporter-output>
        </test-method> <!-- goToHTML5Page -->
        <test-method status="PASS" signature="textAreaWithEnter()[pri:0, instance:cases.textAreaCase@70e9c95d]" name="textAreaWithEnter" duration-ms="499" started-at="2017-10-03T17:45:59Z" finished-at="2017-10-03T17:45:59Z">
          <reporter-output>
          </reporter-output>
        </test-method> <!-- textAreaWithEnter -->
        <test-method status="PASS" signature="closeBrowser()[pri:0, instance:cases.textAreaCase@70e9c95d]" name="closeBrowser" is-config="true" duration-ms="359" started-at="2017-10-03T17:45:59Z" finished-at="2017-10-03T17:46:00Z">
          <reporter-output>
          </reporter-output>
        </test-method> <!-- closeBrowser -->
      </class> <!-- cases.textAreaCase -->
    </test> <!-- Default test -->
  </suite> <!-- Default suite -->
</testng-results>
