<?xml version="1.0" encoding="UTF-8"?>
<testng-results skipped="54" failed="12" ignored="108" total="270" passed="96">
  <reporter-output>
    <line>
      <![CDATA[<a href='/home/richard/git/SeleniumJava/target/surefire-reports/failure_screenshots/intentionalFailcheckBox_29Jul2018_01-54-04-522.png'> <img src='/home/richard/git/SeleniumJava/target/surefire-reports/failure_screenshots/intentionalFailcheckBox_29Jul2018_01-54-04-522.png' height='100' width='100'/> </a>]]>
    </line>
    <line>
      <![CDATA[<a href='/home/richard/git/SeleniumJava/target/surefire-reports/failure_screenshots/intentionalFailTextField_29Jul2018_01-54-06-769.png'> <img src='/home/richard/git/SeleniumJava/target/surefire-reports/failure_screenshots/intentionalFailTextField_29Jul2018_01-54-06-769.png' height='100' width='100'/> </a>]]>
    </line>
    <line>
      <![CDATA[<a href='/home/richard/git/SeleniumJava/target/surefire-reports/failure_screenshots/intentionalFailcheckBox_29Jul2018_01-54-27-055.png'> <img src='/home/richard/git/SeleniumJava/target/surefire-reports/failure_screenshots/intentionalFailcheckBox_29Jul2018_01-54-27-055.png' height='100' width='100'/> </a>]]>
    </line>
    <line>
      <![CDATA[<a href='/home/richard/git/SeleniumJava/target/surefire-reports/failure_screenshots/intentionalFailTextField_29Jul2018_01-54-32-115.png'> <img src='/home/richard/git/SeleniumJava/target/surefire-reports/failure_screenshots/intentionalFailTextField_29Jul2018_01-54-32-115.png' height='100' width='100'/> </a>]]>
    </line>
    <line>
      <![CDATA[<a href='/home/richard/git/SeleniumJava/target/surefire-reports/failure_screenshots/intentionalFailcheckBox_29Jul2018_01-54-57-745.png'> <img src='/home/richard/git/SeleniumJava/target/surefire-reports/failure_screenshots/intentionalFailcheckBox_29Jul2018_01-54-57-745.png' height='100' width='100'/> </a>]]>
    </line>
    <line>
      <![CDATA[<a href='/home/richard/git/SeleniumJava/target/surefire-reports/failure_screenshots/intentionalFailTextField_29Jul2018_01-55-00-149.png'> <img src='/home/richard/git/SeleniumJava/target/surefire-reports/failure_screenshots/intentionalFailTextField_29Jul2018_01-55-00-149.png' height='100' width='100'/> </a>]]>
    </line>
    <line>
      <![CDATA[<a href='/home/richard/git/SeleniumJava/target/surefire-reports/failure_screenshots/intentionalFailcheckBox_29Jul2018_01-55-18-027.png'> <img src='/home/richard/git/SeleniumJava/target/surefire-reports/failure_screenshots/intentionalFailcheckBox_29Jul2018_01-55-18-027.png' height='100' width='100'/> </a>]]>
    </line>
    <line>
      <![CDATA[<a href='/home/richard/git/SeleniumJava/target/surefire-reports/failure_screenshots/intentionalFailTextField_29Jul2018_01-55-23-225.png'> <img src='/home/richard/git/SeleniumJava/target/surefire-reports/failure_screenshots/intentionalFailTextField_29Jul2018_01-55-23-225.png' height='100' width='100'/> </a>]]>
    </line>
    <line>
      <![CDATA[<a href='/home/richard/git/SeleniumJava/target/surefire-reports/failure_screenshots/intentionalFailcheckBox_29Jul2018_01-55-51-956.png'> <img src='/home/richard/git/SeleniumJava/target/surefire-reports/failure_screenshots/intentionalFailcheckBox_29Jul2018_01-55-51-956.png' height='100' width='100'/> </a>]]>
    </line>
    <line>
      <![CDATA[<a href='/home/richard/git/SeleniumJava/target/surefire-reports/failure_screenshots/intentionalFailTextField_29Jul2018_01-55-56-877.png'> <img src='/home/richard/git/SeleniumJava/target/surefire-reports/failure_screenshots/intentionalFailTextField_29Jul2018_01-55-56-877.png' height='100' width='100'/> </a>]]>
    </line>
    <line>
      <![CDATA[<a href='/home/richard/git/SeleniumJava/target/surefire-reports/failure_screenshots/intentionalFailcheckBox_29Jul2018_01-56-25-865.png'> <img src='/home/richard/git/SeleniumJava/target/surefire-reports/failure_screenshots/intentionalFailcheckBox_29Jul2018_01-56-25-865.png' height='100' width='100'/> </a>]]>
    </line>
    <line>
      <![CDATA[<a href='/home/richard/git/SeleniumJava/target/surefire-reports/failure_screenshots/intentionalFailTextField_29Jul2018_01-56-30-864.png'> <img src='/home/richard/git/SeleniumJava/target/surefire-reports/failure_screenshots/intentionalFailTextField_29Jul2018_01-56-30-864.png' height='100' width='100'/> </a>]]>
    </line>
  </reporter-output>
  <suite name="dynamic suite with linux/127.0.0.1/chrome/10" duration-ms="15713" started-at="2018-07-29T18:54:54Z" finished-at="2018-07-29T18:55:09Z">
    <groups>
    </groups>
    <test name="dynamic test 1" duration-ms="6487" started-at="2018-07-29T18:54:54Z" finished-at="2018-07-29T18:55:00Z">
      <class name="cases.TextFieldCase">
        <test-method status="PASS" signature="beforeClass()[pri:0, instance:cases.TextFieldCase@63d4e2ba]" name="beforeClass" is-config="true" duration-ms="1823" started-at="2018-07-29T18:54:57Z" finished-at="2018-07-29T18:54:59Z">
          <reporter-output>
          </reporter-output>
        </test-method> <!-- beforeClass -->
        <test-method status="PASS" signature="beforeMethod()[pri:0, instance:cases.TextFieldCase@63d4e2ba]" name="beforeMethod" is-config="true" duration-ms="204" started-at="2018-07-29T18:54:59Z" finished-at="2018-07-29T18:54:59Z">
          <reporter-output>
          </reporter-output>
        </test-method> <!-- beforeMethod -->
        <test-method status="FAIL" signature="intentionalFailTextField()[pri:2, instance:cases.TextFieldCase@63d4e2ba]" name="intentionalFailTextField" duration-ms="242" started-at="2018-07-29T18:54:59Z" finished-at="2018-07-29T18:55:00Z">
          <exception class="java.lang.AssertionError">
            <message>
              <![CDATA[expected [This should fail] but found [Please fail]]]>
            </message>
            <full-stacktrace>
              <![CDATA[java.lang.AssertionError: expected [This should fail] but found [Please fail]
at org.testng.Assert.fail(Assert.java:96)
at org.testng.Assert.failNotEquals(Assert.java:776)
at org.testng.Assert.assertEqualsImpl(Assert.java:137)
at org.testng.Assert.assertEquals(Assert.java:118)
at org.testng.Assert.assertEquals(Assert.java:453)
at org.testng.Assert.assertEquals(Assert.java:463)
at cases.TextFieldCase.intentionalFailTextField(TextFieldCase.java:33)
at sun.reflect.NativeMethodAccessorImpl.invoke0(Native Method)
at sun.reflect.NativeMethodAccessorImpl.invoke(NativeMethodAccessorImpl.java:62)
at sun.reflect.DelegatingMethodAccessorImpl.invoke(DelegatingMethodAccessorImpl.java:43)
at java.lang.reflect.Method.invoke(Method.java:498)
at org.testng.internal.MethodInvocationHelper.invokeMethod(MethodInvocationHelper.java:124)
at org.testng.internal.Invoker.invokeMethod(Invoker.java:580)
at org.testng.internal.Invoker.invokeTestMethod(Invoker.java:716)
at org.testng.internal.Invoker.invokeTestMethods(Invoker.java:988)
at org.testng.internal.TestMethodWorker.invokeTestMethods(TestMethodWorker.java:125)
at org.testng.internal.TestMethodWorker.run(TestMethodWorker.java:109)
at org.testng.TestRunner.privateRun(TestRunner.java:648)
at org.testng.TestRunner.run(TestRunner.java:505)
at org.testng.SuiteRunner.runTest(SuiteRunner.java:455)
at org.testng.SuiteRunner.runSequentially(SuiteRunner.java:450)
at org.testng.SuiteRunner.privateRun(SuiteRunner.java:415)
at org.testng.SuiteRunner.run(SuiteRunner.java:364)
at org.testng.SuiteRunnerWorker.runSuite(SuiteRunnerWorker.java:52)
at org.testng.SuiteRunnerWorker.run(SuiteRunnerWorker.java:84)
at org.testng.TestNG.runSuitesSequentially(TestNG.java:1208)
at org.testng.TestNG.runSuitesLocally(TestNG.java:1137)
at org.testng.TestNG.runSuites(TestNG.java:1049)
at org.testng.TestNG.run(TestNG.java:1017)
at GrandpaBless.main(GrandpaBless.java:81)
]]>
            </full-stacktrace>
          </exception> <!-- java.lang.AssertionError -->
          <reporter-output>
            <line>
              <![CDATA[<a href='/home/richard/git/SeleniumJava/target/surefire-reports/failure_screenshots/intentionalFailTextField_29Jul2018_01-55-00-149.png'> <img src='/home/richard/git/SeleniumJava/target/surefire-reports/failure_screenshots/intentionalFailTextField_29Jul2018_01-55-00-149.png' height='100' width='100'/> </a>]]>
            </line>
          </reporter-output>
        </test-method> <!-- intentionalFailTextField -->
        <test-method status="PASS" signature="beforeMethod()[pri:0, instance:cases.TextFieldCase@63d4e2ba]" name="beforeMethod" is-config="true" duration-ms="113" started-at="2018-07-29T18:55:00Z" finished-at="2018-07-29T18:55:00Z">
          <reporter-output>
          </reporter-output>
        </test-method> <!-- beforeMethod -->
        <test-method status="PASS" signature="afterMethod()[pri:0, instance:cases.TextFieldCase@63d4e2ba]" name="afterMethod" is-config="true" duration-ms="0" started-at="2018-07-29T18:55:00Z" finished-at="2018-07-29T18:55:00Z">
          <reporter-output>
          </reporter-output>
        </test-method> <!-- afterMethod -->
        <test-method status="PASS" signature="testTextField()[pri:2, instance:cases.TextFieldCase@63d4e2ba]" name="testTextField" duration-ms="213" started-at="2018-07-29T18:55:00Z" finished-at="2018-07-29T18:55:00Z">
          <reporter-output>
          </reporter-output>
        </test-method> <!-- testTextField -->
        <test-method status="PASS" signature="afterClass()[pri:0, instance:cases.TextFieldCase@63d4e2ba]" name="afterClass" is-config="true" duration-ms="69" started-at="2018-07-29T18:55:00Z" finished-at="2018-07-29T18:55:00Z">
          <reporter-output>
          </reporter-output>
        </test-method> <!-- afterClass -->
        <test-method status="PASS" signature="afterMethod()[pri:0, instance:cases.TextFieldCase@63d4e2ba]" name="afterMethod" is-config="true" duration-ms="0" started-at="2018-07-29T18:55:00Z" finished-at="2018-07-29T18:55:00Z">
          <reporter-output>
          </reporter-output>
        </test-method> <!-- afterMethod -->
      </class> <!-- cases.TextFieldCase -->
      <class name="cases.CheckBoxCase">
        <test-method status="PASS" signature="beforeTest()[pri:0, instance:cases.CheckBoxCase@233c0b17]" name="beforeTest" is-config="true" duration-ms="0" started-at="2018-07-29T18:54:54Z" finished-at="2018-07-29T18:54:54Z">
          <reporter-output>
          </reporter-output>
        </test-method> <!-- beforeTest -->
        <test-method status="PASS" signature="beforeClass()[pri:0, instance:cases.CheckBoxCase@233c0b17]" name="beforeClass" is-config="true" duration-ms="1634" started-at="2018-07-29T18:54:54Z" finished-at="2018-07-29T18:54:55Z">
          <reporter-output>
          </reporter-output>
        </test-method> <!-- beforeClass -->
        <test-method status="PASS" signature="beforeMethod()[pri:0, instance:cases.CheckBoxCase@233c0b17]" name="beforeMethod" is-config="true" duration-ms="137" started-at="2018-07-29T18:54:55Z" finished-at="2018-07-29T18:54:55Z">
          <reporter-output>
          </reporter-output>
        </test-method> <!-- beforeMethod -->
        <test-method status="PASS" signature="checkBoxAll()[pri:2, instance:cases.CheckBoxCase@233c0b17]" name="checkBoxAll" duration-ms="317" started-at="2018-07-29T18:54:55Z" finished-at="2018-07-29T18:54:56Z">
          <reporter-output>
          </reporter-output>
        </test-method> <!-- checkBoxAll -->
        <test-method status="PASS" signature="afterMethod()[pri:0, instance:cases.CheckBoxCase@233c0b17]" name="afterMethod" is-config="true" duration-ms="0" started-at="2018-07-29T18:54:56Z" finished-at="2018-07-29T18:54:56Z">
          <reporter-output>
          </reporter-output>
        </test-method> <!-- afterMethod -->
        <test-method status="PASS" signature="beforeMethod()[pri:0, instance:cases.CheckBoxCase@233c0b17]" name="beforeMethod" is-config="true" duration-ms="94" started-at="2018-07-29T18:54:56Z" finished-at="2018-07-29T18:54:56Z">
          <reporter-output>
          </reporter-output>
        </test-method> <!-- beforeMethod -->
        <test-method status="PASS" signature="checkBoxNone()[pri:2, instance:cases.CheckBoxCase@233c0b17]" name="checkBoxNone" duration-ms="108" started-at="2018-07-29T18:54:56Z" finished-at="2018-07-29T18:54:56Z">
          <reporter-output>
          </reporter-output>
        </test-method> <!-- checkBoxNone -->
        <test-method status="PASS" signature="afterMethod()[pri:0, instance:cases.CheckBoxCase@233c0b17]" name="afterMethod" is-config="true" duration-ms="0" started-at="2018-07-29T18:54:56Z" finished-at="2018-07-29T18:54:56Z">
          <reporter-output>
          </reporter-output>
        </test-method> <!-- afterMethod -->
        <test-method status="PASS" signature="beforeMethod()[pri:0, instance:cases.CheckBoxCase@233c0b17]" name="beforeMethod" is-config="true" duration-ms="96" started-at="2018-07-29T18:54:56Z" finished-at="2018-07-29T18:54:56Z">
          <reporter-output>
          </reporter-output>
        </test-method> <!-- beforeMethod -->
        <test-method status="PASS" signature="checkBoxOneThree()[pri:2, instance:cases.CheckBoxCase@233c0b17]" name="checkBoxOneThree" duration-ms="229" started-at="2018-07-29T18:54:56Z" finished-at="2018-07-29T18:54:56Z">
          <reporter-output>
          </reporter-output>
        </test-method> <!-- checkBoxOneThree -->
        <test-method status="PASS" signature="afterMethod()[pri:0, instance:cases.CheckBoxCase@233c0b17]" name="afterMethod" is-config="true" duration-ms="1" started-at="2018-07-29T18:54:56Z" finished-at="2018-07-29T18:54:56Z">
          <reporter-output>
          </reporter-output>
        </test-method> <!-- afterMethod -->
        <test-method status="PASS" signature="beforeMethod()[pri:0, instance:cases.CheckBoxCase@233c0b17]" name="beforeMethod" is-config="true" duration-ms="94" started-at="2018-07-29T18:54:56Z" finished-at="2018-07-29T18:54:56Z">
          <reporter-output>
          </reporter-output>
        </test-method> <!-- beforeMethod -->
        <test-method status="PASS" signature="checkBoxOneTwo()[pri:2, instance:cases.CheckBoxCase@233c0b17]" name="checkBoxOneTwo" duration-ms="227" started-at="2018-07-29T18:54:56Z" finished-at="2018-07-29T18:54:56Z">
          <reporter-output>
          </reporter-output>
        </test-method> <!-- checkBoxOneTwo -->
        <test-method status="PASS" signature="beforeMethod()[pri:0, instance:cases.CheckBoxCase@233c0b17]" name="beforeMethod" is-config="true" duration-ms="93" started-at="2018-07-29T18:54:56Z" finished-at="2018-07-29T18:54:57Z">
          <reporter-output>
          </reporter-output>
        </test-method> <!-- beforeMethod -->
        <test-method status="PASS" signature="afterMethod()[pri:0, instance:cases.CheckBoxCase@233c0b17]" name="afterMethod" is-config="true" duration-ms="0" started-at="2018-07-29T18:54:56Z" finished-at="2018-07-29T18:54:56Z">
          <reporter-output>
          </reporter-output>
        </test-method> <!-- afterMethod -->
        <test-method status="PASS" signature="checkBoxTwoThree()[pri:2, instance:cases.CheckBoxCase@233c0b17]" name="checkBoxTwoThree" duration-ms="225" started-at="2018-07-29T18:54:57Z" finished-at="2018-07-29T18:54:57Z">
          <reporter-output>
          </reporter-output>
        </test-method> <!-- checkBoxTwoThree -->
        <test-method status="PASS" signature="afterMethod()[pri:0, instance:cases.CheckBoxCase@233c0b17]" name="afterMethod" is-config="true" duration-ms="0" started-at="2018-07-29T18:54:57Z" finished-at="2018-07-29T18:54:57Z">
          <reporter-output>
          </reporter-output>
        </test-method> <!-- afterMethod -->
        <test-method status="PASS" signature="beforeMethod()[pri:0, instance:cases.CheckBoxCase@233c0b17]" name="beforeMethod" is-config="true" duration-ms="94" started-at="2018-07-29T18:54:57Z" finished-at="2018-07-29T18:54:57Z">
          <reporter-output>
          </reporter-output>
        </test-method> <!-- beforeMethod -->
        <test-method status="FAIL" signature="intentionalFailcheckBox()[pri:2, instance:cases.CheckBoxCase@233c0b17]" name="intentionalFailcheckBox" duration-ms="235" started-at="2018-07-29T18:54:57Z" finished-at="2018-07-29T18:54:57Z">
          <exception class="java.lang.AssertionError">
            <full-stacktrace>
              <![CDATA[java.lang.AssertionError
at org.junit.Assert.fail(Assert.java:86)
at org.junit.Assert.assertTrue(Assert.java:41)
at org.junit.Assert.assertTrue(Assert.java:52)
at cases.CheckBoxCase.intentionalFailcheckBox(CheckBoxCase.java:62)
at sun.reflect.NativeMethodAccessorImpl.invoke0(Native Method)
at sun.reflect.NativeMethodAccessorImpl.invoke(NativeMethodAccessorImpl.java:62)
at sun.reflect.DelegatingMethodAccessorImpl.invoke(DelegatingMethodAccessorImpl.java:43)
at java.lang.reflect.Method.invoke(Method.java:498)
at org.testng.internal.MethodInvocationHelper.invokeMethod(MethodInvocationHelper.java:124)
at org.testng.internal.Invoker.invokeMethod(Invoker.java:580)
at org.testng.internal.Invoker.invokeTestMethod(Invoker.java:716)
at org.testng.internal.Invoker.invokeTestMethods(Invoker.java:988)
at org.testng.internal.TestMethodWorker.invokeTestMethods(TestMethodWorker.java:125)
at org.testng.internal.TestMethodWorker.run(TestMethodWorker.java:109)
at org.testng.TestRunner.privateRun(TestRunner.java:648)
at org.testng.TestRunner.run(TestRunner.java:505)
at org.testng.SuiteRunner.runTest(SuiteRunner.java:455)
at org.testng.SuiteRunner.runSequentially(SuiteRunner.java:450)
at org.testng.SuiteRunner.privateRun(SuiteRunner.java:415)
at org.testng.SuiteRunner.run(SuiteRunner.java:364)
at org.testng.SuiteRunnerWorker.runSuite(SuiteRunnerWorker.java:52)
at org.testng.SuiteRunnerWorker.run(SuiteRunnerWorker.java:84)
at org.testng.TestNG.runSuitesSequentially(TestNG.java:1208)
at org.testng.TestNG.runSuitesLocally(TestNG.java:1137)
at org.testng.TestNG.runSuites(TestNG.java:1049)
at org.testng.TestNG.run(TestNG.java:1017)
at GrandpaBless.main(GrandpaBless.java:81)
]]>
            </full-stacktrace>
          </exception> <!-- java.lang.AssertionError -->
          <reporter-output>
            <line>
              <![CDATA[<a href='/home/richard/git/SeleniumJava/target/surefire-reports/failure_screenshots/intentionalFailcheckBox_29Jul2018_01-54-57-745.png'> <img src='/home/richard/git/SeleniumJava/target/surefire-reports/failure_screenshots/intentionalFailcheckBox_29Jul2018_01-54-57-745.png' height='100' width='100'/> </a>]]>
            </line>
          </reporter-output>
        </test-method> <!-- intentionalFailcheckBox -->
        <test-method status="PASS" signature="afterMethod()[pri:0, instance:cases.CheckBoxCase@233c0b17]" name="afterMethod" is-config="true" duration-ms="0" started-at="2018-07-29T18:54:57Z" finished-at="2018-07-29T18:54:57Z">
          <reporter-output>
          </reporter-output>
        </test-method> <!-- afterMethod -->
        <test-method status="PASS" signature="afterClass()[pri:0, instance:cases.CheckBoxCase@233c0b17]" name="afterClass" is-config="true" duration-ms="62" started-at="2018-07-29T18:54:57Z" finished-at="2018-07-29T18:54:57Z">
          <reporter-output>
          </reporter-output>
        </test-method> <!-- afterClass -->
        <test-method status="PASS" signature="afterTest()[pri:0, instance:cases.CheckBoxCase@233c0b17]" name="afterTest" is-config="true" duration-ms="0" started-at="2018-07-29T18:55:00Z" finished-at="2018-07-29T18:55:00Z">
          <reporter-output>
          </reporter-output>
        </test-method> <!-- afterTest -->
      </class> <!-- cases.CheckBoxCase -->
    </test> <!-- dynamic test 1 -->
    <test name="dynamic test 2" duration-ms="9221" started-at="2018-07-29T18:55:00Z" finished-at="2018-07-29T18:55:09Z">
      <class name="cases.DropDownCase">
        <test-method status="PASS" signature="beforeClass()[pri:0, instance:cases.DropDownCase@17d99928]" name="beforeClass" is-config="true" duration-ms="1720" started-at="2018-07-29T18:55:03Z" finished-at="2018-07-29T18:55:05Z">
          <reporter-output>
          </reporter-output>
        </test-method> <!-- beforeClass -->
        <test-method status="PASS" signature="beforeMethod()[pri:0, instance:cases.DropDownCase@17d99928]" name="beforeMethod" is-config="true" duration-ms="130" started-at="2018-07-29T18:55:05Z" finished-at="2018-07-29T18:55:05Z">
          <reporter-output>
          </reporter-output>
        </test-method> <!-- beforeMethod -->
        <test-method status="PASS" signature="dropDownDefault()[pri:0, instance:cases.DropDownCase@17d99928]" name="dropDownDefault" duration-ms="149" started-at="2018-07-29T18:55:05Z" finished-at="2018-07-29T18:55:05Z">
          <reporter-output>
          </reporter-output>
        </test-method> <!-- dropDownDefault -->
        <test-method status="PASS" signature="afterMethod()[pri:0, instance:cases.DropDownCase@17d99928]" name="afterMethod" is-config="true" duration-ms="0" started-at="2018-07-29T18:55:05Z" finished-at="2018-07-29T18:55:05Z">
          <reporter-output>
          </reporter-output>
        </test-method> <!-- afterMethod -->
        <test-method status="PASS" signature="beforeMethod()[pri:0, instance:cases.DropDownCase@17d99928]" name="beforeMethod" is-config="true" duration-ms="96" started-at="2018-07-29T18:55:05Z" finished-at="2018-07-29T18:55:05Z">
          <reporter-output>
          </reporter-output>
        </test-method> <!-- beforeMethod -->
        <test-method status="PASS" signature="dropDownMustard()[pri:0, instance:cases.DropDownCase@17d99928]" name="dropDownMustard" duration-ms="173" started-at="2018-07-29T18:55:05Z" finished-at="2018-07-29T18:55:05Z">
          <reporter-output>
          </reporter-output>
        </test-method> <!-- dropDownMustard -->
        <test-method status="PASS" signature="afterMethod()[pri:0, instance:cases.DropDownCase@17d99928]" name="afterMethod" is-config="true" duration-ms="1" started-at="2018-07-29T18:55:05Z" finished-at="2018-07-29T18:55:05Z">
          <reporter-output>
          </reporter-output>
        </test-method> <!-- afterMethod -->
        <test-method status="PASS" signature="beforeMethod()[pri:0, instance:cases.DropDownCase@17d99928]" name="beforeMethod" is-config="true" duration-ms="95" started-at="2018-07-29T18:55:05Z" finished-at="2018-07-29T18:55:05Z">
          <reporter-output>
          </reporter-output>
        </test-method> <!-- beforeMethod -->
        <test-method status="PASS" signature="dropDownOnion()[pri:0, instance:cases.DropDownCase@17d99928]" name="dropDownOnion" duration-ms="193" started-at="2018-07-29T18:55:05Z" finished-at="2018-07-29T18:55:05Z">
          <reporter-output>
          </reporter-output>
        </test-method> <!-- dropDownOnion -->
        <test-method status="PASS" signature="afterMethod()[pri:0, instance:cases.DropDownCase@17d99928]" name="afterMethod" is-config="true" duration-ms="0" started-at="2018-07-29T18:55:05Z" finished-at="2018-07-29T18:55:05Z">
          <reporter-output>
          </reporter-output>
        </test-method> <!-- afterMethod -->
        <test-method status="PASS" signature="beforeMethod()[pri:0, instance:cases.DropDownCase@17d99928]" name="beforeMethod" is-config="true" duration-ms="95" started-at="2018-07-29T18:55:05Z" finished-at="2018-07-29T18:55:06Z">
          <reporter-output>
          </reporter-output>
        </test-method> <!-- beforeMethod -->
        <test-method status="PASS" signature="dropDownTomato()[pri:0, instance:cases.DropDownCase@17d99928]" name="dropDownTomato" duration-ms="195" started-at="2018-07-29T18:55:06Z" finished-at="2018-07-29T18:55:06Z">
          <reporter-output>
          </reporter-output>
        </test-method> <!-- dropDownTomato -->
        <test-method status="PASS" signature="afterMethod()[pri:0, instance:cases.DropDownCase@17d99928]" name="afterMethod" is-config="true" duration-ms="0" started-at="2018-07-29T18:55:06Z" finished-at="2018-07-29T18:55:06Z">
          <reporter-output>
          </reporter-output>
        </test-method> <!-- afterMethod -->
        <test-method status="PASS" signature="afterClass()[pri:0, instance:cases.DropDownCase@17d99928]" name="afterClass" is-config="true" duration-ms="108" started-at="2018-07-29T18:55:06Z" finished-at="2018-07-29T18:55:06Z">
          <reporter-output>
          </reporter-output>
        </test-method> <!-- afterClass -->
      </class> <!-- cases.DropDownCase -->
      <class name="cases.TextAreaCase">
        <test-method status="PASS" signature="beforeClass()[pri:0, instance:cases.TextAreaCase@3834d63f]" name="beforeClass" is-config="true" duration-ms="1617" started-at="2018-07-29T18:55:06Z" finished-at="2018-07-29T18:55:07Z">
          <reporter-output>
          </reporter-output>
        </test-method> <!-- beforeClass -->
        <test-method status="PASS" signature="beforeMethod()[pri:0, instance:cases.TextAreaCase@3834d63f]" name="beforeMethod" is-config="true" duration-ms="311" started-at="2018-07-29T18:55:07Z" finished-at="2018-07-29T18:55:08Z">
          <reporter-output>
          </reporter-output>
        </test-method> <!-- beforeMethod -->
        <test-method status="PASS" signature="textAreaLongString()[pri:0, instance:cases.TextAreaCase@3834d63f]" name="textAreaLongString" duration-ms="687" started-at="2018-07-29T18:55:08Z" finished-at="2018-07-29T18:55:08Z">
          <reporter-output>
          </reporter-output>
        </test-method> <!-- textAreaLongString -->
        <test-method status="PASS" signature="afterMethod()[pri:0, instance:cases.TextAreaCase@3834d63f]" name="afterMethod" is-config="true" duration-ms="0" started-at="2018-07-29T18:55:08Z" finished-at="2018-07-29T18:55:08Z">
          <reporter-output>
          </reporter-output>
        </test-method> <!-- afterMethod -->
        <test-method status="PASS" signature="beforeMethod()[pri:0, instance:cases.TextAreaCase@3834d63f]" name="beforeMethod" is-config="true" duration-ms="94" started-at="2018-07-29T18:55:08Z" finished-at="2018-07-29T18:55:09Z">
          <reporter-output>
          </reporter-output>
        </test-method> <!-- beforeMethod -->
        <test-method status="PASS" signature="textAreaWithEnter()[pri:0, instance:cases.TextAreaCase@3834d63f]" name="textAreaWithEnter" duration-ms="649" started-at="2018-07-29T18:55:09Z" finished-at="2018-07-29T18:55:09Z">
          <reporter-output>
          </reporter-output>
        </test-method> <!-- textAreaWithEnter -->
        <test-method status="PASS" signature="afterMethod()[pri:0, instance:cases.TextAreaCase@3834d63f]" name="afterMethod" is-config="true" duration-ms="1" started-at="2018-07-29T18:55:09Z" finished-at="2018-07-29T18:55:09Z">
          <reporter-output>
          </reporter-output>
        </test-method> <!-- afterMethod -->
        <test-method status="PASS" signature="afterClass()[pri:0, instance:cases.TextAreaCase@3834d63f]" name="afterClass" is-config="true" duration-ms="108" started-at="2018-07-29T18:55:09Z" finished-at="2018-07-29T18:55:09Z">
          <reporter-output>
          </reporter-output>
        </test-method> <!-- afterClass -->
      </class> <!-- cases.TextAreaCase -->
      <class name="cases.RadioButtonCase">
        <test-method status="PASS" signature="beforeSuite(java.lang.String, java.lang.String, java.lang.String, java.lang.String)[pri:0, instance:cases.RadioButtonCase@3aa9e816]" name="beforeSuite" is-config="true" duration-ms="1" started-at="2018-07-29T18:54:54Z" finished-at="2018-07-29T18:54:54Z">
          <params>
            <param index="0">
              <value>
                <![CDATA[linux]]>
              </value>
            </param>
            <param index="1">
              <value>
                <![CDATA[127.0.0.1]]>
              </value>
            </param>
            <param index="2">
              <value>
                <![CDATA[chrome]]>
              </value>
            </param>
            <param index="3">
              <value>
                <![CDATA[10]]>
              </value>
            </param>
          </params>
          <reporter-output>
          </reporter-output>
        </test-method> <!-- beforeSuite -->
        <test-method status="PASS" signature="beforeClass()[pri:0, instance:cases.RadioButtonCase@3aa9e816]" name="beforeClass" is-config="true" duration-ms="1648" started-at="2018-07-29T18:55:00Z" finished-at="2018-07-29T18:55:02Z">
          <reporter-output>
          </reporter-output>
        </test-method> <!-- beforeClass -->
        <test-method status="PASS" signature="beforeTest()[pri:0, instance:cases.RadioButtonCase@3aa9e816]" name="beforeTest" is-config="true" duration-ms="0" started-at="2018-07-29T18:55:00Z" finished-at="2018-07-29T18:55:00Z">
          <reporter-output>
          </reporter-output>
        </test-method> <!-- beforeTest -->
        <test-method status="PASS" signature="beforeMethod()[pri:0, instance:cases.RadioButtonCase@3aa9e816]" name="beforeMethod" is-config="true" duration-ms="136" started-at="2018-07-29T18:55:02Z" finished-at="2018-07-29T18:55:02Z">
          <reporter-output>
          </reporter-output>
        </test-method> <!-- beforeMethod -->
        <test-method status="PASS" signature="radioChoiceA()[pri:0, instance:cases.RadioButtonCase@3aa9e816]" name="radioChoiceA" duration-ms="197" started-at="2018-07-29T18:55:02Z" finished-at="2018-07-29T18:55:02Z">
          <reporter-output>
          </reporter-output>
        </test-method> <!-- radioChoiceA -->
        <test-method status="PASS" signature="beforeMethod()[pri:0, instance:cases.RadioButtonCase@3aa9e816]" name="beforeMethod" is-config="true" duration-ms="102" started-at="2018-07-29T18:55:02Z" finished-at="2018-07-29T18:55:02Z">
          <reporter-output>
          </reporter-output>
        </test-method> <!-- beforeMethod -->
        <test-method status="PASS" signature="afterMethod()[pri:0, instance:cases.RadioButtonCase@3aa9e816]" name="afterMethod" is-config="true" duration-ms="0" started-at="2018-07-29T18:55:02Z" finished-at="2018-07-29T18:55:02Z">
          <reporter-output>
          </reporter-output>
        </test-method> <!-- afterMethod -->
        <test-method status="PASS" signature="radioChoiceB()[pri:0, instance:cases.RadioButtonCase@3aa9e816]" name="radioChoiceB" duration-ms="167" started-at="2018-07-29T18:55:02Z" finished-at="2018-07-29T18:55:02Z">
          <reporter-output>
          </reporter-output>
        </test-method> <!-- radioChoiceB -->
        <test-method status="PASS" signature="afterMethod()[pri:0, instance:cases.RadioButtonCase@3aa9e816]" name="afterMethod" is-config="true" duration-ms="0" started-at="2018-07-29T18:55:02Z" finished-at="2018-07-29T18:55:02Z">
          <reporter-output>
          </reporter-output>
        </test-method> <!-- afterMethod -->
        <test-method status="PASS" signature="beforeMethod()[pri:0, instance:cases.RadioButtonCase@3aa9e816]" name="beforeMethod" is-config="true" duration-ms="97" started-at="2018-07-29T18:55:02Z" finished-at="2018-07-29T18:55:02Z">
          <reporter-output>
          </reporter-output>
        </test-method> <!-- beforeMethod -->
        <test-method status="PASS" signature="radioChoiceC()[pri:0, instance:cases.RadioButtonCase@3aa9e816]" name="radioChoiceC" duration-ms="180" started-at="2018-07-29T18:55:02Z" finished-at="2018-07-29T18:55:03Z">
          <reporter-output>
          </reporter-output>
        </test-method> <!-- radioChoiceC -->
        <test-method status="PASS" signature="afterMethod()[pri:0, instance:cases.RadioButtonCase@3aa9e816]" name="afterMethod" is-config="true" duration-ms="0" started-at="2018-07-29T18:55:03Z" finished-at="2018-07-29T18:55:03Z">
          <reporter-output>
          </reporter-output>
        </test-method> <!-- afterMethod -->
        <test-method status="PASS" signature="beforeMethod()[pri:0, instance:cases.RadioButtonCase@3aa9e816]" name="beforeMethod" is-config="true" duration-ms="96" started-at="2018-07-29T18:55:03Z" finished-at="2018-07-29T18:55:03Z">
          <reporter-output>
          </reporter-output>
        </test-method> <!-- beforeMethod -->
        <test-method status="PASS" signature="radioDefault()[pri:0, instance:cases.RadioButtonCase@3aa9e816]" name="radioDefault" duration-ms="109" started-at="2018-07-29T18:55:03Z" finished-at="2018-07-29T18:55:03Z">
          <reporter-output>
          </reporter-output>
        </test-method> <!-- radioDefault -->
        <test-method status="PASS" signature="afterMethod()[pri:0, instance:cases.RadioButtonCase@3aa9e816]" name="afterMethod" is-config="true" duration-ms="0" started-at="2018-07-29T18:55:03Z" finished-at="2018-07-29T18:55:03Z">
          <reporter-output>
          </reporter-output>
        </test-method> <!-- afterMethod -->
        <test-method status="PASS" signature="afterClass()[pri:0, instance:cases.RadioButtonCase@3aa9e816]" name="afterClass" is-config="true" duration-ms="61" started-at="2018-07-29T18:55:03Z" finished-at="2018-07-29T18:55:03Z">
          <reporter-output>
          </reporter-output>
        </test-method> <!-- afterClass -->
        <test-method status="PASS" signature="afterTest()[pri:0, instance:cases.RadioButtonCase@3aa9e816]" name="afterTest" is-config="true" duration-ms="0" started-at="2018-07-29T18:55:09Z" finished-at="2018-07-29T18:55:09Z">
          <reporter-output>
          </reporter-output>
        </test-method> <!-- afterTest -->
        <test-method status="PASS" signature="afterSuite()[pri:0, instance:cases.RadioButtonCase@3aa9e816]" name="afterSuite" is-config="true" duration-ms="0" started-at="2018-07-29T18:55:09Z" finished-at="2018-07-29T18:55:09Z">
          <reporter-output>
          </reporter-output>
        </test-method> <!-- afterSuite -->
      </class> <!-- cases.RadioButtonCase -->
    </test> <!-- dynamic test 2 -->
  </suite> <!-- dynamic suite with linux/127.0.0.1/chrome/10 -->
  <suite name="dynamic suite with linux/localhost/chrome/10" duration-ms="16508" started-at="2018-07-29T18:53:59Z" finished-at="2018-07-29T18:54:16Z">
    <groups>
    </groups>
    <test name="dynamic test 1" duration-ms="7491" started-at="2018-07-29T18:53:59Z" finished-at="2018-07-29T18:54:07Z">
      <class name="cases.TextFieldCase">
        <test-method status="PASS" signature="beforeClass()[pri:0, instance:cases.TextFieldCase@4f4a7090]" name="beforeClass" is-config="true" duration-ms="1653" started-at="2018-07-29T18:54:04Z" finished-at="2018-07-29T18:54:06Z">
          <reporter-output>
          </reporter-output>
        </test-method> <!-- beforeClass -->
        <test-method status="PASS" signature="beforeMethod()[pri:0, instance:cases.TextFieldCase@4f4a7090]" name="beforeMethod" is-config="true" duration-ms="193" started-at="2018-07-29T18:54:06Z" finished-at="2018-07-29T18:54:06Z">
          <reporter-output>
          </reporter-output>
        </test-method> <!-- beforeMethod -->
        <test-method status="FAIL" signature="intentionalFailTextField()[pri:2, instance:cases.TextFieldCase@4f4a7090]" name="intentionalFailTextField" duration-ms="248" started-at="2018-07-29T18:54:06Z" finished-at="2018-07-29T18:54:06Z">
          <exception class="java.lang.AssertionError">
            <message>
              <![CDATA[expected [This should fail] but found [Please fail]]]>
            </message>
            <full-stacktrace>
              <![CDATA[java.lang.AssertionError: expected [This should fail] but found [Please fail]
at org.testng.Assert.fail(Assert.java:96)
at org.testng.Assert.failNotEquals(Assert.java:776)
at org.testng.Assert.assertEqualsImpl(Assert.java:137)
at org.testng.Assert.assertEquals(Assert.java:118)
at org.testng.Assert.assertEquals(Assert.java:453)
at org.testng.Assert.assertEquals(Assert.java:463)
at cases.TextFieldCase.intentionalFailTextField(TextFieldCase.java:33)
at sun.reflect.NativeMethodAccessorImpl.invoke0(Native Method)
at sun.reflect.NativeMethodAccessorImpl.invoke(NativeMethodAccessorImpl.java:62)
at sun.reflect.DelegatingMethodAccessorImpl.invoke(DelegatingMethodAccessorImpl.java:43)
at java.lang.reflect.Method.invoke(Method.java:498)
at org.testng.internal.MethodInvocationHelper.invokeMethod(MethodInvocationHelper.java:124)
at org.testng.internal.Invoker.invokeMethod(Invoker.java:580)
at org.testng.internal.Invoker.invokeTestMethod(Invoker.java:716)
at org.testng.internal.Invoker.invokeTestMethods(Invoker.java:988)
at org.testng.internal.TestMethodWorker.invokeTestMethods(TestMethodWorker.java:125)
at org.testng.internal.TestMethodWorker.run(TestMethodWorker.java:109)
at org.testng.TestRunner.privateRun(TestRunner.java:648)
at org.testng.TestRunner.run(TestRunner.java:505)
at org.testng.SuiteRunner.runTest(SuiteRunner.java:455)
at org.testng.SuiteRunner.runSequentially(SuiteRunner.java:450)
at org.testng.SuiteRunner.privateRun(SuiteRunner.java:415)
at org.testng.SuiteRunner.run(SuiteRunner.java:364)
at org.testng.SuiteRunnerWorker.runSuite(SuiteRunnerWorker.java:52)
at org.testng.SuiteRunnerWorker.run(SuiteRunnerWorker.java:84)
at org.testng.TestNG.runSuitesSequentially(TestNG.java:1208)
at org.testng.TestNG.runSuitesLocally(TestNG.java:1137)
at org.testng.TestNG.runSuites(TestNG.java:1049)
at org.testng.TestNG.run(TestNG.java:1017)
at GrandpaBless.main(GrandpaBless.java:81)
]]>
            </full-stacktrace>
          </exception> <!-- java.lang.AssertionError -->
          <reporter-output>
            <line>
              <![CDATA[<a href='/home/richard/git/SeleniumJava/target/surefire-reports/failure_screenshots/intentionalFailTextField_29Jul2018_01-54-06-769.png'> <img src='/home/richard/git/SeleniumJava/target/surefire-reports/failure_screenshots/intentionalFailTextField_29Jul2018_01-54-06-769.png' height='100' width='100'/> </a>]]>
            </line>
          </reporter-output>
        </test-method> <!-- intentionalFailTextField -->
        <test-method status="PASS" signature="afterMethod()[pri:0, instance:cases.TextFieldCase@4f4a7090]" name="afterMethod" is-config="true" duration-ms="1" started-at="2018-07-29T18:54:06Z" finished-at="2018-07-29T18:54:06Z">
          <reporter-output>
          </reporter-output>
        </test-method> <!-- afterMethod -->
        <test-method status="PASS" signature="beforeMethod()[pri:0, instance:cases.TextFieldCase@4f4a7090]" name="beforeMethod" is-config="true" duration-ms="109" started-at="2018-07-29T18:54:06Z" finished-at="2018-07-29T18:54:06Z">
          <reporter-output>
          </reporter-output>
        </test-method> <!-- beforeMethod -->
        <test-method status="PASS" signature="testTextField()[pri:2, instance:cases.TextFieldCase@4f4a7090]" name="testTextField" duration-ms="225" started-at="2018-07-29T18:54:06Z" finished-at="2018-07-29T18:54:07Z">
          <reporter-output>
          </reporter-output>
        </test-method> <!-- testTextField -->
        <test-method status="PASS" signature="afterClass()[pri:0, instance:cases.TextFieldCase@4f4a7090]" name="afterClass" is-config="true" duration-ms="160" started-at="2018-07-29T18:54:07Z" finished-at="2018-07-29T18:54:07Z">
          <reporter-output>
          </reporter-output>
        </test-method> <!-- afterClass -->
        <test-method status="PASS" signature="afterMethod()[pri:0, instance:cases.TextFieldCase@4f4a7090]" name="afterMethod" is-config="true" duration-ms="0" started-at="2018-07-29T18:54:07Z" finished-at="2018-07-29T18:54:07Z">
          <reporter-output>
          </reporter-output>
        </test-method> <!-- afterMethod -->
      </class> <!-- cases.TextFieldCase -->
      <class name="cases.CheckBoxCase">
        <test-method status="PASS" signature="beforeTest()[pri:0, instance:cases.CheckBoxCase@52d455b8]" name="beforeTest" is-config="true" duration-ms="0" started-at="2018-07-29T18:53:59Z" finished-at="2018-07-29T18:53:59Z">
          <reporter-output>
          </reporter-output>
        </test-method> <!-- beforeTest -->
        <test-method status="PASS" signature="beforeClass()[pri:0, instance:cases.CheckBoxCase@52d455b8]" name="beforeClass" is-config="true" duration-ms="2546" started-at="2018-07-29T18:53:59Z" finished-at="2018-07-29T18:54:02Z">
          <reporter-output>
          </reporter-output>
        </test-method> <!-- beforeClass -->
        <test-method status="PASS" signature="beforeMethod()[pri:0, instance:cases.CheckBoxCase@52d455b8]" name="beforeMethod" is-config="true" duration-ms="158" started-at="2018-07-29T18:54:02Z" finished-at="2018-07-29T18:54:02Z">
          <reporter-output>
          </reporter-output>
        </test-method> <!-- beforeMethod -->
        <test-method status="PASS" signature="checkBoxAll()[pri:2, instance:cases.CheckBoxCase@52d455b8]" name="checkBoxAll" duration-ms="328" started-at="2018-07-29T18:54:02Z" finished-at="2018-07-29T18:54:02Z">
          <reporter-output>
          </reporter-output>
        </test-method> <!-- checkBoxAll -->
        <test-method status="PASS" signature="afterMethod()[pri:0, instance:cases.CheckBoxCase@52d455b8]" name="afterMethod" is-config="true" duration-ms="1" started-at="2018-07-29T18:54:02Z" finished-at="2018-07-29T18:54:02Z">
          <reporter-output>
          </reporter-output>
        </test-method> <!-- afterMethod -->
        <test-method status="PASS" signature="beforeMethod()[pri:0, instance:cases.CheckBoxCase@52d455b8]" name="beforeMethod" is-config="true" duration-ms="108" started-at="2018-07-29T18:54:02Z" finished-at="2018-07-29T18:54:02Z">
          <reporter-output>
          </reporter-output>
        </test-method> <!-- beforeMethod -->
        <test-method status="PASS" signature="checkBoxNone()[pri:2, instance:cases.CheckBoxCase@52d455b8]" name="checkBoxNone" duration-ms="118" started-at="2018-07-29T18:54:02Z" finished-at="2018-07-29T18:54:03Z">
          <reporter-output>
          </reporter-output>
        </test-method> <!-- checkBoxNone -->
        <test-method status="PASS" signature="afterMethod()[pri:0, instance:cases.CheckBoxCase@52d455b8]" name="afterMethod" is-config="true" duration-ms="1" started-at="2018-07-29T18:54:03Z" finished-at="2018-07-29T18:54:03Z">
          <reporter-output>
          </reporter-output>
        </test-method> <!-- afterMethod -->
        <test-method status="PASS" signature="beforeMethod()[pri:0, instance:cases.CheckBoxCase@52d455b8]" name="beforeMethod" is-config="true" duration-ms="106" started-at="2018-07-29T18:54:03Z" finished-at="2018-07-29T18:54:03Z">
          <reporter-output>
          </reporter-output>
        </test-method> <!-- beforeMethod -->
        <test-method status="PASS" signature="checkBoxOneThree()[pri:2, instance:cases.CheckBoxCase@52d455b8]" name="checkBoxOneThree" duration-ms="256" started-at="2018-07-29T18:54:03Z" finished-at="2018-07-29T18:54:03Z">
          <reporter-output>
          </reporter-output>
        </test-method> <!-- checkBoxOneThree -->
        <test-method status="PASS" signature="beforeMethod()[pri:0, instance:cases.CheckBoxCase@52d455b8]" name="beforeMethod" is-config="true" duration-ms="106" started-at="2018-07-29T18:54:03Z" finished-at="2018-07-29T18:54:03Z">
          <reporter-output>
          </reporter-output>
        </test-method> <!-- beforeMethod -->
        <test-method status="PASS" signature="afterMethod()[pri:0, instance:cases.CheckBoxCase@52d455b8]" name="afterMethod" is-config="true" duration-ms="0" started-at="2018-07-29T18:54:03Z" finished-at="2018-07-29T18:54:03Z">
          <reporter-output>
          </reporter-output>
        </test-method> <!-- afterMethod -->
        <test-method status="PASS" signature="checkBoxOneTwo()[pri:2, instance:cases.CheckBoxCase@52d455b8]" name="checkBoxOneTwo" duration-ms="240" started-at="2018-07-29T18:54:03Z" finished-at="2018-07-29T18:54:03Z">
          <reporter-output>
          </reporter-output>
        </test-method> <!-- checkBoxOneTwo -->
        <test-method status="PASS" signature="afterMethod()[pri:0, instance:cases.CheckBoxCase@52d455b8]" name="afterMethod" is-config="true" duration-ms="0" started-at="2018-07-29T18:54:03Z" finished-at="2018-07-29T18:54:03Z">
          <reporter-output>
          </reporter-output>
        </test-method> <!-- afterMethod -->
        <test-method status="PASS" signature="beforeMethod()[pri:0, instance:cases.CheckBoxCase@52d455b8]" name="beforeMethod" is-config="true" duration-ms="103" started-at="2018-07-29T18:54:03Z" finished-at="2018-07-29T18:54:03Z">
          <reporter-output>
          </reporter-output>
        </test-method> <!-- beforeMethod -->
        <test-method status="PASS" signature="checkBoxTwoThree()[pri:2, instance:cases.CheckBoxCase@52d455b8]" name="checkBoxTwoThree" duration-ms="237" started-at="2018-07-29T18:54:03Z" finished-at="2018-07-29T18:54:04Z">
          <reporter-output>
          </reporter-output>
        </test-method> <!-- checkBoxTwoThree -->
        <test-method status="PASS" signature="afterMethod()[pri:0, instance:cases.CheckBoxCase@52d455b8]" name="afterMethod" is-config="true" duration-ms="0" started-at="2018-07-29T18:54:04Z" finished-at="2018-07-29T18:54:04Z">
          <reporter-output>
          </reporter-output>
        </test-method> <!-- afterMethod -->
        <test-method status="PASS" signature="beforeMethod()[pri:0, instance:cases.CheckBoxCase@52d455b8]" name="beforeMethod" is-config="true" duration-ms="104" started-at="2018-07-29T18:54:04Z" finished-at="2018-07-29T18:54:04Z">
          <reporter-output>
          </reporter-output>
        </test-method> <!-- beforeMethod -->
        <test-method status="FAIL" signature="intentionalFailcheckBox()[pri:2, instance:cases.CheckBoxCase@52d455b8]" name="intentionalFailcheckBox" duration-ms="248" started-at="2018-07-29T18:54:04Z" finished-at="2018-07-29T18:54:04Z">
          <exception class="java.lang.AssertionError">
            <full-stacktrace>
              <![CDATA[java.lang.AssertionError
at org.junit.Assert.fail(Assert.java:86)
at org.junit.Assert.assertTrue(Assert.java:41)
at org.junit.Assert.assertTrue(Assert.java:52)
at cases.CheckBoxCase.intentionalFailcheckBox(CheckBoxCase.java:62)
at sun.reflect.NativeMethodAccessorImpl.invoke0(Native Method)
at sun.reflect.NativeMethodAccessorImpl.invoke(NativeMethodAccessorImpl.java:62)
at sun.reflect.DelegatingMethodAccessorImpl.invoke(DelegatingMethodAccessorImpl.java:43)
at java.lang.reflect.Method.invoke(Method.java:498)
at org.testng.internal.MethodInvocationHelper.invokeMethod(MethodInvocationHelper.java:124)
at org.testng.internal.Invoker.invokeMethod(Invoker.java:580)
at org.testng.internal.Invoker.invokeTestMethod(Invoker.java:716)
at org.testng.internal.Invoker.invokeTestMethods(Invoker.java:988)
at org.testng.internal.TestMethodWorker.invokeTestMethods(TestMethodWorker.java:125)
at org.testng.internal.TestMethodWorker.run(TestMethodWorker.java:109)
at org.testng.TestRunner.privateRun(TestRunner.java:648)
at org.testng.TestRunner.run(TestRunner.java:505)
at org.testng.SuiteRunner.runTest(SuiteRunner.java:455)
at org.testng.SuiteRunner.runSequentially(SuiteRunner.java:450)
at org.testng.SuiteRunner.privateRun(SuiteRunner.java:415)
at org.testng.SuiteRunner.run(SuiteRunner.java:364)
at org.testng.SuiteRunnerWorker.runSuite(SuiteRunnerWorker.java:52)
at org.testng.SuiteRunnerWorker.run(SuiteRunnerWorker.java:84)
at org.testng.TestNG.runSuitesSequentially(TestNG.java:1208)
at org.testng.TestNG.runSuitesLocally(TestNG.java:1137)
at org.testng.TestNG.runSuites(TestNG.java:1049)
at org.testng.TestNG.run(TestNG.java:1017)
at GrandpaBless.main(GrandpaBless.java:81)
]]>
            </full-stacktrace>
          </exception> <!-- java.lang.AssertionError -->
          <reporter-output>
            <line>
              <![CDATA[<a href='/home/richard/git/SeleniumJava/target/surefire-reports/failure_screenshots/intentionalFailcheckBox_29Jul2018_01-54-04-522.png'> <img src='/home/richard/git/SeleniumJava/target/surefire-reports/failure_screenshots/intentionalFailcheckBox_29Jul2018_01-54-04-522.png' height='100' width='100'/> </a>]]>
            </line>
          </reporter-output>
        </test-method> <!-- intentionalFailcheckBox -->
        <test-method status="PASS" signature="afterMethod()[pri:0, instance:cases.CheckBoxCase@52d455b8]" name="afterMethod" is-config="true" duration-ms="0" started-at="2018-07-29T18:54:04Z" finished-at="2018-07-29T18:54:04Z">
          <reporter-output>
          </reporter-output>
        </test-method> <!-- afterMethod -->
        <test-method status="PASS" signature="afterClass()[pri:0, instance:cases.CheckBoxCase@52d455b8]" name="afterClass" is-config="true" duration-ms="67" started-at="2018-07-29T18:54:04Z" finished-at="2018-07-29T18:54:04Z">
          <reporter-output>
          </reporter-output>
        </test-method> <!-- afterClass -->
        <test-method status="PASS" signature="afterTest()[pri:0, instance:cases.CheckBoxCase@52d455b8]" name="afterTest" is-config="true" duration-ms="0" started-at="2018-07-29T18:54:07Z" finished-at="2018-07-29T18:54:07Z">
          <reporter-output>
          </reporter-output>
        </test-method> <!-- afterTest -->
      </class> <!-- cases.CheckBoxCase -->
    </test> <!-- dynamic test 1 -->
    <test name="dynamic test 2" duration-ms="9001" started-at="2018-07-29T18:54:07Z" finished-at="2018-07-29T18:54:16Z">
      <class name="cases.DropDownCase">
        <test-method status="PASS" signature="beforeClass()[pri:0, instance:cases.DropDownCase@75412c2f]" name="beforeClass" is-config="true" duration-ms="1656" started-at="2018-07-29T18:54:10Z" finished-at="2018-07-29T18:54:11Z">
          <reporter-output>
          </reporter-output>
        </test-method> <!-- beforeClass -->
        <test-method status="PASS" signature="beforeMethod()[pri:0, instance:cases.DropDownCase@75412c2f]" name="beforeMethod" is-config="true" duration-ms="137" started-at="2018-07-29T18:54:11Z" finished-at="2018-07-29T18:54:11Z">
          <reporter-output>
          </reporter-output>
        </test-method> <!-- beforeMethod -->
        <test-method status="PASS" signature="dropDownDefault()[pri:0, instance:cases.DropDownCase@75412c2f]" name="dropDownDefault" duration-ms="190" started-at="2018-07-29T18:54:11Z" finished-at="2018-07-29T18:54:12Z">
          <reporter-output>
          </reporter-output>
        </test-method> <!-- dropDownDefault -->
        <test-method status="PASS" signature="afterMethod()[pri:0, instance:cases.DropDownCase@75412c2f]" name="afterMethod" is-config="true" duration-ms="0" started-at="2018-07-29T18:54:12Z" finished-at="2018-07-29T18:54:12Z">
          <reporter-output>
          </reporter-output>
        </test-method> <!-- afterMethod -->
        <test-method status="PASS" signature="beforeMethod()[pri:0, instance:cases.DropDownCase@75412c2f]" name="beforeMethod" is-config="true" duration-ms="98" started-at="2018-07-29T18:54:12Z" finished-at="2018-07-29T18:54:12Z">
          <reporter-output>
          </reporter-output>
        </test-method> <!-- beforeMethod -->
        <test-method status="PASS" signature="dropDownMustard()[pri:0, instance:cases.DropDownCase@75412c2f]" name="dropDownMustard" duration-ms="184" started-at="2018-07-29T18:54:12Z" finished-at="2018-07-29T18:54:12Z">
          <reporter-output>
          </reporter-output>
        </test-method> <!-- dropDownMustard -->
        <test-method status="PASS" signature="afterMethod()[pri:0, instance:cases.DropDownCase@75412c2f]" name="afterMethod" is-config="true" duration-ms="0" started-at="2018-07-29T18:54:12Z" finished-at="2018-07-29T18:54:12Z">
          <reporter-output>
          </reporter-output>
        </test-method> <!-- afterMethod -->
        <test-method status="PASS" signature="beforeMethod()[pri:0, instance:cases.DropDownCase@75412c2f]" name="beforeMethod" is-config="true" duration-ms="96" started-at="2018-07-29T18:54:12Z" finished-at="2018-07-29T18:54:12Z">
          <reporter-output>
          </reporter-output>
        </test-method> <!-- beforeMethod -->
        <test-method status="PASS" signature="dropDownOnion()[pri:0, instance:cases.DropDownCase@75412c2f]" name="dropDownOnion" duration-ms="209" started-at="2018-07-29T18:54:12Z" finished-at="2018-07-29T18:54:12Z">
          <reporter-output>
          </reporter-output>
        </test-method> <!-- dropDownOnion -->
        <test-method status="PASS" signature="afterMethod()[pri:0, instance:cases.DropDownCase@75412c2f]" name="afterMethod" is-config="true" duration-ms="1" started-at="2018-07-29T18:54:12Z" finished-at="2018-07-29T18:54:12Z">
          <reporter-output>
          </reporter-output>
        </test-method> <!-- afterMethod -->
        <test-method status="PASS" signature="beforeMethod()[pri:0, instance:cases.DropDownCase@75412c2f]" name="beforeMethod" is-config="true" duration-ms="98" started-at="2018-07-29T18:54:12Z" finished-at="2018-07-29T18:54:12Z">
          <reporter-output>
          </reporter-output>
        </test-method> <!-- beforeMethod -->
        <test-method status="PASS" signature="dropDownTomato()[pri:0, instance:cases.DropDownCase@75412c2f]" name="dropDownTomato" duration-ms="200" started-at="2018-07-29T18:54:12Z" finished-at="2018-07-29T18:54:12Z">
          <reporter-output>
          </reporter-output>
        </test-method> <!-- dropDownTomato -->
        <test-method status="PASS" signature="afterMethod()[pri:0, instance:cases.DropDownCase@75412c2f]" name="afterMethod" is-config="true" duration-ms="1" started-at="2018-07-29T18:54:12Z" finished-at="2018-07-29T18:54:12Z">
          <reporter-output>
          </reporter-output>
        </test-method> <!-- afterMethod -->
        <test-method status="PASS" signature="afterClass()[pri:0, instance:cases.DropDownCase@75412c2f]" name="afterClass" is-config="true" duration-ms="159" started-at="2018-07-29T18:54:12Z" finished-at="2018-07-29T18:54:13Z">
          <reporter-output>
          </reporter-output>
        </test-method> <!-- afterClass -->
      </class> <!-- cases.DropDownCase -->
      <class name="cases.TextAreaCase">
        <test-method status="PASS" signature="beforeClass()[pri:0, instance:cases.TextAreaCase@282ba1e]" name="beforeClass" is-config="true" duration-ms="1464" started-at="2018-07-29T18:54:13Z" finished-at="2018-07-29T18:54:14Z">
          <reporter-output>
          </reporter-output>
        </test-method> <!-- beforeClass -->
        <test-method status="PASS" signature="beforeMethod()[pri:0, instance:cases.TextAreaCase@282ba1e]" name="beforeMethod" is-config="true" duration-ms="145" started-at="2018-07-29T18:54:14Z" finished-at="2018-07-29T18:54:14Z">
          <reporter-output>
          </reporter-output>
        </test-method> <!-- beforeMethod -->
        <test-method status="PASS" signature="textAreaLongString()[pri:0, instance:cases.TextAreaCase@282ba1e]" name="textAreaLongString" duration-ms="550" started-at="2018-07-29T18:54:14Z" finished-at="2018-07-29T18:54:15Z">
          <reporter-output>
          </reporter-output>
        </test-method> <!-- textAreaLongString -->
        <test-method status="PASS" signature="beforeMethod()[pri:0, instance:cases.TextAreaCase@282ba1e]" name="beforeMethod" is-config="true" duration-ms="97" started-at="2018-07-29T18:54:15Z" finished-at="2018-07-29T18:54:15Z">
          <reporter-output>
          </reporter-output>
        </test-method> <!-- beforeMethod -->
        <test-method status="PASS" signature="afterMethod()[pri:0, instance:cases.TextAreaCase@282ba1e]" name="afterMethod" is-config="true" duration-ms="0" started-at="2018-07-29T18:54:15Z" finished-at="2018-07-29T18:54:15Z">
          <reporter-output>
          </reporter-output>
        </test-method> <!-- afterMethod -->
        <test-method status="PASS" signature="textAreaWithEnter()[pri:0, instance:cases.TextAreaCase@282ba1e]" name="textAreaWithEnter" duration-ms="669" started-at="2018-07-29T18:54:15Z" finished-at="2018-07-29T18:54:16Z">
          <reporter-output>
          </reporter-output>
        </test-method> <!-- textAreaWithEnter -->
        <test-method status="PASS" signature="afterClass()[pri:0, instance:cases.TextAreaCase@282ba1e]" name="afterClass" is-config="true" duration-ms="208" started-at="2018-07-29T18:54:16Z" finished-at="2018-07-29T18:54:16Z">
          <reporter-output>
          </reporter-output>
        </test-method> <!-- afterClass -->
        <test-method status="PASS" signature="afterMethod()[pri:0, instance:cases.TextAreaCase@282ba1e]" name="afterMethod" is-config="true" duration-ms="0" started-at="2018-07-29T18:54:16Z" finished-at="2018-07-29T18:54:16Z">
          <reporter-output>
          </reporter-output>
        </test-method> <!-- afterMethod -->
      </class> <!-- cases.TextAreaCase -->
      <class name="cases.RadioButtonCase">
        <test-method status="PASS" signature="beforeSuite(java.lang.String, java.lang.String, java.lang.String, java.lang.String)[pri:0, instance:cases.RadioButtonCase@50cbc42f]" name="beforeSuite" is-config="true" duration-ms="30" started-at="2018-07-29T18:53:59Z" finished-at="2018-07-29T18:53:59Z">
          <params>
            <param index="0">
              <value>
                <![CDATA[linux]]>
              </value>
            </param>
            <param index="1">
              <value>
                <![CDATA[localhost]]>
              </value>
            </param>
            <param index="2">
              <value>
                <![CDATA[chrome]]>
              </value>
            </param>
            <param index="3">
              <value>
                <![CDATA[10]]>
              </value>
            </param>
          </params>
          <reporter-output>
          </reporter-output>
        </test-method> <!-- beforeSuite -->
        <test-method status="PASS" signature="beforeClass()[pri:0, instance:cases.RadioButtonCase@50cbc42f]" name="beforeClass" is-config="true" duration-ms="1645" started-at="2018-07-29T18:54:07Z" finished-at="2018-07-29T18:54:08Z">
          <reporter-output>
          </reporter-output>
        </test-method> <!-- beforeClass -->
        <test-method status="PASS" signature="beforeTest()[pri:0, instance:cases.RadioButtonCase@50cbc42f]" name="beforeTest" is-config="true" duration-ms="0" started-at="2018-07-29T18:54:07Z" finished-at="2018-07-29T18:54:07Z">
          <reporter-output>
          </reporter-output>
        </test-method> <!-- beforeTest -->
        <test-method status="PASS" signature="beforeMethod()[pri:0, instance:cases.RadioButtonCase@50cbc42f]" name="beforeMethod" is-config="true" duration-ms="143" started-at="2018-07-29T18:54:08Z" finished-at="2018-07-29T18:54:09Z">
          <reporter-output>
          </reporter-output>
        </test-method> <!-- beforeMethod -->
        <test-method status="PASS" signature="radioChoiceA()[pri:0, instance:cases.RadioButtonCase@50cbc42f]" name="radioChoiceA" duration-ms="201" started-at="2018-07-29T18:54:09Z" finished-at="2018-07-29T18:54:09Z">
          <reporter-output>
          </reporter-output>
        </test-method> <!-- radioChoiceA -->
        <test-method status="PASS" signature="afterMethod()[pri:0, instance:cases.RadioButtonCase@50cbc42f]" name="afterMethod" is-config="true" duration-ms="1" started-at="2018-07-29T18:54:09Z" finished-at="2018-07-29T18:54:09Z">
          <reporter-output>
          </reporter-output>
        </test-method> <!-- afterMethod -->
        <test-method status="PASS" signature="beforeMethod()[pri:0, instance:cases.RadioButtonCase@50cbc42f]" name="beforeMethod" is-config="true" duration-ms="107" started-at="2018-07-29T18:54:09Z" finished-at="2018-07-29T18:54:09Z">
          <reporter-output>
          </reporter-output>
        </test-method> <!-- beforeMethod -->
        <test-method status="PASS" signature="radioChoiceB()[pri:0, instance:cases.RadioButtonCase@50cbc42f]" name="radioChoiceB" duration-ms="181" started-at="2018-07-29T18:54:09Z" finished-at="2018-07-29T18:54:09Z">
          <reporter-output>
          </reporter-output>
        </test-method> <!-- radioChoiceB -->
        <test-method status="PASS" signature="afterMethod()[pri:0, instance:cases.RadioButtonCase@50cbc42f]" name="afterMethod" is-config="true" duration-ms="0" started-at="2018-07-29T18:54:09Z" finished-at="2018-07-29T18:54:09Z">
          <reporter-output>
          </reporter-output>
        </test-method> <!-- afterMethod -->
        <test-method status="PASS" signature="beforeMethod()[pri:0, instance:cases.RadioButtonCase@50cbc42f]" name="beforeMethod" is-config="true" duration-ms="98" started-at="2018-07-29T18:54:09Z" finished-at="2018-07-29T18:54:09Z">
          <reporter-output>
          </reporter-output>
        </test-method> <!-- beforeMethod -->
        <test-method status="PASS" signature="radioChoiceC()[pri:0, instance:cases.RadioButtonCase@50cbc42f]" name="radioChoiceC" duration-ms="188" started-at="2018-07-29T18:54:09Z" finished-at="2018-07-29T18:54:09Z">
          <reporter-output>
          </reporter-output>
        </test-method> <!-- radioChoiceC -->
        <test-method status="PASS" signature="afterMethod()[pri:0, instance:cases.RadioButtonCase@50cbc42f]" name="afterMethod" is-config="true" duration-ms="0" started-at="2018-07-29T18:54:09Z" finished-at="2018-07-29T18:54:09Z">
          <reporter-output>
          </reporter-output>
        </test-method> <!-- afterMethod -->
        <test-method status="PASS" signature="beforeMethod()[pri:0, instance:cases.RadioButtonCase@50cbc42f]" name="beforeMethod" is-config="true" duration-ms="99" started-at="2018-07-29T18:54:09Z" finished-at="2018-07-29T18:54:09Z">
          <reporter-output>
          </reporter-output>
        </test-method> <!-- beforeMethod -->
        <test-method status="PASS" signature="radioDefault()[pri:0, instance:cases.RadioButtonCase@50cbc42f]" name="radioDefault" duration-ms="110" started-at="2018-07-29T18:54:09Z" finished-at="2018-07-29T18:54:10Z">
          <reporter-output>
          </reporter-output>
        </test-method> <!-- radioDefault -->
        <test-method status="PASS" signature="afterClass()[pri:0, instance:cases.RadioButtonCase@50cbc42f]" name="afterClass" is-config="true" duration-ms="63" started-at="2018-07-29T18:54:10Z" finished-at="2018-07-29T18:54:10Z">
          <reporter-output>
          </reporter-output>
        </test-method> <!-- afterClass -->
        <test-method status="PASS" signature="afterMethod()[pri:0, instance:cases.RadioButtonCase@50cbc42f]" name="afterMethod" is-config="true" duration-ms="0" started-at="2018-07-29T18:54:10Z" finished-at="2018-07-29T18:54:10Z">
          <reporter-output>
          </reporter-output>
        </test-method> <!-- afterMethod -->
        <test-method status="PASS" signature="afterTest()[pri:0, instance:cases.RadioButtonCase@50cbc42f]" name="afterTest" is-config="true" duration-ms="0" started-at="2018-07-29T18:54:16Z" finished-at="2018-07-29T18:54:16Z">
          <reporter-output>
          </reporter-output>
        </test-method> <!-- afterTest -->
        <test-method status="PASS" signature="afterSuite()[pri:0, instance:cases.RadioButtonCase@50cbc42f]" name="afterSuite" is-config="true" duration-ms="1" started-at="2018-07-29T18:54:16Z" finished-at="2018-07-29T18:54:16Z">
          <reporter-output>
          </reporter-output>
        </test-method> <!-- afterSuite -->
      </class> <!-- cases.RadioButtonCase -->
    </test> <!-- dynamic test 2 -->
  </suite> <!-- dynamic suite with linux/localhost/chrome/10 -->
  <suite name="dynamic suite with linux/dooper/firefox/10" duration-ms="13" started-at="2018-07-29T18:55:44Z" finished-at="2018-07-29T18:55:44Z">
    <groups>
    </groups>
    <test name="dynamic test 1" duration-ms="4" started-at="2018-07-29T18:55:44Z" finished-at="2018-07-29T18:55:44Z">
      <class name="cases.TextFieldCase">
        <test-method status="SKIP" signature="beforeMethod()[pri:0, instance:cases.TextFieldCase@5e025e70]" name="beforeMethod" is-config="true" duration-ms="0" started-at="2018-07-29T18:55:44Z" finished-at="2018-07-29T18:55:44Z">
          <reporter-output>
          </reporter-output>
        </test-method> <!-- beforeMethod -->
        <test-method status="SKIP" signature="testTextField()[pri:2, instance:cases.TextFieldCase@5e025e70]" name="testTextField" duration-ms="0" started-at="2018-07-29T18:55:44Z" finished-at="2018-07-29T18:55:44Z">
          <exception class="java.lang.NullPointerException">
            <full-stacktrace>
              <![CDATA[java.lang.NullPointerException
at bricks.PapaBless.beforeMethod(PapaBless.java:337)
at sun.reflect.GeneratedMethodAccessor1.invoke(Unknown Source)
at sun.reflect.DelegatingMethodAccessorImpl.invoke(DelegatingMethodAccessorImpl.java:43)
at java.lang.reflect.Method.invoke(Method.java:498)
at org.testng.internal.MethodInvocationHelper.invokeMethod(MethodInvocationHelper.java:124)
at org.testng.internal.MethodInvocationHelper.invokeMethodConsideringTimeout(MethodInvocationHelper.java:59)
at org.testng.internal.Invoker.invokeConfigurationMethod(Invoker.java:455)
at org.testng.internal.Invoker.invokeConfigurations(Invoker.java:222)
at org.testng.internal.Invoker.invokeMethod(Invoker.java:520)
at org.testng.internal.Invoker.invokeTestMethod(Invoker.java:716)
at org.testng.internal.Invoker.invokeTestMethods(Invoker.java:988)
at org.testng.internal.TestMethodWorker.invokeTestMethods(TestMethodWorker.java:125)
at org.testng.internal.TestMethodWorker.run(TestMethodWorker.java:109)
at org.testng.TestRunner.privateRun(TestRunner.java:648)
at org.testng.TestRunner.run(TestRunner.java:505)
at org.testng.SuiteRunner.runTest(SuiteRunner.java:455)
at org.testng.SuiteRunner.runSequentially(SuiteRunner.java:450)
at org.testng.SuiteRunner.privateRun(SuiteRunner.java:415)
at org.testng.SuiteRunner.run(SuiteRunner.java:364)
at org.testng.SuiteRunnerWorker.runSuite(SuiteRunnerWorker.java:52)
at org.testng.SuiteRunnerWorker.run(SuiteRunnerWorker.java:84)
at org.testng.TestNG.runSuitesSequentially(TestNG.java:1208)
at org.testng.TestNG.runSuitesLocally(TestNG.java:1137)
at org.testng.TestNG.runSuites(TestNG.java:1049)
at org.testng.TestNG.run(TestNG.java:1017)
at GrandpaBless.main(GrandpaBless.java:81)
]]>
            </full-stacktrace>
          </exception> <!-- java.lang.NullPointerException -->
          <reporter-output>
          </reporter-output>
        </test-method> <!-- testTextField -->
        <test-method status="SKIP" signature="beforeClass()[pri:0, instance:cases.TextFieldCase@5e025e70]" name="beforeClass" is-config="true" duration-ms="0" started-at="2018-07-29T18:55:44Z" finished-at="2018-07-29T18:55:44Z">
          <reporter-output>
          </reporter-output>
        </test-method> <!-- beforeClass -->
        <test-method status="SKIP" signature="afterMethod()[pri:0, instance:cases.TextFieldCase@5e025e70]" name="afterMethod" is-config="true" duration-ms="0" started-at="2018-07-29T18:55:44Z" finished-at="2018-07-29T18:55:44Z">
          <reporter-output>
          </reporter-output>
        </test-method> <!-- afterMethod -->
        <test-method status="SKIP" signature="afterClass()[pri:0, instance:cases.TextFieldCase@5e025e70]" name="afterClass" is-config="true" duration-ms="0" started-at="2018-07-29T18:55:44Z" finished-at="2018-07-29T18:55:44Z">
          <reporter-output>
          </reporter-output>
        </test-method> <!-- afterClass -->
        <test-method status="SKIP" signature="beforeMethod()[pri:0, instance:cases.TextFieldCase@5e025e70]" name="beforeMethod" is-config="true" duration-ms="0" started-at="2018-07-29T18:55:44Z" finished-at="2018-07-29T18:55:44Z">
          <reporter-output>
          </reporter-output>
        </test-method> <!-- beforeMethod -->
        <test-method status="SKIP" signature="intentionalFailTextField()[pri:2, instance:cases.TextFieldCase@5e025e70]" name="intentionalFailTextField" duration-ms="0" started-at="2018-07-29T18:55:44Z" finished-at="2018-07-29T18:55:44Z">
          <exception class="java.lang.NullPointerException">
            <full-stacktrace>
              <![CDATA[java.lang.NullPointerException
at bricks.PapaBless.beforeMethod(PapaBless.java:337)
at sun.reflect.GeneratedMethodAccessor1.invoke(Unknown Source)
at sun.reflect.DelegatingMethodAccessorImpl.invoke(DelegatingMethodAccessorImpl.java:43)
at java.lang.reflect.Method.invoke(Method.java:498)
at org.testng.internal.MethodInvocationHelper.invokeMethod(MethodInvocationHelper.java:124)
at org.testng.internal.MethodInvocationHelper.invokeMethodConsideringTimeout(MethodInvocationHelper.java:59)
at org.testng.internal.Invoker.invokeConfigurationMethod(Invoker.java:455)
at org.testng.internal.Invoker.invokeConfigurations(Invoker.java:222)
at org.testng.internal.Invoker.invokeMethod(Invoker.java:520)
at org.testng.internal.Invoker.invokeTestMethod(Invoker.java:716)
at org.testng.internal.Invoker.invokeTestMethods(Invoker.java:988)
at org.testng.internal.TestMethodWorker.invokeTestMethods(TestMethodWorker.java:125)
at org.testng.internal.TestMethodWorker.run(TestMethodWorker.java:109)
at org.testng.TestRunner.privateRun(TestRunner.java:648)
at org.testng.TestRunner.run(TestRunner.java:505)
at org.testng.SuiteRunner.runTest(SuiteRunner.java:455)
at org.testng.SuiteRunner.runSequentially(SuiteRunner.java:450)
at org.testng.SuiteRunner.privateRun(SuiteRunner.java:415)
at org.testng.SuiteRunner.run(SuiteRunner.java:364)
at org.testng.SuiteRunnerWorker.runSuite(SuiteRunnerWorker.java:52)
at org.testng.SuiteRunnerWorker.run(SuiteRunnerWorker.java:84)
at org.testng.TestNG.runSuitesSequentially(TestNG.java:1208)
at org.testng.TestNG.runSuitesLocally(TestNG.java:1137)
at org.testng.TestNG.runSuites(TestNG.java:1049)
at org.testng.TestNG.run(TestNG.java:1017)
at GrandpaBless.main(GrandpaBless.java:81)
]]>
            </full-stacktrace>
          </exception> <!-- java.lang.NullPointerException -->
          <reporter-output>
          </reporter-output>
        </test-method> <!-- intentionalFailTextField -->
        <test-method status="SKIP" signature="afterMethod()[pri:0, instance:cases.TextFieldCase@5e025e70]" name="afterMethod" is-config="true" duration-ms="0" started-at="2018-07-29T18:55:44Z" finished-at="2018-07-29T18:55:44Z">
          <reporter-output>
          </reporter-output>
        </test-method> <!-- afterMethod -->
      </class> <!-- cases.TextFieldCase -->
      <class name="cases.CheckBoxCase">
        <test-method status="PASS" signature="beforeTest()[pri:0, instance:cases.CheckBoxCase@11531931]" name="beforeTest" is-config="true" duration-ms="0" started-at="2018-07-29T18:55:44Z" finished-at="2018-07-29T18:55:44Z">
          <reporter-output>
          </reporter-output>
        </test-method> <!-- beforeTest -->
        <test-method status="SKIP" signature="beforeMethod()[pri:0, instance:cases.CheckBoxCase@11531931]" name="beforeMethod" is-config="true" duration-ms="0" started-at="2018-07-29T18:55:44Z" finished-at="2018-07-29T18:55:44Z">
          <reporter-output>
          </reporter-output>
        </test-method> <!-- beforeMethod -->
        <test-method status="PASS" signature="beforeClass()[pri:0, instance:cases.CheckBoxCase@11531931]" name="beforeClass" is-config="true" duration-ms="0" started-at="2018-07-29T18:55:44Z" finished-at="2018-07-29T18:55:44Z">
          <reporter-output>
          </reporter-output>
        </test-method> <!-- beforeClass -->
        <test-method status="SKIP" signature="checkBoxAll()[pri:2, instance:cases.CheckBoxCase@11531931]" name="checkBoxAll" duration-ms="0" started-at="2018-07-29T18:55:44Z" finished-at="2018-07-29T18:55:44Z">
          <exception class="java.lang.NullPointerException">
            <full-stacktrace>
              <![CDATA[java.lang.NullPointerException
at bricks.PapaBless.beforeMethod(PapaBless.java:337)
at sun.reflect.GeneratedMethodAccessor1.invoke(Unknown Source)
at sun.reflect.DelegatingMethodAccessorImpl.invoke(DelegatingMethodAccessorImpl.java:43)
at java.lang.reflect.Method.invoke(Method.java:498)
at org.testng.internal.MethodInvocationHelper.invokeMethod(MethodInvocationHelper.java:124)
at org.testng.internal.MethodInvocationHelper.invokeMethodConsideringTimeout(MethodInvocationHelper.java:59)
at org.testng.internal.Invoker.invokeConfigurationMethod(Invoker.java:455)
at org.testng.internal.Invoker.invokeConfigurations(Invoker.java:222)
at org.testng.internal.Invoker.invokeMethod(Invoker.java:520)
at org.testng.internal.Invoker.invokeTestMethod(Invoker.java:716)
at org.testng.internal.Invoker.invokeTestMethods(Invoker.java:988)
at org.testng.internal.TestMethodWorker.invokeTestMethods(TestMethodWorker.java:125)
at org.testng.internal.TestMethodWorker.run(TestMethodWorker.java:109)
at org.testng.TestRunner.privateRun(TestRunner.java:648)
at org.testng.TestRunner.run(TestRunner.java:505)
at org.testng.SuiteRunner.runTest(SuiteRunner.java:455)
at org.testng.SuiteRunner.runSequentially(SuiteRunner.java:450)
at org.testng.SuiteRunner.privateRun(SuiteRunner.java:415)
at org.testng.SuiteRunner.run(SuiteRunner.java:364)
at org.testng.SuiteRunnerWorker.runSuite(SuiteRunnerWorker.java:52)
at org.testng.SuiteRunnerWorker.run(SuiteRunnerWorker.java:84)
at org.testng.TestNG.runSuitesSequentially(TestNG.java:1208)
at org.testng.TestNG.runSuitesLocally(TestNG.java:1137)
at org.testng.TestNG.runSuites(TestNG.java:1049)
at org.testng.TestNG.run(TestNG.java:1017)
at GrandpaBless.main(GrandpaBless.java:81)
]]>
            </full-stacktrace>
          </exception> <!-- java.lang.NullPointerException -->
          <reporter-output>
          </reporter-output>
        </test-method> <!-- checkBoxAll -->
        <test-method status="SKIP" signature="afterMethod()[pri:0, instance:cases.CheckBoxCase@11531931]" name="afterMethod" is-config="true" duration-ms="0" started-at="2018-07-29T18:55:44Z" finished-at="2018-07-29T18:55:44Z">
          <reporter-output>
          </reporter-output>
        </test-method> <!-- afterMethod -->
        <test-method status="FAIL" signature="beforeMethod()[pri:0, instance:cases.CheckBoxCase@11531931]" name="beforeMethod" is-config="true" duration-ms="0" started-at="2018-07-29T18:55:44Z" finished-at="2018-07-29T18:55:44Z">
          <exception class="java.lang.NullPointerException">
            <full-stacktrace>
              <![CDATA[java.lang.NullPointerException
at bricks.PapaBless.beforeMethod(PapaBless.java:337)
at sun.reflect.GeneratedMethodAccessor1.invoke(Unknown Source)
at sun.reflect.DelegatingMethodAccessorImpl.invoke(DelegatingMethodAccessorImpl.java:43)
at java.lang.reflect.Method.invoke(Method.java:498)
at org.testng.internal.MethodInvocationHelper.invokeMethod(MethodInvocationHelper.java:124)
at org.testng.internal.MethodInvocationHelper.invokeMethodConsideringTimeout(MethodInvocationHelper.java:59)
at org.testng.internal.Invoker.invokeConfigurationMethod(Invoker.java:455)
at org.testng.internal.Invoker.invokeConfigurations(Invoker.java:222)
at org.testng.internal.Invoker.invokeMethod(Invoker.java:520)
at org.testng.internal.Invoker.invokeTestMethod(Invoker.java:716)
at org.testng.internal.Invoker.invokeTestMethods(Invoker.java:988)
at org.testng.internal.TestMethodWorker.invokeTestMethods(TestMethodWorker.java:125)
at org.testng.internal.TestMethodWorker.run(TestMethodWorker.java:109)
at org.testng.TestRunner.privateRun(TestRunner.java:648)
at org.testng.TestRunner.run(TestRunner.java:505)
at org.testng.SuiteRunner.runTest(SuiteRunner.java:455)
at org.testng.SuiteRunner.runSequentially(SuiteRunner.java:450)
at org.testng.SuiteRunner.privateRun(SuiteRunner.java:415)
at org.testng.SuiteRunner.run(SuiteRunner.java:364)
at org.testng.SuiteRunnerWorker.runSuite(SuiteRunnerWorker.java:52)
at org.testng.SuiteRunnerWorker.run(SuiteRunnerWorker.java:84)
at org.testng.TestNG.runSuitesSequentially(TestNG.java:1208)
at org.testng.TestNG.runSuitesLocally(TestNG.java:1137)
at org.testng.TestNG.runSuites(TestNG.java:1049)
at org.testng.TestNG.run(TestNG.java:1017)
at GrandpaBless.main(GrandpaBless.java:81)
]]>
            </full-stacktrace>
          </exception> <!-- java.lang.NullPointerException -->
          <reporter-output>
          </reporter-output>
        </test-method> <!-- beforeMethod -->
        <test-method status="SKIP" signature="checkBoxNone()[pri:2, instance:cases.CheckBoxCase@11531931]" name="checkBoxNone" duration-ms="0" started-at="2018-07-29T18:55:44Z" finished-at="2018-07-29T18:55:44Z">
          <exception class="java.lang.NullPointerException">
            <full-stacktrace>
              <![CDATA[java.lang.NullPointerException
at bricks.PapaBless.beforeMethod(PapaBless.java:337)
at sun.reflect.GeneratedMethodAccessor1.invoke(Unknown Source)
at sun.reflect.DelegatingMethodAccessorImpl.invoke(DelegatingMethodAccessorImpl.java:43)
at java.lang.reflect.Method.invoke(Method.java:498)
at org.testng.internal.MethodInvocationHelper.invokeMethod(MethodInvocationHelper.java:124)
at org.testng.internal.MethodInvocationHelper.invokeMethodConsideringTimeout(MethodInvocationHelper.java:59)
at org.testng.internal.Invoker.invokeConfigurationMethod(Invoker.java:455)
at org.testng.internal.Invoker.invokeConfigurations(Invoker.java:222)
at org.testng.internal.Invoker.invokeMethod(Invoker.java:520)
at org.testng.internal.Invoker.invokeTestMethod(Invoker.java:716)
at org.testng.internal.Invoker.invokeTestMethods(Invoker.java:988)
at org.testng.internal.TestMethodWorker.invokeTestMethods(TestMethodWorker.java:125)
at org.testng.internal.TestMethodWorker.run(TestMethodWorker.java:109)
at org.testng.TestRunner.privateRun(TestRunner.java:648)
at org.testng.TestRunner.run(TestRunner.java:505)
at org.testng.SuiteRunner.runTest(SuiteRunner.java:455)
at org.testng.SuiteRunner.runSequentially(SuiteRunner.java:450)
at org.testng.SuiteRunner.privateRun(SuiteRunner.java:415)
at org.testng.SuiteRunner.run(SuiteRunner.java:364)
at org.testng.SuiteRunnerWorker.runSuite(SuiteRunnerWorker.java:52)
at org.testng.SuiteRunnerWorker.run(SuiteRunnerWorker.java:84)
at org.testng.TestNG.runSuitesSequentially(TestNG.java:1208)
at org.testng.TestNG.runSuitesLocally(TestNG.java:1137)
at org.testng.TestNG.runSuites(TestNG.java:1049)
at org.testng.TestNG.run(TestNG.java:1017)
at GrandpaBless.main(GrandpaBless.java:81)
]]>
            </full-stacktrace>
          </exception> <!-- java.lang.NullPointerException -->
          <reporter-output>
          </reporter-output>
        </test-method> <!-- checkBoxNone -->
        <test-method status="SKIP" signature="afterMethod()[pri:0, instance:cases.CheckBoxCase@11531931]" name="afterMethod" is-config="true" duration-ms="0" started-at="2018-07-29T18:55:44Z" finished-at="2018-07-29T18:55:44Z">
          <reporter-output>
          </reporter-output>
        </test-method> <!-- afterMethod -->
        <test-method status="SKIP" signature="beforeMethod()[pri:0, instance:cases.CheckBoxCase@11531931]" name="beforeMethod" is-config="true" duration-ms="0" started-at="2018-07-29T18:55:44Z" finished-at="2018-07-29T18:55:44Z">
          <reporter-output>
          </reporter-output>
        </test-method> <!-- beforeMethod -->
        <test-method status="SKIP" signature="afterMethod()[pri:0, instance:cases.CheckBoxCase@11531931]" name="afterMethod" is-config="true" duration-ms="0" started-at="2018-07-29T18:55:44Z" finished-at="2018-07-29T18:55:44Z">
          <reporter-output>
          </reporter-output>
        </test-method> <!-- afterMethod -->
        <test-method status="SKIP" signature="beforeMethod()[pri:0, instance:cases.CheckBoxCase@11531931]" name="beforeMethod" is-config="true" duration-ms="0" started-at="2018-07-29T18:55:44Z" finished-at="2018-07-29T18:55:44Z">
          <reporter-output>
          </reporter-output>
        </test-method> <!-- beforeMethod -->
        <test-method status="SKIP" signature="afterMethod()[pri:0, instance:cases.CheckBoxCase@11531931]" name="afterMethod" is-config="true" duration-ms="0" started-at="2018-07-29T18:55:44Z" finished-at="2018-07-29T18:55:44Z">
          <reporter-output>
          </reporter-output>
[...]
at org.testng.internal.Invoker.invokeConfigurationMethod(Invoker.java:455)
at org.testng.internal.Invoker.invokeConfigurations(Invoker.java:222)
at org.testng.internal.Invoker.invokeConfigurations(Invoker.java:142)
at org.testng.internal.TestMethodWorker.invokeBeforeClassMethods(TestMethodWorker.java:168)
at org.testng.internal.TestMethodWorker.run(TestMethodWorker.java:105)
at org.testng.TestRunner.privateRun(TestRunner.java:648)
at org.testng.TestRunner.run(TestRunner.java:505)
at org.testng.SuiteRunner.runTest(SuiteRunner.java:455)
at org.testng.SuiteRunner.runSequentially(SuiteRunner.java:450)
at org.testng.SuiteRunner.privateRun(SuiteRunner.java:415)
at org.testng.SuiteRunner.run(SuiteRunner.java:364)
at org.testng.SuiteRunnerWorker.runSuite(SuiteRunnerWorker.java:52)
at org.testng.SuiteRunnerWorker.run(SuiteRunnerWorker.java:84)
at org.testng.TestNG.runSuitesSequentially(TestNG.java:1208)
at org.testng.TestNG.runSuitesLocally(TestNG.java:1137)
at org.testng.TestNG.runSuites(TestNG.java:1049)
at org.testng.TestNG.run(TestNG.java:1017)
at GrandpaBless.main(GrandpaBless.java:81)
]]>
            </full-stacktrace>
          </exception> <!-- java.lang.NullPointerException -->
          <reporter-output>
          </reporter-output>
        </test-method> <!-- textAreaWithEnter -->
        <test-method status="SKIP" signature="beforeClass()[pri:0, instance:cases.TextAreaCase@3c5a99da]" name="beforeClass" is-config="true" duration-ms="0" started-at="2018-07-29T18:55:44Z" finished-at="2018-07-29T18:55:44Z">
          <reporter-output>
          </reporter-output>
        </test-method> <!-- beforeClass -->
        <test-method status="SKIP" signature="beforeMethod()[pri:0, instance:cases.TextAreaCase@3c5a99da]" name="beforeMethod" is-config="true" duration-ms="0" started-at="2018-07-29T18:55:44Z" finished-at="2018-07-29T18:55:44Z">
          <reporter-output>
          </reporter-output>
        </test-method> <!-- beforeMethod -->
        <test-method status="SKIP" signature="textAreaLongString()[pri:0, instance:cases.TextAreaCase@3c5a99da]" name="textAreaLongString" duration-ms="0" started-at="2018-07-29T18:55:44Z" finished-at="2018-07-29T18:55:44Z">
          <exception class="java.lang.NullPointerException">
            <full-stacktrace>
              <![CDATA[java.lang.NullPointerException
at bricks.PapaBless.beforeClass(PapaBless.java:329)
at sun.reflect.GeneratedMethodAccessor3.invoke(Unknown Source)
at sun.reflect.DelegatingMethodAccessorImpl.invoke(DelegatingMethodAccessorImpl.java:43)
at java.lang.reflect.Method.invoke(Method.java:498)
at org.testng.internal.MethodInvocationHelper.invokeMethod(MethodInvocationHelper.java:124)
at org.testng.internal.MethodInvocationHelper.invokeMethodConsideringTimeout(MethodInvocationHelper.java:59)
at org.testng.internal.Invoker.invokeConfigurationMethod(Invoker.java:455)
at org.testng.internal.Invoker.invokeConfigurations(Invoker.java:222)
at org.testng.internal.Invoker.invokeConfigurations(Invoker.java:142)
at org.testng.internal.TestMethodWorker.invokeBeforeClassMethods(TestMethodWorker.java:168)
at org.testng.internal.TestMethodWorker.run(TestMethodWorker.java:105)
at org.testng.TestRunner.privateRun(TestRunner.java:648)
at org.testng.TestRunner.run(TestRunner.java:505)
at org.testng.SuiteRunner.runTest(SuiteRunner.java:455)
at org.testng.SuiteRunner.runSequentially(SuiteRunner.java:450)
at org.testng.SuiteRunner.privateRun(SuiteRunner.java:415)
at org.testng.SuiteRunner.run(SuiteRunner.java:364)
at org.testng.SuiteRunnerWorker.runSuite(SuiteRunnerWorker.java:52)
at org.testng.SuiteRunnerWorker.run(SuiteRunnerWorker.java:84)
at org.testng.TestNG.runSuitesSequentially(TestNG.java:1208)
at org.testng.TestNG.runSuitesLocally(TestNG.java:1137)
at org.testng.TestNG.runSuites(TestNG.java:1049)
at org.testng.TestNG.run(TestNG.java:1017)
at GrandpaBless.main(GrandpaBless.java:81)
]]>
            </full-stacktrace>
          </exception> <!-- java.lang.NullPointerException -->
          <reporter-output>
          </reporter-output>
        </test-method> <!-- textAreaLongString -->
      </class> <!-- cases.TextAreaCase -->
      <class name="cases.RadioButtonCase">
        <test-method status="PASS" signature="beforeSuite(java.lang.String, java.lang.String, java.lang.String, java.lang.String)[pri:0, instance:cases.RadioButtonCase@1b40d5f0]" name="beforeSuite" is-config="true" duration-ms="4" started-at="2018-07-29T18:55:44Z" finished-at="2018-07-29T18:55:44Z">
          <params>
            <param index="0">
              <value>
                <![CDATA[booper]]>
              </value>
            </param>
            <param index="1">
              <value>
                <![CDATA[192.168.0.7]]>
              </value>
            </param>
            <param index="2">
              <value>
                <![CDATA[firefox]]>
              </value>
            </param>
            <param index="3">
              <value>
                <![CDATA[10]]>
              </value>
            </param>
          </params>
          <reporter-output>
          </reporter-output>
        </test-method> <!-- beforeSuite -->
        <test-method status="PASS" signature="beforeTest()[pri:0, instance:cases.RadioButtonCase@1b40d5f0]" name="beforeTest" is-config="true" duration-ms="0" started-at="2018-07-29T18:55:44Z" finished-at="2018-07-29T18:55:44Z">
          <reporter-output>
          </reporter-output>
        </test-method> <!-- beforeTest -->
        <test-method status="FAIL" signature="beforeClass()[pri:0, instance:cases.RadioButtonCase@1b40d5f0]" name="beforeClass" is-config="true" duration-ms="6" started-at="2018-07-29T18:55:44Z" finished-at="2018-07-29T18:55:44Z">
          <exception class="java.lang.NullPointerException">
            <full-stacktrace>
              <![CDATA[java.lang.NullPointerException
at bricks.PapaBless.beforeClass(PapaBless.java:329)
at sun.reflect.GeneratedMethodAccessor3.invoke(Unknown Source)
at sun.reflect.DelegatingMethodAccessorImpl.invoke(DelegatingMethodAccessorImpl.java:43)
at java.lang.reflect.Method.invoke(Method.java:498)
at org.testng.internal.MethodInvocationHelper.invokeMethod(MethodInvocationHelper.java:124)
at org.testng.internal.MethodInvocationHelper.invokeMethodConsideringTimeout(MethodInvocationHelper.java:59)
at org.testng.internal.Invoker.invokeConfigurationMethod(Invoker.java:455)
at org.testng.internal.Invoker.invokeConfigurations(Invoker.java:222)
at org.testng.internal.Invoker.invokeConfigurations(Invoker.java:142)
at org.testng.internal.TestMethodWorker.invokeBeforeClassMethods(TestMethodWorker.java:168)
at org.testng.internal.TestMethodWorker.run(TestMethodWorker.java:105)
at org.testng.TestRunner.privateRun(TestRunner.java:648)
at org.testng.TestRunner.run(TestRunner.java:505)
at org.testng.SuiteRunner.runTest(SuiteRunner.java:455)
at org.testng.SuiteRunner.runSequentially(SuiteRunner.java:450)
at org.testng.SuiteRunner.privateRun(SuiteRunner.java:415)
at org.testng.SuiteRunner.run(SuiteRunner.java:364)
at org.testng.SuiteRunnerWorker.runSuite(SuiteRunnerWorker.java:52)
at org.testng.SuiteRunnerWorker.run(SuiteRunnerWorker.java:84)
at org.testng.TestNG.runSuitesSequentially(TestNG.java:1208)
at org.testng.TestNG.runSuitesLocally(TestNG.java:1137)
at org.testng.TestNG.runSuites(TestNG.java:1049)
at org.testng.TestNG.run(TestNG.java:1017)
at GrandpaBless.main(GrandpaBless.java:81)
]]>
            </full-stacktrace>
          </exception> <!-- java.lang.NullPointerException -->
          <reporter-output>
          </reporter-output>
        </test-method> <!-- beforeClass -->
        <test-method status="SKIP" signature="radioChoiceB()[pri:0, instance:cases.RadioButtonCase@1b40d5f0]" name="radioChoiceB" duration-ms="0" started-at="2018-07-29T18:55:44Z" finished-at="2018-07-29T18:55:44Z">
          <exception class="java.lang.NullPointerException">
            <full-stacktrace>
              <![CDATA[java.lang.NullPointerException
at bricks.PapaBless.beforeClass(PapaBless.java:329)
at sun.reflect.GeneratedMethodAccessor3.invoke(Unknown Source)
at sun.reflect.DelegatingMethodAccessorImpl.invoke(DelegatingMethodAccessorImpl.java:43)
at java.lang.reflect.Method.invoke(Method.java:498)
at org.testng.internal.MethodInvocationHelper.invokeMethod(MethodInvocationHelper.java:124)
at org.testng.internal.MethodInvocationHelper.invokeMethodConsideringTimeout(MethodInvocationHelper.java:59)
at org.testng.internal.Invoker.invokeConfigurationMethod(Invoker.java:455)
at org.testng.internal.Invoker.invokeConfigurations(Invoker.java:222)
at org.testng.internal.Invoker.invokeConfigurations(Invoker.java:142)
at org.testng.internal.TestMethodWorker.invokeBeforeClassMethods(TestMethodWorker.java:168)
at org.testng.internal.TestMethodWorker.run(TestMethodWorker.java:105)
at org.testng.TestRunner.privateRun(TestRunner.java:648)
at org.testng.TestRunner.run(TestRunner.java:505)
at org.testng.SuiteRunner.runTest(SuiteRunner.java:455)
at org.testng.SuiteRunner.runSequentially(SuiteRunner.java:450)
at org.testng.SuiteRunner.privateRun(SuiteRunner.java:415)
at org.testng.SuiteRunner.run(SuiteRunner.java:364)
at org.testng.SuiteRunnerWorker.runSuite(SuiteRunnerWorker.java:52)
at org.testng.SuiteRunnerWorker.run(SuiteRunnerWorker.java:84)
at org.testng.TestNG.runSuitesSequentially(TestNG.java:1208)
at org.testng.TestNG.runSuitesLocally(TestNG.java:1137)
at org.testng.TestNG.runSuites(TestNG.java:1049)
at org.testng.TestNG.run(TestNG.java:1017)
at GrandpaBless.main(GrandpaBless.java:81)
]]>
            </full-stacktrace>
          </exception> <!-- java.lang.NullPointerException -->
          <reporter-output>
          </reporter-output>
        </test-method> <!-- radioChoiceB -->
        <test-method status="SKIP" signature="afterMethod()[pri:0, instance:cases.RadioButtonCase@1b40d5f0]" name="afterMethod" is-config="true" duration-ms="0" started-at="2018-07-29T18:55:44Z" finished-at="2018-07-29T18:55:44Z">
          <reporter-output>
          </reporter-output>
        </test-method> <!-- afterMethod -->
        <test-method status="SKIP" signature="afterMethod()[pri:0, instance:cases.RadioButtonCase@1b40d5f0]" name="afterMethod" is-config="true" duration-ms="0" started-at="2018-07-29T18:55:44Z" finished-at="2018-07-29T18:55:44Z">
          <reporter-output>
          </reporter-output>
        </test-method> <!-- afterMethod -->
        <test-method status="SKIP" signature="beforeMethod()[pri:0, instance:cases.RadioButtonCase@1b40d5f0]" name="beforeMethod" is-config="true" duration-ms="0" started-at="2018-07-29T18:55:44Z" finished-at="2018-07-29T18:55:44Z">
          <reporter-output>
          </reporter-output>
        </test-method> <!-- beforeMethod -->
        <test-method status="SKIP" signature="beforeMethod()[pri:0, instance:cases.RadioButtonCase@1b40d5f0]" name="beforeMethod" is-config="true" duration-ms="0" started-at="2018-07-29T18:55:44Z" finished-at="2018-07-29T18:55:44Z">
          <reporter-output>
          </reporter-output>
        </test-method> <!-- beforeMethod -->
        <test-method status="SKIP" signature="radioChoiceA()[pri:0, instance:cases.RadioButtonCase@1b40d5f0]" name="radioChoiceA" duration-ms="0" started-at="2018-07-29T18:55:44Z" finished-at="2018-07-29T18:55:44Z">
          <exception class="java.lang.NullPointerException">
            <full-stacktrace>
              <![CDATA[java.lang.NullPointerException
at bricks.PapaBless.beforeClass(PapaBless.java:329)
at sun.reflect.GeneratedMethodAccessor3.invoke(Unknown Source)
at sun.reflect.DelegatingMethodAccessorImpl.invoke(DelegatingMethodAccessorImpl.java:43)
at java.lang.reflect.Method.invoke(Method.java:498)
at org.testng.internal.MethodInvocationHelper.invokeMethod(MethodInvocationHelper.java:124)
at org.testng.internal.MethodInvocationHelper.invokeMethodConsideringTimeout(MethodInvocationHelper.java:59)
at org.testng.internal.Invoker.invokeConfigurationMethod(Invoker.java:455)
at org.testng.internal.Invoker.invokeConfigurations(Invoker.java:222)
at org.testng.internal.Invoker.invokeConfigurations(Invoker.java:142)
at org.testng.internal.TestMethodWorker.invokeBeforeClassMethods(TestMethodWorker.java:168)
at org.testng.internal.TestMethodWorker.run(TestMethodWorker.java:105)
at org.testng.TestRunner.privateRun(TestRunner.java:648)
at org.testng.TestRunner.run(TestRunner.java:505)
at org.testng.SuiteRunner.runTest(SuiteRunner.java:455)
at org.testng.SuiteRunner.runSequentially(SuiteRunner.java:450)
at org.testng.SuiteRunner.privateRun(SuiteRunner.java:415)
at org.testng.SuiteRunner.run(SuiteRunner.java:364)
at org.testng.SuiteRunnerWorker.runSuite(SuiteRunnerWorker.java:52)
at org.testng.SuiteRunnerWorker.run(SuiteRunnerWorker.java:84)
at org.testng.TestNG.runSuitesSequentially(TestNG.java:1208)
at org.testng.TestNG.runSuitesLocally(TestNG.java:1137)
at org.testng.TestNG.runSuites(TestNG.java:1049)
at org.testng.TestNG.run(TestNG.java:1017)
at GrandpaBless.main(GrandpaBless.java:81)
]]>
            </full-stacktrace>
          </exception> <!-- java.lang.NullPointerException -->
          <reporter-output>
          </reporter-output>
        </test-method> <!-- radioChoiceA -->
        <test-method status="SKIP" signature="afterMethod()[pri:0, instance:cases.RadioButtonCase@1b40d5f0]" name="afterMethod" is-config="true" duration-ms="0" started-at="2018-07-29T18:55:44Z" finished-at="2018-07-29T18:55:44Z">
          <reporter-output>
          </reporter-output>
        </test-method> <!-- afterMethod -->
        <test-method status="SKIP" signature="beforeMethod()[pri:0, instance:cases.RadioButtonCase@1b40d5f0]" name="beforeMethod" is-config="true" duration-ms="0" started-at="2018-07-29T18:55:44Z" finished-at="2018-07-29T18:55:44Z">
          <reporter-output>
          </reporter-output>
        </test-method> <!-- beforeMethod -->
        <test-method status="SKIP" signature="radioChoiceC()[pri:0, instance:cases.RadioButtonCase@1b40d5f0]" name="radioChoiceC" duration-ms="0" started-at="2018-07-29T18:55:44Z" finished-at="2018-07-29T18:55:44Z">
          <exception class="java.lang.NullPointerException">
            <full-stacktrace>
              <![CDATA[java.lang.NullPointerException
at bricks.PapaBless.beforeClass(PapaBless.java:329)
at sun.reflect.GeneratedMethodAccessor3.invoke(Unknown Source)
at sun.reflect.DelegatingMethodAccessorImpl.invoke(DelegatingMethodAccessorImpl.java:43)
at java.lang.reflect.Method.invoke(Method.java:498)
at org.testng.internal.MethodInvocationHelper.invokeMethod(MethodInvocationHelper.java:124)
at org.testng.internal.MethodInvocationHelper.invokeMethodConsideringTimeout(MethodInvocationHelper.java:59)
at org.testng.internal.Invoker.invokeConfigurationMethod(Invoker.java:455)
at org.testng.internal.Invoker.invokeConfigurations(Invoker.java:222)
at org.testng.internal.Invoker.invokeConfigurations(Invoker.java:142)
at org.testng.internal.TestMethodWorker.invokeBeforeClassMethods(TestMethodWorker.java:168)
at org.testng.internal.TestMethodWorker.run(TestMethodWorker.java:105)
at org.testng.TestRunner.privateRun(TestRunner.java:648)
at org.testng.TestRunner.run(TestRunner.java:505)
at org.testng.SuiteRunner.runTest(SuiteRunner.java:455)
at org.testng.SuiteRunner.runSequentially(SuiteRunner.java:450)
at org.testng.SuiteRunner.privateRun(SuiteRunner.java:415)
at org.testng.SuiteRunner.run(SuiteRunner.java:364)
at org.testng.SuiteRunnerWorker.runSuite(SuiteRunnerWorker.java:52)
at org.testng.SuiteRunnerWorker.run(SuiteRunnerWorker.java:84)
at org.testng.TestNG.runSuitesSequentially(TestNG.java:1208)
at org.testng.TestNG.runSuitesLocally(TestNG.java:1137)
at org.testng.TestNG.runSuites(TestNG.java:1049)
at org.testng.TestNG.run(TestNG.java:1017)
at GrandpaBless.main(GrandpaBless.java:81)
]]>
            </full-stacktrace>
          </exception> <!-- java.lang.NullPointerException -->
          <reporter-output>
          </reporter-output>
        </test-method> <!-- radioChoiceC -->
        <test-method status="SKIP" signature="radioDefault()[pri:0, instance:cases.RadioButtonCase@1b40d5f0]" name="radioDefault" duration-ms="0" started-at="2018-07-29T18:55:44Z" finished-at="2018-07-29T18:55:44Z">
          <exception class="java.lang.NullPointerException">
            <full-stacktrace>
              <![CDATA[java.lang.NullPointerException
at bricks.PapaBless.beforeClass(PapaBless.java:329)
at sun.reflect.GeneratedMethodAccessor3.invoke(Unknown Source)
at sun.reflect.DelegatingMethodAccessorImpl.invoke(DelegatingMethodAccessorImpl.java:43)
at java.lang.reflect.Method.invoke(Method.java:498)
at org.testng.internal.MethodInvocationHelper.invokeMethod(MethodInvocationHelper.java:124)
at org.testng.internal.MethodInvocationHelper.invokeMethodConsideringTimeout(MethodInvocationHelper.java:59)
at org.testng.internal.Invoker.invokeConfigurationMethod(Invoker.java:455)
at org.testng.internal.Invoker.invokeConfigurations(Invoker.java:222)
at org.testng.internal.Invoker.invokeConfigurations(Invoker.java:142)
at org.testng.internal.TestMethodWorker.invokeBeforeClassMethods(TestMethodWorker.java:168)
at org.testng.internal.TestMethodWorker.run(TestMethodWorker.java:105)
at org.testng.TestRunner.privateRun(TestRunner.java:648)
at org.testng.TestRunner.run(TestRunner.java:505)
at org.testng.SuiteRunner.runTest(SuiteRunner.java:455)
at org.testng.SuiteRunner.runSequentially(SuiteRunner.java:450)
at org.testng.SuiteRunner.privateRun(SuiteRunner.java:415)
at org.testng.SuiteRunner.run(SuiteRunner.java:364)
at org.testng.SuiteRunnerWorker.runSuite(SuiteRunnerWorker.java:52)
at org.testng.SuiteRunnerWorker.run(SuiteRunnerWorker.java:84)
at org.testng.TestNG.runSuitesSequentially(TestNG.java:1208)
at org.testng.TestNG.runSuitesLocally(TestNG.java:1137)
at org.testng.TestNG.runSuites(TestNG.java:1049)
at org.testng.TestNG.run(TestNG.java:1017)
at GrandpaBless.main(GrandpaBless.java:81)
]]>
            </full-stacktrace>
          </exception> <!-- java.lang.NullPointerException -->
          <reporter-output>
          </reporter-output>
        </test-method> <!-- radioDefault -->
        <test-method status="SKIP" signature="beforeMethod()[pri:0, instance:cases.RadioButtonCase@1b40d5f0]" name="beforeMethod" is-config="true" duration-ms="0" started-at="2018-07-29T18:55:44Z" finished-at="2018-07-29T18:55:44Z">
          <reporter-output>
          </reporter-output>
        </test-method> <!-- beforeMethod -->
        <test-method status="SKIP" signature="afterClass()[pri:0, instance:cases.RadioButtonCase@1b40d5f0]" name="afterClass" is-config="true" duration-ms="0" started-at="2018-07-29T18:55:44Z" finished-at="2018-07-29T18:55:44Z">
          <reporter-output>
          </reporter-output>
        </test-method> <!-- afterClass -->
        <test-method status="SKIP" signature="afterMethod()[pri:0, instance:cases.RadioButtonCase@1b40d5f0]" name="afterMethod" is-config="true" duration-ms="0" started-at="2018-07-29T18:55:44Z" finished-at="2018-07-29T18:55:44Z">
          <reporter-output>
          </reporter-output>
        </test-method> <!-- afterMethod -->
        <test-method status="SKIP" signature="afterTest()[pri:0, instance:cases.RadioButtonCase@1b40d5f0]" name="afterTest" is-config="true" duration-ms="0" started-at="2018-07-29T18:55:44Z" finished-at="2018-07-29T18:55:44Z">
          <reporter-output>
          </reporter-output>
        </test-method> <!-- afterTest -->
        <test-method status="SKIP" signature="afterSuite()[pri:0, instance:cases.RadioButtonCase@1b40d5f0]" name="afterSuite" is-config="true" duration-ms="0" started-at="2018-07-29T18:55:44Z" finished-at="2018-07-29T18:55:44Z">
          <reporter-output>
          </reporter-output>
        </test-method> <!-- afterSuite -->
      </class> <!-- cases.RadioButtonCase -->
    </test> <!-- dynamic test 2 -->
  </suite> <!-- dynamic suite with booper/192.168.0.7/firefox/10 -->
</testng-results>
