<?xml version="1.0" encoding="UTF-8"?>
<testng-results skipped="0" failed="2" ignored="12" total="30" passed="16">
  <reporter-output>
  </reporter-output>
  <suite name="text and checkbox" duration-ms="34533" started-at="2017-11-04T06:54:24Z" finished-at="2017-11-04T06:54:58Z">
    <groups>
    </groups>
    <test name="text field and check box" duration-ms="14252" started-at="2017-11-04T06:54:24Z" finished-at="2017-11-04T06:54:38Z">
      <class name="cases.TextFieldCase">
        <test-method status="PASS" signature="beforeTest()[pri:0, instance:cases.TextFieldCase@57baeedf]" name="beforeTest" is-config="true" duration-ms="0" started-at="2017-11-04T01:54:24Z" finished-at="2017-11-04T01:54:24Z">
          <reporter-output>
          </reporter-output>
        </test-method> <!-- beforeTest -->
        <test-method status="PASS" signature="beforeClass()[pri:0, instance:cases.TextFieldCase@57baeedf]" name="beforeClass" is-config="true" duration-ms="3574" started-at="2017-11-04T01:54:24Z" finished-at="2017-11-04T01:54:27Z">
          <reporter-output>
          </reporter-output>
        </test-method> <!-- beforeClass -->
        <test-method status="PASS" signature="beforeMethod()[pri:0, instance:cases.TextFieldCase@57baeedf]" name="beforeMethod" is-config="true" duration-ms="297" started-at="2017-11-04T01:54:27Z" finished-at="2017-11-04T01:54:27Z">
          <reporter-output>
          </reporter-output>
        </test-method> <!-- beforeMethod -->
        <test-method status="FAIL" signature="intentionalFailTextField()[pri:2, instance:cases.TextFieldCase@57baeedf]" name="intentionalFailTextField" duration-ms="624" started-at="2017-11-04T01:54:27Z" finished-at="2017-11-04T01:54:28Z">
          <exception class="java.lang.AssertionError">
            <message>
              <![CDATA[expected [This should fail] but found [Please fail]]]>
            </message>
            <full-stacktrace>
              <![CDATA[java.lang.AssertionError: expected [This should fail] but found [Please fail]
	at org.testng.Assert.fail(Assert.java:93)
	at org.testng.Assert.failNotEquals(Assert.java:512)
	at org.testng.Assert.assertEqualsImpl(Assert.java:134)
	at org.testng.Assert.assertEquals(Assert.java:115)
	at org.testng.Assert.assertEquals(Assert.java:189)
	at org.testng.Assert.assertEquals(Assert.java:199)
	at cases.TextFieldCase.intentionalFailTextField(TextFieldCase.java:31)
	at sun.reflect.NativeMethodAccessorImpl.invoke0(Native Method)
	at sun.reflect.NativeMethodAccessorImpl.invoke(Unknown Source)
	at sun.reflect.DelegatingMethodAccessorImpl.invoke(Unknown Source)
	at java.lang.reflect.Method.invoke(Unknown Source)
	at org.testng.internal.MethodInvocationHelper.invokeMethod(MethodInvocationHelper.java:108)
	at org.testng.internal.Invoker.invokeMethod(Invoker.java:669)
	at org.testng.internal.Invoker.invokeTestMethod(Invoker.java:877)
	at org.testng.internal.Invoker.invokeTestMethods(Invoker.java:1201)
	at org.testng.internal.TestMethodWorker.invokeTestMethods(TestMethodWorker.java:125)
	at org.testng.internal.TestMethodWorker.run(TestMethodWorker.java:109)
	at org.testng.TestRunner.privateRun(TestRunner.java:776)
	at org.testng.TestRunner.run(TestRunner.java:634)
	at org.testng.SuiteRunner.runTest(SuiteRunner.java:425)
	at org.testng.SuiteRunner.runSequentially(SuiteRunner.java:420)
	at org.testng.SuiteRunner.privateRun(SuiteRunner.java:385)
	at org.testng.SuiteRunner.run(SuiteRunner.java:334)
	at org.testng.SuiteRunnerWorker.runSuite(SuiteRunnerWorker.java:52)
	at org.testng.SuiteRunnerWorker.run(SuiteRunnerWorker.java:86)
	at org.testng.TestNG.runSuitesSequentially(TestNG.java:1318)
	at org.testng.TestNG.runSuitesLocally(TestNG.java:1243)
	at org.testng.TestNG.runSuites(TestNG.java:1161)
	at org.testng.TestNG.run(TestNG.java:1129)
	at org.testng.remote.AbstractRemoteTestNG.run(AbstractRemoteTestNG.java:114)
	at org.testng.remote.RemoteTestNG.initAndRun(RemoteTestNG.java:251)
	at org.testng.remote.RemoteTestNG.main(RemoteTestNG.java:77)
]]>
            </full-stacktrace>
          </exception> <!-- java.lang.AssertionError -->
          <reporter-output>
          </reporter-output>
        </test-method> <!-- intentionalFailTextField -->
        <test-method status="PASS" signature="beforeMethod()[pri:0, instance:cases.TextFieldCase@57baeedf]" name="beforeMethod" is-config="true" duration-ms="313" started-at="2017-11-04T01:54:28Z" finished-at="2017-11-04T01:54:29Z">
          <reporter-output>
          </reporter-output>
        </test-method> <!-- beforeMethod -->
        <test-method status="PASS" signature="afterMethod()[pri:0, instance:cases.TextFieldCase@57baeedf]" name="afterMethod" is-config="true" duration-ms="0" started-at="2017-11-04T01:54:28Z" finished-at="2017-11-04T01:54:28Z">
          <reporter-output>
          </reporter-output>
        </test-method> <!-- afterMethod -->
        <test-method status="PASS" signature="testTextField()[pri:2, instance:cases.TextFieldCase@57baeedf]" name="testTextField" duration-ms="718" started-at="2017-11-04T01:54:29Z" finished-at="2017-11-04T01:54:29Z">
          <reporter-output>
          </reporter-output>
        </test-method> <!-- testTextField -->
        <test-method status="PASS" signature="afterClass()[pri:0, instance:cases.TextFieldCase@57baeedf]" name="afterClass" is-config="true" duration-ms="79" started-at="2017-11-04T01:54:29Z" finished-at="2017-11-04T01:54:30Z">
          <reporter-output>
          </reporter-output>
        </test-method> <!-- afterClass -->
        <test-method status="PASS" signature="afterMethod()[pri:0, instance:cases.TextFieldCase@57baeedf]" name="afterMethod" is-config="true" duration-ms="0" started-at="2017-11-04T01:54:29Z" finished-at="2017-11-04T01:54:29Z">
          <reporter-output>
          </reporter-output>
        </test-method> <!-- afterMethod -->
        <test-method status="PASS" signature="afterTest()[pri:0, instance:cases.TextFieldCase@57baeedf]" name="afterTest" is-config="true" duration-ms="0" started-at="2017-11-04T01:54:38Z" finished-at="2017-11-04T01:54:38Z">
          <reporter-output>
          </reporter-output>
        </test-method> <!-- afterTest -->
      </class> <!-- cases.TextFieldCase -->
      <class name="cases.CheckBoxCase">
        <test-method status="PASS" signature="beforeClass()[pri:0, instance:cases.CheckBoxCase@343f4d3d]" name="beforeClass" is-config="true" duration-ms="2902" started-at="2017-11-04T01:54:30Z" finished-at="2017-11-04T01:54:32Z">
          <reporter-output>
          </reporter-output>
        </test-method> <!-- beforeClass -->
        <test-method status="PASS" signature="beforeMethod()[pri:0, instance:cases.CheckBoxCase@343f4d3d]" name="beforeMethod" is-config="true" duration-ms="251" started-at="2017-11-04T01:54:32Z" finished-at="2017-11-04T01:54:33Z">
          <reporter-output>
          </reporter-output>
        </test-method> <!-- beforeMethod -->
        <test-method status="PASS" signature="checkBoxAll()[pri:2, instance:cases.CheckBoxCase@343f4d3d]" name="checkBoxAll" duration-ms="702" started-at="2017-11-04T01:54:33Z" finished-at="2017-11-04T01:54:33Z">
          <reporter-output>
          </reporter-output>
        </test-method> <!-- checkBoxAll -->
        <test-method status="PASS" signature="beforeMethod()[pri:0, instance:cases.CheckBoxCase@343f4d3d]" name="beforeMethod" is-config="true" duration-ms="203" started-at="2017-11-04T01:54:33Z" finished-at="2017-11-04T01:54:34Z">
          <reporter-output>
          </reporter-output>
        </test-method> <!-- beforeMethod -->
        <test-method status="PASS" signature="afterMethod()[pri:0, instance:cases.CheckBoxCase@343f4d3d]" name="afterMethod" is-config="true" duration-ms="0" started-at="2017-11-04T01:54:33Z" finished-at="2017-11-04T01:54:33Z">
          <reporter-output>
          </reporter-output>
        </test-method> <!-- afterMethod -->
        <test-method status="PASS" signature="checkBoxNone()[pri:2, instance:cases.CheckBoxCase@343f4d3d]" name="checkBoxNone" duration-ms="297" started-at="2017-11-04T01:54:34Z" finished-at="2017-11-04T01:54:34Z">
          <reporter-output>
          </reporter-output>
        </test-method> <!-- checkBoxNone -->
        <test-method status="PASS" signature="afterMethod()[pri:0, instance:cases.CheckBoxCase@343f4d3d]" name="afterMethod" is-config="true" duration-ms="0" started-at="2017-11-04T01:54:34Z" finished-at="2017-11-04T01:54:34Z">
          <reporter-output>
          </reporter-output>
        </test-method> <!-- afterMethod -->
        <test-method status="PASS" signature="beforeMethod()[pri:0, instance:cases.CheckBoxCase@343f4d3d]" name="beforeMethod" is-config="true" duration-ms="390" started-at="2017-11-04T01:54:34Z" finished-at="2017-11-04T01:54:34Z">
          <reporter-output>
          </reporter-output>
        </test-method> <!-- beforeMethod -->
        <test-method status="PASS" signature="checkBoxOneThree()[pri:2, instance:cases.CheckBoxCase@343f4d3d]" name="checkBoxOneThree" duration-ms="749" started-at="2017-11-04T01:54:34Z" finished-at="2017-11-04T01:54:35Z">
          <reporter-output>
          </reporter-output>
        </test-method> <!-- checkBoxOneThree -->
        <test-method status="PASS" signature="beforeMethod()[pri:0, instance:cases.CheckBoxCase@343f4d3d]" name="beforeMethod" is-config="true" duration-ms="235" started-at="2017-11-04T01:54:35Z" finished-at="2017-11-04T01:54:35Z">
          <reporter-output>
          </reporter-output>
        </test-method> <!-- beforeMethod -->
        <test-method status="PASS" signature="afterMethod()[pri:0, instance:cases.CheckBoxCase@343f4d3d]" name="afterMethod" is-config="true" duration-ms="0" started-at="2017-11-04T01:54:35Z" finished-at="2017-11-04T01:54:35Z">
          <reporter-output>
          </reporter-output>
        </test-method> <!-- afterMethod -->
        <test-method status="PASS" signature="checkBoxOneTwo()[pri:2, instance:cases.CheckBoxCase@343f4d3d]" name="checkBoxOneTwo" duration-ms="608" started-at="2017-11-04T01:54:35Z" finished-at="2017-11-04T01:54:36Z">
          <reporter-output>
          </reporter-output>
        </test-method> <!-- checkBoxOneTwo -->
        <test-method status="PASS" signature="afterMethod()[pri:0, instance:cases.CheckBoxCase@343f4d3d]" name="afterMethod" is-config="true" duration-ms="0" started-at="2017-11-04T01:54:36Z" finished-at="2017-11-04T01:54:36Z">
          <reporter-output>
          </reporter-output>
        </test-method> <!-- afterMethod -->
        <test-method status="PASS" signature="beforeMethod()[pri:0, instance:cases.CheckBoxCase@343f4d3d]" name="beforeMethod" is-config="true" duration-ms="266" started-at="2017-11-04T01:54:36Z" finished-at="2017-11-04T01:54:36Z">
          <reporter-output>
          </reporter-output>
        </test-method> <!-- beforeMethod -->
        <test-method status="PASS" signature="checkBoxTwoThree()[pri:2, instance:cases.CheckBoxCase@343f4d3d]" name="checkBoxTwoThree" duration-ms="531" started-at="2017-11-04T01:54:36Z" finished-at="2017-11-04T01:54:37Z">
          <reporter-output>
          </reporter-output>
        </test-method> <!-- checkBoxTwoThree -->
        <test-method status="PASS" signature="beforeMethod()[pri:0, instance:cases.CheckBoxCase@343f4d3d]" name="beforeMethod" is-config="true" duration-ms="203" started-at="2017-11-04T01:54:37Z" finished-at="2017-11-04T01:54:37Z">
          <reporter-output>
          </reporter-output>
        </test-method> <!-- beforeMethod -->
        <test-method status="PASS" signature="afterMethod()[pri:0, instance:cases.CheckBoxCase@343f4d3d]" name="afterMethod" is-config="true" duration-ms="0" started-at="2017-11-04T01:54:37Z" finished-at="2017-11-04T01:54:37Z">
          <reporter-output>
          </reporter-output>
        </test-method> <!-- afterMethod -->
        <test-method status="FAIL" signature="intentionalFailcheckBox()[pri:2, instance:cases.CheckBoxCase@343f4d3d]" name="intentionalFailcheckBox" duration-ms="499" started-at="2017-11-04T01:54:37Z" finished-at="2017-11-04T01:54:37Z">
          <exception class="java.lang.AssertionError">
            <full-stacktrace>
              <![CDATA[java.lang.AssertionError
	at org.junit.Assert.fail(Assert.java:86)
	at org.junit.Assert.assertTrue(Assert.java:41)
	at org.junit.Assert.assertTrue(Assert.java:52)
	at cases.CheckBoxCase.intentionalFailcheckBox(CheckBoxCase.java:58)
	at sun.reflect.NativeMethodAccessorImpl.invoke0(Native Method)
	at sun.reflect.NativeMethodAccessorImpl.invoke(Unknown Source)
	at sun.reflect.DelegatingMethodAccessorImpl.invoke(Unknown Source)
	at java.lang.reflect.Method.invoke(Unknown Source)
	at org.testng.internal.MethodInvocationHelper.invokeMethod(MethodInvocationHelper.java:108)
	at org.testng.internal.Invoker.invokeMethod(Invoker.java:669)
	at org.testng.internal.Invoker.invokeTestMethod(Invoker.java:877)
	at org.testng.internal.Invoker.invokeTestMethods(Invoker.java:1201)
	at org.testng.internal.TestMethodWorker.invokeTestMethods(TestMethodWorker.java:125)
	at org.testng.internal.TestMethodWorker.run(TestMethodWorker.java:109)
	at org.testng.TestRunner.privateRun(TestRunner.java:776)
	at org.testng.TestRunner.run(TestRunner.java:634)
	at org.testng.SuiteRunner.runTest(SuiteRunner.java:425)
	at org.testng.SuiteRunner.runSequentially(SuiteRunner.java:420)
	at org.testng.SuiteRunner.privateRun(SuiteRunner.java:385)
	at org.testng.SuiteRunner.run(SuiteRunner.java:334)
	at org.testng.SuiteRunnerWorker.runSuite(SuiteRunnerWorker.java:52)
	at org.testng.SuiteRunnerWorker.run(SuiteRunnerWorker.java:86)
	at org.testng.TestNG.runSuitesSequentially(TestNG.java:1318)
	at org.testng.TestNG.runSuitesLocally(TestNG.java:1243)
	at org.testng.TestNG.runSuites(TestNG.java:1161)
	at org.testng.TestNG.run(TestNG.java:1129)
	at org.testng.remote.AbstractRemoteTestNG.run(AbstractRemoteTestNG.java:114)
	at org.testng.remote.RemoteTestNG.initAndRun(RemoteTestNG.java:251)
	at org.testng.remote.RemoteTestNG.main(RemoteTestNG.java:77)
]]>
            </full-stacktrace>
          </exception> <!-- java.lang.AssertionError -->
          <reporter-output>
          </reporter-output>
        </test-method> <!-- intentionalFailcheckBox -->
        <test-method status="PASS" signature="afterMethod()[pri:0, instance:cases.CheckBoxCase@343f4d3d]" name="afterMethod" is-config="true" duration-ms="0" started-at="2017-11-04T01:54:38Z" finished-at="2017-11-04T01:54:38Z">
          <reporter-output>
          </reporter-output>
        </test-method> <!-- afterMethod -->
        <test-method status="PASS" signature="afterClass()[pri:0, instance:cases.CheckBoxCase@343f4d3d]" name="afterClass" is-config="true" duration-ms="109" started-at="2017-11-04T01:54:38Z" finished-at="2017-11-04T01:54:38Z">
          <reporter-output>
          </reporter-output>
        </test-method> <!-- afterClass -->
      </class> <!-- cases.CheckBoxCase -->
    </test> <!-- text field and check box -->
    <test name="everything else" duration-ms="20249" started-at="2017-11-04T06:54:38Z" finished-at="2017-11-04T06:54:58Z">
      <class name="cases.DropDownCase">
        <test-method status="PASS" signature="beforeClass()[pri:0, instance:cases.DropDownCase@5700d6b1]" name="beforeClass" is-config="true" duration-ms="2965" started-at="2017-11-04T01:54:44Z" finished-at="2017-11-04T01:54:47Z">
          <reporter-output>
          </reporter-output>
        </test-method> <!-- beforeClass -->
        <test-method status="PASS" signature="beforeMethod()[pri:0, instance:cases.DropDownCase@5700d6b1]" name="beforeMethod" is-config="true" duration-ms="266" started-at="2017-11-04T01:54:47Z" finished-at="2017-11-04T01:54:47Z">
          <reporter-output>
          </reporter-output>
        </test-method> <!-- beforeMethod -->
        <test-method status="PASS" signature="dropDownDefault()[pri:0, instance:cases.DropDownCase@5700d6b1]" name="dropDownDefault" duration-ms="421" started-at="2017-11-04T01:54:47Z" finished-at="2017-11-04T01:54:48Z">
          <reporter-output>
          </reporter-output>
        </test-method> <!-- dropDownDefault -->
        <test-method status="PASS" signature="beforeMethod()[pri:0, instance:cases.DropDownCase@5700d6b1]" name="beforeMethod" is-config="true" duration-ms="312" started-at="2017-11-04T01:54:48Z" finished-at="2017-11-04T01:54:48Z">
          <reporter-output>
          </reporter-output>
        </test-method> <!-- beforeMethod -->
        <test-method status="PASS" signature="afterMethod()[pri:0, instance:cases.DropDownCase@5700d6b1]" name="afterMethod" is-config="true" duration-ms="0" started-at="2017-11-04T01:54:48Z" finished-at="2017-11-04T01:54:48Z">
          <reporter-output>
          </reporter-output>
        </test-method> <!-- afterMethod -->
        <test-method status="PASS" signature="dropDownMustard()[pri:0, instance:cases.DropDownCase@5700d6b1]" name="dropDownMustard" duration-ms="890" started-at="2017-11-04T01:54:48Z" finished-at="2017-11-04T01:54:49Z">
          <reporter-output>
          </reporter-output>
        </test-method> <!-- dropDownMustard -->
        <test-method status="PASS" signature="afterMethod()[pri:0, instance:cases.DropDownCase@5700d6b1]" name="afterMethod" is-config="true" duration-ms="0" started-at="2017-11-04T01:54:49Z" finished-at="2017-11-04T01:54:49Z">
          <reporter-output>
          </reporter-output>
        </test-method> <!-- afterMethod -->
        <test-method status="PASS" signature="beforeMethod()[pri:0, instance:cases.DropDownCase@5700d6b1]" name="beforeMethod" is-config="true" duration-ms="374" started-at="2017-11-04T01:54:49Z" finished-at="2017-11-04T01:54:49Z">
          <reporter-output>
          </reporter-output>
        </test-method> <!-- beforeMethod -->
        <test-method status="PASS" signature="dropDownOnion()[pri:0, instance:cases.DropDownCase@5700d6b1]" name="dropDownOnion" duration-ms="923" started-at="2017-11-04T01:54:49Z" finished-at="2017-11-04T01:54:50Z">
          <reporter-output>
          </reporter-output>
        </test-method> <!-- dropDownOnion -->
        <test-method status="PASS" signature="afterMethod()[pri:0, instance:cases.DropDownCase@5700d6b1]" name="afterMethod" is-config="true" duration-ms="0" started-at="2017-11-04T01:54:50Z" finished-at="2017-11-04T01:54:50Z">
          <reporter-output>
          </reporter-output>
        </test-method> <!-- afterMethod -->
        <test-method status="PASS" signature="beforeMethod()[pri:0, instance:cases.DropDownCase@5700d6b1]" name="beforeMethod" is-config="true" duration-ms="265" started-at="2017-11-04T01:54:50Z" finished-at="2017-11-04T01:54:51Z">
          <reporter-output>
          </reporter-output>
        </test-method> <!-- beforeMethod -->
        <test-method status="PASS" signature="dropDownTomato()[pri:0, instance:cases.DropDownCase@5700d6b1]" name="dropDownTomato" duration-ms="875" started-at="2017-11-04T01:54:51Z" finished-at="2017-11-04T01:54:51Z">
          <reporter-output>
          </reporter-output>
        </test-method> <!-- dropDownTomato -->
        <test-method status="PASS" signature="afterMethod()[pri:0, instance:cases.DropDownCase@5700d6b1]" name="afterMethod" is-config="true" duration-ms="15" started-at="2017-11-04T01:54:51Z" finished-at="2017-11-04T01:54:51Z">
          <reporter-output>
          </reporter-output>
        </test-method> <!-- afterMethod -->
        <test-method status="PASS" signature="afterClass()[pri:0, instance:cases.DropDownCase@5700d6b1]" name="afterClass" is-config="true" duration-ms="109" started-at="2017-11-04T01:54:51Z" finished-at="2017-11-04T01:54:52Z">
          <reporter-output>
          </reporter-output>
        </test-method> <!-- afterClass -->
      </class> <!-- cases.DropDownCase -->
      <class name="cases.TextAreaCase">
        <test-method status="PASS" signature="beforeClass()[pri:0, instance:cases.TextAreaCase@6fd02e5]" name="beforeClass" is-config="true" duration-ms="2826" started-at="2017-11-04T01:54:52Z" finished-at="2017-11-04T01:54:54Z">
          <reporter-output>
          </reporter-output>
        </test-method> <!-- beforeClass -->
        <test-method status="PASS" signature="beforeMethod()[pri:0, instance:cases.TextAreaCase@6fd02e5]" name="beforeMethod" is-config="true" duration-ms="266" started-at="2017-11-04T01:54:54Z" finished-at="2017-11-04T01:54:55Z">
          <reporter-output>
          </reporter-output>
        </test-method> <!-- beforeMethod -->
        <test-method status="PASS" signature="textAreaLongString()[pri:0, instance:cases.TextAreaCase@6fd02e5]" name="textAreaLongString" duration-ms="1139" started-at="2017-11-04T01:54:55Z" finished-at="2017-11-04T01:54:56Z">
          <reporter-output>
          </reporter-output>
        </test-method> <!-- textAreaLongString -->
        <test-method status="PASS" signature="afterMethod()[pri:0, instance:cases.TextAreaCase@6fd02e5]" name="afterMethod" is-config="true" duration-ms="0" started-at="2017-11-04T01:54:56Z" finished-at="2017-11-04T01:54:56Z">
          <reporter-output>
          </reporter-output>
        </test-method> <!-- afterMethod -->
        <test-method status="PASS" signature="beforeMethod()[pri:0, instance:cases.TextAreaCase@6fd02e5]" name="beforeMethod" is-config="true" duration-ms="282" started-at="2017-11-04T01:54:56Z" finished-at="2017-11-04T01:54:56Z">
          <reporter-output>
          </reporter-output>
        </test-method> <!-- beforeMethod -->
        <test-method status="PASS" signature="textAreaWithEnter()[pri:0, instance:cases.TextAreaCase@6fd02e5]" name="textAreaWithEnter" duration-ms="2012" started-at="2017-11-04T01:54:56Z" finished-at="2017-11-04T01:54:58Z">
          <reporter-output>
          </reporter-output>
        </test-method> <!-- textAreaWithEnter -->
        <test-method status="PASS" signature="afterClass()[pri:0, instance:cases.TextAreaCase@6fd02e5]" name="afterClass" is-config="true" duration-ms="96" started-at="2017-11-04T01:54:58Z" finished-at="2017-11-04T01:54:58Z">
          <reporter-output>
          </reporter-output>
        </test-method> <!-- afterClass -->
        <test-method status="PASS" signature="afterMethod()[pri:0, instance:cases.TextAreaCase@6fd02e5]" name="afterMethod" is-config="true" duration-ms="0" started-at="2017-11-04T01:54:58Z" finished-at="2017-11-04T01:54:58Z">
          <reporter-output>
          </reporter-output>
        </test-method> <!-- afterMethod -->
      </class> <!-- cases.TextAreaCase -->
      <class name="cases.RadioButtonCase">
        <test-method status="PASS" signature="beforeSuite()[pri:0, instance:cases.RadioButtonCase@1ce92674]" name="beforeSuite" is-config="true" duration-ms="0" started-at="2017-11-04T01:54:24Z" finished-at="2017-11-04T01:54:24Z">
          <reporter-output>
          </reporter-output>
        </test-method> <!-- beforeSuite -->
        <test-method status="PASS" signature="beforeTest()[pri:0, instance:cases.RadioButtonCase@1ce92674]" name="beforeTest" is-config="true" duration-ms="0" started-at="2017-11-04T01:54:38Z" finished-at="2017-11-04T01:54:38Z">
          <reporter-output>
          </reporter-output>
        </test-method> <!-- beforeTest -->
        <test-method status="PASS" signature="beforeClass()[pri:0, instance:cases.RadioButtonCase@1ce92674]" name="beforeClass" is-config="true" duration-ms="2903" started-at="2017-11-04T01:54:38Z" finished-at="2017-11-04T01:54:41Z">
          <reporter-output>
          </reporter-output>
        </test-method> <!-- beforeClass -->
        <test-method status="PASS" signature="beforeMethod()[pri:0, instance:cases.RadioButtonCase@1ce92674]" name="beforeMethod" is-config="true" duration-ms="297" started-at="2017-11-04T01:54:41Z" finished-at="2017-11-04T01:54:41Z">
          <reporter-output>
          </reporter-output>
        </test-method> <!-- beforeMethod -->
        <test-method status="PASS" signature="radioChoiceA()[pri:0, instance:cases.RadioButtonCase@1ce92674]" name="radioChoiceA" duration-ms="546" started-at="2017-11-04T01:54:41Z" finished-at="2017-11-04T01:54:42Z">
          <reporter-output>
          </reporter-output>
        </test-method> <!-- radioChoiceA -->
        <test-method status="PASS" signature="afterMethod()[pri:0, instance:cases.RadioButtonCase@1ce92674]" name="afterMethod" is-config="true" duration-ms="0" started-at="2017-11-04T01:54:42Z" finished-at="2017-11-04T01:54:42Z">
          <reporter-output>
          </reporter-output>
        </test-method> <!-- afterMethod -->
        <test-method status="PASS" signature="beforeMethod()[pri:0, instance:cases.RadioButtonCase@1ce92674]" name="beforeMethod" is-config="true" duration-ms="374" started-at="2017-11-04T01:54:42Z" finished-at="2017-11-04T01:54:42Z">
          <reporter-output>
          </reporter-output>
        </test-method> <!-- beforeMethod -->
        <test-method status="PASS" signature="radioChoiceB()[pri:0, instance:cases.RadioButtonCase@1ce92674]" name="radioChoiceB" duration-ms="422" started-at="2017-11-04T01:54:42Z" finished-at="2017-11-04T01:54:42Z">
          <reporter-output>
          </reporter-output>
        </test-method> <!-- radioChoiceB -->
        <test-method status="PASS" signature="afterMethod()[pri:0, instance:cases.RadioButtonCase@1ce92674]" name="afterMethod" is-config="true" duration-ms="0" started-at="2017-11-04T01:54:42Z" finished-at="2017-11-04T01:54:42Z">
          <reporter-output>
          </reporter-output>
        </test-method> <!-- afterMethod -->
        <test-method status="PASS" signature="beforeMethod()[pri:0, instance:cases.RadioButtonCase@1ce92674]" name="beforeMethod" is-config="true" duration-ms="266" started-at="2017-11-04T01:54:42Z" finished-at="2017-11-04T01:54:43Z">
          <reporter-output>
          </reporter-output>
        </test-method> <!-- beforeMethod -->
        <test-method status="PASS" signature="radioChoiceC()[pri:0, instance:cases.RadioButtonCase@1ce92674]" name="radioChoiceC" duration-ms="608" started-at="2017-11-04T01:54:43Z" finished-at="2017-11-04T01:54:43Z">
          <reporter-output>
          </reporter-output>
        </test-method> <!-- radioChoiceC -->
        <test-method status="PASS" signature="beforeMethod()[pri:0, instance:cases.RadioButtonCase@1ce92674]" name="beforeMethod" is-config="true" duration-ms="282" started-at="2017-11-04T01:54:43Z" finished-at="2017-11-04T01:54:44Z">
          <reporter-output>
          </reporter-output>
        </test-method> <!-- beforeMethod -->
        <test-method status="PASS" signature="afterMethod()[pri:0, instance:cases.RadioButtonCase@1ce92674]" name="afterMethod" is-config="true" duration-ms="0" started-at="2017-11-04T01:54:43Z" finished-at="2017-11-04T01:54:43Z">
          <reporter-output>
          </reporter-output>
        </test-method> <!-- afterMethod -->
        <test-method status="PASS" signature="radioDefault()[pri:0, instance:cases.RadioButtonCase@1ce92674]" name="radioDefault" duration-ms="343" started-at="2017-11-04T01:54:44Z" finished-at="2017-11-04T01:54:44Z">
          <reporter-output>
          </reporter-output>
        </test-method> <!-- radioDefault -->
        <test-method status="PASS" signature="afterClass()[pri:0, instance:cases.RadioButtonCase@1ce92674]" name="afterClass" is-config="true" duration-ms="125" started-at="2017-11-04T01:54:44Z" finished-at="2017-11-04T01:54:44Z">
          <reporter-output>
          </reporter-output>
        </test-method> <!-- afterClass -->
        <test-method status="PASS" signature="afterMethod()[pri:0, instance:cases.RadioButtonCase@1ce92674]" name="afterMethod" is-config="true" duration-ms="0" started-at="2017-11-04T01:54:44Z" finished-at="2017-11-04T01:54:44Z">
          <reporter-output>
          </reporter-output>
        </test-method> <!-- afterMethod -->
        <test-method status="PASS" signature="afterTest()[pri:0, instance:cases.RadioButtonCase@1ce92674]" name="afterTest" is-config="true" duration-ms="0" started-at="2017-11-04T01:54:58Z" finished-at="2017-11-04T01:54:58Z">
          <reporter-output>
          </reporter-output>
        </test-method> <!-- afterTest -->
        <test-method status="PASS" signature="afterSuite()[pri:0, instance:cases.RadioButtonCase@1ce92674]" name="afterSuite" is-config="true" duration-ms="0" started-at="2017-11-04T01:54:58Z" finished-at="2017-11-04T01:54:58Z">
          <reporter-output>
          </reporter-output>
        </test-method> <!-- afterSuite -->
      </class> <!-- cases.RadioButtonCase -->
    </test> <!-- everything else -->
  </suite> <!-- text and checkbox -->
</testng-results>
