<?xml version="1.0" encoding="UTF-8"?>
<testng-results skipped="0" failed="2" ignored="12" total="30" passed="16">
  <reporter-output>
  </reporter-output>
  <suite name="text and checkbox" duration-ms="51818" started-at="2017-10-23T13:24:16Z" finished-at="2017-10-23T13:25:08Z">
    <groups>
    </groups>
    <test name="text field and check box" duration-ms="23801" started-at="2017-10-23T13:24:16Z" finished-at="2017-10-23T13:24:40Z">
      <class name="cases.TextFieldCase">
        <test-method status="PASS" signature="beforeTest()[pri:0, instance:cases.TextFieldCase@7cd62f43]" name="beforeTest" is-config="true" duration-ms="0" started-at="2017-10-23T08:24:16Z" finished-at="2017-10-23T08:24:16Z">
          <reporter-output>
          </reporter-output>
        </test-method> <!-- beforeTest -->
        <test-method status="PASS" signature="beforeClass()[pri:0, instance:cases.TextFieldCase@7cd62f43]" name="beforeClass" is-config="true" duration-ms="7799" started-at="2017-10-23T08:24:16Z" finished-at="2017-10-23T08:24:24Z">
          <reporter-output>
          </reporter-output>
        </test-method> <!-- beforeClass -->
        <test-method status="PASS" signature="beforeMethod()[pri:0, instance:cases.TextFieldCase@7cd62f43]" name="beforeMethod" is-config="true" duration-ms="657" started-at="2017-10-23T08:24:24Z" finished-at="2017-10-23T08:24:24Z">
          <reporter-output>
          </reporter-output>
        </test-method> <!-- beforeMethod -->
        <test-method status="FAIL" signature="intentionalFailTextField()[pri:2, instance:cases.TextFieldCase@7cd62f43]" name="intentionalFailTextField" duration-ms="1365" started-at="2017-10-23T08:24:24Z" finished-at="2017-10-23T08:24:26Z">
          <exception class="java.lang.AssertionError">
            <message>
              <![CDATA[expected [This should fail] but found [Please fail]]]>
            </message>
            <full-stacktrace>
              <![CDATA[java.lang.AssertionError: expected [This should fail] but found [Please fail]
	at org.testng.Assert.fail(Assert.java:93)
	at org.testng.Assert.failNotEquals(Assert.java:512)
	at org.testng.Assert.assertEqualsImpl(Assert.java:134)
	at org.testng.Assert.assertEquals(Assert.java:115)
	at org.testng.Assert.assertEquals(Assert.java:189)
	at org.testng.Assert.assertEquals(Assert.java:199)
	at cases.TextFieldCase.intentionalFailTextField(TextFieldCase.java:31)
	at sun.reflect.NativeMethodAccessorImpl.invoke0(Native Method)
	at sun.reflect.NativeMethodAccessorImpl.invoke(Unknown Source)
	at sun.reflect.DelegatingMethodAccessorImpl.invoke(Unknown Source)
	at java.lang.reflect.Method.invoke(Unknown Source)
	at org.testng.internal.MethodInvocationHelper.invokeMethod(MethodInvocationHelper.java:108)
	at org.testng.internal.Invoker.invokeMethod(Invoker.java:669)
	at org.testng.internal.Invoker.invokeTestMethod(Invoker.java:877)
	at org.testng.internal.Invoker.invokeTestMethods(Invoker.java:1201)
	at org.testng.internal.TestMethodWorker.invokeTestMethods(TestMethodWorker.java:125)
	at org.testng.internal.TestMethodWorker.run(TestMethodWorker.java:109)
	at org.testng.TestRunner.privateRun(TestRunner.java:776)
	at org.testng.TestRunner.run(TestRunner.java:634)
	at org.testng.SuiteRunner.runTest(SuiteRunner.java:425)
	at org.testng.SuiteRunner.runSequentially(SuiteRunner.java:420)
	at org.testng.SuiteRunner.privateRun(SuiteRunner.java:385)
	at org.testng.SuiteRunner.run(SuiteRunner.java:334)
	at org.testng.SuiteRunnerWorker.runSuite(SuiteRunnerWorker.java:52)
	at org.testng.SuiteRunnerWorker.run(SuiteRunnerWorker.java:86)
	at org.testng.TestNG.runSuitesSequentially(TestNG.java:1318)
	at org.testng.TestNG.runSuitesLocally(TestNG.java:1243)
	at org.testng.TestNG.runSuites(TestNG.java:1161)
	at org.testng.TestNG.run(TestNG.java:1129)
	at org.testng.remote.AbstractRemoteTestNG.run(AbstractRemoteTestNG.java:114)
	at org.testng.remote.RemoteTestNG.initAndRun(RemoteTestNG.java:251)
	at org.testng.remote.RemoteTestNG.main(RemoteTestNG.java:77)
]]>
            </full-stacktrace>
          </exception> <!-- java.lang.AssertionError -->
          <reporter-output>
          </reporter-output>
        </test-method> <!-- intentionalFailTextField -->
        <test-method status="PASS" signature="afterMethod()[pri:0, instance:cases.TextFieldCase@7cd62f43]" name="afterMethod" is-config="true" duration-ms="0" started-at="2017-10-23T08:24:26Z" finished-at="2017-10-23T08:24:26Z">
          <reporter-output>
          </reporter-output>
        </test-method> <!-- afterMethod -->
        <test-method status="PASS" signature="beforeMethod()[pri:0, instance:cases.TextFieldCase@7cd62f43]" name="beforeMethod" is-config="true" duration-ms="219" started-at="2017-10-23T08:24:26Z" finished-at="2017-10-23T08:24:26Z">
          <reporter-output>
          </reporter-output>
        </test-method> <!-- beforeMethod -->
        <test-method status="PASS" signature="testTextField()[pri:2, instance:cases.TextFieldCase@7cd62f43]" name="testTextField" duration-ms="301" started-at="2017-10-23T08:24:26Z" finished-at="2017-10-23T08:24:26Z">
          <reporter-output>
          </reporter-output>
        </test-method> <!-- testTextField -->
        <test-method status="PASS" signature="afterMethod()[pri:0, instance:cases.TextFieldCase@7cd62f43]" name="afterMethod" is-config="true" duration-ms="1" started-at="2017-10-23T08:24:26Z" finished-at="2017-10-23T08:24:26Z">
          <reporter-output>
          </reporter-output>
        </test-method> <!-- afterMethod -->
        <test-method status="PASS" signature="afterClass()[pri:0, instance:cases.TextFieldCase@7cd62f43]" name="afterClass" is-config="true" duration-ms="545" started-at="2017-10-23T08:24:26Z" finished-at="2017-10-23T08:24:27Z">
          <reporter-output>
          </reporter-output>
        </test-method> <!-- afterClass -->
        <test-method status="PASS" signature="afterTest()[pri:0, instance:cases.TextFieldCase@7cd62f43]" name="afterTest" is-config="true" duration-ms="1" started-at="2017-10-23T08:24:40Z" finished-at="2017-10-23T08:24:40Z">
          <reporter-output>
          </reporter-output>
        </test-method> <!-- afterTest -->
      </class> <!-- cases.TextFieldCase -->
      <class name="cases.CheckBoxCase">
        <test-method status="PASS" signature="beforeClass()[pri:0, instance:cases.CheckBoxCase@6d4b1c02]" name="beforeClass" is-config="true" duration-ms="6541" started-at="2017-10-23T08:24:27Z" finished-at="2017-10-23T08:24:33Z">
          <reporter-output>
          </reporter-output>
        </test-method> <!-- beforeClass -->
        <test-method status="PASS" signature="beforeMethod()[pri:0, instance:cases.CheckBoxCase@6d4b1c02]" name="beforeMethod" is-config="true" duration-ms="934" started-at="2017-10-23T08:24:33Z" finished-at="2017-10-23T08:24:34Z">
          <reporter-output>
          </reporter-output>
        </test-method> <!-- beforeMethod -->
        <test-method status="PASS" signature="checkBoxAll()[pri:2, instance:cases.CheckBoxCase@6d4b1c02]" name="checkBoxAll" duration-ms="974" started-at="2017-10-23T08:24:34Z" finished-at="2017-10-23T08:24:35Z">
          <reporter-output>
          </reporter-output>
        </test-method> <!-- checkBoxAll -->
        <test-method status="PASS" signature="afterMethod()[pri:0, instance:cases.CheckBoxCase@6d4b1c02]" name="afterMethod" is-config="true" duration-ms="0" started-at="2017-10-23T08:24:35Z" finished-at="2017-10-23T08:24:35Z">
          <reporter-output>
          </reporter-output>
        </test-method> <!-- afterMethod -->
        <test-method status="PASS" signature="beforeMethod()[pri:0, instance:cases.CheckBoxCase@6d4b1c02]" name="beforeMethod" is-config="true" duration-ms="202" started-at="2017-10-23T08:24:35Z" finished-at="2017-10-23T08:24:36Z">
          <reporter-output>
          </reporter-output>
        </test-method> <!-- beforeMethod -->
        <test-method status="PASS" signature="checkBoxNone()[pri:2, instance:cases.CheckBoxCase@6d4b1c02]" name="checkBoxNone" duration-ms="150" started-at="2017-10-23T08:24:36Z" finished-at="2017-10-23T08:24:36Z">
          <reporter-output>
          </reporter-output>
        </test-method> <!-- checkBoxNone -->
        <test-method status="PASS" signature="afterMethod()[pri:0, instance:cases.CheckBoxCase@6d4b1c02]" name="afterMethod" is-config="true" duration-ms="0" started-at="2017-10-23T08:24:36Z" finished-at="2017-10-23T08:24:36Z">
          <reporter-output>
          </reporter-output>
        </test-method> <!-- afterMethod -->
        <test-method status="PASS" signature="beforeMethod()[pri:0, instance:cases.CheckBoxCase@6d4b1c02]" name="beforeMethod" is-config="true" duration-ms="194" started-at="2017-10-23T08:24:36Z" finished-at="2017-10-23T08:24:36Z">
          <reporter-output>
          </reporter-output>
        </test-method> <!-- beforeMethod -->
        <test-method status="PASS" signature="checkBoxOneThree()[pri:2, instance:cases.CheckBoxCase@6d4b1c02]" name="checkBoxOneThree" duration-ms="711" started-at="2017-10-23T08:24:36Z" finished-at="2017-10-23T08:24:37Z">
          <reporter-output>
          </reporter-output>
        </test-method> <!-- checkBoxOneThree -->
        <test-method status="PASS" signature="afterMethod()[pri:0, instance:cases.CheckBoxCase@6d4b1c02]" name="afterMethod" is-config="true" duration-ms="0" started-at="2017-10-23T08:24:37Z" finished-at="2017-10-23T08:24:37Z">
          <reporter-output>
          </reporter-output>
        </test-method> <!-- afterMethod -->
        <test-method status="PASS" signature="beforeMethod()[pri:0, instance:cases.CheckBoxCase@6d4b1c02]" name="beforeMethod" is-config="true" duration-ms="171" started-at="2017-10-23T08:24:37Z" finished-at="2017-10-23T08:24:37Z">
          <reporter-output>
          </reporter-output>
        </test-method> <!-- beforeMethod -->
        <test-method status="PASS" signature="checkBoxOneTwo()[pri:2, instance:cases.CheckBoxCase@6d4b1c02]" name="checkBoxOneTwo" duration-ms="713" started-at="2017-10-23T08:24:37Z" finished-at="2017-10-23T08:24:37Z">
          <reporter-output>
          </reporter-output>
        </test-method> <!-- checkBoxOneTwo -->
        <test-method status="PASS" signature="afterMethod()[pri:0, instance:cases.CheckBoxCase@6d4b1c02]" name="afterMethod" is-config="true" duration-ms="1" started-at="2017-10-23T08:24:37Z" finished-at="2017-10-23T08:24:37Z">
          <reporter-output>
          </reporter-output>
        </test-method> <!-- afterMethod -->
        <test-method status="PASS" signature="beforeMethod()[pri:0, instance:cases.CheckBoxCase@6d4b1c02]" name="beforeMethod" is-config="true" duration-ms="206" started-at="2017-10-23T08:24:37Z" finished-at="2017-10-23T08:24:38Z">
          <reporter-output>
          </reporter-output>
        </test-method> <!-- beforeMethod -->
        <test-method status="PASS" signature="checkBoxTwoThree()[pri:2, instance:cases.CheckBoxCase@6d4b1c02]" name="checkBoxTwoThree" duration-ms="788" started-at="2017-10-23T08:24:38Z" finished-at="2017-10-23T08:24:38Z">
          <reporter-output>
          </reporter-output>
        </test-method> <!-- checkBoxTwoThree -->
        <test-method status="PASS" signature="afterMethod()[pri:0, instance:cases.CheckBoxCase@6d4b1c02]" name="afterMethod" is-config="true" duration-ms="0" started-at="2017-10-23T08:24:38Z" finished-at="2017-10-23T08:24:38Z">
          <reporter-output>
          </reporter-output>
        </test-method> <!-- afterMethod -->
        <test-method status="PASS" signature="beforeMethod()[pri:0, instance:cases.CheckBoxCase@6d4b1c02]" name="beforeMethod" is-config="true" duration-ms="193" started-at="2017-10-23T08:24:38Z" finished-at="2017-10-23T08:24:39Z">
          <reporter-output>
          </reporter-output>
        </test-method> <!-- beforeMethod -->
        <test-method status="FAIL" signature="intentionalFailcheckBox()[pri:2, instance:cases.CheckBoxCase@6d4b1c02]" name="intentionalFailcheckBox" duration-ms="705" started-at="2017-10-23T08:24:39Z" finished-at="2017-10-23T08:24:39Z">
          <exception class="java.lang.AssertionError">
            <full-stacktrace>
              <![CDATA[java.lang.AssertionError
	at org.junit.Assert.fail(Assert.java:86)
	at org.junit.Assert.assertTrue(Assert.java:41)
	at org.junit.Assert.assertTrue(Assert.java:52)
	at cases.CheckBoxCase.intentionalFailcheckBox(CheckBoxCase.java:58)
	at sun.reflect.NativeMethodAccessorImpl.invoke0(Native Method)
	at sun.reflect.NativeMethodAccessorImpl.invoke(Unknown Source)
	at sun.reflect.DelegatingMethodAccessorImpl.invoke(Unknown Source)
	at java.lang.reflect.Method.invoke(Unknown Source)
	at org.testng.internal.MethodInvocationHelper.invokeMethod(MethodInvocationHelper.java:108)
	at org.testng.internal.Invoker.invokeMethod(Invoker.java:669)
	at org.testng.internal.Invoker.invokeTestMethod(Invoker.java:877)
	at org.testng.internal.Invoker.invokeTestMethods(Invoker.java:1201)
	at org.testng.internal.TestMethodWorker.invokeTestMethods(TestMethodWorker.java:125)
	at org.testng.internal.TestMethodWorker.run(TestMethodWorker.java:109)
	at org.testng.TestRunner.privateRun(TestRunner.java:776)
	at org.testng.TestRunner.run(TestRunner.java:634)
	at org.testng.SuiteRunner.runTest(SuiteRunner.java:425)
	at org.testng.SuiteRunner.runSequentially(SuiteRunner.java:420)
	at org.testng.SuiteRunner.privateRun(SuiteRunner.java:385)
	at org.testng.SuiteRunner.run(SuiteRunner.java:334)
	at org.testng.SuiteRunnerWorker.runSuite(SuiteRunnerWorker.java:52)
	at org.testng.SuiteRunnerWorker.run(SuiteRunnerWorker.java:86)
	at org.testng.TestNG.runSuitesSequentially(TestNG.java:1318)
	at org.testng.TestNG.runSuitesLocally(TestNG.java:1243)
	at org.testng.TestNG.runSuites(TestNG.java:1161)
	at org.testng.TestNG.run(TestNG.java:1129)
	at org.testng.remote.AbstractRemoteTestNG.run(AbstractRemoteTestNG.java:114)
	at org.testng.remote.RemoteTestNG.initAndRun(RemoteTestNG.java:251)
	at org.testng.remote.RemoteTestNG.main(RemoteTestNG.java:77)
]]>
            </full-stacktrace>
          </exception> <!-- java.lang.AssertionError -->
          <reporter-output>
          </reporter-output>
        </test-method> <!-- intentionalFailcheckBox -->
        <test-method status="PASS" signature="afterClass()[pri:0, instance:cases.CheckBoxCase@6d4b1c02]" name="afterClass" is-config="true" duration-ms="240" started-at="2017-10-23T08:24:39Z" finished-at="2017-10-23T08:24:40Z">
          <reporter-output>
          </reporter-output>
        </test-method> <!-- afterClass -->
        <test-method status="PASS" signature="afterMethod()[pri:0, instance:cases.CheckBoxCase@6d4b1c02]" name="afterMethod" is-config="true" duration-ms="0" started-at="2017-10-23T08:24:39Z" finished-at="2017-10-23T08:24:39Z">
          <reporter-output>
          </reporter-output>
        </test-method> <!-- afterMethod -->
      </class> <!-- cases.CheckBoxCase -->
    </test> <!-- text field and check box -->
    <test name="everything else" duration-ms="27996" started-at="2017-10-23T13:24:40Z" finished-at="2017-10-23T13:25:08Z">
      <class name="cases.DropDownCase">
        <test-method status="PASS" signature="beforeClass()[pri:0, instance:cases.DropDownCase@6500df86]" name="beforeClass" is-config="true" duration-ms="5937" started-at="2017-10-23T08:24:49Z" finished-at="2017-10-23T08:24:55Z">
          <reporter-output>
          </reporter-output>
        </test-method> <!-- beforeClass -->
        <test-method status="PASS" signature="beforeMethod()[pri:0, instance:cases.DropDownCase@6500df86]" name="beforeMethod" is-config="true" duration-ms="919" started-at="2017-10-23T08:24:55Z" finished-at="2017-10-23T08:24:56Z">
          <reporter-output>
          </reporter-output>
        </test-method> <!-- beforeMethod -->
        <test-method status="PASS" signature="dropDownDefault()[pri:0, instance:cases.DropDownCase@6500df86]" name="dropDownDefault" duration-ms="229" started-at="2017-10-23T08:24:56Z" finished-at="2017-10-23T08:24:57Z">
          <reporter-output>
          </reporter-output>
        </test-method> <!-- dropDownDefault -->
        <test-method status="PASS" signature="afterMethod()[pri:0, instance:cases.DropDownCase@6500df86]" name="afterMethod" is-config="true" duration-ms="0" started-at="2017-10-23T08:24:57Z" finished-at="2017-10-23T08:24:57Z">
          <reporter-output>
          </reporter-output>
        </test-method> <!-- afterMethod -->
        <test-method status="PASS" signature="beforeMethod()[pri:0, instance:cases.DropDownCase@6500df86]" name="beforeMethod" is-config="true" duration-ms="194" started-at="2017-10-23T08:24:57Z" finished-at="2017-10-23T08:24:57Z">
          <reporter-output>
          </reporter-output>
        </test-method> <!-- beforeMethod -->
        <test-method status="PASS" signature="dropDownMustard()[pri:0, instance:cases.DropDownCase@6500df86]" name="dropDownMustard" duration-ms="344" started-at="2017-10-23T08:24:57Z" finished-at="2017-10-23T08:24:57Z">
          <reporter-output>
          </reporter-output>
        </test-method> <!-- dropDownMustard -->
        <test-method status="PASS" signature="afterMethod()[pri:0, instance:cases.DropDownCase@6500df86]" name="afterMethod" is-config="true" duration-ms="0" started-at="2017-10-23T08:24:57Z" finished-at="2017-10-23T08:24:57Z">
          <reporter-output>
          </reporter-output>
        </test-method> <!-- afterMethod -->
        <test-method status="PASS" signature="beforeMethod()[pri:0, instance:cases.DropDownCase@6500df86]" name="beforeMethod" is-config="true" duration-ms="186" started-at="2017-10-23T08:24:57Z" finished-at="2017-10-23T08:24:57Z">
          <reporter-output>
          </reporter-output>
        </test-method> <!-- beforeMethod -->
        <test-method status="PASS" signature="dropDownOnion()[pri:0, instance:cases.DropDownCase@6500df86]" name="dropDownOnion" duration-ms="532" started-at="2017-10-23T08:24:57Z" finished-at="2017-10-23T08:24:58Z">
          <reporter-output>
          </reporter-output>
        </test-method> <!-- dropDownOnion -->
        <test-method status="PASS" signature="afterMethod()[pri:0, instance:cases.DropDownCase@6500df86]" name="afterMethod" is-config="true" duration-ms="0" started-at="2017-10-23T08:24:58Z" finished-at="2017-10-23T08:24:58Z">
          <reporter-output>
          </reporter-output>
        </test-method> <!-- afterMethod -->
        <test-method status="PASS" signature="beforeMethod()[pri:0, instance:cases.DropDownCase@6500df86]" name="beforeMethod" is-config="true" duration-ms="181" started-at="2017-10-23T08:24:58Z" finished-at="2017-10-23T08:24:58Z">
          <reporter-output>
          </reporter-output>
        </test-method> <!-- beforeMethod -->
        <test-method status="PASS" signature="dropDownTomato()[pri:0, instance:cases.DropDownCase@6500df86]" name="dropDownTomato" duration-ms="557" started-at="2017-10-23T08:24:58Z" finished-at="2017-10-23T08:24:59Z">
          <reporter-output>
          </reporter-output>
        </test-method> <!-- dropDownTomato -->
        <test-method status="PASS" signature="afterMethod()[pri:0, instance:cases.DropDownCase@6500df86]" name="afterMethod" is-config="true" duration-ms="1" started-at="2017-10-23T08:24:59Z" finished-at="2017-10-23T08:24:59Z">
          <reporter-output>
          </reporter-output>
        </test-method> <!-- afterMethod -->
        <test-method status="PASS" signature="afterClass()[pri:0, instance:cases.DropDownCase@6500df86]" name="afterClass" is-config="true" duration-ms="245" started-at="2017-10-23T08:24:59Z" finished-at="2017-10-23T08:24:59Z">
          <reporter-output>
          </reporter-output>
        </test-method> <!-- afterClass -->
      </class> <!-- cases.DropDownCase -->
      <class name="cases.TextAreaCase">
        <test-method status="PASS" signature="beforeClass()[pri:0, instance:cases.TextAreaCase@402a079c]" name="beforeClass" is-config="true" duration-ms="6363" started-at="2017-10-23T08:24:59Z" finished-at="2017-10-23T08:25:05Z">
          <reporter-output>
          </reporter-output>
        </test-method> <!-- beforeClass -->
        <test-method status="PASS" signature="beforeMethod()[pri:0, instance:cases.TextAreaCase@402a079c]" name="beforeMethod" is-config="true" duration-ms="1089" started-at="2017-10-23T08:25:05Z" finished-at="2017-10-23T08:25:06Z">
          <reporter-output>
          </reporter-output>
        </test-method> <!-- beforeMethod -->
        <test-method status="PASS" signature="textAreaLongString()[pri:0, instance:cases.TextAreaCase@402a079c]" name="textAreaLongString" duration-ms="433" started-at="2017-10-23T08:25:06Z" finished-at="2017-10-23T08:25:07Z">
          <reporter-output>
          </reporter-output>
        </test-method> <!-- textAreaLongString -->
        <test-method status="PASS" signature="afterMethod()[pri:0, instance:cases.TextAreaCase@402a079c]" name="afterMethod" is-config="true" duration-ms="0" started-at="2017-10-23T08:25:07Z" finished-at="2017-10-23T08:25:07Z">
          <reporter-output>
          </reporter-output>
        </test-method> <!-- afterMethod -->
        <test-method status="PASS" signature="beforeMethod()[pri:0, instance:cases.TextAreaCase@402a079c]" name="beforeMethod" is-config="true" duration-ms="190" started-at="2017-10-23T08:25:07Z" finished-at="2017-10-23T08:25:07Z">
          <reporter-output>
          </reporter-output>
        </test-method> <!-- beforeMethod -->
        <test-method status="PASS" signature="textAreaWithEnter()[pri:0, instance:cases.TextAreaCase@402a079c]" name="textAreaWithEnter" duration-ms="565" started-at="2017-10-23T08:25:07Z" finished-at="2017-10-23T08:25:07Z">
          <reporter-output>
          </reporter-output>
        </test-method> <!-- textAreaWithEnter -->
        <test-method status="PASS" signature="afterMethod()[pri:0, instance:cases.TextAreaCase@402a079c]" name="afterMethod" is-config="true" duration-ms="0" started-at="2017-10-23T08:25:07Z" finished-at="2017-10-23T08:25:07Z">
          <reporter-output>
          </reporter-output>
        </test-method> <!-- afterMethod -->
        <test-method status="PASS" signature="afterClass()[pri:0, instance:cases.TextAreaCase@402a079c]" name="afterClass" is-config="true" duration-ms="261" started-at="2017-10-23T08:25:07Z" finished-at="2017-10-23T08:25:08Z">
          <reporter-output>
          </reporter-output>
        </test-method> <!-- afterClass -->
      </class> <!-- cases.TextAreaCase -->
      <class name="cases.RadioButtonCase">
        <test-method status="PASS" signature="beforeSuite()[pri:0, instance:cases.RadioButtonCase@42dafa95]" name="beforeSuite" is-config="true" duration-ms="10" started-at="2017-10-23T08:24:16Z" finished-at="2017-10-23T08:24:16Z">
          <reporter-output>
          </reporter-output>
        </test-method> <!-- beforeSuite -->
        <test-method status="PASS" signature="beforeClass()[pri:0, instance:cases.RadioButtonCase@42dafa95]" name="beforeClass" is-config="true" duration-ms="6388" started-at="2017-10-23T08:24:40Z" finished-at="2017-10-23T08:24:46Z">
          <reporter-output>
          </reporter-output>
        </test-method> <!-- beforeClass -->
        <test-method status="PASS" signature="beforeTest()[pri:0, instance:cases.RadioButtonCase@42dafa95]" name="beforeTest" is-config="true" duration-ms="0" started-at="2017-10-23T08:24:40Z" finished-at="2017-10-23T08:24:40Z">
          <reporter-output>
          </reporter-output>
        </test-method> <!-- beforeTest -->
        <test-method status="PASS" signature="beforeMethod()[pri:0, instance:cases.RadioButtonCase@42dafa95]" name="beforeMethod" is-config="true" duration-ms="1070" started-at="2017-10-23T08:24:46Z" finished-at="2017-10-23T08:24:47Z">
          <reporter-output>
          </reporter-output>
        </test-method> <!-- beforeMethod -->
        <test-method status="PASS" signature="radioChoiceA()[pri:0, instance:cases.RadioButtonCase@42dafa95]" name="radioChoiceA" duration-ms="503" started-at="2017-10-23T08:24:47Z" finished-at="2017-10-23T08:24:48Z">
          <reporter-output>
          </reporter-output>
        </test-method> <!-- radioChoiceA -->
        <test-method status="PASS" signature="afterMethod()[pri:0, instance:cases.RadioButtonCase@42dafa95]" name="afterMethod" is-config="true" duration-ms="0" started-at="2017-10-23T08:24:48Z" finished-at="2017-10-23T08:24:48Z">
          <reporter-output>
          </reporter-output>
        </test-method> <!-- afterMethod -->
        <test-method status="PASS" signature="beforeMethod()[pri:0, instance:cases.RadioButtonCase@42dafa95]" name="beforeMethod" is-config="true" duration-ms="193" started-at="2017-10-23T08:24:48Z" finished-at="2017-10-23T08:24:48Z">
          <reporter-output>
          </reporter-output>
        </test-method> <!-- beforeMethod -->
        <test-method status="PASS" signature="radioChoiceB()[pri:0, instance:cases.RadioButtonCase@42dafa95]" name="radioChoiceB" duration-ms="413" started-at="2017-10-23T08:24:48Z" finished-at="2017-10-23T08:24:48Z">
          <reporter-output>
          </reporter-output>
        </test-method> <!-- radioChoiceB -->
        <test-method status="PASS" signature="afterMethod()[pri:0, instance:cases.RadioButtonCase@42dafa95]" name="afterMethod" is-config="true" duration-ms="0" started-at="2017-10-23T08:24:48Z" finished-at="2017-10-23T08:24:48Z">
          <reporter-output>
          </reporter-output>
        </test-method> <!-- afterMethod -->
        <test-method status="PASS" signature="beforeMethod()[pri:0, instance:cases.RadioButtonCase@42dafa95]" name="beforeMethod" is-config="true" duration-ms="184" started-at="2017-10-23T08:24:48Z" finished-at="2017-10-23T08:24:48Z">
          <reporter-output>
          </reporter-output>
        </test-method> <!-- beforeMethod -->
        <test-method status="PASS" signature="radioChoiceC()[pri:0, instance:cases.RadioButtonCase@42dafa95]" name="radioChoiceC" duration-ms="443" started-at="2017-10-23T08:24:48Z" finished-at="2017-10-23T08:24:49Z">
          <reporter-output>
          </reporter-output>
        </test-method> <!-- radioChoiceC -->
        <test-method status="PASS" signature="afterMethod()[pri:0, instance:cases.RadioButtonCase@42dafa95]" name="afterMethod" is-config="true" duration-ms="1" started-at="2017-10-23T08:24:49Z" finished-at="2017-10-23T08:24:49Z">
          <reporter-output>
          </reporter-output>
        </test-method> <!-- afterMethod -->
        <test-method status="PASS" signature="beforeMethod()[pri:0, instance:cases.RadioButtonCase@42dafa95]" name="beforeMethod" is-config="true" duration-ms="172" started-at="2017-10-23T08:24:49Z" finished-at="2017-10-23T08:24:49Z">
          <reporter-output>
          </reporter-output>
        </test-method> <!-- beforeMethod -->
        <test-method status="PASS" signature="radioDefault()[pri:0, instance:cases.RadioButtonCase@42dafa95]" name="radioDefault" duration-ms="139" started-at="2017-10-23T08:24:49Z" finished-at="2017-10-23T08:24:49Z">
          <reporter-output>
          </reporter-output>
        </test-method> <!-- radioDefault -->
        <test-method status="PASS" signature="afterClass()[pri:0, instance:cases.RadioButtonCase@42dafa95]" name="afterClass" is-config="true" duration-ms="242" started-at="2017-10-23T08:24:49Z" finished-at="2017-10-23T08:24:49Z">
          <reporter-output>
          </reporter-output>
        </test-method> <!-- afterClass -->
        <test-method status="PASS" signature="afterMethod()[pri:0, instance:cases.RadioButtonCase@42dafa95]" name="afterMethod" is-config="true" duration-ms="0" started-at="2017-10-23T08:24:49Z" finished-at="2017-10-23T08:24:49Z">
          <reporter-output>
          </reporter-output>
        </test-method> <!-- afterMethod -->
        <test-method status="PASS" signature="afterTest()[pri:0, instance:cases.RadioButtonCase@42dafa95]" name="afterTest" is-config="true" duration-ms="0" started-at="2017-10-23T08:25:08Z" finished-at="2017-10-23T08:25:08Z">
          <reporter-output>
          </reporter-output>
        </test-method> <!-- afterTest -->
        <test-method status="PASS" signature="afterSuite()[pri:0, instance:cases.RadioButtonCase@42dafa95]" name="afterSuite" is-config="true" duration-ms="0" started-at="2017-10-23T08:25:08Z" finished-at="2017-10-23T08:25:08Z">
          <reporter-output>
          </reporter-output>
        </test-method> <!-- afterSuite -->
      </class> <!-- cases.RadioButtonCase -->
    </test> <!-- everything else -->
  </suite> <!-- text and checkbox -->
</testng-results>
