<?xml version="1.0" encoding="UTF-8"?>
<testng-results skipped="18" failed="0" ignored="16" total="34" passed="0">
  <reporter-output>
    <line>
      <![CDATA[Unable to create new service: ChromeDriverService
Build info: version: '3.14.0', revision: 'aacccce0', time: '2018-08-02T20:13:22.693Z'
System info: host: 'linux-ThinkPad-E460', ip: '127.0.1.1', os.name: 'Linux', os.arch: 'amd64', os.version: '4.15.0-30-generic', java.version: '1.8.0_171'
Driver info: driver.version: unknown
Command duration or timeout: 209 milliseconds]]>
    </line>
    <line>
      <![CDATA[Unable to create new service: ChromeDriverService
Build info: version: '3.14.0', revision: 'aacccce0', time: '2018-08-02T20:13:22.693Z'
System info: host: 'linux-ThinkPad-E460', ip: '127.0.1.1', os.name: 'Linux', os.arch: 'amd64', os.version: '4.15.0-30-generic', java.version: '1.8.0_171'
Driver info: driver.version: unknown
Command duration or timeout: 209 milliseconds]]>
    </line>
    <line>
      <![CDATA[Unable to create new service: ChromeDriverService
Build info: version: '3.14.0', revision: 'aacccce0', time: '2018-08-02T20:13:22.693Z'
System info: host: 'linux-ThinkPad-E460', ip: '127.0.1.1', os.name: 'Linux', os.arch: 'amd64', os.version: '4.15.0-30-generic', java.version: '1.8.0_171'
Driver info: driver.version: unknown
Command duration or timeout: 209 milliseconds]]>
    </line>
    <line>
      <![CDATA[Unable to create new service: ChromeDriverService
Build info: version: '3.14.0', revision: 'aacccce0', time: '2018-08-02T20:13:22.693Z'
System info: host: 'linux-ThinkPad-E460', ip: '127.0.1.1', os.name: 'Linux', os.arch: 'amd64', os.version: '4.15.0-30-generic', java.version: '1.8.0_171'
Driver info: driver.version: unknown
Command duration or timeout: 209 milliseconds]]>
    </line>
    <line>
      <![CDATA[Unable to create new service: ChromeDriverService
Build info: version: '3.14.0', revision: 'aacccce0', time: '2018-08-02T20:13:22.693Z'
System info: host: 'linux-ThinkPad-E460', ip: '127.0.1.1', os.name: 'Linux', os.arch: 'amd64', os.version: '4.15.0-30-generic', java.version: '1.8.0_171'
Driver info: driver.version: unknown
Command duration or timeout: 209 milliseconds]]>
    </line>
    <line>
      <![CDATA[Unable to create new service: ChromeDriverService
Build info: version: '3.14.0', revision: 'aacccce0', time: '2018-08-02T20:13:22.693Z'
System info: host: 'linux-ThinkPad-E460', ip: '127.0.1.1', os.name: 'Linux', os.arch: 'amd64', os.version: '4.15.0-30-generic', java.version: '1.8.0_171'
Driver info: driver.version: unknown
Command duration or timeout: 209 milliseconds]]>
    </line>
    <line>
      <![CDATA[Unable to create new service: ChromeDriverService
Build info: version: '3.14.0', revision: 'aacccce0', time: '2018-08-02T20:13:22.693Z'
System info: host: 'linux-ThinkPad-E460', ip: '127.0.1.1', os.name: 'Linux', os.arch: 'amd64', os.version: '4.15.0-30-generic', java.version: '1.8.0_171'
Driver info: driver.version: unknown
Command duration or timeout: 209 milliseconds]]>
    </line>
    <line>
      <![CDATA[Unable to create new service: ChromeDriverService
Build info: version: '3.14.0', revision: 'aacccce0', time: '2018-08-02T20:13:22.693Z'
System info: host: 'linux-ThinkPad-E460', ip: '127.0.1.1', os.name: 'Linux', os.arch: 'amd64', os.version: '4.15.0-30-generic', java.version: '1.8.0_171'
Driver info: driver.version: unknown
Command duration or timeout: 209 milliseconds]]>
    </line>
    <line>
      <![CDATA[Unable to create new service: ChromeDriverService
Build info: version: '3.14.0', revision: 'aacccce0', time: '2018-08-02T20:13:22.693Z'
System info: host: 'linux-ThinkPad-E460', ip: '127.0.1.1', os.name: 'Linux', os.arch: 'amd64', os.version: '4.15.0-30-generic', java.version: '1.8.0_171'
Driver info: driver.version: unknown
Command duration or timeout: 209 milliseconds]]>
    </line>
    <line>
      <![CDATA[Unable to create new service: ChromeDriverService
Build info: version: '3.14.0', revision: 'aacccce0', time: '2018-08-02T20:13:22.693Z'
System info: host: 'linux-ThinkPad-E460', ip: '127.0.1.1', os.name: 'Linux', os.arch: 'amd64', os.version: '4.15.0-30-generic', java.version: '1.8.0_171'
Driver info: driver.version: unknown
Command duration or timeout: 209 milliseconds]]>
    </line>
    <line>
      <![CDATA[Unable to create new service: ChromeDriverService
Build info: version: '3.14.0', revision: 'aacccce0', time: '2018-08-02T20:13:22.693Z'
System info: host: 'linux-ThinkPad-E460', ip: '127.0.1.1', os.name: 'Linux', os.arch: 'amd64', os.version: '4.15.0-30-generic', java.version: '1.8.0_171'
Driver info: driver.version: unknown
Command duration or timeout: 209 milliseconds]]>
    </line>
    <line>
      <![CDATA[Unable to create new service: ChromeDriverService
Build info: version: '3.14.0', revision: 'aacccce0', time: '2018-08-02T20:13:22.693Z'
System info: host: 'linux-ThinkPad-E460', ip: '127.0.1.1', os.name: 'Linux', os.arch: 'amd64', os.version: '4.15.0-30-generic', java.version: '1.8.0_171'
Driver info: driver.version: unknown
Command duration or timeout: 209 milliseconds]]>
    </line>
    <line>
      <![CDATA[Unable to create new service: ChromeDriverService
Build info: version: '3.14.0', revision: 'aacccce0', time: '2018-08-02T20:13:22.693Z'
System info: host: 'linux-ThinkPad-E460', ip: '127.0.1.1', os.name: 'Linux', os.arch: 'amd64', os.version: '4.15.0-30-generic', java.version: '1.8.0_171'
Driver info: driver.version: unknown
Command duration or timeout: 209 milliseconds]]>
    </line>
    <line>
      <![CDATA[Unable to create new service: ChromeDriverService
Build info: version: '3.14.0', revision: 'aacccce0', time: '2018-08-02T20:13:22.693Z'
System info: host: 'linux-ThinkPad-E460', ip: '127.0.1.1', os.name: 'Linux', os.arch: 'amd64', os.version: '4.15.0-30-generic', java.version: '1.8.0_171'
Driver info: driver.version: unknown
Command duration or timeout: 209 milliseconds]]>
    </line>
    <line>
      <![CDATA[Unable to create new service: ChromeDriverService
Build info: version: '3.14.0', revision: 'aacccce0', time: '2018-08-02T20:13:22.693Z'
System info: host: 'linux-ThinkPad-E460', ip: '127.0.1.1', os.name: 'Linux', os.arch: 'amd64', os.version: '4.15.0-30-generic', java.version: '1.8.0_171'
Driver info: driver.version: unknown
Command duration or timeout: 209 milliseconds]]>
    </line>
    <line>
      <![CDATA[Unable to create new service: ChromeDriverService
Build info: version: '3.14.0', revision: 'aacccce0', time: '2018-08-02T20:13:22.693Z'
System info: host: 'linux-ThinkPad-E460', ip: '127.0.1.1', os.name: 'Linux', os.arch: 'amd64', os.version: '4.15.0-30-generic', java.version: '1.8.0_171'
Driver info: driver.version: unknown
Command duration or timeout: 209 milliseconds]]>
    </line>
    <line>
      <![CDATA[Unable to create new service: ChromeDriverService
Build info: version: '3.14.0', revision: 'aacccce0', time: '2018-08-02T20:13:22.693Z'
System info: host: 'linux-ThinkPad-E460', ip: '127.0.1.1', os.name: 'Linux', os.arch: 'amd64', os.version: '4.15.0-30-generic', java.version: '1.8.0_171'
Driver info: driver.version: unknown
Command duration or timeout: 209 milliseconds]]>
    </line>
    <line>
      <![CDATA[Unable to create new service: ChromeDriverService
Build info: version: '3.14.0', revision: 'aacccce0', time: '2018-08-02T20:13:22.693Z'
System info: host: 'linux-ThinkPad-E460', ip: '127.0.1.1', os.name: 'Linux', os.arch: 'amd64', os.version: '4.15.0-30-generic', java.version: '1.8.0_171'
Driver info: driver.version: unknown
Command duration or timeout: 209 milliseconds]]>
    </line>
  </reporter-output>
  <suite name="21Aug2018 03:05:25 PM linux/172.23.0.136/chrome/35" duration-ms="739" started-at="2018-08-21T20:05:25Z" finished-at="2018-08-21T20:05:26Z">
    <groups>
    </groups>
    <test name="dynamic test with packages" duration-ms="739" started-at="2018-08-21T20:05:25Z" finished-at="2018-08-21T20:05:26Z">
      <class name="cases.TextFieldCase">
        <test-method status="SKIP" signature="afterMethod()[pri:0, instance:cases.TextFieldCase@4566e5bd]" name="afterMethod" is-config="true" duration-ms="0" started-at="2018-08-21T20:05:26Z" finished-at="2018-08-21T20:05:26Z">
          <reporter-output>
          </reporter-output>
        </test-method> <!-- afterMethod -->
        <test-method status="SKIP" signature="beforeMethod(org.testng.ITestResult)[pri:0, instance:cases.TextFieldCase@4566e5bd]" name="beforeMethod" is-config="true" duration-ms="0" started-at="2018-08-21T20:05:26Z" finished-at="2018-08-21T20:05:26Z">
          <reporter-output>
          </reporter-output>
        </test-method> <!-- beforeMethod -->
        <test-method status="SKIP" signature="beforeClass()[pri:0, instance:cases.TextFieldCase@4566e5bd]" name="beforeClass" is-config="true" duration-ms="0" started-at="2018-08-21T20:05:26Z" finished-at="2018-08-21T20:05:26Z">
          <reporter-output>
          </reporter-output>
        </test-method> <!-- beforeClass -->
        <test-method status="SKIP" signature="beforeMethod(org.testng.ITestResult)[pri:0, instance:cases.TextFieldCase@4566e5bd]" name="beforeMethod" is-config="true" duration-ms="0" started-at="2018-08-21T20:05:26Z" finished-at="2018-08-21T20:05:26Z">
          <reporter-output>
          </reporter-output>
        </test-method> <!-- beforeMethod -->
        <test-method status="SKIP" signature="testTextField()[pri:2, instance:cases.TextFieldCase@4566e5bd]" name="testTextField" duration-ms="0" started-at="2018-08-21T20:05:26Z" finished-at="2018-08-21T20:05:26Z">
          <exception class="java.lang.NullPointerException">
            <full-stacktrace>
              <![CDATA[java.lang.NullPointerException
at bricks.PapaBless.beforeMethod(PapaBless.java:345)
at sun.reflect.NativeMethodAccessorImpl.invoke0(Native Method)
at sun.reflect.NativeMethodAccessorImpl.invoke(NativeMethodAccessorImpl.java:62)
at sun.reflect.DelegatingMethodAccessorImpl.invoke(DelegatingMethodAccessorImpl.java:43)
at java.lang.reflect.Method.invoke(Method.java:498)
at org.testng.internal.MethodInvocationHelper.invokeMethod(MethodInvocationHelper.java:124)
at org.testng.internal.MethodInvocationHelper.invokeMethodConsideringTimeout(MethodInvocationHelper.java:59)
at org.testng.internal.Invoker.invokeConfigurationMethod(Invoker.java:455)
at org.testng.internal.Invoker.invokeConfigurations(Invoker.java:222)
at org.testng.internal.Invoker.invokeMethod(Invoker.java:520)
at org.testng.internal.Invoker.invokeTestMethod(Invoker.java:716)
at org.testng.internal.Invoker.invokeTestMethods(Invoker.java:988)
at org.testng.internal.TestMethodWorker.invokeTestMethods(TestMethodWorker.java:125)
at org.testng.internal.TestMethodWorker.run(TestMethodWorker.java:109)
at org.testng.TestRunner.privateRun(TestRunner.java:648)
at org.testng.TestRunner.run(TestRunner.java:505)
at org.testng.SuiteRunner.runTest(SuiteRunner.java:455)
at org.testng.SuiteRunner.runSequentially(SuiteRunner.java:450)
at org.testng.SuiteRunner.privateRun(SuiteRunner.java:415)
at org.testng.SuiteRunner.run(SuiteRunner.java:364)
at org.testng.SuiteRunnerWorker.runSuite(SuiteRunnerWorker.java:52)
at org.testng.SuiteRunnerWorker.run(SuiteRunnerWorker.java:84)
at org.testng.TestNG.runSuitesSequentially(TestNG.java:1208)
at org.testng.TestNG.runSuitesLocally(TestNG.java:1137)
at org.testng.TestNG.runSuites(TestNG.java:1049)
at org.testng.TestNG.run(TestNG.java:1017)
at GrandpaBless.main(GrandpaBless.java:232)
]]>
            </full-stacktrace>
          </exception> <!-- java.lang.NullPointerException -->
          <reporter-output>
            <line>
              <![CDATA[Unable to create new service: ChromeDriverService
Build info: version: '3.14.0', revision: 'aacccce0', time: '2018-08-02T20:13:22.693Z'
System info: host: 'linux-ThinkPad-E460', ip: '127.0.1.1', os.name: 'Linux', os.arch: 'amd64', os.version: '4.15.0-30-generic', java.version: '1.8.0_171'
Driver info: driver.version: unknown
Command duration or timeout: 209 milliseconds]]>
            </line>
          </reporter-output>
        </test-method> <!-- testTextField -->
        <test-method status="SKIP" signature="intentionalFailTextField()[pri:2, instance:cases.TextFieldCase@4566e5bd]" name="intentionalFailTextField" duration-ms="0" started-at="2018-08-21T20:05:26Z" finished-at="2018-08-21T20:05:26Z">
          <exception class="java.lang.NullPointerException">
            <full-stacktrace>
              <![CDATA[java.lang.NullPointerException
at bricks.PapaBless.beforeMethod(PapaBless.java:345)
at sun.reflect.NativeMethodAccessorImpl.invoke0(Native Method)
at sun.reflect.NativeMethodAccessorImpl.invoke(NativeMethodAccessorImpl.java:62)
at sun.reflect.DelegatingMethodAccessorImpl.invoke(DelegatingMethodAccessorImpl.java:43)
at java.lang.reflect.Method.invoke(Method.java:498)
at org.testng.internal.MethodInvocationHelper.invokeMethod(MethodInvocationHelper.java:124)
at org.testng.internal.MethodInvocationHelper.invokeMethodConsideringTimeout(MethodInvocationHelper.java:59)
at org.testng.internal.Invoker.invokeConfigurationMethod(Invoker.java:455)
at org.testng.internal.Invoker.invokeConfigurations(Invoker.java:222)
at org.testng.internal.Invoker.invokeMethod(Invoker.java:520)
at org.testng.internal.Invoker.invokeTestMethod(Invoker.java:716)
at org.testng.internal.Invoker.invokeTestMethods(Invoker.java:988)
at org.testng.internal.TestMethodWorker.invokeTestMethods(TestMethodWorker.java:125)
at org.testng.internal.TestMethodWorker.run(TestMethodWorker.java:109)
at org.testng.TestRunner.privateRun(TestRunner.java:648)
at org.testng.TestRunner.run(TestRunner.java:505)
at org.testng.SuiteRunner.runTest(SuiteRunner.java:455)
at org.testng.SuiteRunner.runSequentially(SuiteRunner.java:450)
at org.testng.SuiteRunner.privateRun(SuiteRunner.java:415)
at org.testng.SuiteRunner.run(SuiteRunner.java:364)
at org.testng.SuiteRunnerWorker.runSuite(SuiteRunnerWorker.java:52)
at org.testng.SuiteRunnerWorker.run(SuiteRunnerWorker.java:84)
at org.testng.TestNG.runSuitesSequentially(TestNG.java:1208)
at org.testng.TestNG.runSuitesLocally(TestNG.java:1137)
at org.testng.TestNG.runSuites(TestNG.java:1049)
at org.testng.TestNG.run(TestNG.java:1017)
at GrandpaBless.main(GrandpaBless.java:232)
]]>
            </full-stacktrace>
          </exception> <!-- java.lang.NullPointerException -->
          <reporter-output>
            <line>
              <![CDATA[Unable to create new service: ChromeDriverService
Build info: version: '3.14.0', revision: 'aacccce0', time: '2018-08-02T20:13:22.693Z'
System info: host: 'linux-ThinkPad-E460', ip: '127.0.1.1', os.name: 'Linux', os.arch: 'amd64', os.version: '4.15.0-30-generic', java.version: '1.8.0_171'
Driver info: driver.version: unknown
Command duration or timeout: 209 milliseconds]]>
            </line>
          </reporter-output>
        </test-method> <!-- intentionalFailTextField -->
        <test-method status="SKIP" signature="afterMethod()[pri:0, instance:cases.TextFieldCase@4566e5bd]" name="afterMethod" is-config="true" duration-ms="0" started-at="2018-08-21T20:05:26Z" finished-at="2018-08-21T20:05:26Z">
          <reporter-output>
          </reporter-output>
        </test-method> <!-- afterMethod -->
        <test-method status="SKIP" signature="afterClass()[pri:0, instance:cases.TextFieldCase@4566e5bd]" name="afterClass" is-config="true" duration-ms="0" started-at="2018-08-21T20:05:26Z" finished-at="2018-08-21T20:05:26Z">
          <reporter-output>
          </reporter-output>
        </test-method> <!-- afterClass -->
      </class> <!-- cases.TextFieldCase -->
      <class name="cases.DropDownCase">
        <test-method status="PASS" signature="beforeClass()[pri:0, instance:cases.DropDownCase@cb644e]" name="beforeClass" is-config="true" duration-ms="647" started-at="2018-08-21T20:05:25Z" finished-at="2018-08-21T20:05:26Z">
          <reporter-output>
          </reporter-output>
        </test-method> <!-- beforeClass -->
        <test-method status="FAIL" signature="beforeMethod(org.testng.ITestResult)[pri:0, instance:cases.DropDownCase@cb644e]" name="beforeMethod" is-config="true" duration-ms="3" started-at="2018-08-21T20:05:26Z" finished-at="2018-08-21T20:05:26Z">
          <params>
            <param index="0">
              <value>
                <![CDATA[[TestResult name={null} status=CREATED method=DropDownCase.dropDownDefault()[pri:0, instance:cases.DropDownCase@cb644e] output={null}]]]>
              </value>
            </param>
          </params>
          <exception class="java.lang.NullPointerException">
            <full-stacktrace>
              <![CDATA[java.lang.NullPointerException
at bricks.PapaBless.beforeMethod(PapaBless.java:345)
at sun.reflect.NativeMethodAccessorImpl.invoke0(Native Method)
at sun.reflect.NativeMethodAccessorImpl.invoke(NativeMethodAccessorImpl.java:62)
at sun.reflect.DelegatingMethodAccessorImpl.invoke(DelegatingMethodAccessorImpl.java:43)
at java.lang.reflect.Method.invoke(Method.java:498)
at org.testng.internal.MethodInvocationHelper.invokeMethod(MethodInvocationHelper.java:124)
at org.testng.internal.MethodInvocationHelper.invokeMethodConsideringTimeout(MethodInvocationHelper.java:59)
at org.testng.internal.Invoker.invokeConfigurationMethod(Invoker.java:455)
at org.testng.internal.Invoker.invokeConfigurations(Invoker.java:222)
at org.testng.internal.Invoker.invokeMethod(Invoker.java:520)
at org.testng.internal.Invoker.invokeTestMethod(Invoker.java:716)
at org.testng.internal.Invoker.invokeTestMethods(Invoker.java:988)
at org.testng.internal.TestMethodWorker.invokeTestMethods(TestMethodWorker.java:125)
at org.testng.internal.TestMethodWorker.run(TestMethodWorker.java:109)
at org.testng.TestRunner.privateRun(TestRunner.java:648)
at org.testng.TestRunner.run(TestRunner.java:505)
at org.testng.SuiteRunner.runTest(SuiteRunner.java:455)
at org.testng.SuiteRunner.runSequentially(SuiteRunner.java:450)
at org.testng.SuiteRunner.privateRun(SuiteRunner.java:415)
at org.testng.SuiteRunner.run(SuiteRunner.java:364)
at org.testng.SuiteRunnerWorker.runSuite(SuiteRunnerWorker.java:52)
at org.testng.SuiteRunnerWorker.run(SuiteRunnerWorker.java:84)
at org.testng.TestNG.runSuitesSequentially(TestNG.java:1208)
at org.testng.TestNG.runSuitesLocally(TestNG.java:1137)
at org.testng.TestNG.runSuites(TestNG.java:1049)
at org.testng.TestNG.run(TestNG.java:1017)
at GrandpaBless.main(GrandpaBless.java:232)
]]>
            </full-stacktrace>
          </exception> <!-- java.lang.NullPointerException -->
          <reporter-output>
          </reporter-output>
        </test-method> <!-- beforeMethod -->
        <test-method status="SKIP" signature="dropDownDefault()[pri:0, instance:cases.DropDownCase@cb644e]" name="dropDownDefault" duration-ms="0" started-at="2018-08-21T20:05:26Z" finished-at="2018-08-21T20:05:26Z">
          <exception class="java.lang.NullPointerException">
            <full-stacktrace>
              <![CDATA[java.lang.NullPointerException
at bricks.PapaBless.beforeMethod(PapaBless.java:345)
at sun.reflect.NativeMethodAccessorImpl.invoke0(Native Method)
at sun.reflect.NativeMethodAccessorImpl.invoke(NativeMethodAccessorImpl.java:62)
at sun.reflect.DelegatingMethodAccessorImpl.invoke(DelegatingMethodAccessorImpl.java:43)
at java.lang.reflect.Method.invoke(Method.java:498)
at org.testng.internal.MethodInvocationHelper.invokeMethod(MethodInvocationHelper.java:124)
at org.testng.internal.MethodInvocationHelper.invokeMethodConsideringTimeout(MethodInvocationHelper.java:59)
at org.testng.internal.Invoker.invokeConfigurationMethod(Invoker.java:455)
at org.testng.internal.Invoker.invokeConfigurations(Invoker.java:222)
at org.testng.internal.Invoker.invokeMethod(Invoker.java:520)
at org.testng.internal.Invoker.invokeTestMethod(Invoker.java:716)
at org.testng.internal.Invoker.invokeTestMethods(Invoker.java:988)
at org.testng.internal.TestMethodWorker.invokeTestMethods(TestMethodWorker.java:125)
at org.testng.internal.TestMethodWorker.run(TestMethodWorker.java:109)
at org.testng.TestRunner.privateRun(TestRunner.java:648)
at org.testng.TestRunner.run(TestRunner.java:505)
at org.testng.SuiteRunner.runTest(SuiteRunner.java:455)
at org.testng.SuiteRunner.runSequentially(SuiteRunner.java:450)
at org.testng.SuiteRunner.privateRun(SuiteRunner.java:415)
at org.testng.SuiteRunner.run(SuiteRunner.java:364)
at org.testng.SuiteRunnerWorker.runSuite(SuiteRunnerWorker.java:52)
at org.testng.SuiteRunnerWorker.run(SuiteRunnerWorker.java:84)
at org.testng.TestNG.runSuitesSequentially(TestNG.java:1208)
at org.testng.TestNG.runSuitesLocally(TestNG.java:1137)
at org.testng.TestNG.runSuites(TestNG.java:1049)
at org.testng.TestNG.run(TestNG.java:1017)
at GrandpaBless.main(GrandpaBless.java:232)
]]>
            </full-stacktrace>
          </exception> <!-- java.lang.NullPointerException -->
          <reporter-output>
            <line>
              <![CDATA[Unable to create new service: ChromeDriverService
Build info: version: '3.14.0', revision: 'aacccce0', time: '2018-08-02T20:13:22.693Z'
System info: host: 'linux-ThinkPad-E460', ip: '127.0.1.1', os.name: 'Linux', os.arch: 'amd64', os.version: '4.15.0-30-generic', java.version: '1.8.0_171'
Driver info: driver.version: unknown
Command duration or timeout: 209 milliseconds]]>
            </line>
          </reporter-output>
        </test-method> <!-- dropDownDefault -->
        <test-method status="SKIP" signature="afterMethod()[pri:0, instance:cases.DropDownCase@cb644e]" name="afterMethod" is-config="true" duration-ms="0" started-at="2018-08-21T20:05:26Z" finished-at="2018-08-21T20:05:26Z">
          <reporter-output>
          </reporter-output>
        </test-method> <!-- afterMethod -->
        <test-method status="SKIP" signature="dropDownMustard()[pri:0, instance:cases.DropDownCase@cb644e]" name="dropDownMustard" duration-ms="0" started-at="2018-08-21T20:05:26Z" finished-at="2018-08-21T20:05:26Z">
          <exception class="java.lang.NullPointerException">
            <full-stacktrace>
              <![CDATA[java.lang.NullPointerException
at bricks.PapaBless.beforeMethod(PapaBless.java:345)
at sun.reflect.NativeMethodAccessorImpl.invoke0(Native Method)
at sun.reflect.NativeMethodAccessorImpl.invoke(NativeMethodAccessorImpl.java:62)
at sun.reflect.DelegatingMethodAccessorImpl.invoke(DelegatingMethodAccessorImpl.java:43)
at java.lang.reflect.Method.invoke(Method.java:498)
at org.testng.internal.MethodInvocationHelper.invokeMethod(MethodInvocationHelper.java:124)
at org.testng.internal.MethodInvocationHelper.invokeMethodConsideringTimeout(MethodInvocationHelper.java:59)
at org.testng.internal.Invoker.invokeConfigurationMethod(Invoker.java:455)
at org.testng.internal.Invoker.invokeConfigurations(Invoker.java:222)
at org.testng.internal.Invoker.invokeMethod(Invoker.java:520)
at org.testng.internal.Invoker.invokeTestMethod(Invoker.java:716)
at org.testng.internal.Invoker.invokeTestMethods(Invoker.java:988)
at org.testng.internal.TestMethodWorker.invokeTestMethods(TestMethodWorker.java:125)
at org.testng.internal.TestMethodWorker.run(TestMethodWorker.java:109)
at org.testng.TestRunner.privateRun(TestRunner.java:648)
at org.testng.TestRunner.run(TestRunner.java:505)
at org.testng.SuiteRunner.runTest(SuiteRunner.java:455)
at org.testng.SuiteRunner.runSequentially(SuiteRunner.java:450)
at org.testng.SuiteRunner.privateRun(SuiteRunner.java:415)
at org.testng.SuiteRunner.run(SuiteRunner.java:364)
at org.testng.SuiteRunnerWorker.runSuite(SuiteRunnerWorker.java:52)
at org.testng.SuiteRunnerWorker.run(SuiteRunnerWorker.java:84)
at org.testng.TestNG.runSuitesSequentially(TestNG.java:1208)
at org.testng.TestNG.runSuitesLocally(TestNG.java:1137)
at org.testng.TestNG.runSuites(TestNG.java:1049)
at org.testng.TestNG.run(TestNG.java:1017)
at GrandpaBless.main(GrandpaBless.java:232)
]]>
            </full-stacktrace>
          </exception> <!-- java.lang.NullPointerException -->
          <reporter-output>
            <line>
              <![CDATA[Unable to create new service: ChromeDriverService
Build info: version: '3.14.0', revision: 'aacccce0', time: '2018-08-02T20:13:22.693Z'
System info: host: 'linux-ThinkPad-E460', ip: '127.0.1.1', os.name: 'Linux', os.arch: 'amd64', os.version: '4.15.0-30-generic', java.version: '1.8.0_171'
Driver info: driver.version: unknown
Command duration or timeout: 209 milliseconds]]>
            </line>
          </reporter-output>
        </test-method> <!-- dropDownMustard -->
        <test-method status="SKIP" signature="beforeMethod(org.testng.ITestResult)[pri:0, instance:cases.DropDownCase@cb644e]" name="beforeMethod" is-config="true" duration-ms="0" started-at="2018-08-21T20:05:26Z" finished-at="2018-08-21T20:05:26Z">
          <reporter-output>
          </reporter-output>
        </test-method> <!-- beforeMethod -->
        <test-method status="SKIP" signature="afterMethod()[pri:0, instance:cases.DropDownCase@cb644e]" name="afterMethod" is-config="true" duration-ms="0" started-at="2018-08-21T20:05:26Z" finished-at="2018-08-21T20:05:26Z">
          <reporter-output>
          </reporter-output>
        </test-method> <!-- afterMethod -->
        <test-method status="SKIP" signature="beforeMethod(org.testng.ITestResult)[pri:0, instance:cases.DropDownCase@cb644e]" name="beforeMethod" is-config="true" duration-ms="0" started-at="2018-08-21T20:05:26Z" finished-at="2018-08-21T20:05:26Z">
          <reporter-output>
          </reporter-output>
        </test-method> <!-- beforeMethod -->
        <test-method status="SKIP" signature="afterMethod()[pri:0, instance:cases.DropDownCase@cb644e]" name="afterMethod" is-config="true" duration-ms="0" started-at="2018-08-21T20:05:26Z" finished-at="2018-08-21T20:05:26Z">
          <reporter-output>
          </reporter-output>
        </test-method> <!-- afterMethod -->
        <test-method status="SKIP" signature="dropDownOnion()[pri:0, instance:cases.DropDownCase@cb644e]" name="dropDownOnion" duration-ms="0" started-at="2018-08-21T20:05:26Z" finished-at="2018-08-21T20:05:26Z">
          <exception class="java.lang.NullPointerException">
            <full-stacktrace>
              <![CDATA[java.lang.NullPointerException
at bricks.PapaBless.beforeMethod(PapaBless.java:345)
at sun.reflect.NativeMethodAccessorImpl.invoke0(Native Method)
at sun.reflect.NativeMethodAccessorImpl.invoke(NativeMethodAccessorImpl.java:62)
at sun.reflect.DelegatingMethodAccessorImpl.invoke(DelegatingMethodAccessorImpl.java:43)
at java.lang.reflect.Method.invoke(Method.java:498)
at org.testng.internal.MethodInvocationHelper.invokeMethod(MethodInvocationHelper.java:124)
at org.testng.internal.MethodInvocationHelper.invokeMethodConsideringTimeout(MethodInvocationHelper.java:59)
at org.testng.internal.Invoker.invokeConfigurationMethod(Invoker.java:455)
at org.testng.internal.Invoker.invokeConfigurations(Invoker.java:222)
at org.testng.internal.Invoker.invokeMethod(Invoker.java:520)
at org.testng.internal.Invoker.invokeTestMethod(Invoker.java:716)
at org.testng.internal.Invoker.invokeTestMethods(Invoker.java:988)
at org.testng.internal.TestMethodWorker.invokeTestMethods(TestMethodWorker.java:125)
at org.testng.internal.TestMethodWorker.run(TestMethodWorker.java:109)
at org.testng.TestRunner.privateRun(TestRunner.java:648)
at org.testng.TestRunner.run(TestRunner.java:505)
at org.testng.SuiteRunner.runTest(SuiteRunner.java:455)
at org.testng.SuiteRunner.runSequentially(SuiteRunner.java:450)
at org.testng.SuiteRunner.privateRun(SuiteRunner.java:415)
at org.testng.SuiteRunner.run(SuiteRunner.java:364)
at org.testng.SuiteRunnerWorker.runSuite(SuiteRunnerWorker.java:52)
at org.testng.SuiteRunnerWorker.run(SuiteRunnerWorker.java:84)
at org.testng.TestNG.runSuitesSequentially(TestNG.java:1208)
at org.testng.TestNG.runSuitesLocally(TestNG.java:1137)
at org.testng.TestNG.runSuites(TestNG.java:1049)
at org.testng.TestNG.run(TestNG.java:1017)
at GrandpaBless.main(GrandpaBless.java:232)
]]>
            </full-stacktrace>
          </exception> <!-- java.lang.NullPointerException -->
          <reporter-output>
            <line>
              <![CDATA[Unable to create new service: ChromeDriverService
Build info: version: '3.14.0', revision: 'aacccce0', time: '2018-08-02T20:13:22.693Z'
System info: host: 'linux-ThinkPad-E460', ip: '127.0.1.1', os.name: 'Linux', os.arch: 'amd64', os.version: '4.15.0-30-generic', java.version: '1.8.0_171'
Driver info: driver.version: unknown
Command duration or timeout: 209 milliseconds]]>
            </line>
          </reporter-output>
        </test-method> <!-- dropDownOnion -->
        <test-method status="SKIP" signature="beforeMethod(org.testng.ITestResult)[pri:0, instance:cases.DropDownCase@cb644e]" name="beforeMethod" is-config="true" duration-ms="0" started-at="2018-08-21T20:05:26Z" finished-at="2018-08-21T20:05:26Z">
          <reporter-output>
          </reporter-output>
        </test-method> <!-- beforeMethod -->
        <test-method status="SKIP" signature="afterMethod()[pri:0, instance:cases.DropDownCase@cb644e]" name="afterMethod" is-config="true" duration-ms="0" started-at="2018-08-21T20:05:26Z" finished-at="2018-08-21T20:05:26Z">
          <reporter-output>
          </reporter-output>
        </test-method> <!-- afterMethod -->
        <test-method status="SKIP" signature="dropDownTomato()[pri:0, instance:cases.DropDownCase@cb644e]" name="dropDownTomato" duration-ms="0" started-at="2018-08-21T20:05:26Z" finished-at="2018-08-21T20:05:26Z">
          <exception class="java.lang.NullPointerException">
            <full-stacktrace>
              <![CDATA[java.lang.NullPointerException
at bricks.PapaBless.beforeMethod(PapaBless.java:345)
at sun.reflect.NativeMethodAccessorImpl.invoke0(Native Method)
at sun.reflect.NativeMethodAccessorImpl.invoke(NativeMethodAccessorImpl.java:62)
at sun.reflect.DelegatingMethodAccessorImpl.invoke(DelegatingMethodAccessorImpl.java:43)
at java.lang.reflect.Method.invoke(Method.java:498)
at org.testng.internal.MethodInvocationHelper.invokeMethod(MethodInvocationHelper.java:124)
at org.testng.internal.MethodInvocationHelper.invokeMethodConsideringTimeout(MethodInvocationHelper.java:59)
at org.testng.internal.Invoker.invokeConfigurationMethod(Invoker.java:455)
at org.testng.internal.Invoker.invokeConfigurations(Invoker.java:222)
at org.testng.internal.Invoker.invokeMethod(Invoker.java:520)
at org.testng.internal.Invoker.invokeTestMethod(Invoker.java:716)
at org.testng.internal.Invoker.invokeTestMethods(Invoker.java:988)
at org.testng.internal.TestMethodWorker.invokeTestMethods(TestMethodWorker.java:125)
at org.testng.internal.TestMethodWorker.run(TestMethodWorker.java:109)
at org.testng.TestRunner.privateRun(TestRunner.java:648)
at org.testng.TestRunner.run(TestRunner.java:505)
at org.testng.SuiteRunner.runTest(SuiteRunner.java:455)
at org.testng.SuiteRunner.runSequentially(SuiteRunner.java:450)
at org.testng.SuiteRunner.privateRun(SuiteRunner.java:415)
at org.testng.SuiteRunner.run(SuiteRunner.java:364)
at org.testng.SuiteRunnerWorker.runSuite(SuiteRunnerWorker.java:52)
at org.testng.SuiteRunnerWorker.run(SuiteRunnerWorker.java:84)
at org.testng.TestNG.runSuitesSequentially(TestNG.java:1208)
at org.testng.TestNG.runSuitesLocally(TestNG.java:1137)
at org.testng.TestNG.runSuites(TestNG.java:1049)
at org.testng.TestNG.run(TestNG.java:1017)
at GrandpaBless.main(GrandpaBless.java:232)
]]>
            </full-stacktrace>
          </exception> <!-- java.lang.NullPointerException -->
          <reporter-output>
            <line>
              <![CDATA[Unable to create new service: ChromeDriverService
Build info: version: '3.14.0', revision: 'aacccce0', time: '2018-08-02T20:13:22.693Z'
System info: host: 'linux-ThinkPad-E460', ip: '127.0.1.1', os.name: 'Linux', os.arch: 'amd64', os.version: '4.15.0-30-generic', java.version: '1.8.0_171'
Driver info: driver.version: unknown
Command duration or timeout: 209 milliseconds]]>
            </line>
          </reporter-output>
        </test-method> <!-- dropDownTomato -->
        <test-method status="SKIP" signature="afterClass()[pri:0, instance:cases.DropDownCase@cb644e]" name="afterClass" is-config="true" duration-ms="0" started-at="2018-08-21T20:05:26Z" finished-at="2018-08-21T20:05:26Z">
          <reporter-output>
          </reporter-output>
        </test-method> <!-- afterClass -->
      </class> <!-- cases.DropDownCase -->
      <class name="cases.TextAreaCase">
        <test-method status="SKIP" signature="beforeClass()[pri:0, instance:cases.TextAreaCase@56ef9176]" name="beforeClass" is-config="true" duration-ms="0" started-at="2018-08-21T20:05:26Z" finished-at="2018-08-21T20:05:26Z">
          <reporter-output>
          </reporter-output>
        </test-method> <!-- beforeClass -->
        <test-method status="SKIP" signature="textAreaWithEnter()[pri:0, instance:cases.TextAreaCase@56ef9176]" name="textAreaWithEnter" duration-ms="0" started-at="2018-08-21T20:05:26Z" finished-at="2018-08-21T20:05:26Z">
          <exception class="java.lang.NullPointerException">
            <full-stacktrace>
              <![CDATA[java.lang.NullPointerException
at bricks.PapaBless.beforeMethod(PapaBless.java:345)
at sun.reflect.NativeMethodAccessorImpl.invoke0(Native Method)
at sun.reflect.NativeMethodAccessorImpl.invoke(NativeMethodAccessorImpl.java:62)
at sun.reflect.DelegatingMethodAccessorImpl.invoke(DelegatingMethodAccessorImpl.java:43)
at java.lang.reflect.Method.invoke(Method.java:498)
at org.testng.internal.MethodInvocationHelper.invokeMethod(MethodInvocationHelper.java:124)
at org.testng.internal.MethodInvocationHelper.invokeMethodConsideringTimeout(MethodInvocationHelper.java:59)
at org.testng.internal.Invoker.invokeConfigurationMethod(Invoker.java:455)
at org.testng.internal.Invoker.invokeConfigurations(Invoker.java:222)
at org.testng.internal.Invoker.invokeMethod(Invoker.java:520)
at org.testng.internal.Invoker.invokeTestMethod(Invoker.java:716)
at org.testng.internal.Invoker.invokeTestMethods(Invoker.java:988)
at org.testng.internal.TestMethodWorker.invokeTestMethods(TestMethodWorker.java:125)
at org.testng.internal.TestMethodWorker.run(TestMethodWorker.java:109)
at org.testng.TestRunner.privateRun(TestRunner.java:648)
at org.testng.TestRunner.run(TestRunner.java:505)
at org.testng.SuiteRunner.runTest(SuiteRunner.java:455)
at org.testng.SuiteRunner.runSequentially(SuiteRunner.java:450)
at org.testng.SuiteRunner.privateRun(SuiteRunner.java:415)
at org.testng.SuiteRunner.run(SuiteRunner.java:364)
at org.testng.SuiteRunnerWorker.runSuite(SuiteRunnerWorker.java:52)
at org.testng.SuiteRunnerWorker.run(SuiteRunnerWorker.java:84)
at org.testng.TestNG.runSuitesSequentially(TestNG.java:1208)
at org.testng.TestNG.runSuitesLocally(TestNG.java:1137)
at org.testng.TestNG.runSuites(TestNG.java:1049)
at org.testng.TestNG.run(TestNG.java:1017)
at GrandpaBless.main(GrandpaBless.java:232)
]]>
            </full-stacktrace>
          </exception> <!-- java.lang.NullPointerException -->
          <reporter-output>
            <line>
              <![CDATA[Unable to create new service: ChromeDriverService
Build info: version: '3.14.0', revision: 'aacccce0', time: '2018-08-02T20:13:22.693Z'
System info: host: 'linux-ThinkPad-E460', ip: '127.0.1.1', os.name: 'Linux', os.arch: 'amd64', os.version: '4.15.0-30-generic', java.version: '1.8.0_171'
Driver info: driver.version: unknown
Command duration or timeout: 209 milliseconds]]>
            </line>
          </reporter-output>
        </test-method> <!-- textAreaWithEnter -->
        <test-method status="SKIP" signature="beforeMethod(org.testng.ITestResult)[pri:0, instance:cases.TextAreaCase@56ef9176]" name="beforeMethod" is-config="true" duration-ms="0" started-at="2018-08-21T20:05:26Z" finished-at="2018-08-21T20:05:26Z">
          <reporter-output>
          </reporter-output>
        </test-method> <!-- beforeMethod -->
        <test-method status="SKIP" signature="textAreaLongString()[pri:0, instance:cases.TextAreaCase@56ef9176]" name="textAreaLongString" duration-ms="0" started-at="2018-08-21T20:05:26Z" finished-at="2018-08-21T20:05:26Z">
          <exception class="java.lang.NullPointerException">
            <full-stacktrace>
              <![CDATA[java.lang.NullPointerException
at bricks.PapaBless.beforeMethod(PapaBless.java:345)
at sun.reflect.NativeMethodAccessorImpl.invoke0(Native Method)
at sun.reflect.NativeMethodAccessorImpl.invoke(NativeMethodAccessorImpl.java:62)
at sun.reflect.DelegatingMethodAccessorImpl.invoke(DelegatingMethodAccessorImpl.java:43)
at java.lang.reflect.Method.invoke(Method.java:498)
at org.testng.internal.MethodInvocationHelper.invokeMethod(MethodInvocationHelper.java:124)
at org.testng.internal.MethodInvocationHelper.invokeMethodConsideringTimeout(MethodInvocationHelper.java:59)
at org.testng.internal.Invoker.invokeConfigurationMethod(Invoker.java:455)
at org.testng.internal.Invoker.invokeConfigurations(Invoker.java:222)
at org.testng.internal.Invoker.invokeMethod(Invoker.java:520)
at org.testng.internal.Invoker.invokeTestMethod(Invoker.java:716)
at org.testng.internal.Invoker.invokeTestMethods(Invoker.java:988)
at org.testng.internal.TestMethodWorker.invokeTestMethods(TestMethodWorker.java:125)
at org.testng.internal.TestMethodWorker.run(TestMethodWorker.java:109)
at org.testng.TestRunner.privateRun(TestRunner.java:648)
at org.testng.TestRunner.run(TestRunner.java:505)
at org.testng.SuiteRunner.runTest(SuiteRunner.java:455)
at org.testng.SuiteRunner.runSequentially(SuiteRunner.java:450)
at org.testng.SuiteRunner.privateRun(SuiteRunner.java:415)
at org.testng.SuiteRunner.run(SuiteRunner.java:364)
at org.testng.SuiteRunnerWorker.runSuite(SuiteRunnerWorker.java:52)
at org.testng.SuiteRunnerWorker.run(SuiteRunnerWorker.java:84)
at org.testng.TestNG.runSuitesSequentially(TestNG.java:1208)
at org.testng.TestNG.runSuitesLocally(TestNG.java:1137)
at org.testng.TestNG.runSuites(TestNG.java:1049)
at org.testng.TestNG.run(TestNG.java:1017)
at GrandpaBless.main(GrandpaBless.java:232)
]]>
            </full-stacktrace>
          </exception> <!-- java.lang.NullPointerException -->
          <reporter-output>
            <line>
              <![CDATA[Unable to create new service: ChromeDriverService
Build info: version: '3.14.0', revision: 'aacccce0', time: '2018-08-02T20:13:22.693Z'
System info: host: 'linux-ThinkPad-E460', ip: '127.0.1.1', os.name: 'Linux', os.arch: 'amd64', os.version: '4.15.0-30-generic', java.version: '1.8.0_171'
Driver info: driver.version: unknown
Command duration or timeout: 209 milliseconds]]>
            </line>
          </reporter-output>
        </test-method> <!-- textAreaLongString -->
        <test-method status="SKIP" signature="afterMethod()[pri:0, instance:cases.TextAreaCase@56ef9176]" name="afterMethod" is-config="true" duration-ms="0" started-at="2018-08-21T20:05:26Z" finished-at="2018-08-21T20:05:26Z">
          <reporter-output>
          </reporter-output>
        </test-method> <!-- afterMethod -->
        <test-method status="SKIP" signature="beforeMethod(org.testng.ITestResult)[pri:0, instance:cases.TextAreaCase@56ef9176]" name="beforeMethod" is-config="true" duration-ms="0" started-at="2018-08-21T20:05:26Z" finished-at="2018-08-21T20:05:26Z">
          <reporter-output>
          </reporter-output>
        </test-method> <!-- beforeMethod -->
        <test-method status="SKIP" signature="afterClass()[pri:0, instance:cases.TextAreaCase@56ef9176]" name="afterClass" is-config="true" duration-ms="0" started-at="2018-08-21T20:05:26Z" finished-at="2018-08-21T20:05:26Z">
          <reporter-output>
          </reporter-output>
        </test-method> <!-- afterClass -->
        <test-method status="SKIP" signature="afterMethod()[pri:0, instance:cases.TextAreaCase@56ef9176]" name="afterMethod" is-config="true" duration-ms="0" started-at="2018-08-21T20:05:26Z" finished-at="2018-08-21T20:05:26Z">
          <reporter-output>
          </reporter-output>
        </test-method> <!-- afterMethod -->
      </class> <!-- cases.TextAreaCase -->
      <class name="cases.RadioButtonCase">
        <test-method status="SKIP" signature="afterMethod()[pri:0, instance:cases.RadioButtonCase@13805618]" name="afterMethod" is-config="true" duration-ms="0" started-at="2018-08-21T20:05:26Z" finished-at="2018-08-21T20:05:26Z">
          <reporter-output>
          </reporter-output>
        </test-method> <!-- afterMethod -->
        <test-method status="SKIP" signature="beforeClass()[pri:0, instance:cases.RadioButtonCase@13805618]" name="beforeClass" is-config="true" duration-ms="0" started-at="2018-08-21T20:05:26Z" finished-at="2018-08-21T20:05:26Z">
          <reporter-output>
          </reporter-output>
        </test-method> <!-- beforeClass -->
        <test-method status="SKIP" signature="radioChoiceA()[pri:0, instance:cases.RadioButtonCase@13805618]" name="radioChoiceA" duration-ms="0" started-at="2018-08-21T20:05:26Z" finished-at="2018-08-21T20:05:26Z">
          <exception class="java.lang.NullPointerException">
            <full-stacktrace>
              <![CDATA[java.lang.NullPointerException
at bricks.PapaBless.beforeMethod(PapaBless.java:345)
at sun.reflect.NativeMethodAccessorImpl.invoke0(Native Method)
at sun.reflect.NativeMethodAccessorImpl.invoke(NativeMethodAccessorImpl.java:62)
at sun.reflect.DelegatingMethodAccessorImpl.invoke(DelegatingMethodAccessorImpl.java:43)
at java.lang.reflect.Method.invoke(Method.java:498)
at org.testng.internal.MethodInvocationHelper.invokeMethod(MethodInvocationHelper.java:124)
at org.testng.internal.MethodInvocationHelper.invokeMethodConsideringTimeout(MethodInvocationHelper.java:59)
at org.testng.internal.Invoker.invokeConfigurationMethod(Invoker.java:455)
at org.testng.internal.Invoker.invokeConfigurations(Invoker.java:222)
at org.testng.internal.Invoker.invokeMethod(Invoker.java:520)
at org.testng.internal.Invoker.invokeTestMethod(Invoker.java:716)
at org.testng.internal.Invoker.invokeTestMethods(Invoker.java:988)
at org.testng.internal.TestMethodWorker.invokeTestMethods(TestMethodWorker.java:125)
at org.testng.internal.TestMethodWorker.run(TestMethodWorker.java:109)
at org.testng.TestRunner.privateRun(TestRunner.java:648)
at org.testng.TestRunner.run(TestRunner.java:505)
at org.testng.SuiteRunner.runTest(SuiteRunner.java:455)
at org.testng.SuiteRunner.runSequentially(SuiteRunner.java:450)
at org.testng.SuiteRunner.privateRun(SuiteRunner.java:415)
at org.testng.SuiteRunner.run(SuiteRunner.java:364)
at org.testng.SuiteRunnerWorker.runSuite(SuiteRunnerWorker.java:52)
at org.testng.SuiteRunnerWorker.run(SuiteRunnerWorker.java:84)
at org.testng.TestNG.runSuitesSequentially(TestNG.java:1208)
at org.testng.TestNG.runSuitesLocally(TestNG.java:1137)
at org.testng.TestNG.runSuites(TestNG.java:1049)
at org.testng.TestNG.run(TestNG.java:1017)
at GrandpaBless.main(GrandpaBless.java:232)
]]>
            </full-stacktrace>
          </exception> <!-- java.lang.NullPointerException -->
          <reporter-output>
            <line>
              <![CDATA[Unable to create new service: ChromeDriverService
Build info: version: '3.14.0', revision: 'aacccce0', time: '2018-08-02T20:13:22.693Z'
System info: host: 'linux-ThinkPad-E460', ip: '127.0.1.1', os.name: 'Linux', os.arch: 'amd64', os.version: '4.15.0-30-generic', java.version: '1.8.0_171'
Driver info: driver.version: unknown
Command duration or timeout: 209 milliseconds]]>
            </line>
          </reporter-output>
        </test-method> <!-- radioChoiceA -->
        <test-method status="SKIP" signature="beforeMethod(org.testng.ITestResult)[pri:0, instance:cases.RadioButtonCase@13805618]" name="beforeMethod" is-config="true" duration-ms="0" started-at="2018-08-21T20:05:26Z" finished-at="2018-08-21T20:05:26Z">
          <reporter-output>
          </reporter-output>
        </test-method> <!-- beforeMethod -->
        <test-method status="SKIP" signature="radioChoiceB()[pri:0, instance:cases.RadioButtonCase@13805618]" name="radioChoiceB" duration-ms="0" started-at="2018-08-21T20:05:26Z" finished-at="2018-08-21T20:05:26Z">
          <exception class="java.lang.NullPointerException">
            <full-stacktrace>
              <![CDATA[java.lang.NullPointerException
at bricks.PapaBless.beforeMethod(PapaBless.java:345)
at sun.reflect.NativeMethodAccessorImpl.invoke0(Native Method)
at sun.reflect.NativeMethodAccessorImpl.invoke(NativeMethodAccessorImpl.java:62)
at sun.reflect.DelegatingMethodAccessorImpl.invoke(DelegatingMethodAccessorImpl.java:43)
at java.lang.reflect.Method.invoke(Method.java:498)
at org.testng.internal.MethodInvocationHelper.invokeMethod(MethodInvocationHelper.java:124)
at org.testng.internal.MethodInvocationHelper.invokeMethodConsideringTimeout(MethodInvocationHelper.java:59)
at org.testng.internal.Invoker.invokeConfigurationMethod(Invoker.java:455)
at org.testng.internal.Invoker.invokeConfigurations(Invoker.java:222)
at org.testng.internal.Invoker.invokeMethod(Invoker.java:520)
at org.testng.internal.Invoker.invokeTestMethod(Invoker.java:716)
at org.testng.internal.Invoker.invokeTestMethods(Invoker.java:988)
at org.testng.internal.TestMethodWorker.invokeTestMethods(TestMethodWorker.java:125)
at org.testng.internal.TestMethodWorker.run(TestMethodWorker.java:109)
at org.testng.TestRunner.privateRun(TestRunner.java:648)
at org.testng.TestRunner.run(TestRunner.java:505)
at org.testng.SuiteRunner.runTest(SuiteRunner.java:455)
at org.testng.SuiteRunner.runSequentially(SuiteRunner.java:450)
at org.testng.SuiteRunner.privateRun(SuiteRunner.java:415)
at org.testng.SuiteRunner.run(SuiteRunner.java:364)
at org.testng.SuiteRunnerWorker.runSuite(SuiteRunnerWorker.java:52)
at org.testng.SuiteRunnerWorker.run(SuiteRunnerWorker.java:84)
at org.testng.TestNG.runSuitesSequentially(TestNG.java:1208)
at org.testng.TestNG.runSuitesLocally(TestNG.java:1137)
at org.testng.TestNG.runSuites(TestNG.java:1049)
at org.testng.TestNG.run(TestNG.java:1017)
at GrandpaBless.main(GrandpaBless.java:232)
]]>
            </full-stacktrace>
          </exception> <!-- java.lang.NullPointerException -->
          <reporter-output>
            <line>
              <![CDATA[Unable to create new service: ChromeDriverService
Build info: version: '3.14.0', revision: 'aacccce0', time: '2018-08-02T20:13:22.693Z'
System info: host: 'linux-ThinkPad-E460', ip: '127.0.1.1', os.name: 'Linux', os.arch: 'amd64', os.version: '4.15.0-30-generic', java.version: '1.8.0_171'
Driver info: driver.version: unknown
Command duration or timeout: 209 milliseconds]]>
            </line>
          </reporter-output>
        </test-method> <!-- radioChoiceB -->
        <test-method status="SKIP" signature="beforeMethod(org.testng.ITestResult)[pri:0, instance:cases.RadioButtonCase@13805618]" name="beforeMethod" is-config="true" duration-ms="0" started-at="2018-08-21T20:05:26Z" finished-at="2018-08-21T20:05:26Z">
          <reporter-output>
          </reporter-output>
        </test-method> <!-- beforeMethod -->
        <test-method status="SKIP" signature="afterMethod()[pri:0, instance:cases.RadioButtonCase@13805618]" name="afterMethod" is-config="true" duration-ms="0" started-at="2018-08-21T20:05:26Z" finished-at="2018-08-21T20:05:26Z">
          <reporter-output>
          </reporter-output>
        </test-method> <!-- afterMethod -->
        <test-method status="SKIP" signature="radioChoiceC()[pri:0, instance:cases.RadioButtonCase@13805618]" name="radioChoiceC" duration-ms="0" started-at="2018-08-21T20:05:26Z" finished-at="2018-08-21T20:05:26Z">
          <exception class="java.lang.NullPointerException">
            <full-stacktrace>
              <![CDATA[java.lang.NullPointerException
at bricks.PapaBless.beforeMethod(PapaBless.java:345)
at sun.reflect.NativeMethodAccessorImpl.invoke0(Native Method)
at sun.reflect.NativeMethodAccessorImpl.invoke(NativeMethodAccessorImpl.java:62)
at sun.reflect.DelegatingMethodAccessorImpl.invoke(DelegatingMethodAccessorImpl.java:43)
at java.lang.reflect.Method.invoke(Method.java:498)
at org.testng.internal.MethodInvocationHelper.invokeMethod(MethodInvocationHelper.java:124)
at org.testng.internal.MethodInvocationHelper.invokeMethodConsideringTimeout(MethodInvocationHelper.java:59)
at org.testng.internal.Invoker.invokeConfigurationMethod(Invoker.java:455)
at org.testng.internal.Invoker.invokeConfigurations(Invoker.java:222)
at org.testng.internal.Invoker.invokeMethod(Invoker.java:520)
at org.testng.internal.Invoker.invokeTestMethod(Invoker.java:716)
at org.testng.internal.Invoker.invokeTestMethods(Invoker.java:988)
at org.testng.internal.TestMethodWorker.invokeTestMethods(TestMethodWorker.java:125)
at org.testng.internal.TestMethodWorker.run(TestMethodWorker.java:109)
at org.testng.TestRunner.privateRun(TestRunner.java:648)
at org.testng.TestRunner.run(TestRunner.java:505)
at org.testng.SuiteRunner.runTest(SuiteRunner.java:455)
at org.testng.SuiteRunner.runSequentially(SuiteRunner.java:450)
at org.testng.SuiteRunner.privateRun(SuiteRunner.java:415)
at org.testng.SuiteRunner.run(SuiteRunner.java:364)
at org.testng.SuiteRunnerWorker.runSuite(SuiteRunnerWorker.java:52)
at org.testng.SuiteRunnerWorker.run(SuiteRunnerWorker.java:84)
at org.testng.TestNG.runSuitesSequentially(TestNG.java:1208)
at org.testng.TestNG.runSuitesLocally(TestNG.java:1137)
at org.testng.TestNG.runSuites(TestNG.java:1049)
at org.testng.TestNG.run(TestNG.java:1017)
at GrandpaBless.main(GrandpaBless.java:232)
]]>
            </full-stacktrace>
          </exception> <!-- java.lang.NullPointerException -->
          <reporter-output>
            <line>
              <![CDATA[Unable to create new service: ChromeDriverService
Build info: version: '3.14.0', revision: 'aacccce0', time: '2018-08-02T20:13:22.693Z'
System info: host: 'linux-ThinkPad-E460', ip: '127.0.1.1', os.name: 'Linux', os.arch: 'amd64', os.version: '4.15.0-30-generic', java.version: '1.8.0_171'
Driver info: driver.version: unknown
Command duration or timeout: 209 milliseconds]]>
            </line>
          </reporter-output>
        </test-method> <!-- radioChoiceC -->
        <test-method status="SKIP" signature="afterMethod()[pri:0, instance:cases.RadioButtonCase@13805618]" name="afterMethod" is-config="true" duration-ms="0" started-at="2018-08-21T20:05:26Z" finished-at="2018-08-21T20:05:26Z">
          <reporter-output>
          </reporter-output>
        </test-method> <!-- afterMethod -->
        <test-method status="SKIP" signature="beforeMethod(org.testng.ITestResult)[pri:0, instance:cases.RadioButtonCase@13805618]" name="beforeMethod" is-config="true" duration-ms="0" started-at="2018-08-21T20:05:26Z" finished-at="2018-08-21T20:05:26Z">
          <reporter-output>
          </reporter-output>
        </test-method> <!-- beforeMethod -->
        <test-method status="SKIP" signature="afterMethod()[pri:0, instance:cases.RadioButtonCase@13805618]" name="afterMethod" is-config="true" duration-ms="0" started-at="2018-08-21T20:05:26Z" finished-at="2018-08-21T20:05:26Z">
          <reporter-output>
          </reporter-output>
        </test-method> <!-- afterMethod -->
        <test-method status="SKIP" signature="radioDefault()[pri:0, instance:cases.RadioButtonCase@13805618]" name="radioDefault" duration-ms="0" started-at="2018-08-21T20:05:26Z" finished-at="2018-08-21T20:05:26Z">
          <exception class="java.lang.NullPointerException">
            <full-stacktrace>
              <![CDATA[java.lang.NullPointerException
at bricks.PapaBless.beforeMethod(PapaBless.java:345)
at sun.reflect.NativeMethodAccessorImpl.invoke0(Native Method)
at sun.reflect.NativeMethodAccessorImpl.invoke(NativeMethodAccessorImpl.java:62)
at sun.reflect.DelegatingMethodAccessorImpl.invoke(DelegatingMethodAccessorImpl.java:43)
at java.lang.reflect.Method.invoke(Method.java:498)
at org.testng.internal.MethodInvocationHelper.invokeMethod(MethodInvocationHelper.java:124)
at org.testng.internal.MethodInvocationHelper.invokeMethodConsideringTimeout(MethodInvocationHelper.java:59)
at org.testng.internal.Invoker.invokeConfigurationMethod(Invoker.java:455)
at org.testng.internal.Invoker.invokeConfigurations(Invoker.java:222)
at org.testng.internal.Invoker.invokeMethod(Invoker.java:520)
at org.testng.internal.Invoker.invokeTestMethod(Invoker.java:716)
at org.testng.internal.Invoker.invokeTestMethods(Invoker.java:988)
at org.testng.internal.TestMethodWorker.invokeTestMethods(TestMethodWorker.java:125)
at org.testng.internal.TestMethodWorker.run(TestMethodWorker.java:109)
at org.testng.TestRunner.privateRun(TestRunner.java:648)
at org.testng.TestRunner.run(TestRunner.java:505)
at org.testng.SuiteRunner.runTest(SuiteRunner.java:455)
at org.testng.SuiteRunner.runSequentially(SuiteRunner.java:450)
at org.testng.SuiteRunner.privateRun(SuiteRunner.java:415)
at org.testng.SuiteRunner.run(SuiteRunner.java:364)
at org.testng.SuiteRunnerWorker.runSuite(SuiteRunnerWorker.java:52)
at org.testng.SuiteRunnerWorker.run(SuiteRunnerWorker.java:84)
at org.testng.TestNG.runSuitesSequentially(TestNG.java:1208)
at org.testng.TestNG.runSuitesLocally(TestNG.java:1137)
at org.testng.TestNG.runSuites(TestNG.java:1049)
at org.testng.TestNG.run(TestNG.java:1017)
at GrandpaBless.main(GrandpaBless.java:232)
]]>
            </full-stacktrace>
          </exception> <!-- java.lang.NullPointerException -->
          <reporter-output>
            <line>
              <![CDATA[Unable to create new service: ChromeDriverService
Build info: version: '3.14.0', revision: 'aacccce0', time: '2018-08-02T20:13:22.693Z'
System info: host: 'linux-ThinkPad-E460', ip: '127.0.1.1', os.name: 'Linux', os.arch: 'amd64', os.version: '4.15.0-30-generic', java.version: '1.8.0_171'
Driver info: driver.version: unknown
Command duration or timeout: 209 milliseconds]]>
            </line>
          </reporter-output>
        </test-method> <!-- radioDefault -->
        <test-method status="SKIP" signature="afterClass()[pri:0, instance:cases.RadioButtonCase@13805618]" name="afterClass" is-config="true" duration-ms="0" started-at="2018-08-21T20:05:26Z" finished-at="2018-08-21T20:05:26Z">
          <reporter-output>
          </reporter-output>
        </test-method> <!-- afterClass -->
        <test-method status="SKIP" signature="beforeMethod(org.testng.ITestResult)[pri:0, instance:cases.RadioButtonCase@13805618]" name="beforeMethod" is-config="true" duration-ms="0" started-at="2018-08-21T20:05:26Z" finished-at="2018-08-21T20:05:26Z">
          <reporter-output>
          </reporter-output>
        </test-method> <!-- beforeMethod -->
      </class> <!-- cases.RadioButtonCase -->
      <class name="cases.CheckBoxCase">
        <test-method status="PASS" signature="beforeSuite(java.lang.String, java.lang.String, java.lang.String, java.lang.String)[pri:0, instance:cases.CheckBoxCase@5cb9f472]" name="beforeSuite" is-config="true" duration-ms="13" started-at="2018-08-21T20:05:25Z" finished-at="2018-08-21T20:05:25Z">
          <params>
            <param index="0">
              <value>
                <![CDATA[linux]]>
              </value>
            </param>
            <param index="1">
              <value>
                <![CDATA[172.23.0.136]]>
              </value>
            </param>
            <param index="2">
              <value>
                <![CDATA[chrome]]>
              </value>
            </param>
            <param index="3">
              <value>
                <![CDATA[35]]>
              </value>
            </param>
          </params>
          <reporter-output>
          </reporter-output>
        </test-method> <!-- beforeSuite -->
        <test-method status="PASS" signature="beforeTest()[pri:0, instance:cases.CheckBoxCase@5cb9f472]" name="beforeTest" is-config="true" duration-ms="0" started-at="2018-08-21T20:05:25Z" finished-at="2018-08-21T20:05:25Z">
          <reporter-output>
          </reporter-output>
        </test-method> <!-- beforeTest -->
        <test-method status="SKIP" signature="beforeClass()[pri:0, instance:cases.CheckBoxCase@5cb9f472]" name="beforeClass" is-config="true" duration-ms="0" started-at="2018-08-21T20:05:26Z" finished-at="2018-08-21T20:05:26Z">
          <reporter-output>
          </reporter-output>
        </test-method> <!-- beforeClass -->
        <test-method status="SKIP" signature="intentionalFailcheckBox()[pri:2, instance:cases.CheckBoxCase@5cb9f472]" name="intentionalFailcheckBox" duration-ms="0" started-at="2018-08-21T20:05:26Z" finished-at="2018-08-21T20:05:26Z">
          <exception class="java.lang.NullPointerException">
            <full-stacktrace>
              <![CDATA[java.lang.NullPointerException
at bricks.PapaBless.beforeMethod(PapaBless.java:345)
at sun.reflect.NativeMethodAccessorImpl.invoke0(Native Method)
at sun.reflect.NativeMethodAccessorImpl.invoke(NativeMethodAccessorImpl.java:62)
at sun.reflect.DelegatingMethodAccessorImpl.invoke(DelegatingMethodAccessorImpl.java:43)
at java.lang.reflect.Method.invoke(Method.java:498)
at org.testng.internal.MethodInvocationHelper.invokeMethod(MethodInvocationHelper.java:124)
at org.testng.internal.MethodInvocationHelper.invokeMethodConsideringTimeout(MethodInvocationHelper.java:59)
at org.testng.internal.Invoker.invokeConfigurationMethod(Invoker.java:455)
at org.testng.internal.Invoker.invokeConfigurations(Invoker.java:222)
at org.testng.internal.Invoker.invokeMethod(Invoker.java:520)
at org.testng.internal.Invoker.invokeTestMethod(Invoker.java:716)
at org.testng.internal.Invoker.invokeTestMethods(Invoker.java:988)
at org.testng.internal.TestMethodWorker.invokeTestMethods(TestMethodWorker.java:125)
at org.testng.internal.TestMethodWorker.run(TestMethodWorker.java:109)
at org.testng.TestRunner.privateRun(TestRunner.java:648)
at org.testng.TestRunner.run(TestRunner.java:505)
at org.testng.SuiteRunner.runTest(SuiteRunner.java:455)
at org.testng.SuiteRunner.runSequentially(SuiteRunner.java:450)
at org.testng.SuiteRunner.privateRun(SuiteRunner.java:415)
at org.testng.SuiteRunner.run(SuiteRunner.java:364)
at org.testng.SuiteRunnerWorker.runSuite(SuiteRunnerWorker.java:52)
at org.testng.SuiteRunnerWorker.run(SuiteRunnerWorker.java:84)
at org.testng.TestNG.runSuitesSequentially(TestNG.java:1208)
at org.testng.TestNG.runSuitesLocally(TestNG.java:1137)
at org.testng.TestNG.runSuites(TestNG.java:1049)
at org.testng.TestNG.run(TestNG.java:1017)
at GrandpaBless.main(GrandpaBless.java:232)
]]>
            </full-stacktrace>
          </exception> <!-- java.lang.NullPointerException -->
          <reporter-output>
            <line>
              <![CDATA[Unable to create new service: ChromeDriverService
Build info: version: '3.14.0', revision: 'aacccce0', time: '2018-08-02T20:13:22.693Z'
System info: host: 'linux-ThinkPad-E460', ip: '127.0.1.1', os.name: 'Linux', os.arch: 'amd64', os.version: '4.15.0-30-generic', java.version: '1.8.0_171'
Driver info: driver.version: unknown
Command duration or timeout: 209 milliseconds]]>
            </line>
          </reporter-output>
        </test-method> <!-- intentionalFailcheckBox -->
        <test-method status="SKIP" signature="afterMethod()[pri:0, instance:cases.CheckBoxCase@5cb9f472]" name="afterMethod" is-config="true" duration-ms="0" started-at="2018-08-21T20:05:26Z" finished-at="2018-08-21T20:05:26Z">
          <reporter-output>
          </reporter-output>
        </test-method> <!-- afterMethod -->
        <test-method status="SKIP" signature="beforeMethod(org.testng.ITestResult)[pri:0, instance:cases.CheckBoxCase@5cb9f472]" name="beforeMethod" is-config="true" duration-ms="0" started-at="2018-08-21T20:05:26Z" finished-at="2018-08-21T20:05:26Z">
          <reporter-output>
          </reporter-output>
        </test-method> <!-- beforeMethod -->
        <test-method status="SKIP" signature="checkBoxTwoThree()[pri:2, instance:cases.CheckBoxCase@5cb9f472]" name="checkBoxTwoThree" duration-ms="0" started-at="2018-08-21T20:05:26Z" finished-at="2018-08-21T20:05:26Z">
          <exception class="java.lang.NullPointerException">
            <full-stacktrace>
              <![CDATA[java.lang.NullPointerException
at bricks.PapaBless.beforeMethod(PapaBless.java:345)
at sun.reflect.NativeMethodAccessorImpl.invoke0(Native Method)
at sun.reflect.NativeMethodAccessorImpl.invoke(NativeMethodAccessorImpl.java:62)
at sun.reflect.DelegatingMethodAccessorImpl.invoke(DelegatingMethodAccessorImpl.java:43)
at java.lang.reflect.Method.invoke(Method.java:498)
at org.testng.internal.MethodInvocationHelper.invokeMethod(MethodInvocationHelper.java:124)
at org.testng.internal.MethodInvocationHelper.invokeMethodConsideringTimeout(MethodInvocationHelper.java:59)
at org.testng.internal.Invoker.invokeConfigurationMethod(Invoker.java:455)
at org.testng.internal.Invoker.invokeConfigurations(Invoker.java:222)
at org.testng.internal.Invoker.invokeMethod(Invoker.java:520)
at org.testng.internal.Invoker.invokeTestMethod(Invoker.java:716)
at org.testng.internal.Invoker.invokeTestMethods(Invoker.java:988)
at org.testng.internal.TestMethodWorker.invokeTestMethods(TestMethodWorker.java:125)
at org.testng.internal.TestMethodWorker.run(TestMethodWorker.java:109)
at org.testng.TestRunner.privateRun(TestRunner.java:648)
at org.testng.TestRunner.run(TestRunner.java:505)
at org.testng.SuiteRunner.runTest(SuiteRunner.java:455)
at org.testng.SuiteRunner.runSequentially(SuiteRunner.java:450)
at org.testng.SuiteRunner.privateRun(SuiteRunner.java:415)
at org.testng.SuiteRunner.run(SuiteRunner.java:364)
at org.testng.SuiteRunnerWorker.runSuite(SuiteRunnerWorker.java:52)
at org.testng.SuiteRunnerWorker.run(SuiteRunnerWorker.java:84)
at org.testng.TestNG.runSuitesSequentially(TestNG.java:1208)
at org.testng.TestNG.runSuitesLocally(TestNG.java:1137)
at org.testng.TestNG.runSuites(TestNG.java:1049)
at org.testng.TestNG.run(TestNG.java:1017)
at GrandpaBless.main(GrandpaBless.java:232)
]]>
            </full-stacktrace>
          </exception> <!-- java.lang.NullPointerException -->
          <reporter-output>
            <line>
              <![CDATA[Unable to create new service: ChromeDriverService
Build info: version: '3.14.0', revision: 'aacccce0', time: '2018-08-02T20:13:22.693Z'
System info: host: 'linux-ThinkPad-E460', ip: '127.0.1.1', os.name: 'Linux', os.arch: 'amd64', os.version: '4.15.0-30-generic', java.version: '1.8.0_171'
Driver info: driver.version: unknown
Command duration or timeout: 209 milliseconds]]>
            </line>
          </reporter-output>
        </test-method> <!-- checkBoxTwoThree -->
        <test-method status="SKIP" signature="afterMethod()[pri:0, instance:cases.CheckBoxCase@5cb9f472]" name="afterMethod" is-config="true" duration-ms="0" started-at="2018-08-21T20:05:26Z" finished-at="2018-08-21T20:05:26Z">
          <reporter-output>
          </reporter-output>
        </test-method> <!-- afterMethod -->
        <test-method status="SKIP" signature="beforeMethod(org.testng.ITestResult)[pri:0, instance:cases.CheckBoxCase@5cb9f472]" name="beforeMethod" is-config="true" duration-ms="0" started-at="2018-08-21T20:05:26Z" finished-at="2018-08-21T20:05:26Z">
          <reporter-output>
          </reporter-output>
        </test-method> <!-- beforeMethod -->
        <test-method status="SKIP" signature="checkBoxOneThree()[pri:2, instance:cases.CheckBoxCase@5cb9f472]" name="checkBoxOneThree" duration-ms="0" started-at="2018-08-21T20:05:26Z" finished-at="2018-08-21T20:05:26Z">
          <exception class="java.lang.NullPointerException">
            <full-stacktrace>
              <![CDATA[java.lang.NullPointerException
at bricks.PapaBless.beforeMethod(PapaBless.java:345)
at sun.reflect.NativeMethodAccessorImpl.invoke0(Native Method)
at sun.reflect.NativeMethodAccessorImpl.invoke(NativeMethodAccessorImpl.java:62)
at sun.reflect.DelegatingMethodAccessorImpl.invoke(DelegatingMethodAccessorImpl.java:43)
at java.lang.reflect.Method.invoke(Method.java:498)
at org.testng.internal.MethodInvocationHelper.invokeMethod(MethodInvocationHelper.java:124)
at org.testng.internal.MethodInvocationHelper.invokeMethodConsideringTimeout(MethodInvocationHelper.java:59)
at org.testng.internal.Invoker.invokeConfigurationMethod(Invoker.java:455)
at org.testng.internal.Invoker.invokeConfigurations(Invoker.java:222)
at org.testng.internal.Invoker.invokeMethod(Invoker.java:520)
at org.testng.internal.Invoker.invokeTestMethod(Invoker.java:716)
at org.testng.internal.Invoker.invokeTestMethods(Invoker.java:988)
at org.testng.internal.TestMethodWorker.invokeTestMethods(TestMethodWorker.java:125)
at org.testng.internal.TestMethodWorker.run(TestMethodWorker.java:109)
at org.testng.TestRunner.privateRun(TestRunner.java:648)
at org.testng.TestRunner.run(TestRunner.java:505)
at org.testng.SuiteRunner.runTest(SuiteRunner.java:455)
at org.testng.SuiteRunner.runSequentially(SuiteRunner.java:450)
at org.testng.SuiteRunner.privateRun(SuiteRunner.java:415)
at org.testng.SuiteRunner.run(SuiteRunner.java:364)
at org.testng.SuiteRunnerWorker.runSuite(SuiteRunnerWorker.java:52)
at org.testng.SuiteRunnerWorker.run(SuiteRunnerWorker.java:84)
at org.testng.TestNG.runSuitesSequentially(TestNG.java:1208)
at org.testng.TestNG.runSuitesLocally(TestNG.java:1137)
at org.testng.TestNG.runSuites(TestNG.java:1049)
at org.testng.TestNG.run(TestNG.java:1017)
at GrandpaBless.main(GrandpaBless.java:232)
]]>
            </full-stacktrace>
          </exception> <!-- java.lang.NullPointerException -->
          <reporter-output>
            <line>
              <![CDATA[Unable to create new service: ChromeDriverService
Build info: version: '3.14.0', revision: 'aacccce0', time: '2018-08-02T20:13:22.693Z'
System info: host: 'linux-ThinkPad-E460', ip: '127.0.1.1', os.name: 'Linux', os.arch: 'amd64', os.version: '4.15.0-30-generic', java.version: '1.8.0_171'
Driver info: driver.version: unknown
Command duration or timeout: 209 milliseconds]]>
            </line>
          </reporter-output>
        </test-method> <!-- checkBoxOneThree -->
        <test-method status="SKIP" signature="beforeMethod(org.testng.ITestResult)[pri:0, instance:cases.CheckBoxCase@5cb9f472]" name="beforeMethod" is-config="true" duration-ms="0" started-at="2018-08-21T20:05:26Z" finished-at="2018-08-21T20:05:26Z">
          <reporter-output>
          </reporter-output>
        </test-method> <!-- beforeMethod -->
        <test-method status="SKIP" signature="afterMethod()[pri:0, instance:cases.CheckBoxCase@5cb9f472]" name="afterMethod" is-config="true" duration-ms="0" started-at="2018-08-21T20:05:26Z" finished-at="2018-08-21T20:05:26Z">
          <reporter-output>
          </reporter-output>
        </test-method> <!-- afterMethod -->
        <test-method status="SKIP" signature="afterMethod()[pri:0, instance:cases.CheckBoxCase@5cb9f472]" name="afterMethod" is-config="true" duration-ms="0" started-at="2018-08-21T20:05:26Z" finished-at="2018-08-21T20:05:26Z">
          <reporter-output>
          </reporter-output>
        </test-method> <!-- afterMethod -->
        <test-method status="SKIP" signature="beforeMethod(org.testng.ITestResult)[pri:0, instance:cases.CheckBoxCase@5cb9f472]" name="beforeMethod" is-config="true" duration-ms="0" started-at="2018-08-21T20:05:26Z" finished-at="2018-08-21T20:05:26Z">
          <reporter-output>
          </reporter-output>
        </test-method> <!-- beforeMethod -->
        <test-method status="SKIP" signature="checkBoxAll()[pri:2, instance:cases.CheckBoxCase@5cb9f472]" name="checkBoxAll" duration-ms="0" started-at="2018-08-21T20:05:26Z" finished-at="2018-08-21T20:05:26Z">
          <exception class="java.lang.NullPointerException">
            <full-stacktrace>
              <![CDATA[java.lang.NullPointerException
at bricks.PapaBless.beforeMethod(PapaBless.java:345)
at sun.reflect.NativeMethodAccessorImpl.invoke0(Native Method)
at sun.reflect.NativeMethodAccessorImpl.invoke(NativeMethodAccessorImpl.java:62)
at sun.reflect.DelegatingMethodAccessorImpl.invoke(DelegatingMethodAccessorImpl.java:43)
at java.lang.reflect.Method.invoke(Method.java:498)
at org.testng.internal.MethodInvocationHelper.invokeMethod(MethodInvocationHelper.java:124)
at org.testng.internal.MethodInvocationHelper.invokeMethodConsideringTimeout(MethodInvocationHelper.java:59)
at org.testng.internal.Invoker.invokeConfigurationMethod(Invoker.java:455)
at org.testng.internal.Invoker.invokeConfigurations(Invoker.java:222)
at org.testng.internal.Invoker.invokeMethod(Invoker.java:520)
at org.testng.internal.Invoker.invokeTestMethod(Invoker.java:716)
at org.testng.internal.Invoker.invokeTestMethods(Invoker.java:988)
at org.testng.internal.TestMethodWorker.invokeTestMethods(TestMethodWorker.java:125)
at org.testng.internal.TestMethodWorker.run(TestMethodWorker.java:109)
at org.testng.TestRunner.privateRun(TestRunner.java:648)
at org.testng.TestRunner.run(TestRunner.java:505)
at org.testng.SuiteRunner.runTest(SuiteRunner.java:455)
at org.testng.SuiteRunner.runSequentially(SuiteRunner.java:450)
at org.testng.SuiteRunner.privateRun(SuiteRunner.java:415)
at org.testng.SuiteRunner.run(SuiteRunner.java:364)
at org.testng.SuiteRunnerWorker.runSuite(SuiteRunnerWorker.java:52)
at org.testng.SuiteRunnerWorker.run(SuiteRunnerWorker.java:84)
at org.testng.TestNG.runSuitesSequentially(TestNG.java:1208)
at org.testng.TestNG.runSuitesLocally(TestNG.java:1137)
at org.testng.TestNG.runSuites(TestNG.java:1049)
at org.testng.TestNG.run(TestNG.java:1017)
at GrandpaBless.main(GrandpaBless.java:232)
]]>
            </full-stacktrace>
          </exception> <!-- java.lang.NullPointerException -->
          <reporter-output>
            <line>
              <![CDATA[Unable to create new service: ChromeDriverService
Build info: version: '3.14.0', revision: 'aacccce0', time: '2018-08-02T20:13:22.693Z'
System info: host: 'linux-ThinkPad-E460', ip: '127.0.1.1', os.name: 'Linux', os.arch: 'amd64', os.version: '4.15.0-30-generic', java.version: '1.8.0_171'
Driver info: driver.version: unknown
Command duration or timeout: 209 milliseconds]]>
            </line>
          </reporter-output>
        </test-method> <!-- checkBoxAll -->
        <test-method status="SKIP" signature="beforeMethod(org.testng.ITestResult)[pri:0, instance:cases.CheckBoxCase@5cb9f472]" name="beforeMethod" is-config="true" duration-ms="0" started-at="2018-08-21T20:05:26Z" finished-at="2018-08-21T20:05:26Z">
          <reporter-output>
          </reporter-output>
        </test-method> <!-- beforeMethod -->
        <test-method status="SKIP" signature="checkBoxNone()[pri:2, instance:cases.CheckBoxCase@5cb9f472]" name="checkBoxNone" duration-ms="0" started-at="2018-08-21T20:05:26Z" finished-at="2018-08-21T20:05:26Z">
          <exception class="java.lang.NullPointerException">
            <full-stacktrace>
              <![CDATA[java.lang.NullPointerException
at bricks.PapaBless.beforeMethod(PapaBless.java:345)
at sun.reflect.NativeMethodAccessorImpl.invoke0(Native Method)
at sun.reflect.NativeMethodAccessorImpl.invoke(NativeMethodAccessorImpl.java:62)
at sun.reflect.DelegatingMethodAccessorImpl.invoke(DelegatingMethodAccessorImpl.java:43)
at java.lang.reflect.Method.invoke(Method.java:498)
at org.testng.internal.MethodInvocationHelper.invokeMethod(MethodInvocationHelper.java:124)
at org.testng.internal.MethodInvocationHelper.invokeMethodConsideringTimeout(MethodInvocationHelper.java:59)
at org.testng.internal.Invoker.invokeConfigurationMethod(Invoker.java:455)
at org.testng.internal.Invoker.invokeConfigurations(Invoker.java:222)
at org.testng.internal.Invoker.invokeMethod(Invoker.java:520)
at org.testng.internal.Invoker.invokeTestMethod(Invoker.java:716)
at org.testng.internal.Invoker.invokeTestMethods(Invoker.java:988)
at org.testng.internal.TestMethodWorker.invokeTestMethods(TestMethodWorker.java:125)
at org.testng.internal.TestMethodWorker.run(TestMethodWorker.java:109)
at org.testng.TestRunner.privateRun(TestRunner.java:648)
at org.testng.TestRunner.run(TestRunner.java:505)
at org.testng.SuiteRunner.runTest(SuiteRunner.java:455)
at org.testng.SuiteRunner.runSequentially(SuiteRunner.java:450)
at org.testng.SuiteRunner.privateRun(SuiteRunner.java:415)
at org.testng.SuiteRunner.run(SuiteRunner.java:364)
at org.testng.SuiteRunnerWorker.runSuite(SuiteRunnerWorker.java:52)
at org.testng.SuiteRunnerWorker.run(SuiteRunnerWorker.java:84)
at org.testng.TestNG.runSuitesSequentially(TestNG.java:1208)
at org.testng.TestNG.runSuitesLocally(TestNG.java:1137)
at org.testng.TestNG.runSuites(TestNG.java:1049)
at org.testng.TestNG.run(TestNG.java:1017)
at GrandpaBless.main(GrandpaBless.java:232)
]]>
            </full-stacktrace>
          </exception> <!-- java.lang.NullPointerException -->
          <reporter-output>
            <line>
              <![CDATA[Unable to create new service: ChromeDriverService
Build info: version: '3.14.0', revision: 'aacccce0', time: '2018-08-02T20:13:22.693Z'
System info: host: 'linux-ThinkPad-E460', ip: '127.0.1.1', os.name: 'Linux', os.arch: 'amd64', os.version: '4.15.0-30-generic', java.version: '1.8.0_171'
Driver info: driver.version: unknown
Command duration or timeout: 209 milliseconds]]>
            </line>
          </reporter-output>
        </test-method> <!-- checkBoxNone -->
        <test-method status="SKIP" signature="afterMethod()[pri:0, instance:cases.CheckBoxCase@5cb9f472]" name="afterMethod" is-config="true" duration-ms="0" started-at="2018-08-21T20:05:26Z" finished-at="2018-08-21T20:05:26Z">
          <reporter-output>
          </reporter-output>
        </test-method> <!-- afterMethod -->
        <test-method status="SKIP" signature="checkBoxOneTwo()[pri:2, instance:cases.CheckBoxCase@5cb9f472]" name="checkBoxOneTwo" duration-ms="0" started-at="2018-08-21T20:05:26Z" finished-at="2018-08-21T20:05:26Z">
          <exception class="java.lang.NullPointerException">
            <full-stacktrace>
              <![CDATA[java.lang.NullPointerException
at bricks.PapaBless.beforeMethod(PapaBless.java:345)
at sun.reflect.NativeMethodAccessorImpl.invoke0(Native Method)
at sun.reflect.NativeMethodAccessorImpl.invoke(NativeMethodAccessorImpl.java:62)
at sun.reflect.DelegatingMethodAccessorImpl.invoke(DelegatingMethodAccessorImpl.java:43)
at java.lang.reflect.Method.invoke(Method.java:498)
at org.testng.internal.MethodInvocationHelper.invokeMethod(MethodInvocationHelper.java:124)
at org.testng.internal.MethodInvocationHelper.invokeMethodConsideringTimeout(MethodInvocationHelper.java:59)
at org.testng.internal.Invoker.invokeConfigurationMethod(Invoker.java:455)
at org.testng.internal.Invoker.invokeConfigurations(Invoker.java:222)
at org.testng.internal.Invoker.invokeMethod(Invoker.java:520)
at org.testng.internal.Invoker.invokeTestMethod(Invoker.java:716)
at org.testng.internal.Invoker.invokeTestMethods(Invoker.java:988)
at org.testng.internal.TestMethodWorker.invokeTestMethods(TestMethodWorker.java:125)
at org.testng.internal.TestMethodWorker.run(TestMethodWorker.java:109)
at org.testng.TestRunner.privateRun(TestRunner.java:648)
at org.testng.TestRunner.run(TestRunner.java:505)
at org.testng.SuiteRunner.runTest(SuiteRunner.java:455)
at org.testng.SuiteRunner.runSequentially(SuiteRunner.java:450)
at org.testng.SuiteRunner.privateRun(SuiteRunner.java:415)
at org.testng.SuiteRunner.run(SuiteRunner.java:364)
at org.testng.SuiteRunnerWorker.runSuite(SuiteRunnerWorker.java:52)
at org.testng.SuiteRunnerWorker.run(SuiteRunnerWorker.java:84)
at org.testng.TestNG.runSuitesSequentially(TestNG.java:1208)
at org.testng.TestNG.runSuitesLocally(TestNG.java:1137)
at org.testng.TestNG.runSuites(TestNG.java:1049)
at org.testng.TestNG.run(TestNG.java:1017)
at GrandpaBless.main(GrandpaBless.java:232)
]]>
            </full-stacktrace>
          </exception> <!-- java.lang.NullPointerException -->
          <reporter-output>
            <line>
              <![CDATA[Unable to create new service: ChromeDriverService
Build info: version: '3.14.0', revision: 'aacccce0', time: '2018-08-02T20:13:22.693Z'
System info: host: 'linux-ThinkPad-E460', ip: '127.0.1.1', os.name: 'Linux', os.arch: 'amd64', os.version: '4.15.0-30-generic', java.version: '1.8.0_171'
Driver info: driver.version: unknown
Command duration or timeout: 209 milliseconds]]>
            </line>
          </reporter-output>
        </test-method> <!-- checkBoxOneTwo -->
        <test-method status="SKIP" signature="afterClass()[pri:0, instance:cases.CheckBoxCase@5cb9f472]" name="afterClass" is-config="true" duration-ms="0" started-at="2018-08-21T20:05:26Z" finished-at="2018-08-21T20:05:26Z">
          <reporter-output>
          </reporter-output>
        </test-method> <!-- afterClass -->
        <test-method status="SKIP" signature="beforeMethod(org.testng.ITestResult)[pri:0, instance:cases.CheckBoxCase@5cb9f472]" name="beforeMethod" is-config="true" duration-ms="0" started-at="2018-08-21T20:05:26Z" finished-at="2018-08-21T20:05:26Z">
          <reporter-output>
          </reporter-output>
        </test-method> <!-- beforeMethod -->
        <test-method status="SKIP" signature="afterMethod()[pri:0, instance:cases.CheckBoxCase@5cb9f472]" name="afterMethod" is-config="true" duration-ms="0" started-at="2018-08-21T20:05:26Z" finished-at="2018-08-21T20:05:26Z">
          <reporter-output>
          </reporter-output>
        </test-method> <!-- afterMethod -->
        <test-method status="SKIP" signature="afterTest()[pri:0, instance:cases.CheckBoxCase@5cb9f472]" name="afterTest" is-config="true" duration-ms="0" started-at="2018-08-21T20:05:26Z" finished-at="2018-08-21T20:05:26Z">
          <reporter-output>
          </reporter-output>
        </test-method> <!-- afterTest -->
        <test-method status="SKIP" signature="afterSuite()[pri:0, instance:cases.CheckBoxCase@5cb9f472]" name="afterSuite" is-config="true" duration-ms="0" started-at="2018-08-21T20:05:26Z" finished-at="2018-08-21T20:05:26Z">
          <reporter-output>
          </reporter-output>
        </test-method> <!-- afterSuite -->
      </class> <!-- cases.CheckBoxCase -->
    </test> <!-- dynamic test with packages -->
  </suite> <!-- 21Aug2018 03:05:25 PM linux/172.23.0.136/chrome/35 -->
</testng-results>
