<?xml version="1.0" encoding="UTF-8"?>
<testng-results skipped="144" failed="12" ignored="168" total="420" passed="96">
  <reporter-output>
    <line>
      <![CDATA[<a href='/home/richard/git/SeleniumJava/target/surefire-reports/failure_screenshots/intentionalFailcheckBox_04Aug2018_12-40-31-065.png'> <img src='/home/richard/git/SeleniumJava/target/surefire-reports/failure_screenshots/intentionalFailcheckBox_04Aug2018_12-40-31-065.png' height='100' width='100'/> </a>]]>
    </line>
    <line>
      <![CDATA[<a href='/home/richard/git/SeleniumJava/target/surefire-reports/failure_screenshots/intentionalFailTextField_04Aug2018_12-40-33-130.png'> <img src='/home/richard/git/SeleniumJava/target/surefire-reports/failure_screenshots/intentionalFailTextField_04Aug2018_12-40-33-130.png' height='100' width='100'/> </a>]]>
    </line>
    <line>
      <![CDATA[<a href='/home/richard/git/SeleniumJava/target/surefire-reports/failure_screenshots/intentionalFailcheckBox_04Aug2018_12-40-57-147.png'> <img src='/home/richard/git/SeleniumJava/target/surefire-reports/failure_screenshots/intentionalFailcheckBox_04Aug2018_12-40-57-147.png' height='100' width='100'/> </a>]]>
    </line>
    <line>
      <![CDATA[<a href='/home/richard/git/SeleniumJava/target/surefire-reports/failure_screenshots/intentionalFailTextField_04Aug2018_12-41-01-937.png'> <img src='/home/richard/git/SeleniumJava/target/surefire-reports/failure_screenshots/intentionalFailTextField_04Aug2018_12-41-01-937.png' height='100' width='100'/> </a>]]>
    </line>
    <line>
      <![CDATA[<a href='/home/richard/git/SeleniumJava/target/surefire-reports/failure_screenshots/intentionalFailcheckBox_04Aug2018_12-41-25-344.png'> <img src='/home/richard/git/SeleniumJava/target/surefire-reports/failure_screenshots/intentionalFailcheckBox_04Aug2018_12-41-25-344.png' height='100' width='100'/> </a>]]>
    </line>
    <line>
      <![CDATA[<a href='/home/richard/git/SeleniumJava/target/surefire-reports/failure_screenshots/intentionalFailTextField_04Aug2018_12-41-27-276.png'> <img src='/home/richard/git/SeleniumJava/target/surefire-reports/failure_screenshots/intentionalFailTextField_04Aug2018_12-41-27-276.png' height='100' width='100'/> </a>]]>
    </line>
    <line>
      <![CDATA[<a href='/home/richard/git/SeleniumJava/target/surefire-reports/failure_screenshots/intentionalFailcheckBox_04Aug2018_12-41-43-438.png'> <img src='/home/richard/git/SeleniumJava/target/surefire-reports/failure_screenshots/intentionalFailcheckBox_04Aug2018_12-41-43-438.png' height='100' width='100'/> </a>]]>
    </line>
    <line>
      <![CDATA[<a href='/home/richard/git/SeleniumJava/target/surefire-reports/failure_screenshots/intentionalFailTextField_04Aug2018_12-41-47-953.png'> <img src='/home/richard/git/SeleniumJava/target/surefire-reports/failure_screenshots/intentionalFailTextField_04Aug2018_12-41-47-953.png' height='100' width='100'/> </a>]]>
    </line>
    <line>
      <![CDATA[booper is not a recognized nodeOS. You are silly.]]>
    </line>
    <line>
      <![CDATA[booper is not a recognized nodeOS. You are silly.]]>
    </line>
    <line>
      <![CDATA[booper is not a recognized nodeOS. You are silly.]]>
    </line>
    <line>
      <![CDATA[booper is not a recognized nodeOS. You are silly.]]>
    </line>
    <line>
      <![CDATA[booper is not a recognized nodeOS. You are silly.]]>
    </line>
    <line>
      <![CDATA[booper is not a recognized nodeOS. You are silly.]]>
    </line>
    <line>
      <![CDATA[booper is not a recognized nodeOS. You are silly.]]>
    </line>
    <line>
      <![CDATA[booper is not a recognized nodeOS. You are silly.]]>
    </line>
    <line>
      <![CDATA[booper is not a recognized nodeOS. You are silly.]]>
    </line>
    <line>
      <![CDATA[booper is not a recognized nodeOS. You are silly.]]>
    </line>
    <line>
      <![CDATA[booper is not a recognized nodeOS. You are silly.]]>
    </line>
    <line>
      <![CDATA[booper is not a recognized nodeOS. You are silly.]]>
    </line>
    <line>
      <![CDATA[booper is not a recognized nodeOS. You are silly.]]>
    </line>
    <line>
      <![CDATA[booper is not a recognized nodeOS. You are silly.]]>
    </line>
    <line>
      <![CDATA[booper is not a recognized nodeOS. You are silly.]]>
    </line>
    <line>
      <![CDATA[booper is not a recognized nodeOS. You are silly.]]>
    </line>
    <line>
      <![CDATA[booper is not a recognized nodeOS. You are silly.]]>
    </line>
    <line>
      <![CDATA[booper is not a recognized nodeOS. You are silly.]]>
    </line>
    <line>
      <![CDATA[dooper is not a valid IP address. You are silly.]]>
    </line>
    <line>
      <![CDATA[dooper is not a valid IP address. You are silly.]]>
    </line>
    <line>
      <![CDATA[dooper is not a valid IP address. You are silly.]]>
    </line>
    <line>
      <![CDATA[dooper is not a valid IP address. You are silly.]]>
    </line>
    <line>
      <![CDATA[dooper is not a valid IP address. You are silly.]]>
    </line>
    <line>
      <![CDATA[dooper is not a valid IP address. You are silly.]]>
    </line>
    <line>
      <![CDATA[dooper is not a valid IP address. You are silly.]]>
    </line>
    <line>
      <![CDATA[dooper is not a valid IP address. You are silly.]]>
    </line>
    <line>
      <![CDATA[dooper is not a valid IP address. You are silly.]]>
    </line>
    <line>
      <![CDATA[dooper is not a valid IP address. You are silly.]]>
    </line>
    <line>
      <![CDATA[dooper is not a valid IP address. You are silly.]]>
    </line>
    <line>
      <![CDATA[dooper is not a valid IP address. You are silly.]]>
    </line>
    <line>
      <![CDATA[dooper is not a valid IP address. You are silly.]]>
    </line>
    <line>
      <![CDATA[dooper is not a valid IP address. You are silly.]]>
    </line>
    <line>
      <![CDATA[dooper is not a valid IP address. You are silly.]]>
    </line>
    <line>
      <![CDATA[dooper is not a valid IP address. You are silly.]]>
    </line>
    <line>
      <![CDATA[dooper is not a valid IP address. You are silly.]]>
    </line>
    <line>
      <![CDATA[dooper is not a valid IP address. You are silly.]]>
    </line>
    <line>
      <![CDATA[Could not start a new session. Possible causes are invalid address of the remote server or browser start-up failure.
Build info: version: '3.11.0', revision: 'e59cfb3', time: '2018-03-11T20:33:08.638Z'
System info: host: 'linux-ThinkPad-E460', ip: '127.0.1.1', os.name: 'Linux', os.arch: 'amd64', os.version: '4.13.0-45-generic', java.version: '1.8.0_171'
Driver info: driver.version: RemoteWebDriver]]>
    </line>
    <line>
      <![CDATA[Could not start a new session. Possible causes are invalid address of the remote server or browser start-up failure.
Build info: version: '3.11.0', revision: 'e59cfb3', time: '2018-03-11T20:33:08.638Z'
System info: host: 'linux-ThinkPad-E460', ip: '127.0.1.1', os.name: 'Linux', os.arch: 'amd64', os.version: '4.13.0-45-generic', java.version: '1.8.0_171'
Driver info: driver.version: RemoteWebDriver]]>
    </line>
    <line>
      <![CDATA[Could not start a new session. Possible causes are invalid address of the remote server or browser start-up failure.
Build info: version: '3.11.0', revision: 'e59cfb3', time: '2018-03-11T20:33:08.638Z'
System info: host: 'linux-ThinkPad-E460', ip: '127.0.1.1', os.name: 'Linux', os.arch: 'amd64', os.version: '4.13.0-45-generic', java.version: '1.8.0_171'
Driver info: driver.version: RemoteWebDriver]]>
    </line>
    <line>
      <![CDATA[Could not start a new session. Possible causes are invalid address of the remote server or browser start-up failure.
Build info: version: '3.11.0', revision: 'e59cfb3', time: '2018-03-11T20:33:08.638Z'
System info: host: 'linux-ThinkPad-E460', ip: '127.0.1.1', os.name: 'Linux', os.arch: 'amd64', os.version: '4.13.0-45-generic', java.version: '1.8.0_171'
Driver info: driver.version: RemoteWebDriver]]>
    </line>
    <line>
      <![CDATA[Could not start a new session. Possible causes are invalid address of the remote server or browser start-up failure.
Build info: version: '3.11.0', revision: 'e59cfb3', time: '2018-03-11T20:33:08.638Z'
System info: host: 'linux-ThinkPad-E460', ip: '127.0.1.1', os.name: 'Linux', os.arch: 'amd64', os.version: '4.13.0-45-generic', java.version: '1.8.0_171'
Driver info: driver.version: RemoteWebDriver]]>
    </line>
    <line>
      <![CDATA[Could not start a new session. Possible causes are invalid address of the remote server or browser start-up failure.
Build info: version: '3.11.0', revision: 'e59cfb3', time: '2018-03-11T20:33:08.638Z'
System info: host: 'linux-ThinkPad-E460', ip: '127.0.1.1', os.name: 'Linux', os.arch: 'amd64', os.version: '4.13.0-45-generic', java.version: '1.8.0_171'
Driver info: driver.version: RemoteWebDriver]]>
    </line>
    <line>
      <![CDATA[Could not start a new session. Possible causes are invalid address of the remote server or browser start-up failure.
Build info: version: '3.11.0', revision: 'e59cfb3', time: '2018-03-11T20:33:08.638Z'
System info: host: 'linux-ThinkPad-E460', ip: '127.0.1.1', os.name: 'Linux', os.arch: 'amd64', os.version: '4.13.0-45-generic', java.version: '1.8.0_171'
Driver info: driver.version: RemoteWebDriver]]>
    </line>
    <line>
      <![CDATA[Could not start a new session. Possible causes are invalid address of the remote server or browser start-up failure.
Build info: version: '3.11.0', revision: 'e59cfb3', time: '2018-03-11T20:33:08.638Z'
System info: host: 'linux-ThinkPad-E460', ip: '127.0.1.1', os.name: 'Linux', os.arch: 'amd64', os.version: '4.13.0-45-generic', java.version: '1.8.0_171'
Driver info: driver.version: RemoteWebDriver]]>
    </line>
    <line>
      <![CDATA[Could not start a new session. Possible causes are invalid address of the remote server or browser start-up failure.
Build info: version: '3.11.0', revision: 'e59cfb3', time: '2018-03-11T20:33:08.638Z'
System info: host: 'linux-ThinkPad-E460', ip: '127.0.1.1', os.name: 'Linux', os.arch: 'amd64', os.version: '4.13.0-45-generic', java.version: '1.8.0_171'
Driver info: driver.version: RemoteWebDriver]]>
    </line>
    <line>
      <![CDATA[Could not start a new session. Possible causes are invalid address of the remote server or browser start-up failure.
Build info: version: '3.11.0', revision: 'e59cfb3', time: '2018-03-11T20:33:08.638Z'
System info: host: 'linux-ThinkPad-E460', ip: '127.0.1.1', os.name: 'Linux', os.arch: 'amd64', os.version: '4.13.0-45-generic', java.version: '1.8.0_171'
Driver info: driver.version: RemoteWebDriver]]>
    </line>
    <line>
      <![CDATA[Could not start a new session. Possible causes are invalid address of the remote server or browser start-up failure.
Build info: version: '3.11.0', revision: 'e59cfb3', time: '2018-03-11T20:33:08.638Z'
System info: host: 'linux-ThinkPad-E460', ip: '127.0.1.1', os.name: 'Linux', os.arch: 'amd64', os.version: '4.13.0-45-generic', java.version: '1.8.0_171'
Driver info: driver.version: RemoteWebDriver]]>
    </line>
    <line>
      <![CDATA[Could not start a new session. Possible causes are invalid address of the remote server or browser start-up failure.
Build info: version: '3.11.0', revision: 'e59cfb3', time: '2018-03-11T20:33:08.638Z'
System info: host: 'linux-ThinkPad-E460', ip: '127.0.1.1', os.name: 'Linux', os.arch: 'amd64', os.version: '4.13.0-45-generic', java.version: '1.8.0_171'
Driver info: driver.version: RemoteWebDriver]]>
    </line>
    <line>
      <![CDATA[Could not start a new session. Possible causes are invalid address of the remote server or browser start-up failure.
Build info: version: '3.11.0', revision: 'e59cfb3', time: '2018-03-11T20:33:08.638Z'
System info: host: 'linux-ThinkPad-E460', ip: '127.0.1.1', os.name: 'Linux', os.arch: 'amd64', os.version: '4.13.0-45-generic', java.version: '1.8.0_171'
Driver info: driver.version: RemoteWebDriver]]>
    </line>
    <line>
      <![CDATA[Could not start a new session. Possible causes are invalid address of the remote server or browser start-up failure.
Build info: version: '3.11.0', revision: 'e59cfb3', time: '2018-03-11T20:33:08.638Z'
System info: host: 'linux-ThinkPad-E460', ip: '127.0.1.1', os.name: 'Linux', os.arch: 'amd64', os.version: '4.13.0-45-generic', java.version: '1.8.0_171'
Driver info: driver.version: RemoteWebDriver]]>
    </line>
    <line>
      <![CDATA[Could not start a new session. Possible causes are invalid address of the remote server or browser start-up failure.
Build info: version: '3.11.0', revision: 'e59cfb3', time: '2018-03-11T20:33:08.638Z'
System info: host: 'linux-ThinkPad-E460', ip: '127.0.1.1', os.name: 'Linux', os.arch: 'amd64', os.version: '4.13.0-45-generic', java.version: '1.8.0_171'
Driver info: driver.version: RemoteWebDriver]]>
    </line>
    <line>
      <![CDATA[Could not start a new session. Possible causes are invalid address of the remote server or browser start-up failure.
Build info: version: '3.11.0', revision: 'e59cfb3', time: '2018-03-11T20:33:08.638Z'
System info: host: 'linux-ThinkPad-E460', ip: '127.0.1.1', os.name: 'Linux', os.arch: 'amd64', os.version: '4.13.0-45-generic', java.version: '1.8.0_171'
Driver info: driver.version: RemoteWebDriver]]>
    </line>
    <line>
      <![CDATA[Could not start a new session. Possible causes are invalid address of the remote server or browser start-up failure.
Build info: version: '3.11.0', revision: 'e59cfb3', time: '2018-03-11T20:33:08.638Z'
System info: host: 'linux-ThinkPad-E460', ip: '127.0.1.1', os.name: 'Linux', os.arch: 'amd64', os.version: '4.13.0-45-generic', java.version: '1.8.0_171'
Driver info: driver.version: RemoteWebDriver]]>
    </line>
    <line>
      <![CDATA[Could not start a new session. Possible causes are invalid address of the remote server or browser start-up failure.
Build info: version: '3.11.0', revision: 'e59cfb3', time: '2018-03-11T20:33:08.638Z'
System info: host: 'linux-ThinkPad-E460', ip: '127.0.1.1', os.name: 'Linux', os.arch: 'amd64', os.version: '4.13.0-45-generic', java.version: '1.8.0_171'
Driver info: driver.version: RemoteWebDriver]]>
    </line>
    <line>
      <![CDATA[ey b0ss, no http or port, please: 192.168.0.12:123]]>
    </line>
    <line>
      <![CDATA[ey b0ss, no http or port, please: 192.168.0.12:123]]>
    </line>
    <line>
      <![CDATA[ey b0ss, no http or port, please: 192.168.0.12:123]]>
    </line>
    <line>
      <![CDATA[ey b0ss, no http or port, please: 192.168.0.12:123]]>
    </line>
    <line>
      <![CDATA[ey b0ss, no http or port, please: 192.168.0.12:123]]>
    </line>
    <line>
      <![CDATA[ey b0ss, no http or port, please: 192.168.0.12:123]]>
    </line>
    <line>
      <![CDATA[ey b0ss, no http or port, please: 192.168.0.12:123]]>
    </line>
    <line>
      <![CDATA[ey b0ss, no http or port, please: 192.168.0.12:123]]>
    </line>
    <line>
      <![CDATA[ey b0ss, no http or port, please: 192.168.0.12:123]]>
    </line>
    <line>
      <![CDATA[ey b0ss, no http or port, please: 192.168.0.12:123]]>
    </line>
    <line>
      <![CDATA[ey b0ss, no http or port, please: 192.168.0.12:123]]>
    </line>
    <line>
      <![CDATA[ey b0ss, no http or port, please: 192.168.0.12:123]]>
    </line>
    <line>
      <![CDATA[ey b0ss, no http or port, please: 192.168.0.12:123]]>
    </line>
    <line>
      <![CDATA[ey b0ss, no http or port, please: 192.168.0.12:123]]>
    </line>
    <line>
      <![CDATA[ey b0ss, no http or port, please: 192.168.0.12:123]]>
    </line>
    <line>
      <![CDATA[ey b0ss, no http or port, please: 192.168.0.12:123]]>
    </line>
    <line>
      <![CDATA[ey b0ss, no http or port, please: 192.168.0.12:123]]>
    </line>
    <line>
      <![CDATA[ey b0ss, no http or port, please: 192.168.0.12:123]]>
    </line>
    <line>
      <![CDATA[Could not start a new session. Possible causes are invalid address of the remote server or browser start-up failure.
Build info: version: '3.11.0', revision: 'e59cfb3', time: '2018-03-11T20:33:08.638Z'
System info: host: 'linux-ThinkPad-E460', ip: '127.0.1.1', os.name: 'Linux', os.arch: 'amd64', os.version: '4.13.0-45-generic', java.version: '1.8.0_171'
Driver info: driver.version: RemoteWebDriver]]>
    </line>
    <line>
      <![CDATA[Could not start a new session. Possible causes are invalid address of the remote server or browser start-up failure.
Build info: version: '3.11.0', revision: 'e59cfb3', time: '2018-03-11T20:33:08.638Z'
System info: host: 'linux-ThinkPad-E460', ip: '127.0.1.1', os.name: 'Linux', os.arch: 'amd64', os.version: '4.13.0-45-generic', java.version: '1.8.0_171'
Driver info: driver.version: RemoteWebDriver]]>
    </line>
    <line>
      <![CDATA[Could not start a new session. Possible causes are invalid address of the remote server or browser start-up failure.
Build info: version: '3.11.0', revision: 'e59cfb3', time: '2018-03-11T20:33:08.638Z'
System info: host: 'linux-ThinkPad-E460', ip: '127.0.1.1', os.name: 'Linux', os.arch: 'amd64', os.version: '4.13.0-45-generic', java.version: '1.8.0_171'
Driver info: driver.version: RemoteWebDriver]]>
    </line>
    <line>
      <![CDATA[Could not start a new session. Possible causes are invalid address of the remote server or browser start-up failure.
Build info: version: '3.11.0', revision: 'e59cfb3', time: '2018-03-11T20:33:08.638Z'
System info: host: 'linux-ThinkPad-E460', ip: '127.0.1.1', os.name: 'Linux', os.arch: 'amd64', os.version: '4.13.0-45-generic', java.version: '1.8.0_171'
Driver info: driver.version: RemoteWebDriver]]>
    </line>
    <line>
      <![CDATA[Could not start a new session. Possible causes are invalid address of the remote server or browser start-up failure.
Build info: version: '3.11.0', revision: 'e59cfb3', time: '2018-03-11T20:33:08.638Z'
System info: host: 'linux-ThinkPad-E460', ip: '127.0.1.1', os.name: 'Linux', os.arch: 'amd64', os.version: '4.13.0-45-generic', java.version: '1.8.0_171'
Driver info: driver.version: RemoteWebDriver]]>
    </line>
    <line>
      <![CDATA[Could not start a new session. Possible causes are invalid address of the remote server or browser start-up failure.
Build info: version: '3.11.0', revision: 'e59cfb3', time: '2018-03-11T20:33:08.638Z'
System info: host: 'linux-ThinkPad-E460', ip: '127.0.1.1', os.name: 'Linux', os.arch: 'amd64', os.version: '4.13.0-45-generic', java.version: '1.8.0_171'
Driver info: driver.version: RemoteWebDriver]]>
    </line>
    <line>
      <![CDATA[Could not start a new session. Possible causes are invalid address of the remote server or browser start-up failure.
Build info: version: '3.11.0', revision: 'e59cfb3', time: '2018-03-11T20:33:08.638Z'
System info: host: 'linux-ThinkPad-E460', ip: '127.0.1.1', os.name: 'Linux', os.arch: 'amd64', os.version: '4.13.0-45-generic', java.version: '1.8.0_171'
Driver info: driver.version: RemoteWebDriver]]>
    </line>
    <line>
      <![CDATA[Could not start a new session. Possible causes are invalid address of the remote server or browser start-up failure.
Build info: version: '3.11.0', revision: 'e59cfb3', time: '2018-03-11T20:33:08.638Z'
System info: host: 'linux-ThinkPad-E460', ip: '127.0.1.1', os.name: 'Linux', os.arch: 'amd64', os.version: '4.13.0-45-generic', java.version: '1.8.0_171'
Driver info: driver.version: RemoteWebDriver]]>
    </line>
    <line>
      <![CDATA[Could not start a new session. Possible causes are invalid address of the remote server or browser start-up failure.
Build info: version: '3.11.0', revision: 'e59cfb3', time: '2018-03-11T20:33:08.638Z'
System info: host: 'linux-ThinkPad-E460', ip: '127.0.1.1', os.name: 'Linux', os.arch: 'amd64', os.version: '4.13.0-45-generic', java.version: '1.8.0_171'
Driver info: driver.version: RemoteWebDriver]]>
    </line>
    <line>
      <![CDATA[Could not start a new session. Possible causes are invalid address of the remote server or browser start-up failure.
Build info: version: '3.11.0', revision: 'e59cfb3', time: '2018-03-11T20:33:08.638Z'
System info: host: 'linux-ThinkPad-E460', ip: '127.0.1.1', os.name: 'Linux', os.arch: 'amd64', os.version: '4.13.0-45-generic', java.version: '1.8.0_171'
Driver info: driver.version: RemoteWebDriver]]>
    </line>
    <line>
      <![CDATA[Could not start a new session. Possible causes are invalid address of the remote server or browser start-up failure.
Build info: version: '3.11.0', revision: 'e59cfb3', time: '2018-03-11T20:33:08.638Z'
System info: host: 'linux-ThinkPad-E460', ip: '127.0.1.1', os.name: 'Linux', os.arch: 'amd64', os.version: '4.13.0-45-generic', java.version: '1.8.0_171'
Driver info: driver.version: RemoteWebDriver]]>
    </line>
    <line>
      <![CDATA[Could not start a new session. Possible causes are invalid address of the remote server or browser start-up failure.
Build info: version: '3.11.0', revision: 'e59cfb3', time: '2018-03-11T20:33:08.638Z'
System info: host: 'linux-ThinkPad-E460', ip: '127.0.1.1', os.name: 'Linux', os.arch: 'amd64', os.version: '4.13.0-45-generic', java.version: '1.8.0_171'
Driver info: driver.version: RemoteWebDriver]]>
    </line>
    <line>
      <![CDATA[Could not start a new session. Possible causes are invalid address of the remote server or browser start-up failure.
Build info: version: '3.11.0', revision: 'e59cfb3', time: '2018-03-11T20:33:08.638Z'
System info: host: 'linux-ThinkPad-E460', ip: '127.0.1.1', os.name: 'Linux', os.arch: 'amd64', os.version: '4.13.0-45-generic', java.version: '1.8.0_171'
Driver info: driver.version: RemoteWebDriver]]>
    </line>
    <line>
      <![CDATA[Could not start a new session. Possible causes are invalid address of the remote server or browser start-up failure.
Build info: version: '3.11.0', revision: 'e59cfb3', time: '2018-03-11T20:33:08.638Z'
System info: host: 'linux-ThinkPad-E460', ip: '127.0.1.1', os.name: 'Linux', os.arch: 'amd64', os.version: '4.13.0-45-generic', java.version: '1.8.0_171'
Driver info: driver.version: RemoteWebDriver]]>
    </line>
    <line>
      <![CDATA[Could not start a new session. Possible causes are invalid address of the remote server or browser start-up failure.
Build info: version: '3.11.0', revision: 'e59cfb3', time: '2018-03-11T20:33:08.638Z'
System info: host: 'linux-ThinkPad-E460', ip: '127.0.1.1', os.name: 'Linux', os.arch: 'amd64', os.version: '4.13.0-45-generic', java.version: '1.8.0_171'
Driver info: driver.version: RemoteWebDriver]]>
    </line>
    <line>
      <![CDATA[Could not start a new session. Possible causes are invalid address of the remote server or browser start-up failure.
Build info: version: '3.11.0', revision: 'e59cfb3', time: '2018-03-11T20:33:08.638Z'
System info: host: 'linux-ThinkPad-E460', ip: '127.0.1.1', os.name: 'Linux', os.arch: 'amd64', os.version: '4.13.0-45-generic', java.version: '1.8.0_171'
Driver info: driver.version: RemoteWebDriver]]>
    </line>
    <line>
      <![CDATA[Could not start a new session. Possible causes are invalid address of the remote server or browser start-up failure.
Build info: version: '3.11.0', revision: 'e59cfb3', time: '2018-03-11T20:33:08.638Z'
System info: host: 'linux-ThinkPad-E460', ip: '127.0.1.1', os.name: 'Linux', os.arch: 'amd64', os.version: '4.13.0-45-generic', java.version: '1.8.0_171'
Driver info: driver.version: RemoteWebDriver]]>
    </line>
    <line>
      <![CDATA[Could not start a new session. Possible causes are invalid address of the remote server or browser start-up failure.
Build info: version: '3.11.0', revision: 'e59cfb3', time: '2018-03-11T20:33:08.638Z'
System info: host: 'linux-ThinkPad-E460', ip: '127.0.1.1', os.name: 'Linux', os.arch: 'amd64', os.version: '4.13.0-45-generic', java.version: '1.8.0_171'
Driver info: driver.version: RemoteWebDriver]]>
    </line>
    <line>
      <![CDATA[pooper is not a supported browser for Linux]]>
    </line>
    <line>
      <![CDATA[pooper is not a supported browser for Linux]]>
    </line>
    <line>
      <![CDATA[pooper is not a supported browser for Linux]]>
    </line>
    <line>
      <![CDATA[pooper is not a supported browser for Linux]]>
    </line>
    <line>
      <![CDATA[pooper is not a supported browser for Linux]]>
    </line>
    <line>
      <![CDATA[pooper is not a supported browser for Linux]]>
    </line>
    <line>
      <![CDATA[pooper is not a supported browser for Linux]]>
    </line>
    <line>
      <![CDATA[pooper is not a supported browser for Linux]]>
    </line>
    <line>
      <![CDATA[pooper is not a supported browser for Linux]]>
    </line>
    <line>
      <![CDATA[pooper is not a supported browser for Linux]]>
    </line>
    <line>
      <![CDATA[pooper is not a supported browser for Linux]]>
    </line>
    <line>
      <![CDATA[pooper is not a supported browser for Linux]]>
    </line>
    <line>
      <![CDATA[pooper is not a supported browser for Linux]]>
    </line>
    <line>
      <![CDATA[pooper is not a supported browser for Linux]]>
    </line>
    <line>
      <![CDATA[pooper is not a supported browser for Linux]]>
    </line>
    <line>
      <![CDATA[pooper is not a supported browser for Linux]]>
    </line>
    <line>
      <![CDATA[pooper is not a supported browser for Linux]]>
    </line>
    <line>
      <![CDATA[pooper is not a supported browser for Linux]]>
    </line>
    <line>
      <![CDATA[ie is not a supported browser for Linux]]>
    </line>
    <line>
      <![CDATA[ie is not a supported browser for Linux]]>
    </line>
    <line>
      <![CDATA[ie is not a supported browser for Linux]]>
    </line>
    <line>
      <![CDATA[ie is not a supported browser for Linux]]>
    </line>
    <line>
      <![CDATA[ie is not a supported browser for Linux]]>
    </line>
    <line>
      <![CDATA[ie is not a supported browser for Linux]]>
    </line>
    <line>
      <![CDATA[ie is not a supported browser for Linux]]>
    </line>
    <line>
      <![CDATA[ie is not a supported browser for Linux]]>
    </line>
    <line>
      <![CDATA[ie is not a supported browser for Linux]]>
    </line>
    <line>
      <![CDATA[ie is not a supported browser for Linux]]>
    </line>
    <line>
      <![CDATA[ie is not a supported browser for Linux]]>
    </line>
    <line>
      <![CDATA[ie is not a supported browser for Linux]]>
    </line>
    <line>
      <![CDATA[ie is not a supported browser for Linux]]>
    </line>
    <line>
      <![CDATA[ie is not a supported browser for Linux]]>
    </line>
    <line>
      <![CDATA[ie is not a supported browser for Linux]]>
    </line>
    <line>
      <![CDATA[ie is not a supported browser for Linux]]>
    </line>
    <line>
      <![CDATA[ie is not a supported browser for Linux]]>
    </line>
    <line>
      <![CDATA[ie is not a supported browser for Linux]]>
    </line>
    <line>
      <![CDATA[vaya con dios is not a number for timeout. You are silly.]]>
    </line>
    <line>
      <![CDATA[vaya con dios is not a number for timeout. You are silly.]]>
    </line>
    <line>
      <![CDATA[vaya con dios is not a number for timeout. You are silly.]]>
    </line>
    <line>
      <![CDATA[vaya con dios is not a number for timeout. You are silly.]]>
    </line>
    <line>
      <![CDATA[vaya con dios is not a number for timeout. You are silly.]]>
    </line>
    <line>
      <![CDATA[vaya con dios is not a number for timeout. You are silly.]]>
    </line>
    <line>
      <![CDATA[vaya con dios is not a number for timeout. You are silly.]]>
    </line>
    <line>
      <![CDATA[vaya con dios is not a number for timeout. You are silly.]]>
    </line>
    <line>
      <![CDATA[vaya con dios is not a number for timeout. You are silly.]]>
    </line>
    <line>
      <![CDATA[vaya con dios is not a number for timeout. You are silly.]]>
    </line>
    <line>
      <![CDATA[vaya con dios is not a number for timeout. You are silly.]]>
    </line>
    <line>
      <![CDATA[vaya con dios is not a number for timeout. You are silly.]]>
    </line>
    <line>
      <![CDATA[vaya con dios is not a number for timeout. You are silly.]]>
    </line>
    <line>
      <![CDATA[vaya con dios is not a number for timeout. You are silly.]]>
    </line>
    <line>
      <![CDATA[vaya con dios is not a number for timeout. You are silly.]]>
    </line>
    <line>
      <![CDATA[vaya con dios is not a number for timeout. You are silly.]]>
    </line>
    <line>
      <![CDATA[vaya con dios is not a number for timeout. You are silly.]]>
    </line>
    <line>
      <![CDATA[vaya con dios is not a number for timeout. You are silly.]]>
    </line>
    <line>
      <![CDATA[<a href='/home/richard/git/SeleniumJava/target/surefire-reports/failure_screenshots/intentionalFailcheckBox_04Aug2018_12-42-15-054.png'> <img src='/home/richard/git/SeleniumJava/target/surefire-reports/failure_screenshots/intentionalFailcheckBox_04Aug2018_12-42-15-054.png' height='100' width='100'/> </a>]]>
    </line>
    <line>
      <![CDATA[<a href='/home/richard/git/SeleniumJava/target/surefire-reports/failure_screenshots/intentionalFailTextField_04Aug2018_12-42-19-662.png'> <img src='/home/richard/git/SeleniumJava/target/surefire-reports/failure_screenshots/intentionalFailTextField_04Aug2018_12-42-19-662.png' height='100' width='100'/> </a>]]>
    </line>
    <line>
      <![CDATA[<a href='/home/richard/git/SeleniumJava/target/surefire-reports/failure_screenshots/intentionalFailcheckBox_04Aug2018_12-42-46-634.png'> <img src='/home/richard/git/SeleniumJava/target/surefire-reports/failure_screenshots/intentionalFailcheckBox_04Aug2018_12-42-46-634.png' height='100' width='100'/> </a>]]>
    </line>
    <line>
      <![CDATA[<a href='/home/richard/git/SeleniumJava/target/surefire-reports/failure_screenshots/intentionalFailTextField_04Aug2018_12-42-51-041.png'> <img src='/home/richard/git/SeleniumJava/target/surefire-reports/failure_screenshots/intentionalFailTextField_04Aug2018_12-42-51-041.png' height='100' width='100'/> </a>]]>
    </line>
  </reporter-output>
  <suite name="dynamic suite with linux/127.0.0.1/chrome/10" duration-ms="14246" started-at="2018-08-04T17:41:21Z" finished-at="2018-08-04T17:41:36Z">
    <groups>
    </groups>
    <test name="dynamic test 1" duration-ms="5821" started-at="2018-08-04T17:41:21Z" finished-at="2018-08-04T17:41:27Z">
      <class name="cases.TextFieldCase">
        <test-method status="PASS" signature="beforeClass()[pri:0, instance:cases.TextFieldCase@63d4e2ba]" name="beforeClass" is-config="true" duration-ms="1410" started-at="2018-08-04T17:41:25Z" finished-at="2018-08-04T17:41:26Z">
          <reporter-output>
          </reporter-output>
        </test-method> <!-- beforeClass -->
        <test-method status="PASS" signature="beforeMethod(org.testng.ITestResult)[pri:0, instance:cases.TextFieldCase@63d4e2ba]" name="beforeMethod" is-config="true" duration-ms="142" started-at="2018-08-04T17:41:26Z" finished-at="2018-08-04T17:41:26Z">
          <params>
            <param index="0">
              <value>
                <![CDATA[[TestResult name=intentionalFailTextField status=FAILURE method=TextFieldCase.intentionalFailTextField()[pri:2, instance:cases.TextFieldCase@63d4e2ba] output=<a href='/home/richard/git/SeleniumJava/target/surefire-reports/failure_screenshots/intentionalFailTextField_04Aug2018_12-41-27-276.png'> <img src='/home/richard/git/SeleniumJava/target/surefire-reports/failure_screenshots/intentionalFailTextField_04Aug2018_12-41-27-276.png' height='100' width='100'/> </a>]]]>
              </value>
            </param>
          </params>
          <reporter-output>
          </reporter-output>
        </test-method> <!-- beforeMethod -->
        <test-method status="FAIL" signature="intentionalFailTextField()[pri:2, instance:cases.TextFieldCase@63d4e2ba]" name="intentionalFailTextField" duration-ms="245" started-at="2018-08-04T17:41:26Z" finished-at="2018-08-04T17:41:27Z">
          <exception class="java.lang.AssertionError">
            <message>
              <![CDATA[expected [This should fail] but found [Please fail]]]>
            </message>
            <full-stacktrace>
              <![CDATA[java.lang.AssertionError: expected [This should fail] but found [Please fail]
at org.testng.Assert.fail(Assert.java:96)
at org.testng.Assert.failNotEquals(Assert.java:776)
at org.testng.Assert.assertEqualsImpl(Assert.java:137)
at org.testng.Assert.assertEquals(Assert.java:118)
at org.testng.Assert.assertEquals(Assert.java:453)
at org.testng.Assert.assertEquals(Assert.java:463)
at cases.TextFieldCase.intentionalFailTextField(TextFieldCase.java:33)
at sun.reflect.NativeMethodAccessorImpl.invoke0(Native Method)
at sun.reflect.NativeMethodAccessorImpl.invoke(NativeMethodAccessorImpl.java:62)
at sun.reflect.DelegatingMethodAccessorImpl.invoke(DelegatingMethodAccessorImpl.java:43)
at java.lang.reflect.Method.invoke(Method.java:498)
at org.testng.internal.MethodInvocationHelper.invokeMethod(MethodInvocationHelper.java:124)
at org.testng.internal.Invoker.invokeMethod(Invoker.java:580)
at org.testng.internal.Invoker.invokeTestMethod(Invoker.java:716)
at org.testng.internal.Invoker.invokeTestMethods(Invoker.java:988)
at org.testng.internal.TestMethodWorker.invokeTestMethods(TestMethodWorker.java:125)
at org.testng.internal.TestMethodWorker.run(TestMethodWorker.java:109)
at org.testng.TestRunner.privateRun(TestRunner.java:648)
at org.testng.TestRunner.run(TestRunner.java:505)
at org.testng.SuiteRunner.runTest(SuiteRunner.java:455)
at org.testng.SuiteRunner.runSequentially(SuiteRunner.java:450)
at org.testng.SuiteRunner.privateRun(SuiteRunner.java:415)
at org.testng.SuiteRunner.run(SuiteRunner.java:364)
at org.testng.SuiteRunnerWorker.runSuite(SuiteRunnerWorker.java:52)
at org.testng.SuiteRunnerWorker.run(SuiteRunnerWorker.java:84)
at org.testng.TestNG.runSuitesSequentially(TestNG.java:1208)
at org.testng.TestNG.runSuitesLocally(TestNG.java:1137)
at org.testng.TestNG.runSuites(TestNG.java:1049)
at org.testng.TestNG.run(TestNG.java:1017)
at GrandpaBless.main(GrandpaBless.java:81)
]]>
            </full-stacktrace>
          </exception> <!-- java.lang.AssertionError -->
          <reporter-output>
            <line>
              <![CDATA[<a href='/home/richard/git/SeleniumJava/target/surefire-reports/failure_screenshots/intentionalFailTextField_04Aug2018_12-41-27-276.png'> <img src='/home/richard/git/SeleniumJava/target/surefire-reports/failure_screenshots/intentionalFailTextField_04Aug2018_12-41-27-276.png' height='100' width='100'/> </a>]]>
            </line>
          </reporter-output>
        </test-method> <!-- intentionalFailTextField -->
        <test-method status="PASS" signature="afterMethod()[pri:0, instance:cases.TextFieldCase@63d4e2ba]" name="afterMethod" is-config="true" duration-ms="0" started-at="2018-08-04T17:41:27Z" finished-at="2018-08-04T17:41:27Z">
          <reporter-output>
          </reporter-output>
        </test-method> <!-- afterMethod -->
        <test-method status="PASS" signature="beforeMethod(org.testng.ITestResult)[pri:0, instance:cases.TextFieldCase@63d4e2ba]" name="beforeMethod" is-config="true" duration-ms="102" started-at="2018-08-04T17:41:27Z" finished-at="2018-08-04T17:41:27Z">
          <params>
            <param index="0">
              <value>
                <![CDATA[[TestResult name=testTextField status=SUCCESS method=TextFieldCase.testTextField()[pri:2, instance:cases.TextFieldCase@63d4e2ba] output={null}]]]>
              </value>
            </param>
          </params>
          <reporter-output>
          </reporter-output>
        </test-method> <!-- beforeMethod -->
        <test-method status="PASS" signature="testTextField()[pri:2, instance:cases.TextFieldCase@63d4e2ba]" name="testTextField" duration-ms="232" started-at="2018-08-04T17:41:27Z" finished-at="2018-08-04T17:41:27Z">
          <reporter-output>
          </reporter-output>
        </test-method> <!-- testTextField -->
        <test-method status="PASS" signature="afterMethod()[pri:0, instance:cases.TextFieldCase@63d4e2ba]" name="afterMethod" is-config="true" duration-ms="0" started-at="2018-08-04T17:41:27Z" finished-at="2018-08-04T17:41:27Z">
          <reporter-output>
          </reporter-output>
        </test-method> <!-- afterMethod -->
        <test-method status="PASS" signature="afterClass()[pri:0, instance:cases.TextFieldCase@63d4e2ba]" name="afterClass" is-config="true" duration-ms="157" started-at="2018-08-04T17:41:27Z" finished-at="2018-08-04T17:41:27Z">
          <reporter-output>
          </reporter-output>
        </test-method> <!-- afterClass -->
      </class> <!-- cases.TextFieldCase -->
      <class name="cases.CheckBoxCase">
        <test-method status="PASS" signature="beforeTest()[pri:0, instance:cases.CheckBoxCase@233c0b17]" name="beforeTest" is-config="true" duration-ms="0" started-at="2018-08-04T17:41:21Z" finished-at="2018-08-04T17:41:21Z">
          <reporter-output>
          </reporter-output>
        </test-method> <!-- beforeTest -->
        <test-method status="PASS" signature="beforeClass()[pri:0, instance:cases.CheckBoxCase@233c0b17]" name="beforeClass" is-config="true" duration-ms="1334" started-at="2018-08-04T17:41:21Z" finished-at="2018-08-04T17:41:23Z">
          <reporter-output>
          </reporter-output>
        </test-method> <!-- beforeClass -->
        <test-method status="PASS" signature="beforeMethod(org.testng.ITestResult)[pri:0, instance:cases.CheckBoxCase@233c0b17]" name="beforeMethod" is-config="true" duration-ms="132" started-at="2018-08-04T17:41:23Z" finished-at="2018-08-04T17:41:23Z">
          <params>
            <param index="0">
              <value>
                <![CDATA[[TestResult name=checkBoxAll status=SUCCESS method=CheckBoxCase.checkBoxAll()[pri:2, instance:cases.CheckBoxCase@233c0b17] output={null}]]]>
              </value>
            </param>
          </params>
          <reporter-output>
          </reporter-output>
        </test-method> <!-- beforeMethod -->
        <test-method status="PASS" signature="checkBoxAll()[pri:2, instance:cases.CheckBoxCase@233c0b17]" name="checkBoxAll" duration-ms="325" started-at="2018-08-04T17:41:23Z" finished-at="2018-08-04T17:41:23Z">
          <reporter-output>
          </reporter-output>
        </test-method> <!-- checkBoxAll -->
        <test-method status="PASS" signature="afterMethod()[pri:0, instance:cases.CheckBoxCase@233c0b17]" name="afterMethod" is-config="true" duration-ms="0" started-at="2018-08-04T17:41:23Z" finished-at="2018-08-04T17:41:23Z">
          <reporter-output>
          </reporter-output>
        </test-method> <!-- afterMethod -->
        <test-method status="PASS" signature="beforeMethod(org.testng.ITestResult)[pri:0, instance:cases.CheckBoxCase@233c0b17]" name="beforeMethod" is-config="true" duration-ms="98" started-at="2018-08-04T17:41:23Z" finished-at="2018-08-04T17:41:23Z">
          <params>
            <param index="0">
              <value>
                <![CDATA[[TestResult name=checkBoxNone status=SUCCESS method=CheckBoxCase.checkBoxNone()[pri:2, instance:cases.CheckBoxCase@233c0b17] output={null}]]]>
              </value>
            </param>
          </params>
          <reporter-output>
          </reporter-output>
        </test-method> <!-- beforeMethod -->
        <test-method status="PASS" signature="checkBoxNone()[pri:2, instance:cases.CheckBoxCase@233c0b17]" name="checkBoxNone" duration-ms="111" started-at="2018-08-04T17:41:23Z" finished-at="2018-08-04T17:41:23Z">
          <reporter-output>
          </reporter-output>
        </test-method> <!-- checkBoxNone -->
        <test-method status="PASS" signature="beforeMethod(org.testng.ITestResult)[pri:0, instance:cases.CheckBoxCase@233c0b17]" name="beforeMethod" is-config="true" duration-ms="101" started-at="2018-08-04T17:41:23Z" finished-at="2018-08-04T17:41:24Z">
          <params>
            <param index="0">
              <value>
                <![CDATA[[TestResult name=checkBoxOneThree status=SUCCESS method=CheckBoxCase.checkBoxOneThree()[pri:2, instance:cases.CheckBoxCase@233c0b17] output={null}]]]>
              </value>
            </param>
          </params>
          <reporter-output>
          </reporter-output>
        </test-method> <!-- beforeMethod -->
        <test-method status="PASS" signature="afterMethod()[pri:0, instance:cases.CheckBoxCase@233c0b17]" name="afterMethod" is-config="true" duration-ms="0" started-at="2018-08-04T17:41:23Z" finished-at="2018-08-04T17:41:23Z">
          <reporter-output>
          </reporter-output>
        </test-method> <!-- afterMethod -->
        <test-method status="PASS" signature="checkBoxOneThree()[pri:2, instance:cases.CheckBoxCase@233c0b17]" name="checkBoxOneThree" duration-ms="234" started-at="2018-08-04T17:41:24Z" finished-at="2018-08-04T17:41:24Z">
          <reporter-output>
          </reporter-output>
        </test-method> <!-- checkBoxOneThree -->
        <test-method status="PASS" signature="beforeMethod(org.testng.ITestResult)[pri:0, instance:cases.CheckBoxCase@233c0b17]" name="beforeMethod" is-config="true" duration-ms="96" started-at="2018-08-04T17:41:24Z" finished-at="2018-08-04T17:41:24Z">
          <params>
            <param index="0">
              <value>
                <![CDATA[[TestResult name=checkBoxOneTwo status=SUCCESS method=CheckBoxCase.checkBoxOneTwo()[pri:2, instance:cases.CheckBoxCase@233c0b17] output={null}]]]>
              </value>
            </param>
          </params>
          <reporter-output>
          </reporter-output>
        </test-method> <!-- beforeMethod -->
        <test-method status="PASS" signature="afterMethod()[pri:0, instance:cases.CheckBoxCase@233c0b17]" name="afterMethod" is-config="true" duration-ms="0" started-at="2018-08-04T17:41:24Z" finished-at="2018-08-04T17:41:24Z">
          <reporter-output>
          </reporter-output>
        </test-method> <!-- afterMethod -->
        <test-method status="PASS" signature="checkBoxOneTwo()[pri:2, instance:cases.CheckBoxCase@233c0b17]" name="checkBoxOneTwo" duration-ms="235" started-at="2018-08-04T17:41:24Z" finished-at="2018-08-04T17:41:24Z">
          <reporter-output>
          </reporter-output>
        </test-method> <!-- checkBoxOneTwo -->
        <test-method status="PASS" signature="beforeMethod(org.testng.ITestResult)[pri:0, instance:cases.CheckBoxCase@233c0b17]" name="beforeMethod" is-config="true" duration-ms="99" started-at="2018-08-04T17:41:24Z" finished-at="2018-08-04T17:41:24Z">
          <params>
            <param index="0">
              <value>
                <![CDATA[[TestResult name=checkBoxTwoThree status=SUCCESS method=CheckBoxCase.checkBoxTwoThree()[pri:2, instance:cases.CheckBoxCase@233c0b17] output={null}]]]>
              </value>
            </param>
          </params>
          <reporter-output>
          </reporter-output>
        </test-method> <!-- beforeMethod -->
        <test-method status="PASS" signature="afterMethod()[pri:0, instance:cases.CheckBoxCase@233c0b17]" name="afterMethod" is-config="true" duration-ms="0" started-at="2018-08-04T17:41:24Z" finished-at="2018-08-04T17:41:24Z">
          <reporter-output>
          </reporter-output>
        </test-method> <!-- afterMethod -->
        <test-method status="PASS" signature="checkBoxTwoThree()[pri:2, instance:cases.CheckBoxCase@233c0b17]" name="checkBoxTwoThree" duration-ms="228" started-at="2018-08-04T17:41:24Z" finished-at="2018-08-04T17:41:24Z">
          <reporter-output>
          </reporter-output>
        </test-method> <!-- checkBoxTwoThree -->
        <test-method status="PASS" signature="afterMethod()[pri:0, instance:cases.CheckBoxCase@233c0b17]" name="afterMethod" is-config="true" duration-ms="1" started-at="2018-08-04T17:41:24Z" finished-at="2018-08-04T17:41:24Z">
          <reporter-output>
          </reporter-output>
        </test-method> <!-- afterMethod -->
        <test-method status="PASS" signature="beforeMethod(org.testng.ITestResult)[pri:0, instance:cases.CheckBoxCase@233c0b17]" name="beforeMethod" is-config="true" duration-ms="100" started-at="2018-08-04T17:41:24Z" finished-at="2018-08-04T17:41:25Z">
          <params>
            <param index="0">
              <value>
                <![CDATA[[TestResult name=intentionalFailcheckBox status=FAILURE method=CheckBoxCase.intentionalFailcheckBox()[pri:2, instance:cases.CheckBoxCase@233c0b17] output=<a href='/home/richard/git/SeleniumJava/target/surefire-reports/failure_screenshots/intentionalFailcheckBox_04Aug2018_12-41-25-344.png'> <img src='/home/richard/git/SeleniumJava/target/surefire-reports/failure_screenshots/intentionalFailcheckBox_04Aug2018_12-41-25-344.png' height='100' width='100'/> </a>]]]>
              </value>
            </param>
          </params>
          <reporter-output>
          </reporter-output>
        </test-method> <!-- beforeMethod -->
        <test-method status="FAIL" signature="intentionalFailcheckBox()[pri:2, instance:cases.CheckBoxCase@233c0b17]" name="intentionalFailcheckBox" duration-ms="233" started-at="2018-08-04T17:41:25Z" finished-at="2018-08-04T17:41:25Z">
          <exception class="java.lang.AssertionError">
            <full-stacktrace>
              <![CDATA[java.lang.AssertionError
at org.junit.Assert.fail(Assert.java:86)
at org.junit.Assert.assertTrue(Assert.java:41)
at org.junit.Assert.assertTrue(Assert.java:52)
at cases.CheckBoxCase.intentionalFailcheckBox(CheckBoxCase.java:62)
at sun.reflect.NativeMethodAccessorImpl.invoke0(Native Method)
at sun.reflect.NativeMethodAccessorImpl.invoke(NativeMethodAccessorImpl.java:62)
at sun.reflect.DelegatingMethodAccessorImpl.invoke(DelegatingMethodAccessorImpl.java:43)
at java.lang.reflect.Method.invoke(Method.java:498)
at org.testng.internal.MethodInvocationHelper.invokeMethod(MethodInvocationHelper.java:124)
at org.testng.internal.Invoker.invokeMethod(Invoker.java:580)
at org.testng.internal.Invoker.invokeTestMethod(Invoker.java:716)
at org.testng.internal.Invoker.invokeTestMethods(Invoker.java:988)
at org.testng.internal.TestMethodWorker.invokeTestMethods(TestMethodWorker.java:125)
at org.testng.internal.TestMethodWorker.run(TestMethodWorker.java:109)
at org.testng.TestRunner.privateRun(TestRunner.java:648)
at org.testng.TestRunner.run(TestRunner.java:505)
at org.testng.SuiteRunner.runTest(SuiteRunner.java:455)
at org.testng.SuiteRunner.runSequentially(SuiteRunner.java:450)
at org.testng.SuiteRunner.privateRun(SuiteRunner.java:415)
at org.testng.SuiteRunner.run(SuiteRunner.java:364)
at org.testng.SuiteRunnerWorker.runSuite(SuiteRunnerWorker.java:52)
at org.testng.SuiteRunnerWorker.run(SuiteRunnerWorker.java:84)
at org.testng.TestNG.runSuitesSequentially(TestNG.java:1208)
at org.testng.TestNG.runSuitesLocally(TestNG.java:1137)
at org.testng.TestNG.runSuites(TestNG.java:1049)
at org.testng.TestNG.run(TestNG.java:1017)
at GrandpaBless.main(GrandpaBless.java:81)
]]>
            </full-stacktrace>
          </exception> <!-- java.lang.AssertionError -->
          <reporter-output>
            <line>
              <![CDATA[<a href='/home/richard/git/SeleniumJava/target/surefire-reports/failure_screenshots/intentionalFailcheckBox_04Aug2018_12-41-25-344.png'> <img src='/home/richard/git/SeleniumJava/target/surefire-reports/failure_screenshots/intentionalFailcheckBox_04Aug2018_12-41-25-344.png' height='100' width='100'/> </a>]]>
            </line>
          </reporter-output>
        </test-method> <!-- intentionalFailcheckBox -->
        <test-method status="PASS" signature="afterMethod()[pri:0, instance:cases.CheckBoxCase@233c0b17]" name="afterMethod" is-config="true" duration-ms="0" started-at="2018-08-04T17:41:25Z" finished-at="2018-08-04T17:41:25Z">
          <reporter-output>
          </reporter-output>
        </test-method> <!-- afterMethod -->
        <test-method status="PASS" signature="afterClass()[pri:0, instance:cases.CheckBoxCase@233c0b17]" name="afterClass" is-config="true" duration-ms="66" started-at="2018-08-04T17:41:25Z" finished-at="2018-08-04T17:41:25Z">
          <reporter-output>
          </reporter-output>
        </test-method> <!-- afterClass -->
        <test-method status="PASS" signature="afterTest()[pri:0, instance:cases.CheckBoxCase@233c0b17]" name="afterTest" is-config="true" duration-ms="0" started-at="2018-08-04T17:41:27Z" finished-at="2018-08-04T17:41:27Z">
          <reporter-output>
          </reporter-output>
        </test-method> <!-- afterTest -->
      </class> <!-- cases.CheckBoxCase -->
    </test> <!-- dynamic test 1 -->
    <test name="dynamic test 2" duration-ms="8422" started-at="2018-08-04T17:41:27Z" finished-at="2018-08-04T17:41:36Z">
      <class name="cases.DropDownCase">
        <test-method status="PASS" signature="beforeClass()[pri:0, instance:cases.DropDownCase@17d99928]" name="beforeClass" is-config="true" duration-ms="1329" started-at="2018-08-04T17:41:30Z" finished-at="2018-08-04T17:41:31Z">
          <reporter-output>
          </reporter-output>
        </test-method> <!-- beforeClass -->
        <test-method status="PASS" signature="beforeMethod(org.testng.ITestResult)[pri:0, instance:cases.DropDownCase@17d99928]" name="beforeMethod" is-config="true" duration-ms="135" started-at="2018-08-04T17:41:31Z" finished-at="2018-08-04T17:41:32Z">
          <params>
            <param index="0">
              <value>
                <![CDATA[[TestResult name=dropDownDefault status=SUCCESS method=DropDownCase.dropDownDefault()[pri:0, instance:cases.DropDownCase@17d99928] output={null}]]]>
              </value>
            </param>
          </params>
          <reporter-output>
          </reporter-output>
        </test-method> <!-- beforeMethod -->
        <test-method status="PASS" signature="dropDownDefault()[pri:0, instance:cases.DropDownCase@17d99928]" name="dropDownDefault" duration-ms="150" started-at="2018-08-04T17:41:32Z" finished-at="2018-08-04T17:41:32Z">
          <reporter-output>
          </reporter-output>
        </test-method> <!-- dropDownDefault -->
        <test-method status="PASS" signature="beforeMethod(org.testng.ITestResult)[pri:0, instance:cases.DropDownCase@17d99928]" name="beforeMethod" is-config="true" duration-ms="102" started-at="2018-08-04T17:41:32Z" finished-at="2018-08-04T17:41:32Z">
          <params>
            <param index="0">
              <value>
                <![CDATA[[TestResult name=dropDownMustard status=SUCCESS method=DropDownCase.dropDownMustard()[pri:0, instance:cases.DropDownCase@17d99928] output={null}]]]>
              </value>
            </param>
          </params>
          <reporter-output>
          </reporter-output>
        </test-method> <!-- beforeMethod -->
        <test-method status="PASS" signature="afterMethod()[pri:0, instance:cases.DropDownCase@17d99928]" name="afterMethod" is-config="true" duration-ms="0" started-at="2018-08-04T17:41:32Z" finished-at="2018-08-04T17:41:32Z">
          <reporter-output>
          </reporter-output>
        </test-method> <!-- afterMethod -->
        <test-method status="PASS" signature="dropDownMustard()[pri:0, instance:cases.DropDownCase@17d99928]" name="dropDownMustard" duration-ms="180" started-at="2018-08-04T17:41:32Z" finished-at="2018-08-04T17:41:32Z">
          <reporter-output>
          </reporter-output>
        </test-method> <!-- dropDownMustard -->
        <test-method status="PASS" signature="afterMethod()[pri:0, instance:cases.DropDownCase@17d99928]" name="afterMethod" is-config="true" duration-ms="0" started-at="2018-08-04T17:41:32Z" finished-at="2018-08-04T17:41:32Z">
          <reporter-output>
          </reporter-output>
        </test-method> <!-- afterMethod -->
        <test-method status="PASS" signature="beforeMethod(org.testng.ITestResult)[pri:0, instance:cases.DropDownCase@17d99928]" name="beforeMethod" is-config="true" duration-ms="100" started-at="2018-08-04T17:41:32Z" finished-at="2018-08-04T17:41:32Z">
          <params>
            <param index="0">
              <value>
                <![CDATA[[TestResult name=dropDownOnion status=SUCCESS method=DropDownCase.dropDownOnion()[pri:0, instance:cases.DropDownCase@17d99928] output={null}]]]>
              </value>
            </param>
          </params>
          <reporter-output>
          </reporter-output>
        </test-method> <!-- beforeMethod -->
        <test-method status="PASS" signature="dropDownOnion()[pri:0, instance:cases.DropDownCase@17d99928]" name="dropDownOnion" duration-ms="200" started-at="2018-08-04T17:41:32Z" finished-at="2018-08-04T17:41:32Z">
          <reporter-output>
          </reporter-output>
        </test-method> <!-- dropDownOnion -->
        <test-method status="PASS" signature="afterMethod()[pri:0, instance:cases.DropDownCase@17d99928]" name="afterMethod" is-config="true" duration-ms="0" started-at="2018-08-04T17:41:32Z" finished-at="2018-08-04T17:41:32Z">
          <reporter-output>
          </reporter-output>
        </test-method> <!-- afterMethod -->
        <test-method status="PASS" signature="beforeMethod(org.testng.ITestResult)[pri:0, instance:cases.DropDownCase@17d99928]" name="beforeMethod" is-config="true" duration-ms="102" started-at="2018-08-04T17:41:32Z" finished-at="2018-08-04T17:41:32Z">
          <params>
            <param index="0">
              <value>
                <![CDATA[[TestResult name=dropDownTomato status=SUCCESS method=DropDownCase.dropDownTomato()[pri:0, instance:cases.DropDownCase@17d99928] output={null}]]]>
              </value>
            </param>
          </params>
          <reporter-output>
          </reporter-output>
        </test-method> <!-- beforeMethod -->
        <test-method status="PASS" signature="dropDownTomato()[pri:0, instance:cases.DropDownCase@17d99928]" name="dropDownTomato" duration-ms="197" started-at="2018-08-04T17:41:32Z" finished-at="2018-08-04T17:41:33Z">
          <reporter-output>
          </reporter-output>
        </test-method> <!-- dropDownTomato -->
        <test-method status="PASS" signature="afterMethod()[pri:0, instance:cases.DropDownCase@17d99928]" name="afterMethod" is-config="true" duration-ms="0" started-at="2018-08-04T17:41:33Z" finished-at="2018-08-04T17:41:33Z">
          <reporter-output>
          </reporter-output>
        </test-method> <!-- afterMethod -->
        <test-method status="PASS" signature="afterClass()[pri:0, instance:cases.DropDownCase@17d99928]" name="afterClass" is-config="true" duration-ms="67" started-at="2018-08-04T17:41:33Z" finished-at="2018-08-04T17:41:33Z">
          <reporter-output>
          </reporter-output>
        </test-method> <!-- afterClass -->
      </class> <!-- cases.DropDownCase -->
      <class name="cases.TextAreaCase">
        <test-method status="PASS" signature="beforeClass()[pri:0, instance:cases.TextAreaCase@3834d63f]" name="beforeClass" is-config="true" duration-ms="1365" started-at="2018-08-04T17:41:33Z" finished-at="2018-08-04T17:41:34Z">
          <reporter-output>
          </reporter-output>
        </test-method> <!-- beforeClass -->
        <test-method status="PASS" signature="beforeMethod(org.testng.ITestResult)[pri:0, instance:cases.TextAreaCase@3834d63f]" name="beforeMethod" is-config="true" duration-ms="155" started-at="2018-08-04T17:41:34Z" finished-at="2018-08-04T17:41:34Z">
          <params>
            <param index="0">
              <value>
                <![CDATA[[TestResult name=textAreaLongString status=SUCCESS method=TextAreaCase.textAreaLongString()[pri:0, instance:cases.TextAreaCase@3834d63f] output={null}]]]>
              </value>
            </param>
          </params>
          <reporter-output>
          </reporter-output>
        </test-method> <!-- beforeMethod -->
        <test-method status="PASS" signature="textAreaLongString()[pri:0, instance:cases.TextAreaCase@3834d63f]" name="textAreaLongString" duration-ms="596" started-at="2018-08-04T17:41:34Z" finished-at="2018-08-04T17:41:35Z">
          <reporter-output>
          </reporter-output>
        </test-method> <!-- textAreaLongString -->
        <test-method status="PASS" signature="afterMethod()[pri:0, instance:cases.TextAreaCase@3834d63f]" name="afterMethod" is-config="true" duration-ms="1" started-at="2018-08-04T17:41:35Z" finished-at="2018-08-04T17:41:35Z">
          <reporter-output>
          </reporter-output>
        </test-method> <!-- afterMethod -->
        <test-method status="PASS" signature="beforeMethod(org.testng.ITestResult)[pri:0, instance:cases.TextAreaCase@3834d63f]" name="beforeMethod" is-config="true" duration-ms="103" started-at="2018-08-04T17:41:35Z" finished-at="2018-08-04T17:41:35Z">
          <params>
            <param index="0">
              <value>
                <![CDATA[[TestResult name=textAreaWithEnter status=SUCCESS method=TextAreaCase.textAreaWithEnter()[pri:0, instance:cases.TextAreaCase@3834d63f] output={null}]]]>
              </value>
            </param>
          </params>
          <reporter-output>
          </reporter-output>
        </test-method> <!-- beforeMethod -->
        <test-method status="PASS" signature="textAreaWithEnter()[pri:0, instance:cases.TextAreaCase@3834d63f]" name="textAreaWithEnter" duration-ms="752" started-at="2018-08-04T17:41:35Z" finished-at="2018-08-04T17:41:36Z">
          <reporter-output>
          </reporter-output>
        </test-method> <!-- textAreaWithEnter -->
        <test-method status="PASS" signature="afterClass()[pri:0, instance:cases.TextAreaCase@3834d63f]" name="afterClass" is-config="true" duration-ms="65" started-at="2018-08-04T17:41:36Z" finished-at="2018-08-04T17:41:36Z">
          <reporter-output>
          </reporter-output>
        </test-method> <!-- afterClass -->
        <test-method status="PASS" signature="afterMethod()[pri:0, instance:cases.TextAreaCase@3834d63f]" name="afterMethod" is-config="true" duration-ms="0" started-at="2018-08-04T17:41:36Z" finished-at="2018-08-04T17:41:36Z">
          <reporter-output>
          </reporter-output>
        </test-method> <!-- afterMethod -->
      </class> <!-- cases.TextAreaCase -->
      <class name="cases.RadioButtonCase">
        <test-method status="PASS" signature="beforeSuite(java.lang.String, java.lang.String, java.lang.String, java.lang.String)[pri:0, instance:cases.RadioButtonCase@3aa9e816]" name="beforeSuite" is-config="true" duration-ms="0" started-at="2018-08-04T17:41:21Z" finished-at="2018-08-04T17:41:21Z">
          <params>
            <param index="0">
              <value>
                <![CDATA[linux]]>
              </value>
            </param>
            <param index="1">
              <value>
                <![CDATA[127.0.0.1]]>
              </value>
            </param>
            <param index="2">
              <value>
                <![CDATA[chrome]]>
              </value>
            </param>
            <param index="3">
              <value>
                <![CDATA[10]]>
              </value>
            </param>
          </params>
          <reporter-output>
          </reporter-output>
        </test-method> <!-- beforeSuite -->
        <test-method status="PASS" signature="beforeTest()[pri:0, instance:cases.RadioButtonCase@3aa9e816]" name="beforeTest" is-config="true" duration-ms="1" started-at="2018-08-04T17:41:27Z" finished-at="2018-08-04T17:41:27Z">
          <reporter-output>
          </reporter-output>
        </test-method> <!-- beforeTest -->
        <test-method status="PASS" signature="beforeClass()[pri:0, instance:cases.RadioButtonCase@3aa9e816]" name="beforeClass" is-config="true" duration-ms="1493" started-at="2018-08-04T17:41:27Z" finished-at="2018-08-04T17:41:29Z">
          <reporter-output>
          </reporter-output>
        </test-method> <!-- beforeClass -->
        <test-method status="PASS" signature="beforeMethod(org.testng.ITestResult)[pri:0, instance:cases.RadioButtonCase@3aa9e816]" name="beforeMethod" is-config="true" duration-ms="144" started-at="2018-08-04T17:41:29Z" finished-at="2018-08-04T17:41:29Z">
          <params>
            <param index="0">
              <value>
                <![CDATA[[TestResult name=radioChoiceA status=SUCCESS method=RadioButtonCase.radioChoiceA()[pri:0, instance:cases.RadioButtonCase@3aa9e816] output={null}]]]>
              </value>
            </param>
          </params>
          <reporter-output>
          </reporter-output>
        </test-method> <!-- beforeMethod -->
        <test-method status="PASS" signature="radioChoiceA()[pri:0, instance:cases.RadioButtonCase@3aa9e816]" name="radioChoiceA" duration-ms="205" started-at="2018-08-04T17:41:29Z" finished-at="2018-08-04T17:41:29Z">
          <reporter-output>
          </reporter-output>
        </test-method> <!-- radioChoiceA -->
        <test-method status="PASS" signature="afterMethod()[pri:0, instance:cases.RadioButtonCase@3aa9e816]" name="afterMethod" is-config="true" duration-ms="0" started-at="2018-08-04T17:41:29Z" finished-at="2018-08-04T17:41:29Z">
          <reporter-output>
          </reporter-output>
        </test-method> <!-- afterMethod -->
        <test-method status="PASS" signature="beforeMethod(org.testng.ITestResult)[pri:0, instance:cases.RadioButtonCase@3aa9e816]" name="beforeMethod" is-config="true" duration-ms="102" started-at="2018-08-04T17:41:29Z" finished-at="2018-08-04T17:41:29Z">
          <params>
            <param index="0">
              <value>
                <![CDATA[[TestResult name=radioChoiceB status=SUCCESS method=RadioButtonCase.radioChoiceB()[pri:0, instance:cases.RadioButtonCase@3aa9e816] output={null}]]]>
              </value>
            </param>
          </params>
          <reporter-output>
          </reporter-output>
        </test-method> <!-- beforeMethod -->
        <test-method status="PASS" signature="radioChoiceB()[pri:0, instance:cases.RadioButtonCase@3aa9e816]" name="radioChoiceB" duration-ms="169" started-at="2018-08-04T17:41:29Z" finished-at="2018-08-04T17:41:29Z">
          <reporter-output>
          </reporter-output>
        </test-method> <!-- radioChoiceB -->
        <test-method status="PASS" signature="afterMethod()[pri:0, instance:cases.RadioButtonCase@3aa9e816]" name="afterMethod" is-config="true" duration-ms="0" started-at="2018-08-04T17:41:29Z" finished-at="2018-08-04T17:41:29Z">
          <reporter-output>
          </reporter-output>
        </test-method> <!-- afterMethod -->
        <test-method status="PASS" signature="beforeMethod(org.testng.ITestResult)[pri:0, instance:cases.RadioButtonCase@3aa9e816]" name="beforeMethod" is-config="true" duration-ms="100" started-at="2018-08-04T17:41:29Z" finished-at="2018-08-04T17:41:29Z">
          <params>
            <param index="0">
              <value>
                <![CDATA[[TestResult name=radioChoiceC status=SUCCESS method=RadioButtonCase.radioChoiceC()[pri:0, instance:cases.RadioButtonCase@3aa9e816] output={null}]]]>
              </value>
            </param>
          </params>
          <reporter-output>
          </reporter-output>
        </test-method> <!-- beforeMethod -->
        <test-method status="PASS" signature="radioChoiceC()[pri:0, instance:cases.RadioButtonCase@3aa9e816]" name="radioChoiceC" duration-ms="184" started-at="2018-08-04T17:41:29Z" finished-at="2018-08-04T17:41:30Z">
          <reporter-output>
          </reporter-output>
        </test-method> <!-- radioChoiceC -->
        <test-method status="PASS" signature="afterMethod()[pri:0, instance:cases.RadioButtonCase@3aa9e816]" name="afterMethod" is-config="true" duration-ms="1" started-at="2018-08-04T17:41:30Z" finished-at="2018-08-04T17:41:30Z">
          <reporter-output>
          </reporter-output>
        </test-method> <!-- afterMethod -->
        <test-method status="PASS" signature="beforeMethod(org.testng.ITestResult)[pri:0, instance:cases.RadioButtonCase@3aa9e816]" name="beforeMethod" is-config="true" duration-ms="102" started-at="2018-08-04T17:41:30Z" finished-at="2018-08-04T17:41:30Z">
          <params>
            <param index="0">
              <value>
                <![CDATA[[TestResult name=radioDefault status=SUCCESS method=RadioButtonCase.radioDefault()[pri:0, instance:cases.RadioButtonCase@3aa9e816] output={null}]]]>
              </value>
            </param>
          </params>
          <reporter-output>
          </reporter-output>
        </test-method> <!-- beforeMethod -->
        <test-method status="PASS" signature="radioDefault()[pri:0, instance:cases.RadioButtonCase@3aa9e816]" name="radioDefault" duration-ms="109" started-at="2018-08-04T17:41:30Z" finished-at="2018-08-04T17:41:30Z">
          <reporter-output>
          </reporter-output>
        </test-method> <!-- radioDefault -->
        <test-method status="PASS" signature="afterClass()[pri:0, instance:cases.RadioButtonCase@3aa9e816]" name="afterClass" is-config="true" duration-ms="209" started-at="2018-08-04T17:41:30Z" finished-at="2018-08-04T17:41:30Z">
          <reporter-output>
          </reporter-output>
        </test-method> <!-- afterClass -->
        <test-method status="PASS" signature="afterMethod()[pri:0, instance:cases.RadioButtonCase@3aa9e816]" name="afterMethod" is-config="true" duration-ms="0" started-at="2018-08-04T17:41:30Z" finished-at="2018-08-04T17:41:30Z">
          <reporter-output>
          </reporter-output>
        </test-method> <!-- afterMethod -->
        <test-method status="PASS" signature="afterTest()[pri:0, instance:cases.RadioButtonCase@3aa9e816]" name="afterTest" is-config="true" duration-ms="0" started-at="2018-08-04T17:41:36Z" finished-at="2018-08-04T17:41:36Z">
          <reporter-output>
          </reporter-output>
        </test-method> <!-- afterTest -->
        <test-method status="PASS" signature="afterSuite()[pri:0, instance:cases.RadioButtonCase@3aa9e816]" name="afterSuite" is-config="true" duration-ms="0" started-at="2018-08-04T17:41:36Z" finished-at="2018-08-04T17:41:36Z">
          <reporter-output>
          </reporter-output>
        </test-method> <!-- afterSuite -->
      </class> <!-- cases.RadioButtonCase -->
    </test> <!-- dynamic test 2 -->
  </suite> <!-- dynamic suite with linux/127.0.0.1/chrome/10 -->
  <suite name="dynamic suite with linux/localhost/chrome/10" duration-ms="24290" started-at="2018-08-04T17:40:17Z" finished-at="2018-08-04T17:40:41Z">
    <groups>
    </groups>
    <test name="dynamic test 1" duration-ms="16011" started-at="2018-08-04T17:40:17Z" finished-at="2018-08-04T17:40:33Z">
      <class name="cases.TextFieldCase">
        <test-method status="PASS" signature="beforeClass()[pri:0, instance:cases.TextFieldCase@4f4a7090]" name="beforeClass" is-config="true" duration-ms="1298" started-at="2018-08-04T17:40:31Z" finished-at="2018-08-04T17:40:32Z">
          <reporter-output>
          </reporter-output>
        </test-method> <!-- beforeClass -->
        <test-method status="PASS" signature="beforeMethod(org.testng.ITestResult)[pri:0, instance:cases.TextFieldCase@4f4a7090]" name="beforeMethod" is-config="true" duration-ms="145" started-at="2018-08-04T17:40:32Z" finished-at="2018-08-04T17:40:32Z">
          <params>
            <param index="0">
              <value>
                <![CDATA[[TestResult name=intentionalFailTextField status=FAILURE method=TextFieldCase.intentionalFailTextField()[pri:2, instance:cases.TextFieldCase@4f4a7090] output=<a href='/home/richard/git/SeleniumJava/target/surefire-reports/failure_screenshots/intentionalFailTextField_04Aug2018_12-40-33-130.png'> <img src='/home/richard/git/SeleniumJava/target/surefire-reports/failure_screenshots/intentionalFailTextField_04Aug2018_12-40-33-130.png' height='100' width='100'/> </a>]]]>
              </value>
            </param>
          </params>
          <reporter-output>
          </reporter-output>
        </test-method> <!-- beforeMethod -->
        <test-method status="FAIL" signature="intentionalFailTextField()[pri:2, instance:cases.TextFieldCase@4f4a7090]" name="intentionalFailTextField" duration-ms="323" started-at="2018-08-04T17:40:32Z" finished-at="2018-08-04T17:40:33Z">
          <exception class="java.lang.AssertionError">
            <message>
              <![CDATA[expected [This should fail] but found [Please fail]]]>
            </message>
            <full-stacktrace>
              <![CDATA[java.lang.AssertionError: expected [This should fail] but found [Please fail]
at org.testng.Assert.fail(Assert.java:96)
at org.testng.Assert.failNotEquals(Assert.java:776)
at org.testng.Assert.assertEqualsImpl(Assert.java:137)
at org.testng.Assert.assertEquals(Assert.java:118)
at org.testng.Assert.assertEquals(Assert.java:453)
at org.testng.Assert.assertEquals(Assert.java:463)
at cases.TextFieldCase.intentionalFailTextField(TextFieldCase.java:33)
at sun.reflect.NativeMethodAccessorImpl.invoke0(Native Method)
at sun.reflect.NativeMethodAccessorImpl.invoke(NativeMethodAccessorImpl.java:62)
at sun.reflect.DelegatingMethodAccessorImpl.invoke(DelegatingMethodAccessorImpl.java:43)
at java.lang.reflect.Method.invoke(Method.java:498)
at org.testng.internal.MethodInvocationHelper.invokeMethod(MethodInvocationHelper.java:124)
at org.testng.internal.Invoker.invokeMethod(Invoker.java:580)
at org.testng.internal.Invoker.invokeTestMethod(Invoker.java:716)
at org.testng.internal.Invoker.invokeTestMethods(Invoker.java:988)
at org.testng.internal.TestMethodWorker.invokeTestMethods(TestMethodWorker.java:125)
at org.testng.internal.TestMethodWorker.run(TestMethodWorker.java:109)
at org.testng.TestRunner.privateRun(TestRunner.java:648)
at org.testng.TestRunner.run(TestRunner.java:505)
at org.testng.SuiteRunner.runTest(SuiteRunner.java:455)
at org.testng.SuiteRunner.runSequentially(SuiteRunner.java:450)
at org.testng.SuiteRunner.privateRun(SuiteRunner.java:415)
at org.testng.SuiteRunner.run(SuiteRunner.java:364)
at org.testng.SuiteRunnerWorker.runSuite(SuiteRunnerWorker.java:52)
at org.testng.SuiteRunnerWorker.run(SuiteRunnerWorker.java:84)
at org.testng.TestNG.runSuitesSequentially(TestNG.java:1208)
at org.testng.TestNG.runSuitesLocally(TestNG.java:1137)
at org.testng.TestNG.runSuites(TestNG.java:1049)
at org.testng.TestNG.run(TestNG.java:1017)
at GrandpaBless.main(GrandpaBless.java:81)
]]>
            </full-stacktrace>
          </exception> <!-- java.lang.AssertionError -->
          <reporter-output>
            <line>
              <![CDATA[<a href='/home/richard/git/SeleniumJava/target/surefire-reports/failure_screenshots/intentionalFailTextField_04Aug2018_12-40-33-130.png'> <img src='/home/richard/git/SeleniumJava/target/surefire-reports/failure_screenshots/intentionalFailTextField_04Aug2018_12-40-33-130.png' height='100' width='100'/> </a>]]>
            </line>
          </reporter-output>
        </test-method> <!-- intentionalFailTextField -->
        <test-method status="PASS" signature="afterMethod()[pri:0, instance:cases.TextFieldCase@4f4a7090]" name="afterMethod" is-config="true" duration-ms="1" started-at="2018-08-04T17:40:33Z" finished-at="2018-08-04T17:40:33Z">
          <reporter-output>
          </reporter-output>
        </test-method> <!-- afterMethod -->
        <test-method status="PASS" signature="beforeMethod(org.testng.ITestResult)[pri:0, instance:cases.TextFieldCase@4f4a7090]" name="beforeMethod" is-config="true" duration-ms="108" started-at="2018-08-04T17:40:33Z" finished-at="2018-08-04T17:40:33Z">
          <params>
            <param index="0">
              <value>
                <![CDATA[[TestResult name=testTextField status=SUCCESS method=TextFieldCase.testTextField()[pri:2, instance:cases.TextFieldCase@4f4a7090] output={null}]]]>
              </value>
            </param>
          </params>
          <reporter-output>
          </reporter-output>
        </test-method> <!-- beforeMethod -->
        <test-method status="PASS" signature="testTextField()[pri:2, instance:cases.TextFieldCase@4f4a7090]" name="testTextField" duration-ms="234" started-at="2018-08-04T17:40:33Z" finished-at="2018-08-04T17:40:33Z">
          <reporter-output>
          </reporter-output>
        </test-method> <!-- testTextField -->
        <test-method status="PASS" signature="afterMethod()[pri:0, instance:cases.TextFieldCase@4f4a7090]" name="afterMethod" is-config="true" duration-ms="0" started-at="2018-08-04T17:40:33Z" finished-at="2018-08-04T17:40:33Z">
          <reporter-output>
          </reporter-output>
        </test-method> <!-- afterMethod -->
        <test-method status="PASS" signature="afterClass()[pri:0, instance:cases.TextFieldCase@4f4a7090]" name="afterClass" is-config="true" duration-ms="67" started-at="2018-08-04T17:40:33Z" finished-at="2018-08-04T17:40:33Z">
          <reporter-output>
          </reporter-output>
        </test-method> <!-- afterClass -->
      </class> <!-- cases.TextFieldCase -->
      <class name="cases.CheckBoxCase">
        <test-method status="PASS" signature="beforeTest()[pri:0, instance:cases.CheckBoxCase@52d455b8]" name="beforeTest" is-config="true" duration-ms="0" started-at="2018-08-04T17:40:17Z" finished-at="2018-08-04T17:40:17Z">
          <reporter-output>
          </reporter-output>
        </test-method> <!-- beforeTest -->
        <test-method status="PASS" signature="beforeClass()[pri:0, instance:cases.CheckBoxCase@52d455b8]" name="beforeClass" is-config="true" duration-ms="10691" started-at="2018-08-04T17:40:17Z" finished-at="2018-08-04T17:40:28Z">
          <reporter-output>
          </reporter-output>
        </test-method> <!-- beforeClass -->
        <test-method status="PASS" signature="beforeMethod(org.testng.ITestResult)[pri:0, instance:cases.CheckBoxCase@52d455b8]" name="beforeMethod" is-config="true" duration-ms="687" started-at="2018-08-04T17:40:28Z" finished-at="2018-08-04T17:40:28Z">
          <params>
            <param index="0">
              <value>
                <![CDATA[[TestResult name=checkBoxAll status=SUCCESS method=CheckBoxCase.checkBoxAll()[pri:2, instance:cases.CheckBoxCase@52d455b8] output={null}]]]>
              </value>
            </param>
          </params>
          <reporter-output>
          </reporter-output>
        </test-method> <!-- beforeMethod -->
        <test-method status="PASS" signature="checkBoxAll()[pri:2, instance:cases.CheckBoxCase@52d455b8]" name="checkBoxAll" duration-ms="405" started-at="2018-08-04T17:40:28Z" finished-at="2018-08-04T17:40:29Z">
          <reporter-output>
          </reporter-output>
        </test-method> <!-- checkBoxAll -->
        <test-method status="PASS" signature="afterMethod()[pri:0, instance:cases.CheckBoxCase@52d455b8]" name="afterMethod" is-config="true" duration-ms="0" started-at="2018-08-04T17:40:29Z" finished-at="2018-08-04T17:40:29Z">
          <reporter-output>
          </reporter-output>
        </test-method> <!-- afterMethod -->
        <test-method status="PASS" signature="beforeMethod(org.testng.ITestResult)[pri:0, instance:cases.CheckBoxCase@52d455b8]" name="beforeMethod" is-config="true" duration-ms="115" started-at="2018-08-04T17:40:29Z" finished-at="2018-08-04T17:40:29Z">
          <params>
            <param index="0">
              <value>
                <![CDATA[[TestResult name=checkBoxNone status=SUCCESS method=CheckBoxCase.checkBoxNone()[pri:2, instance:cases.CheckBoxCase@52d455b8] output={null}]]]>
              </value>
            </param>
          </params>
          <reporter-output>
          </reporter-output>
        </test-method> <!-- beforeMethod -->
        <test-method status="PASS" signature="checkBoxNone()[pri:2, instance:cases.CheckBoxCase@52d455b8]" name="checkBoxNone" duration-ms="119" started-at="2018-08-04T17:40:29Z" finished-at="2018-08-04T17:40:29Z">
          <reporter-output>
          </reporter-output>
        </test-method> <!-- checkBoxNone -->
        <test-method status="PASS" signature="afterMethod()[pri:0, instance:cases.CheckBoxCase@52d455b8]" name="afterMethod" is-config="true" duration-ms="0" started-at="2018-08-04T17:40:29Z" finished-at="2018-08-04T17:40:29Z">
          <reporter-output>
          </reporter-output>
        </test-method> <!-- afterMethod -->
        <test-method status="PASS" signature="beforeMethod(org.testng.ITestResult)[pri:0, instance:cases.CheckBoxCase@52d455b8]" name="beforeMethod" is-config="true" duration-ms="114" started-at="2018-08-04T17:40:29Z" finished-at="2018-08-04T17:40:29Z">
          <params>
            <param index="0">
              <value>
                <![CDATA[[TestResult name=checkBoxOneThree status=SUCCESS method=CheckBoxCase.checkBoxOneThree()[pri:2, instance:cases.CheckBoxCase@52d455b8] output={null}]]]>
              </value>
            </param>
          </params>
          <reporter-output>
          </reporter-output>
        </test-method> <!-- beforeMethod -->
        <test-method status="PASS" signature="checkBoxOneThree()[pri:2, instance:cases.CheckBoxCase@52d455b8]" name="checkBoxOneThree" duration-ms="242" started-at="2018-08-04T17:40:29Z" finished-at="2018-08-04T17:40:29Z">
          <reporter-output>
          </reporter-output>
        </test-method> <!-- checkBoxOneThree -->
        <test-method status="PASS" signature="beforeMethod(org.testng.ITestResult)[pri:0, instance:cases.CheckBoxCase@52d455b8]" name="beforeMethod" is-config="true" duration-ms="111" started-at="2018-08-04T17:40:29Z" finished-at="2018-08-04T17:40:30Z">
          <params>
            <param index="0">
              <value>
                <![CDATA[[TestResult name=checkBoxOneTwo status=SUCCESS method=CheckBoxCase.checkBoxOneTwo()[pri:2, instance:cases.CheckBoxCase@52d455b8] output={null}]]]>
              </value>
            </param>
          </params>
          <reporter-output>
          </reporter-output>
        </test-method> <!-- beforeMethod -->
        <test-method status="PASS" signature="afterMethod()[pri:0, instance:cases.CheckBoxCase@52d455b8]" name="afterMethod" is-config="true" duration-ms="0" started-at="2018-08-04T17:40:29Z" finished-at="2018-08-04T17:40:29Z">
          <reporter-output>
          </reporter-output>
        </test-method> <!-- afterMethod -->
        <test-method status="PASS" signature="checkBoxOneTwo()[pri:2, instance:cases.CheckBoxCase@52d455b8]" name="checkBoxOneTwo" duration-ms="242" started-at="2018-08-04T17:40:30Z" finished-at="2018-08-04T17:40:30Z">
          <reporter-output>
          </reporter-output>
        </test-method> <!-- checkBoxOneTwo -->
        <test-method status="PASS" signature="afterMethod()[pri:0, instance:cases.CheckBoxCase@52d455b8]" name="afterMethod" is-config="true" duration-ms="0" started-at="2018-08-04T17:40:30Z" finished-at="2018-08-04T17:40:30Z">
          <reporter-output>
          </reporter-output>
        </test-method> <!-- afterMethod -->
        <test-method status="PASS" signature="beforeMethod(org.testng.ITestResult)[pri:0, instance:cases.CheckBoxCase@52d455b8]" name="beforeMethod" is-config="true" duration-ms="117" started-at="2018-08-04T17:40:30Z" finished-at="2018-08-04T17:40:30Z">
          <params>
            <param index="0">
              <value>
                <![CDATA[[TestResult name=checkBoxTwoThree status=SUCCESS method=CheckBoxCase.checkBoxTwoThree()[pri:2, instance:cases.CheckBoxCase@52d455b8] output={null}]]]>
              </value>
            </param>
          </params>
          <reporter-output>
          </reporter-output>
        </test-method> <!-- beforeMethod -->
        <test-method status="PASS" signature="checkBoxTwoThree()[pri:2, instance:cases.CheckBoxCase@52d455b8]" name="checkBoxTwoThree" duration-ms="243" started-at="2018-08-04T17:40:30Z" finished-at="2018-08-04T17:40:30Z">
          <reporter-output>
          </reporter-output>
        </test-method> <!-- checkBoxTwoThree -->
        <test-method status="PASS" signature="afterMethod()[pri:0, instance:cases.CheckBoxCase@52d455b8]" name="afterMethod" is-config="true" duration-ms="0" started-at="2018-08-04T17:40:30Z" finished-at="2018-08-04T17:40:30Z">
          <reporter-output>
          </reporter-output>
        </test-method> <!-- afterMethod -->
[...]
at java.lang.reflect.Method.invoke(Method.java:498)
at org.testng.internal.MethodInvocationHelper.invokeMethod(MethodInvocationHelper.java:124)
at org.testng.internal.MethodInvocationHelper.invokeMethodConsideringTimeout(MethodInvocationHelper.java:59)
at org.testng.internal.Invoker.invokeConfigurationMethod(Invoker.java:455)
at org.testng.internal.Invoker.invokeConfigurations(Invoker.java:222)
at org.testng.internal.Invoker.invokeMethod(Invoker.java:520)
at org.testng.internal.Invoker.invokeTestMethod(Invoker.java:716)
at org.testng.internal.Invoker.invokeTestMethods(Invoker.java:988)
at org.testng.internal.TestMethodWorker.invokeTestMethods(TestMethodWorker.java:125)
at org.testng.internal.TestMethodWorker.run(TestMethodWorker.java:109)
at org.testng.TestRunner.privateRun(TestRunner.java:648)
at org.testng.TestRunner.run(TestRunner.java:505)
at org.testng.SuiteRunner.runTest(SuiteRunner.java:455)
at org.testng.SuiteRunner.runSequentially(SuiteRunner.java:450)
at org.testng.SuiteRunner.privateRun(SuiteRunner.java:415)
at org.testng.SuiteRunner.run(SuiteRunner.java:364)
at org.testng.SuiteRunnerWorker.runSuite(SuiteRunnerWorker.java:52)
at org.testng.SuiteRunnerWorker.run(SuiteRunnerWorker.java:84)
at org.testng.TestNG.runSuitesSequentially(TestNG.java:1208)
at org.testng.TestNG.runSuitesLocally(TestNG.java:1137)
at org.testng.TestNG.runSuites(TestNG.java:1049)
at org.testng.TestNG.run(TestNG.java:1017)
at GrandpaBless.main(GrandpaBless.java:81)
]]>
            </full-stacktrace>
          </exception> <!-- java.lang.NullPointerException -->
          <reporter-output>
            <line>
              <![CDATA[ie is not a supported browser for Linux]]>
            </line>
          </reporter-output>
        </test-method> <!-- textAreaWithEnter -->
        <test-method status="SKIP" signature="beforeMethod(org.testng.ITestResult)[pri:0, instance:cases.TextAreaCase@6aaa5eb0]" name="beforeMethod" is-config="true" duration-ms="0" started-at="2018-08-04T17:42:07Z" finished-at="2018-08-04T17:42:07Z">
          <reporter-output>
          </reporter-output>
        </test-method> <!-- beforeMethod -->
        <test-method status="SKIP" signature="afterClass()[pri:0, instance:cases.TextAreaCase@6aaa5eb0]" name="afterClass" is-config="true" duration-ms="0" started-at="2018-08-04T17:42:07Z" finished-at="2018-08-04T17:42:07Z">
          <reporter-output>
          </reporter-output>
        </test-method> <!-- afterClass -->
        <test-method status="SKIP" signature="afterMethod()[pri:0, instance:cases.TextAreaCase@6aaa5eb0]" name="afterMethod" is-config="true" duration-ms="0" started-at="2018-08-04T17:42:07Z" finished-at="2018-08-04T17:42:07Z">
          <reporter-output>
          </reporter-output>
        </test-method> <!-- afterMethod -->
      </class> <!-- cases.TextAreaCase -->
      <class name="cases.RadioButtonCase">
        <test-method status="PASS" signature="beforeSuite(java.lang.String, java.lang.String, java.lang.String, java.lang.String)[pri:0, instance:cases.RadioButtonCase@22f71333]" name="beforeSuite" is-config="true" duration-ms="0" started-at="2018-08-04T17:42:07Z" finished-at="2018-08-04T17:42:07Z">
          <params>
            <param index="0">
              <value>
                <![CDATA[linux]]>
              </value>
            </param>
            <param index="1">
              <value>
                <![CDATA[localhost]]>
              </value>
            </param>
            <param index="2">
              <value>
                <![CDATA[ie]]>
              </value>
            </param>
            <param index="3">
              <value>
                <![CDATA[10]]>
              </value>
            </param>
          </params>
          <reporter-output>
          </reporter-output>
        </test-method> <!-- beforeSuite -->
        <test-method status="PASS" signature="beforeTest()[pri:0, instance:cases.RadioButtonCase@22f71333]" name="beforeTest" is-config="true" duration-ms="1" started-at="2018-08-04T17:42:07Z" finished-at="2018-08-04T17:42:07Z">
          <reporter-output>
          </reporter-output>
        </test-method> <!-- beforeTest -->
        <test-method status="FAIL" signature="beforeMethod(org.testng.ITestResult)[pri:0, instance:cases.RadioButtonCase@22f71333]" name="beforeMethod" is-config="true" duration-ms="0" started-at="2018-08-04T17:42:07Z" finished-at="2018-08-04T17:42:07Z">
          <params>
            <param index="0">
              <value>
                <![CDATA[[TestResult name={null} status=CREATED method=RadioButtonCase.radioChoiceA()[pri:0, instance:cases.RadioButtonCase@22f71333] output={null}]]]>
              </value>
            </param>
          </params>
          <exception class="java.lang.NullPointerException">
            <full-stacktrace>
              <![CDATA[java.lang.NullPointerException
at bricks.PapaBless.beforeMethod(PapaBless.java:393)
at sun.reflect.GeneratedMethodAccessor1.invoke(Unknown Source)
at sun.reflect.DelegatingMethodAccessorImpl.invoke(DelegatingMethodAccessorImpl.java:43)
at java.lang.reflect.Method.invoke(Method.java:498)
at org.testng.internal.MethodInvocationHelper.invokeMethod(MethodInvocationHelper.java:124)
at org.testng.internal.MethodInvocationHelper.invokeMethodConsideringTimeout(MethodInvocationHelper.java:59)
at org.testng.internal.Invoker.invokeConfigurationMethod(Invoker.java:455)
at org.testng.internal.Invoker.invokeConfigurations(Invoker.java:222)
at org.testng.internal.Invoker.invokeMethod(Invoker.java:520)
at org.testng.internal.Invoker.invokeTestMethod(Invoker.java:716)
at org.testng.internal.Invoker.invokeTestMethods(Invoker.java:988)
at org.testng.internal.TestMethodWorker.invokeTestMethods(TestMethodWorker.java:125)
at org.testng.internal.TestMethodWorker.run(TestMethodWorker.java:109)
at org.testng.TestRunner.privateRun(TestRunner.java:648)
at org.testng.TestRunner.run(TestRunner.java:505)
at org.testng.SuiteRunner.runTest(SuiteRunner.java:455)
at org.testng.SuiteRunner.runSequentially(SuiteRunner.java:450)
at org.testng.SuiteRunner.privateRun(SuiteRunner.java:415)
at org.testng.SuiteRunner.run(SuiteRunner.java:364)
at org.testng.SuiteRunnerWorker.runSuite(SuiteRunnerWorker.java:52)
at org.testng.SuiteRunnerWorker.run(SuiteRunnerWorker.java:84)
at org.testng.TestNG.runSuitesSequentially(TestNG.java:1208)
at org.testng.TestNG.runSuitesLocally(TestNG.java:1137)
at org.testng.TestNG.runSuites(TestNG.java:1049)
at org.testng.TestNG.run(TestNG.java:1017)
at GrandpaBless.main(GrandpaBless.java:81)
]]>
            </full-stacktrace>
          </exception> <!-- java.lang.NullPointerException -->
          <reporter-output>
          </reporter-output>
        </test-method> <!-- beforeMethod -->
        <test-method status="SKIP" signature="afterMethod()[pri:0, instance:cases.RadioButtonCase@22f71333]" name="afterMethod" is-config="true" duration-ms="0" started-at="2018-08-04T17:42:07Z" finished-at="2018-08-04T17:42:07Z">
          <reporter-output>
          </reporter-output>
        </test-method> <!-- afterMethod -->
        <test-method status="SKIP" signature="beforeMethod(org.testng.ITestResult)[pri:0, instance:cases.RadioButtonCase@22f71333]" name="beforeMethod" is-config="true" duration-ms="0" started-at="2018-08-04T17:42:07Z" finished-at="2018-08-04T17:42:07Z">
          <reporter-output>
          </reporter-output>
        </test-method> <!-- beforeMethod -->
        <test-method status="PASS" signature="beforeClass()[pri:0, instance:cases.RadioButtonCase@22f71333]" name="beforeClass" is-config="true" duration-ms="0" started-at="2018-08-04T17:42:07Z" finished-at="2018-08-04T17:42:07Z">
          <reporter-output>
          </reporter-output>
        </test-method> <!-- beforeClass -->
        <test-method status="SKIP" signature="radioChoiceA()[pri:0, instance:cases.RadioButtonCase@22f71333]" name="radioChoiceA" duration-ms="0" started-at="2018-08-04T17:42:07Z" finished-at="2018-08-04T17:42:07Z">
          <exception class="java.lang.NullPointerException">
            <full-stacktrace>
              <![CDATA[java.lang.NullPointerException
at bricks.PapaBless.beforeMethod(PapaBless.java:393)
at sun.reflect.GeneratedMethodAccessor1.invoke(Unknown Source)
at sun.reflect.DelegatingMethodAccessorImpl.invoke(DelegatingMethodAccessorImpl.java:43)
at java.lang.reflect.Method.invoke(Method.java:498)
at org.testng.internal.MethodInvocationHelper.invokeMethod(MethodInvocationHelper.java:124)
at org.testng.internal.MethodInvocationHelper.invokeMethodConsideringTimeout(MethodInvocationHelper.java:59)
at org.testng.internal.Invoker.invokeConfigurationMethod(Invoker.java:455)
at org.testng.internal.Invoker.invokeConfigurations(Invoker.java:222)
at org.testng.internal.Invoker.invokeMethod(Invoker.java:520)
at org.testng.internal.Invoker.invokeTestMethod(Invoker.java:716)
at org.testng.internal.Invoker.invokeTestMethods(Invoker.java:988)
at org.testng.internal.TestMethodWorker.invokeTestMethods(TestMethodWorker.java:125)
at org.testng.internal.TestMethodWorker.run(TestMethodWorker.java:109)
at org.testng.TestRunner.privateRun(TestRunner.java:648)
at org.testng.TestRunner.run(TestRunner.java:505)
at org.testng.SuiteRunner.runTest(SuiteRunner.java:455)
at org.testng.SuiteRunner.runSequentially(SuiteRunner.java:450)
at org.testng.SuiteRunner.privateRun(SuiteRunner.java:415)
at org.testng.SuiteRunner.run(SuiteRunner.java:364)
at org.testng.SuiteRunnerWorker.runSuite(SuiteRunnerWorker.java:52)
at org.testng.SuiteRunnerWorker.run(SuiteRunnerWorker.java:84)
at org.testng.TestNG.runSuitesSequentially(TestNG.java:1208)
at org.testng.TestNG.runSuitesLocally(TestNG.java:1137)
at org.testng.TestNG.runSuites(TestNG.java:1049)
at org.testng.TestNG.run(TestNG.java:1017)
at GrandpaBless.main(GrandpaBless.java:81)
]]>
            </full-stacktrace>
          </exception> <!-- java.lang.NullPointerException -->
          <reporter-output>
            <line>
              <![CDATA[ie is not a supported browser for Linux]]>
            </line>
          </reporter-output>
        </test-method> <!-- radioChoiceA -->
        <test-method status="SKIP" signature="radioDefault()[pri:0, instance:cases.RadioButtonCase@22f71333]" name="radioDefault" duration-ms="0" started-at="2018-08-04T17:42:07Z" finished-at="2018-08-04T17:42:07Z">
          <exception class="java.lang.NullPointerException">
            <full-stacktrace>
              <![CDATA[java.lang.NullPointerException
at bricks.PapaBless.beforeMethod(PapaBless.java:393)
at sun.reflect.GeneratedMethodAccessor1.invoke(Unknown Source)
at sun.reflect.DelegatingMethodAccessorImpl.invoke(DelegatingMethodAccessorImpl.java:43)
at java.lang.reflect.Method.invoke(Method.java:498)
at org.testng.internal.MethodInvocationHelper.invokeMethod(MethodInvocationHelper.java:124)
at org.testng.internal.MethodInvocationHelper.invokeMethodConsideringTimeout(MethodInvocationHelper.java:59)
at org.testng.internal.Invoker.invokeConfigurationMethod(Invoker.java:455)
at org.testng.internal.Invoker.invokeConfigurations(Invoker.java:222)
at org.testng.internal.Invoker.invokeMethod(Invoker.java:520)
at org.testng.internal.Invoker.invokeTestMethod(Invoker.java:716)
at org.testng.internal.Invoker.invokeTestMethods(Invoker.java:988)
at org.testng.internal.TestMethodWorker.invokeTestMethods(TestMethodWorker.java:125)
at org.testng.internal.TestMethodWorker.run(TestMethodWorker.java:109)
at org.testng.TestRunner.privateRun(TestRunner.java:648)
at org.testng.TestRunner.run(TestRunner.java:505)
at org.testng.SuiteRunner.runTest(SuiteRunner.java:455)
at org.testng.SuiteRunner.runSequentially(SuiteRunner.java:450)
at org.testng.SuiteRunner.privateRun(SuiteRunner.java:415)
at org.testng.SuiteRunner.run(SuiteRunner.java:364)
at org.testng.SuiteRunnerWorker.runSuite(SuiteRunnerWorker.java:52)
at org.testng.SuiteRunnerWorker.run(SuiteRunnerWorker.java:84)
at org.testng.TestNG.runSuitesSequentially(TestNG.java:1208)
at org.testng.TestNG.runSuitesLocally(TestNG.java:1137)
at org.testng.TestNG.runSuites(TestNG.java:1049)
at org.testng.TestNG.run(TestNG.java:1017)
at GrandpaBless.main(GrandpaBless.java:81)
]]>
            </full-stacktrace>
          </exception> <!-- java.lang.NullPointerException -->
          <reporter-output>
            <line>
              <![CDATA[ie is not a supported browser for Linux]]>
            </line>
          </reporter-output>
        </test-method> <!-- radioDefault -->
        <test-method status="SKIP" signature="radioChoiceC()[pri:0, instance:cases.RadioButtonCase@22f71333]" name="radioChoiceC" duration-ms="0" started-at="2018-08-04T17:42:07Z" finished-at="2018-08-04T17:42:07Z">
          <exception class="java.lang.NullPointerException">
            <full-stacktrace>
              <![CDATA[java.lang.NullPointerException
at bricks.PapaBless.beforeMethod(PapaBless.java:393)
at sun.reflect.GeneratedMethodAccessor1.invoke(Unknown Source)
at sun.reflect.DelegatingMethodAccessorImpl.invoke(DelegatingMethodAccessorImpl.java:43)
at java.lang.reflect.Method.invoke(Method.java:498)
at org.testng.internal.MethodInvocationHelper.invokeMethod(MethodInvocationHelper.java:124)
at org.testng.internal.MethodInvocationHelper.invokeMethodConsideringTimeout(MethodInvocationHelper.java:59)
at org.testng.internal.Invoker.invokeConfigurationMethod(Invoker.java:455)
at org.testng.internal.Invoker.invokeConfigurations(Invoker.java:222)
at org.testng.internal.Invoker.invokeMethod(Invoker.java:520)
at org.testng.internal.Invoker.invokeTestMethod(Invoker.java:716)
at org.testng.internal.Invoker.invokeTestMethods(Invoker.java:988)
at org.testng.internal.TestMethodWorker.invokeTestMethods(TestMethodWorker.java:125)
at org.testng.internal.TestMethodWorker.run(TestMethodWorker.java:109)
at org.testng.TestRunner.privateRun(TestRunner.java:648)
at org.testng.TestRunner.run(TestRunner.java:505)
at org.testng.SuiteRunner.runTest(SuiteRunner.java:455)
at org.testng.SuiteRunner.runSequentially(SuiteRunner.java:450)
at org.testng.SuiteRunner.privateRun(SuiteRunner.java:415)
at org.testng.SuiteRunner.run(SuiteRunner.java:364)
at org.testng.SuiteRunnerWorker.runSuite(SuiteRunnerWorker.java:52)
at org.testng.SuiteRunnerWorker.run(SuiteRunnerWorker.java:84)
at org.testng.TestNG.runSuitesSequentially(TestNG.java:1208)
at org.testng.TestNG.runSuitesLocally(TestNG.java:1137)
at org.testng.TestNG.runSuites(TestNG.java:1049)
at org.testng.TestNG.run(TestNG.java:1017)
at GrandpaBless.main(GrandpaBless.java:81)
]]>
            </full-stacktrace>
          </exception> <!-- java.lang.NullPointerException -->
          <reporter-output>
            <line>
              <![CDATA[ie is not a supported browser for Linux]]>
            </line>
          </reporter-output>
        </test-method> <!-- radioChoiceC -->
        <test-method status="SKIP" signature="beforeMethod(org.testng.ITestResult)[pri:0, instance:cases.RadioButtonCase@22f71333]" name="beforeMethod" is-config="true" duration-ms="0" started-at="2018-08-04T17:42:07Z" finished-at="2018-08-04T17:42:07Z">
          <reporter-output>
          </reporter-output>
        </test-method> <!-- beforeMethod -->
        <test-method status="SKIP" signature="beforeMethod(org.testng.ITestResult)[pri:0, instance:cases.RadioButtonCase@22f71333]" name="beforeMethod" is-config="true" duration-ms="0" started-at="2018-08-04T17:42:07Z" finished-at="2018-08-04T17:42:07Z">
          <reporter-output>
          </reporter-output>
        </test-method> <!-- beforeMethod -->
        <test-method status="SKIP" signature="afterMethod()[pri:0, instance:cases.RadioButtonCase@22f71333]" name="afterMethod" is-config="true" duration-ms="0" started-at="2018-08-04T17:42:07Z" finished-at="2018-08-04T17:42:07Z">
          <reporter-output>
          </reporter-output>
        </test-method> <!-- afterMethod -->
        <test-method status="SKIP" signature="afterClass()[pri:0, instance:cases.RadioButtonCase@22f71333]" name="afterClass" is-config="true" duration-ms="0" started-at="2018-08-04T17:42:07Z" finished-at="2018-08-04T17:42:07Z">
          <reporter-output>
          </reporter-output>
        </test-method> <!-- afterClass -->
        <test-method status="SKIP" signature="afterMethod()[pri:0, instance:cases.RadioButtonCase@22f71333]" name="afterMethod" is-config="true" duration-ms="0" started-at="2018-08-04T17:42:07Z" finished-at="2018-08-04T17:42:07Z">
          <reporter-output>
          </reporter-output>
        </test-method> <!-- afterMethod -->
        <test-method status="SKIP" signature="radioChoiceB()[pri:0, instance:cases.RadioButtonCase@22f71333]" name="radioChoiceB" duration-ms="0" started-at="2018-08-04T17:42:07Z" finished-at="2018-08-04T17:42:07Z">
          <exception class="java.lang.NullPointerException">
            <full-stacktrace>
              <![CDATA[java.lang.NullPointerException
at bricks.PapaBless.beforeMethod(PapaBless.java:393)
at sun.reflect.GeneratedMethodAccessor1.invoke(Unknown Source)
at sun.reflect.DelegatingMethodAccessorImpl.invoke(DelegatingMethodAccessorImpl.java:43)
at java.lang.reflect.Method.invoke(Method.java:498)
at org.testng.internal.MethodInvocationHelper.invokeMethod(MethodInvocationHelper.java:124)
at org.testng.internal.MethodInvocationHelper.invokeMethodConsideringTimeout(MethodInvocationHelper.java:59)
at org.testng.internal.Invoker.invokeConfigurationMethod(Invoker.java:455)
at org.testng.internal.Invoker.invokeConfigurations(Invoker.java:222)
at org.testng.internal.Invoker.invokeMethod(Invoker.java:520)
at org.testng.internal.Invoker.invokeTestMethod(Invoker.java:716)
at org.testng.internal.Invoker.invokeTestMethods(Invoker.java:988)
at org.testng.internal.TestMethodWorker.invokeTestMethods(TestMethodWorker.java:125)
at org.testng.internal.TestMethodWorker.run(TestMethodWorker.java:109)
at org.testng.TestRunner.privateRun(TestRunner.java:648)
at org.testng.TestRunner.run(TestRunner.java:505)
at org.testng.SuiteRunner.runTest(SuiteRunner.java:455)
at org.testng.SuiteRunner.runSequentially(SuiteRunner.java:450)
at org.testng.SuiteRunner.privateRun(SuiteRunner.java:415)
at org.testng.SuiteRunner.run(SuiteRunner.java:364)
at org.testng.SuiteRunnerWorker.runSuite(SuiteRunnerWorker.java:52)
at org.testng.SuiteRunnerWorker.run(SuiteRunnerWorker.java:84)
at org.testng.TestNG.runSuitesSequentially(TestNG.java:1208)
at org.testng.TestNG.runSuitesLocally(TestNG.java:1137)
at org.testng.TestNG.runSuites(TestNG.java:1049)
at org.testng.TestNG.run(TestNG.java:1017)
at GrandpaBless.main(GrandpaBless.java:81)
]]>
            </full-stacktrace>
          </exception> <!-- java.lang.NullPointerException -->
          <reporter-output>
            <line>
              <![CDATA[ie is not a supported browser for Linux]]>
            </line>
          </reporter-output>
        </test-method> <!-- radioChoiceB -->
        <test-method status="SKIP" signature="afterMethod()[pri:0, instance:cases.RadioButtonCase@22f71333]" name="afterMethod" is-config="true" duration-ms="0" started-at="2018-08-04T17:42:07Z" finished-at="2018-08-04T17:42:07Z">
          <reporter-output>
          </reporter-output>
        </test-method> <!-- afterMethod -->
        <test-method status="SKIP" signature="afterTest()[pri:0, instance:cases.RadioButtonCase@22f71333]" name="afterTest" is-config="true" duration-ms="0" started-at="2018-08-04T17:42:07Z" finished-at="2018-08-04T17:42:07Z">
          <reporter-output>
          </reporter-output>
        </test-method> <!-- afterTest -->
        <test-method status="SKIP" signature="afterSuite()[pri:0, instance:cases.RadioButtonCase@22f71333]" name="afterSuite" is-config="true" duration-ms="0" started-at="2018-08-04T17:42:07Z" finished-at="2018-08-04T17:42:07Z">
          <reporter-output>
          </reporter-output>
        </test-method> <!-- afterSuite -->
      </class> <!-- cases.RadioButtonCase -->
    </test> <!-- dynamic test 2 -->
  </suite> <!-- dynamic suite with linux/localhost/ie/10 -->
</testng-results>
